{"@version":"1","appName":"SpringBoot Concepts","thread_name":"scheduling-1","hostname":"Paradigma","message":"Name Load Properties From Yaml","@timestamp":"2021-06-19T23:25:21.117Z","level":"INFO","logger_name":"jorge.cardona.concepts.service.Scheduling"}
{"@version":"1","appName":"SpringBoot Concepts","thread_name":"scheduling-1","hostname":"Paradigma","message":"Release 13","@timestamp":"2021-06-19T23:25:21.118Z","level":"INFO","logger_name":"jorge.cardona.concepts.service.Scheduling"}
{"@version":"1","appName":"SpringBoot Concepts","thread_name":"scheduling-1","hostname":"Paradigma","message":"Enable true","@timestamp":"2021-06-19T23:25:21.118Z","level":"INFO","logger_name":"jorge.cardona.concepts.service.Scheduling"}
{"@version":"1","appName":"SpringBoot Concepts","thread_name":"scheduling-1","hostname":"Paradigma","message":"Name Load Properties From Yaml","@timestamp":"2021-06-19T23:25:22.124Z","level":"INFO","logger_name":"jorge.cardona.concepts.service.Scheduling"}
{"@version":"1","appName":"SpringBoot Concepts","thread_name":"scheduling-1","hostname":"Paradigma","message":"Release 13","@timestamp":"2021-06-19T23:25:22.124Z","level":"INFO","logger_name":"jorge.cardona.concepts.service.Scheduling"}
{"@version":"1","appName":"SpringBoot Concepts","thread_name":"scheduling-1","hostname":"Paradigma","message":"Enable true","@timestamp":"2021-06-19T23:25:22.125Z","level":"INFO","logger_name":"jorge.cardona.concepts.service.Scheduling"}
{"@version":"1","appName":"SpringBoot Concepts","thread_name":"scheduling-1","hostname":"Paradigma","message":"Name Load Properties From Yaml","@timestamp":"2021-06-19T23:25:23.136Z","level":"INFO","logger_name":"jorge.cardona.concepts.service.Scheduling"}
{"@version":"1","appName":"SpringBoot Concepts","thread_name":"scheduling-1","hostname":"Paradigma","message":"Release 13","@timestamp":"2021-06-19T23:25:23.136Z","level":"INFO","logger_name":"jorge.cardona.concepts.service.Scheduling"}
{"@version":"1","appName":"SpringBoot Concepts","thread_name":"scheduling-1","hostname":"Paradigma","message":"Enable true","@timestamp":"2021-06-19T23:25:23.136Z","level":"INFO","logger_name":"jorge.cardona.concepts.service.Scheduling"}
{"@version":"1","appName":"SpringBoot Concepts","thread_name":"scheduling-1","hostname":"Paradigma","message":"THIS IT IS A SCHEDULE TASK LOGGING 2021-06-19T23:25:23.509971200","@timestamp":"2021-06-19T23:25:23.509Z","level":"ERROR","logger_name":"jorge.cardona.concepts.service.Scheduling"}
{"@version":"1","appName":"SpringBoot Concepts","thread_name":"scheduling-1","hostname":"Paradigma","message":"Name Load Properties From Yaml","@timestamp":"2021-06-19T23:25:24.148Z","level":"INFO","logger_name":"jorge.cardona.concepts.service.Scheduling"}
{"@version":"1","appName":"SpringBoot Concepts","thread_name":"scheduling-1","hostname":"Paradigma","message":"Release 13","@timestamp":"2021-06-19T23:25:24.148Z","level":"INFO","logger_name":"jorge.cardona.concepts.service.Scheduling"}
{"@version":"1","appName":"SpringBoot Concepts","thread_name":"scheduling-1","hostname":"Paradigma","message":"Enable true","@timestamp":"2021-06-19T23:25:24.149Z","level":"INFO","logger_name":"jorge.cardona.concepts.service.Scheduling"}
{"@version":"1","appName":"SpringBoot Concepts","thread_name":"scheduling-1","hostname":"Paradigma","message":"Name Load Properties From Yaml","@timestamp":"2021-06-19T23:25:25.162Z","level":"INFO","logger_name":"jorge.cardona.concepts.service.Scheduling"}
{"@version":"1","appName":"SpringBoot Concepts","thread_name":"scheduling-1","hostname":"Paradigma","message":"Release 13","@timestamp":"2021-06-19T23:25:25.162Z","level":"INFO","logger_name":"jorge.cardona.concepts.service.Scheduling"}
{"@version":"1","appName":"SpringBoot Concepts","thread_name":"scheduling-1","hostname":"Paradigma","message":"Enable true","@timestamp":"2021-06-19T23:25:25.163Z","level":"INFO","logger_name":"jorge.cardona.concepts.service.Scheduling"}
{"@version":"1","appName":"SpringBoot Concepts","thread_name":"scheduling-1","hostname":"Paradigma","message":"Name Load Properties From Yaml","@timestamp":"2021-06-19T23:25:26.171Z","level":"INFO","logger_name":"jorge.cardona.concepts.service.Scheduling"}
{"@version":"1","appName":"SpringBoot Concepts","thread_name":"scheduling-1","hostname":"Paradigma","message":"Release 13","@timestamp":"2021-06-19T23:25:26.171Z","level":"INFO","logger_name":"jorge.cardona.concepts.service.Scheduling"}
{"@version":"1","appName":"SpringBoot Concepts","thread_name":"scheduling-1","hostname":"Paradigma","message":"Enable true","@timestamp":"2021-06-19T23:25:26.171Z","level":"INFO","logger_name":"jorge.cardona.concepts.service.Scheduling"}
{"@version":"1","appName":"SpringBoot Concepts","thread_name":"scheduling-1","hostname":"Paradigma","message":"THIS IT IS A SCHEDULE TASK LOGGING 2021-06-19T23:25:26.511898800","@timestamp":"2021-06-19T23:25:26.511Z","level":"ERROR","logger_name":"jorge.cardona.concepts.service.Scheduling"}
{"@version":"1","appName":"SpringBoot Concepts","thread_name":"scheduling-1","hostname":"Paradigma","message":"Name Load Properties From Yaml","@timestamp":"2021-06-19T23:25:27.182Z","level":"INFO","logger_name":"jorge.cardona.concepts.service.Scheduling"}
{"@version":"1","appName":"SpringBoot Concepts","thread_name":"scheduling-1","hostname":"Paradigma","message":"Release 13","@timestamp":"2021-06-19T23:25:27.182Z","level":"INFO","logger_name":"jorge.cardona.concepts.service.Scheduling"}
{"@version":"1","appName":"SpringBoot Concepts","thread_name":"scheduling-1","hostname":"Paradigma","message":"Enable true","@timestamp":"2021-06-19T23:25:27.183Z","level":"INFO","logger_name":"jorge.cardona.concepts.service.Scheduling"}
{"@version":"1","appName":"SpringBoot Concepts","thread_name":"scheduling-1","hostname":"Paradigma","message":"Name Load Properties From Yaml","@timestamp":"2021-06-19T23:25:28.195Z","level":"INFO","logger_name":"jorge.cardona.concepts.service.Scheduling"}
{"@version":"1","appName":"SpringBoot Concepts","thread_name":"scheduling-1","hostname":"Paradigma","message":"Release 13","@timestamp":"2021-06-19T23:25:28.195Z","level":"INFO","logger_name":"jorge.cardona.concepts.service.Scheduling"}
{"@version":"1","appName":"SpringBoot Concepts","thread_name":"scheduling-1","hostname":"Paradigma","message":"Enable true","@timestamp":"2021-06-19T23:25:28.196Z","level":"INFO","logger_name":"jorge.cardona.concepts.service.Scheduling"}
{"@version":"1","appName":"SpringBoot Concepts","thread_name":"scheduling-1","hostname":"Paradigma","message":"Name Load Properties From Yaml","@timestamp":"2021-06-19T23:25:29.206Z","level":"INFO","logger_name":"jorge.cardona.concepts.service.Scheduling"}
{"@version":"1","appName":"SpringBoot Concepts","thread_name":"scheduling-1","hostname":"Paradigma","message":"Release 13","@timestamp":"2021-06-19T23:25:29.206Z","level":"INFO","logger_name":"jorge.cardona.concepts.service.Scheduling"}
{"@version":"1","appName":"SpringBoot Concepts","thread_name":"scheduling-1","hostname":"Paradigma","message":"Enable true","@timestamp":"2021-06-19T23:25:29.206Z","level":"INFO","logger_name":"jorge.cardona.concepts.service.Scheduling"}
{"@version":"1","appName":"SpringBoot Concepts","thread_name":"scheduling-1","hostname":"Paradigma","message":"THIS IT IS A SCHEDULE TASK LOGGING 2021-06-19T23:25:29.516006100","@timestamp":"2021-06-19T23:25:29.516Z","level":"ERROR","logger_name":"jorge.cardona.concepts.service.Scheduling"}
{"@version":"1","appName":"SpringBoot Concepts","thread_name":"scheduling-1","hostname":"Paradigma","message":"Name Load Properties From Yaml","@timestamp":"2021-06-19T23:25:30.213Z","level":"INFO","logger_name":"jorge.cardona.concepts.service.Scheduling"}
{"@version":"1","appName":"SpringBoot Concepts","thread_name":"scheduling-1","hostname":"Paradigma","message":"Release 13","@timestamp":"2021-06-19T23:25:30.213Z","level":"INFO","logger_name":"jorge.cardona.concepts.service.Scheduling"}
{"@version":"1","appName":"SpringBoot Concepts","thread_name":"scheduling-1","hostname":"Paradigma","message":"Enable true","@timestamp":"2021-06-19T23:25:30.214Z","level":"INFO","logger_name":"jorge.cardona.concepts.service.Scheduling"}
{"@version":"1","appName":"SpringBoot Concepts","thread_name":"scheduling-1","hostname":"Paradigma","message":"Name Load Properties From Yaml","@timestamp":"2021-06-19T23:25:31.223Z","level":"INFO","logger_name":"jorge.cardona.concepts.service.Scheduling"}
{"@version":"1","appName":"SpringBoot Concepts","thread_name":"scheduling-1","hostname":"Paradigma","message":"Release 13","@timestamp":"2021-06-19T23:25:31.223Z","level":"INFO","logger_name":"jorge.cardona.concepts.service.Scheduling"}
{"@version":"1","appName":"SpringBoot Concepts","thread_name":"scheduling-1","hostname":"Paradigma","message":"Enable true","@timestamp":"2021-06-19T23:25:31.223Z","level":"INFO","logger_name":"jorge.cardona.concepts.service.Scheduling"}
{"@version":"1","appName":"SpringBoot Concepts","thread_name":"scheduling-1","hostname":"Paradigma","message":"Name Load Properties From Yaml","@timestamp":"2021-06-19T23:25:32.237Z","level":"INFO","logger_name":"jorge.cardona.concepts.service.Scheduling"}
{"@version":"1","appName":"SpringBoot Concepts","thread_name":"scheduling-1","hostname":"Paradigma","message":"Release 13","@timestamp":"2021-06-19T23:25:32.237Z","level":"INFO","logger_name":"jorge.cardona.concepts.service.Scheduling"}
{"@version":"1","appName":"SpringBoot Concepts","thread_name":"scheduling-1","hostname":"Paradigma","message":"Enable true","@timestamp":"2021-06-19T23:25:32.237Z","level":"INFO","logger_name":"jorge.cardona.concepts.service.Scheduling"}
{"@version":"1","appName":"SpringBoot Concepts","thread_name":"scheduling-1","hostname":"Paradigma","message":"THIS IT IS A SCHEDULE TASK LOGGING 2021-06-19T23:25:32.519634700","@timestamp":"2021-06-19T23:25:32.519Z","level":"ERROR","logger_name":"jorge.cardona.concepts.service.Scheduling"}
{"@version":"1","appName":"SpringBoot Concepts","thread_name":"scheduling-1","hostname":"Paradigma","message":"Name Load Properties From Yaml","@timestamp":"2021-06-19T23:25:33.248Z","level":"INFO","logger_name":"jorge.cardona.concepts.service.Scheduling"}
{"@version":"1","appName":"SpringBoot Concepts","thread_name":"scheduling-1","hostname":"Paradigma","message":"Release 13","@timestamp":"2021-06-19T23:25:33.248Z","level":"INFO","logger_name":"jorge.cardona.concepts.service.Scheduling"}
{"@version":"1","appName":"SpringBoot Concepts","thread_name":"scheduling-1","hostname":"Paradigma","message":"Enable true","@timestamp":"2021-06-19T23:25:33.248Z","level":"INFO","logger_name":"jorge.cardona.concepts.service.Scheduling"}
{"@version":"1","appName":"SpringBoot Concepts","thread_name":"scheduling-1","hostname":"Paradigma","message":"Name Load Properties From Yaml","@timestamp":"2021-06-19T23:25:34.257Z","level":"INFO","logger_name":"jorge.cardona.concepts.service.Scheduling"}
{"@version":"1","appName":"SpringBoot Concepts","thread_name":"scheduling-1","hostname":"Paradigma","message":"Release 13","@timestamp":"2021-06-19T23:25:34.257Z","level":"INFO","logger_name":"jorge.cardona.concepts.service.Scheduling"}
{"@version":"1","appName":"SpringBoot Concepts","thread_name":"scheduling-1","hostname":"Paradigma","message":"Enable true","@timestamp":"2021-06-19T23:25:34.257Z","level":"INFO","logger_name":"jorge.cardona.concepts.service.Scheduling"}
{"@version":"1","appName":"SpringBoot Concepts","thread_name":"scheduling-1","hostname":"Paradigma","message":"Name Load Properties From Yaml","@timestamp":"2021-06-19T23:25:35.271Z","level":"INFO","logger_name":"jorge.cardona.concepts.service.Scheduling"}
{"@version":"1","appName":"SpringBoot Concepts","thread_name":"scheduling-1","hostname":"Paradigma","message":"Release 13","@timestamp":"2021-06-19T23:25:35.271Z","level":"INFO","logger_name":"jorge.cardona.concepts.service.Scheduling"}
{"@version":"1","appName":"SpringBoot Concepts","thread_name":"scheduling-1","hostname":"Paradigma","message":"Enable true","@timestamp":"2021-06-19T23:25:35.271Z","level":"INFO","logger_name":"jorge.cardona.concepts.service.Scheduling"}
{"@version":"1","appName":"SpringBoot Concepts","thread_name":"scheduling-1","hostname":"Paradigma","message":"THIS IT IS A SCHEDULE TASK LOGGING 2021-06-19T23:25:35.520291400","@timestamp":"2021-06-19T23:25:35.520Z","level":"ERROR","logger_name":"jorge.cardona.concepts.service.Scheduling"}
{"@version":"1","appName":"SpringBoot Concepts","thread_name":"scheduling-1","hostname":"Paradigma","message":"Name Load Properties From Yaml","@timestamp":"2021-06-19T23:25:36.283Z","level":"INFO","logger_name":"jorge.cardona.concepts.service.Scheduling"}
{"@version":"1","appName":"SpringBoot Concepts","thread_name":"scheduling-1","hostname":"Paradigma","message":"Release 13","@timestamp":"2021-06-19T23:25:36.283Z","level":"INFO","logger_name":"jorge.cardona.concepts.service.Scheduling"}
{"@version":"1","appName":"SpringBoot Concepts","thread_name":"scheduling-1","hostname":"Paradigma","message":"Enable true","@timestamp":"2021-06-19T23:25:36.283Z","level":"INFO","logger_name":"jorge.cardona.concepts.service.Scheduling"}
{"@version":"1","appName":"SpringBoot Concepts","thread_name":"scheduling-1","hostname":"Paradigma","message":"Name Load Properties From Yaml","@timestamp":"2021-06-19T23:25:37.290Z","level":"INFO","logger_name":"jorge.cardona.concepts.service.Scheduling"}
{"@version":"1","appName":"SpringBoot Concepts","thread_name":"scheduling-1","hostname":"Paradigma","message":"Release 13","@timestamp":"2021-06-19T23:25:37.290Z","level":"INFO","logger_name":"jorge.cardona.concepts.service.Scheduling"}
{"@version":"1","appName":"SpringBoot Concepts","thread_name":"scheduling-1","hostname":"Paradigma","message":"Enable true","@timestamp":"2021-06-19T23:25:37.290Z","level":"INFO","logger_name":"jorge.cardona.concepts.service.Scheduling"}
{"@version":"1","appName":"SpringBoot Concepts","thread_name":"scheduling-1","hostname":"Paradigma","message":"Name Load Properties From Yaml","@timestamp":"2021-06-19T23:25:38.297Z","level":"INFO","logger_name":"jorge.cardona.concepts.service.Scheduling"}
{"@version":"1","appName":"SpringBoot Concepts","thread_name":"scheduling-1","hostname":"Paradigma","message":"Release 13","@timestamp":"2021-06-19T23:25:38.297Z","level":"INFO","logger_name":"jorge.cardona.concepts.service.Scheduling"}
{"@version":"1","appName":"SpringBoot Concepts","thread_name":"scheduling-1","hostname":"Paradigma","message":"Enable true","@timestamp":"2021-06-19T23:25:38.297Z","level":"INFO","logger_name":"jorge.cardona.concepts.service.Scheduling"}
{"@version":"1","appName":"SpringBoot Concepts","thread_name":"scheduling-1","hostname":"Paradigma","message":"THIS IT IS A SCHEDULE TASK LOGGING 2021-06-19T23:25:38.530583800","@timestamp":"2021-06-19T23:25:38.530Z","level":"ERROR","logger_name":"jorge.cardona.concepts.service.Scheduling"}
{"@version":"1","appName":"SpringBoot Concepts","thread_name":"scheduling-1","hostname":"Paradigma","message":"Name Load Properties From Yaml","@timestamp":"2021-06-19T23:25:39.306Z","level":"INFO","logger_name":"jorge.cardona.concepts.service.Scheduling"}
{"@version":"1","appName":"SpringBoot Concepts","thread_name":"scheduling-1","hostname":"Paradigma","message":"Release 13","@timestamp":"2021-06-19T23:25:39.306Z","level":"INFO","logger_name":"jorge.cardona.concepts.service.Scheduling"}
{"@version":"1","appName":"SpringBoot Concepts","thread_name":"scheduling-1","hostname":"Paradigma","message":"Enable true","@timestamp":"2021-06-19T23:25:39.306Z","level":"INFO","logger_name":"jorge.cardona.concepts.service.Scheduling"}
{"@version":"1","appName":"SpringBoot Concepts","thread_name":"scheduling-1","hostname":"Paradigma","message":"Name Load Properties From Yaml","@timestamp":"2021-06-19T23:25:40.317Z","level":"INFO","logger_name":"jorge.cardona.concepts.service.Scheduling"}
{"@version":"1","appName":"SpringBoot Concepts","thread_name":"scheduling-1","hostname":"Paradigma","message":"Release 13","@timestamp":"2021-06-19T23:25:40.317Z","level":"INFO","logger_name":"jorge.cardona.concepts.service.Scheduling"}
{"@version":"1","appName":"SpringBoot Concepts","thread_name":"scheduling-1","hostname":"Paradigma","message":"Enable true","@timestamp":"2021-06-19T23:25:40.317Z","level":"INFO","logger_name":"jorge.cardona.concepts.service.Scheduling"}
{"@version":"1","appName":"SpringBoot Concepts","thread_name":"scheduling-1","hostname":"Paradigma","message":"Name Load Properties From Yaml","@timestamp":"2021-06-19T23:25:41.326Z","level":"INFO","logger_name":"jorge.cardona.concepts.service.Scheduling"}
{"@version":"1","appName":"SpringBoot Concepts","thread_name":"scheduling-1","hostname":"Paradigma","message":"Release 13","@timestamp":"2021-06-19T23:25:41.326Z","level":"INFO","logger_name":"jorge.cardona.concepts.service.Scheduling"}
{"@version":"1","appName":"SpringBoot Concepts","thread_name":"scheduling-1","hostname":"Paradigma","message":"Enable true","@timestamp":"2021-06-19T23:25:41.326Z","level":"INFO","logger_name":"jorge.cardona.concepts.service.Scheduling"}
{"@version":"1","appName":"SpringBoot Concepts","thread_name":"scheduling-1","hostname":"Paradigma","message":"THIS IT IS A SCHEDULE TASK LOGGING 2021-06-19T23:25:41.544539200","@timestamp":"2021-06-19T23:25:41.544Z","level":"ERROR","logger_name":"jorge.cardona.concepts.service.Scheduling"}
{"@version":"1","appName":"SpringBoot Concepts","thread_name":"scheduling-1","hostname":"Paradigma","message":"Name Load Properties From Yaml","@timestamp":"2021-06-19T23:25:42.335Z","level":"INFO","logger_name":"jorge.cardona.concepts.service.Scheduling"}
{"@version":"1","appName":"SpringBoot Concepts","thread_name":"scheduling-1","hostname":"Paradigma","message":"Release 13","@timestamp":"2021-06-19T23:25:42.335Z","level":"INFO","logger_name":"jorge.cardona.concepts.service.Scheduling"}
{"@version":"1","appName":"SpringBoot Concepts","thread_name":"scheduling-1","hostname":"Paradigma","message":"Enable true","@timestamp":"2021-06-19T23:25:42.335Z","level":"INFO","logger_name":"jorge.cardona.concepts.service.Scheduling"}
{"@version":"1","appName":"SpringBoot Concepts","thread_name":"scheduling-1","hostname":"Paradigma","message":"Name Load Properties From Yaml","@timestamp":"2021-06-19T23:25:43.344Z","level":"INFO","logger_name":"jorge.cardona.concepts.service.Scheduling"}
{"@version":"1","appName":"SpringBoot Concepts","thread_name":"scheduling-1","hostname":"Paradigma","message":"Release 13","@timestamp":"2021-06-19T23:25:43.344Z","level":"INFO","logger_name":"jorge.cardona.concepts.service.Scheduling"}
{"@version":"1","appName":"SpringBoot Concepts","thread_name":"scheduling-1","hostname":"Paradigma","message":"Enable true","@timestamp":"2021-06-19T23:25:43.344Z","level":"INFO","logger_name":"jorge.cardona.concepts.service.Scheduling"}
{"@version":"1","appName":"SpringBoot Concepts","thread_name":"scheduling-1","hostname":"Paradigma","message":"Name Load Properties From Yaml","@timestamp":"2021-06-19T23:25:44.356Z","level":"INFO","logger_name":"jorge.cardona.concepts.service.Scheduling"}
{"@version":"1","appName":"SpringBoot Concepts","thread_name":"scheduling-1","hostname":"Paradigma","message":"Release 13","@timestamp":"2021-06-19T23:25:44.356Z","level":"INFO","logger_name":"jorge.cardona.concepts.service.Scheduling"}
{"@version":"1","appName":"SpringBoot Concepts","thread_name":"scheduling-1","hostname":"Paradigma","message":"Enable true","@timestamp":"2021-06-19T23:25:44.356Z","level":"INFO","logger_name":"jorge.cardona.concepts.service.Scheduling"}
{"@version":"1","appName":"SpringBoot Concepts","thread_name":"scheduling-1","hostname":"Paradigma","message":"THIS IT IS A SCHEDULE TASK LOGGING 2021-06-19T23:25:44.559354600","@timestamp":"2021-06-19T23:25:44.559Z","level":"ERROR","logger_name":"jorge.cardona.concepts.service.Scheduling"}
{"@version":"1","appName":"SpringBoot Concepts","thread_name":"scheduling-1","hostname":"Paradigma","message":"Name Load Properties From Yaml","@timestamp":"2021-06-19T23:25:45.367Z","level":"INFO","logger_name":"jorge.cardona.concepts.service.Scheduling"}
{"@version":"1","appName":"SpringBoot Concepts","thread_name":"scheduling-1","hostname":"Paradigma","message":"Release 13","@timestamp":"2021-06-19T23:25:45.367Z","level":"INFO","logger_name":"jorge.cardona.concepts.service.Scheduling"}
{"@version":"1","appName":"SpringBoot Concepts","thread_name":"scheduling-1","hostname":"Paradigma","message":"Enable true","@timestamp":"2021-06-19T23:25:45.367Z","level":"INFO","logger_name":"jorge.cardona.concepts.service.Scheduling"}
{"@version":"1","appName":"SpringBoot Concepts","thread_name":"scheduling-1","hostname":"Paradigma","message":"Name Load Properties From Yaml","@timestamp":"2021-06-19T23:25:46.375Z","level":"INFO","logger_name":"jorge.cardona.concepts.service.Scheduling"}
{"@version":"1","appName":"SpringBoot Concepts","thread_name":"scheduling-1","hostname":"Paradigma","message":"Release 13","@timestamp":"2021-06-19T23:25:46.375Z","level":"INFO","logger_name":"jorge.cardona.concepts.service.Scheduling"}
{"@version":"1","appName":"SpringBoot Concepts","thread_name":"scheduling-1","hostname":"Paradigma","message":"Enable true","@timestamp":"2021-06-19T23:25:46.375Z","level":"INFO","logger_name":"jorge.cardona.concepts.service.Scheduling"}
{"@version":"1","appName":"SpringBoot Concepts","thread_name":"scheduling-1","hostname":"Paradigma","message":"Name Load Properties From Yaml","@timestamp":"2021-06-19T23:25:47.386Z","level":"INFO","logger_name":"jorge.cardona.concepts.service.Scheduling"}
{"@version":"1","appName":"SpringBoot Concepts","thread_name":"scheduling-1","hostname":"Paradigma","message":"Release 13","@timestamp":"2021-06-19T23:25:47.386Z","level":"INFO","logger_name":"jorge.cardona.concepts.service.Scheduling"}
{"@version":"1","appName":"SpringBoot Concepts","thread_name":"scheduling-1","hostname":"Paradigma","message":"Enable true","@timestamp":"2021-06-19T23:25:47.386Z","level":"INFO","logger_name":"jorge.cardona.concepts.service.Scheduling"}
{"@version":"1","appName":"SpringBoot Concepts","thread_name":"scheduling-1","hostname":"Paradigma","message":"THIS IT IS A SCHEDULE TASK LOGGING 2021-06-19T23:25:47.573279400","@timestamp":"2021-06-19T23:25:47.573Z","level":"ERROR","logger_name":"jorge.cardona.concepts.service.Scheduling"}
{"@version":"1","appName":"SpringBoot Concepts","thread_name":"scheduling-1","hostname":"Paradigma","message":"Name Load Properties From Yaml","@timestamp":"2021-06-19T23:25:48.396Z","level":"INFO","logger_name":"jorge.cardona.concepts.service.Scheduling"}
{"@version":"1","appName":"SpringBoot Concepts","thread_name":"scheduling-1","hostname":"Paradigma","message":"Release 13","@timestamp":"2021-06-19T23:25:48.396Z","level":"INFO","logger_name":"jorge.cardona.concepts.service.Scheduling"}
{"@version":"1","appName":"SpringBoot Concepts","thread_name":"scheduling-1","hostname":"Paradigma","message":"Enable true","@timestamp":"2021-06-19T23:25:48.397Z","level":"INFO","logger_name":"jorge.cardona.concepts.service.Scheduling"}
{"@version":"1","appName":"SpringBoot Concepts","thread_name":"scheduling-1","hostname":"Paradigma","message":"Name Load Properties From Yaml","@timestamp":"2021-06-19T23:25:49.405Z","level":"INFO","logger_name":"jorge.cardona.concepts.service.Scheduling"}
{"@version":"1","appName":"SpringBoot Concepts","thread_name":"scheduling-1","hostname":"Paradigma","message":"Release 13","@timestamp":"2021-06-19T23:25:49.405Z","level":"INFO","logger_name":"jorge.cardona.concepts.service.Scheduling"}
{"@version":"1","appName":"SpringBoot Concepts","thread_name":"scheduling-1","hostname":"Paradigma","message":"Enable true","@timestamp":"2021-06-19T23:25:49.406Z","level":"INFO","logger_name":"jorge.cardona.concepts.service.Scheduling"}
{"@version":"1","appName":"SpringBoot Concepts","thread_name":"scheduling-1","hostname":"Paradigma","message":"Name Load Properties From Yaml","@timestamp":"2021-06-19T23:25:50.416Z","level":"INFO","logger_name":"jorge.cardona.concepts.service.Scheduling"}
{"@version":"1","appName":"SpringBoot Concepts","thread_name":"scheduling-1","hostname":"Paradigma","message":"Release 13","@timestamp":"2021-06-19T23:25:50.417Z","level":"INFO","logger_name":"jorge.cardona.concepts.service.Scheduling"}
{"@version":"1","appName":"SpringBoot Concepts","thread_name":"scheduling-1","hostname":"Paradigma","message":"Enable true","@timestamp":"2021-06-19T23:25:50.417Z","level":"INFO","logger_name":"jorge.cardona.concepts.service.Scheduling"}
{"@version":"1","appName":"SpringBoot Concepts","thread_name":"scheduling-1","hostname":"Paradigma","message":"THIS IT IS A SCHEDULE TASK LOGGING 2021-06-19T23:25:50.587334700","@timestamp":"2021-06-19T23:25:50.587Z","level":"ERROR","logger_name":"jorge.cardona.concepts.service.Scheduling"}
{"@version":"1","appName":"SpringBoot Concepts","thread_name":"scheduling-1","hostname":"Paradigma","message":"Name Load Properties From Yaml","@timestamp":"2021-06-19T23:25:51.418Z","level":"INFO","logger_name":"jorge.cardona.concepts.service.Scheduling"}
{"@version":"1","appName":"SpringBoot Concepts","thread_name":"scheduling-1","hostname":"Paradigma","message":"Release 13","@timestamp":"2021-06-19T23:25:51.419Z","level":"INFO","logger_name":"jorge.cardona.concepts.service.Scheduling"}
{"@version":"1","appName":"SpringBoot Concepts","thread_name":"scheduling-1","hostname":"Paradigma","message":"Enable true","@timestamp":"2021-06-19T23:25:51.419Z","level":"INFO","logger_name":"jorge.cardona.concepts.service.Scheduling"}
{"@version":"1","appName":"SpringBoot Concepts","thread_name":"scheduling-1","hostname":"Paradigma","message":"Name Load Properties From Yaml","@timestamp":"2021-06-19T23:25:52.434Z","level":"INFO","logger_name":"jorge.cardona.concepts.service.Scheduling"}
{"@version":"1","appName":"SpringBoot Concepts","thread_name":"scheduling-1","hostname":"Paradigma","message":"Release 13","@timestamp":"2021-06-19T23:25:52.434Z","level":"INFO","logger_name":"jorge.cardona.concepts.service.Scheduling"}
{"@version":"1","appName":"SpringBoot Concepts","thread_name":"scheduling-1","hostname":"Paradigma","message":"Enable true","@timestamp":"2021-06-19T23:25:52.435Z","level":"INFO","logger_name":"jorge.cardona.concepts.service.Scheduling"}
{"@version":"1","appName":"SpringBoot Concepts","thread_name":"scheduling-1","hostname":"Paradigma","message":"Name Load Properties From Yaml","@timestamp":"2021-06-19T23:25:53.445Z","level":"INFO","logger_name":"jorge.cardona.concepts.service.Scheduling"}
{"@version":"1","appName":"SpringBoot Concepts","thread_name":"scheduling-1","hostname":"Paradigma","message":"Release 13","@timestamp":"2021-06-19T23:25:53.445Z","level":"INFO","logger_name":"jorge.cardona.concepts.service.Scheduling"}
{"@version":"1","appName":"SpringBoot Concepts","thread_name":"scheduling-1","hostname":"Paradigma","message":"Enable true","@timestamp":"2021-06-19T23:25:53.445Z","level":"INFO","logger_name":"jorge.cardona.concepts.service.Scheduling"}
{"@version":"1","appName":"SpringBoot Concepts","thread_name":"scheduling-1","hostname":"Paradigma","message":"THIS IT IS A SCHEDULE TASK LOGGING 2021-06-19T23:25:53.600322800","@timestamp":"2021-06-19T23:25:53.600Z","level":"ERROR","logger_name":"jorge.cardona.concepts.service.Scheduling"}
{"@version":"1","appName":"SpringBoot Concepts","thread_name":"scheduling-1","hostname":"Paradigma","message":"Name Load Properties From Yaml","@timestamp":"2021-06-19T23:25:54.452Z","level":"INFO","logger_name":"jorge.cardona.concepts.service.Scheduling"}
{"@version":"1","appName":"SpringBoot Concepts","thread_name":"scheduling-1","hostname":"Paradigma","message":"Release 13","@timestamp":"2021-06-19T23:25:54.452Z","level":"INFO","logger_name":"jorge.cardona.concepts.service.Scheduling"}
{"@version":"1","appName":"SpringBoot Concepts","thread_name":"scheduling-1","hostname":"Paradigma","message":"Enable true","@timestamp":"2021-06-19T23:25:54.452Z","level":"INFO","logger_name":"jorge.cardona.concepts.service.Scheduling"}
{"@version":"1","appName":"SpringBoot Concepts","thread_name":"scheduling-1","hostname":"Paradigma","message":"Name Load Properties From Yaml","@timestamp":"2021-06-19T23:25:55.464Z","level":"INFO","logger_name":"jorge.cardona.concepts.service.Scheduling"}
{"@version":"1","appName":"SpringBoot Concepts","thread_name":"scheduling-1","hostname":"Paradigma","message":"Release 13","@timestamp":"2021-06-19T23:25:55.464Z","level":"INFO","logger_name":"jorge.cardona.concepts.service.Scheduling"}
{"@version":"1","appName":"SpringBoot Concepts","thread_name":"scheduling-1","hostname":"Paradigma","message":"Enable true","@timestamp":"2021-06-19T23:25:55.465Z","level":"INFO","logger_name":"jorge.cardona.concepts.service.Scheduling"}
{"@version":"1","appName":"SpringBoot Concepts","thread_name":"scheduling-1","hostname":"Paradigma","message":"Name Load Properties From Yaml","@timestamp":"2021-06-19T23:25:56.475Z","level":"INFO","logger_name":"jorge.cardona.concepts.service.Scheduling"}
{"@version":"1","appName":"SpringBoot Concepts","thread_name":"scheduling-1","hostname":"Paradigma","message":"Release 13","@timestamp":"2021-06-19T23:25:56.476Z","level":"INFO","logger_name":"jorge.cardona.concepts.service.Scheduling"}
{"@version":"1","appName":"SpringBoot Concepts","thread_name":"scheduling-1","hostname":"Paradigma","message":"Enable true","@timestamp":"2021-06-19T23:25:56.476Z","level":"INFO","logger_name":"jorge.cardona.concepts.service.Scheduling"}
{"@version":"1","appName":"SpringBoot Concepts","thread_name":"scheduling-1","hostname":"Paradigma","message":"THIS IT IS A SCHEDULE TASK LOGGING 2021-06-19T23:25:56.601030600","@timestamp":"2021-06-19T23:25:56.601Z","level":"ERROR","logger_name":"jorge.cardona.concepts.service.Scheduling"}
{"@version":"1","appName":"SpringBoot Concepts","thread_name":"scheduling-1","hostname":"Paradigma","message":"Name Load Properties From Yaml","@timestamp":"2021-06-19T23:25:57.485Z","level":"INFO","logger_name":"jorge.cardona.concepts.service.Scheduling"}
{"@version":"1","appName":"SpringBoot Concepts","thread_name":"scheduling-1","hostname":"Paradigma","message":"Release 13","@timestamp":"2021-06-19T23:25:57.485Z","level":"INFO","logger_name":"jorge.cardona.concepts.service.Scheduling"}
{"@version":"1","appName":"SpringBoot Concepts","thread_name":"scheduling-1","hostname":"Paradigma","message":"Enable true","@timestamp":"2021-06-19T23:25:57.485Z","level":"INFO","logger_name":"jorge.cardona.concepts.service.Scheduling"}
{"@version":"1","appName":"SpringBoot Concepts","thread_name":"background-preinit","hostname":"Paradigma","message":"HV000001: Hibernate Validator 6.1.7.Final","@timestamp":"2021-06-19T23:26:02.870Z","level":"INFO","logger_name":"org.hibernate.validator.internal.util.Version"}
{"@version":"1","appName":"SpringBoot Concepts","thread_name":"main","hostname":"Paradigma","message":"Starting SpringBootSomeConceptsApplication on Paradigma with PID 13088 (C:\\z Github\\AI\\Spring Boot Concepts\\build\\classes\\java\\main started by QiDimMak in C:\\z Github\\AI\\Spring Boot Concepts)","@timestamp":"2021-06-19T23:26:02.909Z","level":"INFO","logger_name":"jorge.cardona.concepts.SpringBootSomeConceptsApplication"}
{"@version":"1","appName":"SpringBoot Concepts","thread_name":"main","hostname":"Paradigma","message":"No active profile set, falling back to default profiles: default","@timestamp":"2021-06-19T23:26:02.911Z","level":"INFO","logger_name":"jorge.cardona.concepts.SpringBootSomeConceptsApplication"}
{"@version":"1","appName":"SpringBoot Concepts","thread_name":"main","hostname":"Paradigma","message":"Multiple Spring Data modules found, entering strict repository configuration mode!","@timestamp":"2021-06-19T23:26:04.955Z","level":"INFO","logger_name":"org.springframework.data.repository.config.RepositoryConfigurationDelegate"}
{"@version":"1","appName":"SpringBoot Concepts","thread_name":"main","hostname":"Paradigma","message":"Bootstrapping Spring Data JPA repositories in DEFAULT mode.","@timestamp":"2021-06-19T23:26:04.970Z","level":"INFO","logger_name":"org.springframework.data.repository.config.RepositoryConfigurationDelegate"}
{"@version":"1","appName":"SpringBoot Concepts","thread_name":"main","hostname":"Paradigma","message":"Spring Data JPA - Could not safely identify store assignment for repository candidate interface jorge.cardona.concepts.repository.FruitRepository. If you want this repository to be a JPA repository, consider annotating your entities with one of these annotations: javax.persistence.Entity, javax.persistence.MappedSuperclass (preferred), or consider extending one of the following types with your repository: org.springframework.data.jpa.repository.JpaRepository.","@timestamp":"2021-06-19T23:26:05.065Z","level":"INFO","logger_name":"org.springframework.data.repository.config.RepositoryConfigurationExtensionSupport"}
{"@version":"1","appName":"SpringBoot Concepts","thread_name":"main","hostname":"Paradigma","message":"Finished Spring Data repository scanning in 124ms. Found 2 JPA repository interfaces.","@timestamp":"2021-06-19T23:26:05.105Z","level":"INFO","logger_name":"org.springframework.data.repository.config.RepositoryConfigurationDelegate"}
{"@version":"1","appName":"SpringBoot Concepts","thread_name":"main","hostname":"Paradigma","message":"Multiple Spring Data modules found, entering strict repository configuration mode!","@timestamp":"2021-06-19T23:26:05.125Z","level":"INFO","logger_name":"org.springframework.data.repository.config.RepositoryConfigurationDelegate"}
{"@version":"1","appName":"SpringBoot Concepts","thread_name":"main","hostname":"Paradigma","message":"Bootstrapping Spring Data MongoDB repositories in DEFAULT mode.","@timestamp":"2021-06-19T23:26:05.126Z","level":"INFO","logger_name":"org.springframework.data.repository.config.RepositoryConfigurationDelegate"}
{"@version":"1","appName":"SpringBoot Concepts","thread_name":"main","hostname":"Paradigma","message":"Spring Data MongoDB - Could not safely identify store assignment for repository candidate interface jorge.cardona.concepts.repository.AnimalRepository. If you want this repository to be a MongoDB repository, consider annotating your entities with one of these annotations: org.springframework.data.mongodb.core.mapping.Document (preferred), or consider extending one of the following types with your repository: org.springframework.data.mongodb.repository.MongoRepository.","@timestamp":"2021-06-19T23:26:05.147Z","level":"INFO","logger_name":"org.springframework.data.repository.config.RepositoryConfigurationExtensionSupport"}
{"@version":"1","appName":"SpringBoot Concepts","thread_name":"main","hostname":"Paradigma","message":"Spring Data MongoDB - Could not safely identify store assignment for repository candidate interface jorge.cardona.concepts.repository.NatureRepository. If you want this repository to be a MongoDB repository, consider annotating your entities with one of these annotations: org.springframework.data.mongodb.core.mapping.Document (preferred), or consider extending one of the following types with your repository: org.springframework.data.mongodb.repository.MongoRepository.","@timestamp":"2021-06-19T23:26:05.150Z","level":"INFO","logger_name":"org.springframework.data.repository.config.RepositoryConfigurationExtensionSupport"}
{"@version":"1","appName":"SpringBoot Concepts","thread_name":"main","hostname":"Paradigma","message":"Finished Spring Data repository scanning in 37ms. Found 1 MongoDB repository interfaces.","@timestamp":"2021-06-19T23:26:05.165Z","level":"INFO","logger_name":"org.springframework.data.repository.config.RepositoryConfigurationDelegate"}
{"@version":"1","appName":"SpringBoot Concepts","thread_name":"main","hostname":"Paradigma","message":"Tomcat initialized with port(s): 8080 (http)","@timestamp":"2021-06-19T23:26:06.581Z","level":"INFO","logger_name":"org.springframework.boot.web.embedded.tomcat.TomcatWebServer"}
{"@version":"1","appName":"SpringBoot Concepts","thread_name":"main","hostname":"Paradigma","message":"Initializing ProtocolHandler [\"http-nio-8080\"]","@timestamp":"2021-06-19T23:26:06.597Z","level":"INFO","logger_name":"org.apache.coyote.http11.Http11NioProtocol"}
{"@version":"1","appName":"SpringBoot Concepts","thread_name":"main","hostname":"Paradigma","message":"Starting service [Tomcat]","@timestamp":"2021-06-19T23:26:06.598Z","level":"INFO","logger_name":"org.apache.catalina.core.StandardService"}
{"@version":"1","appName":"SpringBoot Concepts","thread_name":"main","hostname":"Paradigma","message":"Starting Servlet engine: [Apache Tomcat/9.0.45]","@timestamp":"2021-06-19T23:26:06.599Z","level":"INFO","logger_name":"org.apache.catalina.core.StandardEngine"}
{"@version":"1","appName":"SpringBoot Concepts","thread_name":"main","hostname":"Paradigma","message":"Initializing Spring embedded WebApplicationContext","@timestamp":"2021-06-19T23:26:06.828Z","level":"INFO","logger_name":"org.apache.catalina.core.ContainerBase.[Tomcat].[localhost].[/api]"}
{"@version":"1","appName":"SpringBoot Concepts","thread_name":"main","hostname":"Paradigma","message":"Root WebApplicationContext: initialization completed in 3828 ms","@timestamp":"2021-06-19T23:26:06.829Z","level":"INFO","logger_name":"org.springframework.boot.web.servlet.context.ServletWebServerApplicationContext"}
{"@version":"1","appName":"SpringBoot Concepts","thread_name":"main","hostname":"Paradigma","message":"HikariPool-1 - Starting...","@timestamp":"2021-06-19T23:26:07.059Z","level":"INFO","logger_name":"com.zaxxer.hikari.HikariDataSource"}
{"@version":"1","appName":"SpringBoot Concepts","thread_name":"main","hostname":"Paradigma","message":"HikariPool-1 - Start completed.","@timestamp":"2021-06-19T23:26:07.366Z","level":"INFO","logger_name":"com.zaxxer.hikari.HikariDataSource"}
{"@version":"1","appName":"SpringBoot Concepts","thread_name":"main","hostname":"Paradigma","message":"H2 console available at '/h2-console'. Database available at 'jdbc:h2:mem:testdb'","@timestamp":"2021-06-19T23:26:07.381Z","level":"INFO","logger_name":"org.springframework.boot.autoconfigure.h2.H2ConsoleAutoConfiguration"}
{"@version":"1","appName":"SpringBoot Concepts","thread_name":"main","hostname":"Paradigma","message":"HHH000204: Processing PersistenceUnitInfo [name: default]","@timestamp":"2021-06-19T23:26:07.734Z","level":"INFO","logger_name":"org.hibernate.jpa.internal.util.LogHelper"}
{"@version":"1","appName":"SpringBoot Concepts","thread_name":"main","hostname":"Paradigma","message":"HHH000412: Hibernate ORM core version 5.4.30.Final","@timestamp":"2021-06-19T23:26:07.856Z","level":"INFO","logger_name":"org.hibernate.Version"}
{"@version":"1","appName":"SpringBoot Concepts","thread_name":"main","hostname":"Paradigma","message":"HCANN000001: Hibernate Commons Annotations {5.1.2.Final}","@timestamp":"2021-06-19T23:26:08.146Z","level":"INFO","logger_name":"org.hibernate.annotations.common.Version"}
{"@version":"1","appName":"SpringBoot Concepts","thread_name":"main","hostname":"Paradigma","message":"HHH000400: Using dialect: org.hibernate.dialect.H2Dialect","@timestamp":"2021-06-19T23:26:08.394Z","level":"INFO","logger_name":"org.hibernate.dialect.Dialect"}
{"@version":"1","appName":"SpringBoot Concepts","thread_name":"main","hostname":"Paradigma","message":"HHH000490: Using JtaPlatform implementation: [org.hibernate.engine.transaction.jta.platform.internal.NoJtaPlatform]","@timestamp":"2021-06-19T23:26:09.607Z","level":"INFO","logger_name":"org.hibernate.engine.transaction.jta.platform.internal.JtaPlatformInitiator"}
{"@version":"1","appName":"SpringBoot Concepts","thread_name":"main","hostname":"Paradigma","message":"Initialized JPA EntityManagerFactory for persistence unit 'default'","@timestamp":"2021-06-19T23:26:09.625Z","level":"INFO","logger_name":"org.springframework.orm.jpa.LocalContainerEntityManagerFactoryBean"}
{"@version":"1","appName":"SpringBoot Concepts","thread_name":"Thread-2","hostname":"Paradigma","message":"note: noprealloc may hurt performance in many applications","@timestamp":"2021-06-19T23:26:10.209Z","level":"INFO","logger_name":"org.springframework.boot.autoconfigure.mongo.embedded.EmbeddedMongo"}
{"@version":"1","appName":"SpringBoot Concepts","thread_name":"Thread-2","hostname":"Paradigma","message":"2021-06-19T23:26:10.280-0500 I CONTROL  [initandlisten] MongoDB starting : pid=24456 port=27017 dbpath=C:\\Users\\QiDimMak\\AppData\\Local\\Temp\\embedmongo-db-f2d7b49a-d142-4dad-96ba-6f46ca32c3fb 64-bit host=Paradigma","@timestamp":"2021-06-19T23:26:10.281Z","level":"INFO","logger_name":"org.springframework.boot.autoconfigure.mongo.embedded.EmbeddedMongo"}
{"@version":"1","appName":"SpringBoot Concepts","thread_name":"Thread-2","hostname":"Paradigma","message":"2021-06-19T23:26:10.281-0500 I CONTROL  [initandlisten] targetMinOS: Windows Vista/Windows Server 2008","@timestamp":"2021-06-19T23:26:10.282Z","level":"INFO","logger_name":"org.springframework.boot.autoconfigure.mongo.embedded.EmbeddedMongo"}
{"@version":"1","appName":"SpringBoot Concepts","thread_name":"Thread-2","hostname":"Paradigma","message":"2021-06-19T23:26:10.281-0500 I CONTROL  [initandlisten] db version v3.5.5","@timestamp":"2021-06-19T23:26:10.282Z","level":"INFO","logger_name":"org.springframework.boot.autoconfigure.mongo.embedded.EmbeddedMongo"}
{"@version":"1","appName":"SpringBoot Concepts","thread_name":"Thread-2","hostname":"Paradigma","message":"2021-06-19T23:26:10.281-0500 I CONTROL  [initandlisten] git version: 98515c812b6fa893613f063dae568ff8319cbfbd","@timestamp":"2021-06-19T23:26:10.282Z","level":"INFO","logger_name":"org.springframework.boot.autoconfigure.mongo.embedded.EmbeddedMongo"}
{"@version":"1","appName":"SpringBoot Concepts","thread_name":"Thread-2","hostname":"Paradigma","message":"2021-06-19T23:26:10.281-0500 I CONTROL  [initandlisten] allocator: tcmalloc","@timestamp":"2021-06-19T23:26:10.283Z","level":"INFO","logger_name":"org.springframework.boot.autoconfigure.mongo.embedded.EmbeddedMongo"}
{"@version":"1","appName":"SpringBoot Concepts","thread_name":"Thread-2","hostname":"Paradigma","message":"2021-06-19T23:26:10.281-0500 I CONTROL  [initandlisten] modules: none","@timestamp":"2021-06-19T23:26:10.283Z","level":"INFO","logger_name":"org.springframework.boot.autoconfigure.mongo.embedded.EmbeddedMongo"}
{"@version":"1","appName":"SpringBoot Concepts","thread_name":"Thread-2","hostname":"Paradigma","message":"2021-06-19T23:26:10.281-0500 I CONTROL  [initandlisten] build environment:","@timestamp":"2021-06-19T23:26:10.284Z","level":"INFO","logger_name":"org.springframework.boot.autoconfigure.mongo.embedded.EmbeddedMongo"}
{"@version":"1","appName":"SpringBoot Concepts","thread_name":"Thread-2","hostname":"Paradigma","message":"2021-06-19T23:26:10.281-0500 I CONTROL  [initandlisten]     distarch: x86_64","@timestamp":"2021-06-19T23:26:10.284Z","level":"INFO","logger_name":"org.springframework.boot.autoconfigure.mongo.embedded.EmbeddedMongo"}
{"@version":"1","appName":"SpringBoot Concepts","thread_name":"Thread-2","hostname":"Paradigma","message":"2021-06-19T23:26:10.281-0500 I CONTROL  [initandlisten]     target_arch: x86_64","@timestamp":"2021-06-19T23:26:10.284Z","level":"INFO","logger_name":"org.springframework.boot.autoconfigure.mongo.embedded.EmbeddedMongo"}
{"@version":"1","appName":"SpringBoot Concepts","thread_name":"Thread-2","hostname":"Paradigma","message":"2021-06-19T23:26:10.281-0500 I CONTROL  [initandlisten] options: { net: { bindIp: \"127.0.0.1\", http: { enabled: false }, port: 27017 }, security: { authorization: \"disabled\" }, storage: { dbPath: \"C:\\Users\\QiDimMak\\AppData\\Local\\Temp\\embedmongo-db-f2d7b49a-d142-4dad-96ba-6f46ca32c3fb\", journal: { enabled: false }, mmapv1: { preallocDataFiles: false, smallFiles: true }, syncPeriodSecs: 0.0 } }","@timestamp":"2021-06-19T23:26:10.285Z","level":"INFO","logger_name":"org.springframework.boot.autoconfigure.mongo.embedded.EmbeddedMongo"}
{"@version":"1","appName":"SpringBoot Concepts","thread_name":"Thread-2","hostname":"Paradigma","message":"2021-06-19T23:26:10.283-0500 E NETWORK  [initandlisten] listen(): bind() failed Solo se permite un uso de cada dirección de socket (protocolo/dirección de red/puerto) for socket: 127.0.0.1:27017","@timestamp":"2021-06-19T23:26:10.285Z","level":"INFO","logger_name":"org.springframework.boot.autoconfigure.mongo.embedded.EmbeddedMongo"}
{"@version":"1","appName":"SpringBoot Concepts","thread_name":"Thread-2","hostname":"Paradigma","message":"2021-06-19T23:26:10.283-0500 E NETWORK  [initandlisten] Failed to set up sockets during startup.","@timestamp":"2021-06-19T23:26:10.286Z","level":"INFO","logger_name":"org.springframework.boot.autoconfigure.mongo.embedded.EmbeddedMongo"}
{"@version":"1","appName":"SpringBoot Concepts","thread_name":"Thread-2","hostname":"Paradigma","message":"2021-06-19T23:26:10.283-0500 E STORAGE  [initandlisten] Failed to set up listener: InternalError: Failed to set up sockets","@timestamp":"2021-06-19T23:26:10.287Z","level":"INFO","logger_name":"org.springframework.boot.autoconfigure.mongo.embedded.EmbeddedMongo"}
{"@version":"1","appName":"SpringBoot Concepts","thread_name":"Thread-2","hostname":"Paradigma","message":"2021-06-19T23:26:10.283-0500 I NETWORK  [initandlisten] shutdown: going to close listening sockets...","@timestamp":"2021-06-19T23:26:10.287Z","level":"INFO","logger_name":"org.springframework.boot.autoconfigure.mongo.embedded.EmbeddedMongo"}
{"@version":"1","appName":"SpringBoot Concepts","thread_name":"Thread-2","hostname":"Paradigma","message":"2021-06-19T23:26:10.283-0500 I NETWORK  [initandlisten] shutdown: going to flush diaglog...","@timestamp":"2021-06-19T23:26:10.287Z","level":"INFO","logger_name":"org.springframework.boot.autoconfigure.mongo.embedded.EmbeddedMongo"}
{"@version":"1","appName":"SpringBoot Concepts","thread_name":"Thread-2","hostname":"Paradigma","message":"2021-06-19T23:26:10.283-0500 I CONTROL  [initandlisten] now exiting","@timestamp":"2021-06-19T23:26:10.287Z","level":"INFO","logger_name":"org.springframework.boot.autoconfigure.mongo.embedded.EmbeddedMongo"}
{"@version":"1","appName":"SpringBoot Concepts","thread_name":"Thread-2","hostname":"Paradigma","message":"2021-06-19T23:26:10.283-0500 I CONTROL  [initandlisten] shutting down with code:48","@timestamp":"2021-06-19T23:26:10.288Z","level":"INFO","logger_name":"org.springframework.boot.autoconfigure.mongo.embedded.EmbeddedMongo"}
{"@version":"1","appName":"SpringBoot Concepts","thread_name":"main","hostname":"Paradigma","message":"failed to call onAfterProcessStart()","@timestamp":"2021-06-19T23:26:10.295Z","level":"ERROR","logger_name":"de.flapdoodle.embed.process.runtime.AbstractProcess"}
{"@version":"1","appName":"SpringBoot Concepts","thread_name":"main","hostname":"Paradigma","message":"construct de.flapdoodle.embed.mongo.config.MongodConfigBuilder$ImmutableMongodConfig@1e366f0f","@timestamp":"2021-06-19T23:26:10.295Z","level":"INFO","logger_name":"de.flapdoodle.embed.process.runtime.AbstractProcess"}
{"@version":"1","appName":"SpringBoot Concepts","thread_name":"main","hostname":"Paradigma","message":"Exception encountered during context initialization - cancelling refresh attempt: org.springframework.beans.factory.UnsatisfiedDependencyException: Error creating bean with name 'fruitController': Unsatisfied dependency expressed through field 'fruitService'; nested exception is org.springframework.beans.factory.UnsatisfiedDependencyException: Error creating bean with name 'fruitService': Unsatisfied dependency expressed through field 'fruitRepository'; nested exception is org.springframework.beans.factory.BeanCreationException: Error creating bean with name 'fruitRepository' defined in jorge.cardona.concepts.repository.FruitRepository defined in @EnableMongoRepositories declared on MongoRepositoriesRegistrar.EnableMongoRepositoriesConfiguration: Cannot resolve reference to bean 'mongoTemplate' while setting bean property 'mongoOperations'; nested exception is org.springframework.beans.factory.UnsatisfiedDependencyException: Error creating bean with name 'mongoTemplate' defined in class path resource [org/springframework/boot/autoconfigure/data/mongo/MongoDatabaseFactoryDependentConfiguration.class]: Unsatisfied dependency expressed through method 'mongoTemplate' parameter 0; nested exception is org.springframework.beans.factory.UnsatisfiedDependencyException: Error creating bean with name 'mongoDatabaseFactory' defined in class path resource [org/springframework/boot/autoconfigure/data/mongo/MongoDatabaseFactoryConfiguration.class]: Unsatisfied dependency expressed through method 'mongoDatabaseFactory' parameter 0; nested exception is org.springframework.beans.factory.BeanCreationException: Error creating bean with name 'embeddedMongoServer' defined in class path resource [org/springframework/boot/autoconfigure/mongo/embedded/EmbeddedMongoAutoConfiguration.class]: Invocation of init method failed; nested exception is java.io.IOException: Could not start process: <EOF>","@timestamp":"2021-06-19T23:26:10.436Z","level":"WARN","logger_name":"org.springframework.boot.web.servlet.context.AnnotationConfigServletWebServerApplicationContext"}
{"@version":"1","appName":"SpringBoot Concepts","thread_name":"main","hostname":"Paradigma","message":"Closing JPA EntityManagerFactory for persistence unit 'default'","@timestamp":"2021-06-19T23:26:10.437Z","level":"INFO","logger_name":"org.springframework.orm.jpa.LocalContainerEntityManagerFactoryBean"}
{"@version":"1","appName":"SpringBoot Concepts","thread_name":"main","hostname":"Paradigma","message":"HHH000477: Starting delayed evictData of schema as part of SessionFactory shut-down'","@timestamp":"2021-06-19T23:26:10.438Z","level":"INFO","logger_name":"org.hibernate.tool.schema.internal.SchemaDropperImpl$DelayedDropActionImpl"}
{"@version":"1","appName":"SpringBoot Concepts","thread_name":"main","hostname":"Paradigma","message":"HikariPool-1 - Shutdown initiated...","@timestamp":"2021-06-19T23:26:10.446Z","level":"INFO","logger_name":"com.zaxxer.hikari.HikariDataSource"}
{"@version":"1","appName":"SpringBoot Concepts","thread_name":"main","hostname":"Paradigma","message":"HikariPool-1 - Shutdown completed.","@timestamp":"2021-06-19T23:26:10.451Z","level":"INFO","logger_name":"com.zaxxer.hikari.HikariDataSource"}
{"@version":"1","appName":"SpringBoot Concepts","thread_name":"main","hostname":"Paradigma","message":"Stopping service [Tomcat]","@timestamp":"2021-06-19T23:26:10.453Z","level":"INFO","logger_name":"org.apache.catalina.core.StandardService"}
{"@version":"1","appName":"SpringBoot Concepts","thread_name":"main","hostname":"Paradigma","message":"\r\n\r\nError starting ApplicationContext. To display the conditions report re-run your application with 'debug' enabled.","@timestamp":"2021-06-19T23:26:10.471Z","level":"INFO","logger_name":"org.springframework.boot.autoconfigure.logging.ConditionEvaluationReportLoggingListener"}
{"@version":"1","appName":"SpringBoot Concepts","thread_name":"main","hostname":"Paradigma","message":"Application run failed","@timestamp":"2021-06-19T23:26:10.499Z","level":"ERROR","logger_name":"org.springframework.boot.SpringApplication"}
{"@version":"1","appName":"SpringBoot Concepts","thread_name":"background-preinit","hostname":"Paradigma","message":"HV000001: Hibernate Validator 6.1.7.Final","@timestamp":"2021-06-19T23:26:16.402Z","level":"INFO","logger_name":"org.hibernate.validator.internal.util.Version"}
{"@version":"1","appName":"SpringBoot Concepts","thread_name":"main","hostname":"Paradigma","message":"Starting SpringBootSomeConceptsApplication on Paradigma with PID 24856 (C:\\z Github\\AI\\Spring Boot Concepts\\build\\classes\\java\\main started by QiDimMak in C:\\z Github\\AI\\Spring Boot Concepts)","@timestamp":"2021-06-19T23:26:16.431Z","level":"INFO","logger_name":"jorge.cardona.concepts.SpringBootSomeConceptsApplication"}
{"@version":"1","appName":"SpringBoot Concepts","thread_name":"main","hostname":"Paradigma","message":"No active profile set, falling back to default profiles: default","@timestamp":"2021-06-19T23:26:16.434Z","level":"INFO","logger_name":"jorge.cardona.concepts.SpringBootSomeConceptsApplication"}
{"@version":"1","appName":"SpringBoot Concepts","thread_name":"main","hostname":"Paradigma","message":"Multiple Spring Data modules found, entering strict repository configuration mode!","@timestamp":"2021-06-19T23:26:18.638Z","level":"INFO","logger_name":"org.springframework.data.repository.config.RepositoryConfigurationDelegate"}
{"@version":"1","appName":"SpringBoot Concepts","thread_name":"main","hostname":"Paradigma","message":"Bootstrapping Spring Data JPA repositories in DEFAULT mode.","@timestamp":"2021-06-19T23:26:18.653Z","level":"INFO","logger_name":"org.springframework.data.repository.config.RepositoryConfigurationDelegate"}
{"@version":"1","appName":"SpringBoot Concepts","thread_name":"main","hostname":"Paradigma","message":"Spring Data JPA - Could not safely identify store assignment for repository candidate interface jorge.cardona.concepts.repository.FruitRepository. If you want this repository to be a JPA repository, consider annotating your entities with one of these annotations: javax.persistence.Entity, javax.persistence.MappedSuperclass (preferred), or consider extending one of the following types with your repository: org.springframework.data.jpa.repository.JpaRepository.","@timestamp":"2021-06-19T23:26:18.758Z","level":"INFO","logger_name":"org.springframework.data.repository.config.RepositoryConfigurationExtensionSupport"}
{"@version":"1","appName":"SpringBoot Concepts","thread_name":"main","hostname":"Paradigma","message":"Finished Spring Data repository scanning in 129ms. Found 2 JPA repository interfaces.","@timestamp":"2021-06-19T23:26:18.801Z","level":"INFO","logger_name":"org.springframework.data.repository.config.RepositoryConfigurationDelegate"}
{"@version":"1","appName":"SpringBoot Concepts","thread_name":"main","hostname":"Paradigma","message":"Multiple Spring Data modules found, entering strict repository configuration mode!","@timestamp":"2021-06-19T23:26:18.816Z","level":"INFO","logger_name":"org.springframework.data.repository.config.RepositoryConfigurationDelegate"}
{"@version":"1","appName":"SpringBoot Concepts","thread_name":"main","hostname":"Paradigma","message":"Bootstrapping Spring Data MongoDB repositories in DEFAULT mode.","@timestamp":"2021-06-19T23:26:18.818Z","level":"INFO","logger_name":"org.springframework.data.repository.config.RepositoryConfigurationDelegate"}
{"@version":"1","appName":"SpringBoot Concepts","thread_name":"main","hostname":"Paradigma","message":"Spring Data MongoDB - Could not safely identify store assignment for repository candidate interface jorge.cardona.concepts.repository.AnimalRepository. If you want this repository to be a MongoDB repository, consider annotating your entities with one of these annotations: org.springframework.data.mongodb.core.mapping.Document (preferred), or consider extending one of the following types with your repository: org.springframework.data.mongodb.repository.MongoRepository.","@timestamp":"2021-06-19T23:26:18.842Z","level":"INFO","logger_name":"org.springframework.data.repository.config.RepositoryConfigurationExtensionSupport"}
{"@version":"1","appName":"SpringBoot Concepts","thread_name":"main","hostname":"Paradigma","message":"Spring Data MongoDB - Could not safely identify store assignment for repository candidate interface jorge.cardona.concepts.repository.NatureRepository. If you want this repository to be a MongoDB repository, consider annotating your entities with one of these annotations: org.springframework.data.mongodb.core.mapping.Document (preferred), or consider extending one of the following types with your repository: org.springframework.data.mongodb.repository.MongoRepository.","@timestamp":"2021-06-19T23:26:18.846Z","level":"INFO","logger_name":"org.springframework.data.repository.config.RepositoryConfigurationExtensionSupport"}
{"@version":"1","appName":"SpringBoot Concepts","thread_name":"main","hostname":"Paradigma","message":"Finished Spring Data repository scanning in 54ms. Found 1 MongoDB repository interfaces.","@timestamp":"2021-06-19T23:26:18.872Z","level":"INFO","logger_name":"org.springframework.data.repository.config.RepositoryConfigurationDelegate"}
{"@version":"1","appName":"SpringBoot Concepts","thread_name":"main","hostname":"Paradigma","message":"Tomcat initialized with port(s): 8080 (http)","@timestamp":"2021-06-19T23:26:20.260Z","level":"INFO","logger_name":"org.springframework.boot.web.embedded.tomcat.TomcatWebServer"}
{"@version":"1","appName":"SpringBoot Concepts","thread_name":"main","hostname":"Paradigma","message":"Initializing ProtocolHandler [\"http-nio-8080\"]","@timestamp":"2021-06-19T23:26:20.279Z","level":"INFO","logger_name":"org.apache.coyote.http11.Http11NioProtocol"}
{"@version":"1","appName":"SpringBoot Concepts","thread_name":"main","hostname":"Paradigma","message":"Starting service [Tomcat]","@timestamp":"2021-06-19T23:26:20.280Z","level":"INFO","logger_name":"org.apache.catalina.core.StandardService"}
{"@version":"1","appName":"SpringBoot Concepts","thread_name":"main","hostname":"Paradigma","message":"Starting Servlet engine: [Apache Tomcat/9.0.45]","@timestamp":"2021-06-19T23:26:20.281Z","level":"INFO","logger_name":"org.apache.catalina.core.StandardEngine"}
{"@version":"1","appName":"SpringBoot Concepts","thread_name":"main","hostname":"Paradigma","message":"Initializing Spring embedded WebApplicationContext","@timestamp":"2021-06-19T23:26:20.517Z","level":"INFO","logger_name":"org.apache.catalina.core.ContainerBase.[Tomcat].[localhost].[/api]"}
{"@version":"1","appName":"SpringBoot Concepts","thread_name":"main","hostname":"Paradigma","message":"Root WebApplicationContext: initialization completed in 4002 ms","@timestamp":"2021-06-19T23:26:20.518Z","level":"INFO","logger_name":"org.springframework.boot.web.servlet.context.ServletWebServerApplicationContext"}
{"@version":"1","appName":"SpringBoot Concepts","thread_name":"main","hostname":"Paradigma","message":"HikariPool-1 - Starting...","@timestamp":"2021-06-19T23:26:20.729Z","level":"INFO","logger_name":"com.zaxxer.hikari.HikariDataSource"}
{"@version":"1","appName":"SpringBoot Concepts","thread_name":"main","hostname":"Paradigma","message":"HikariPool-1 - Start completed.","@timestamp":"2021-06-19T23:26:21.019Z","level":"INFO","logger_name":"com.zaxxer.hikari.HikariDataSource"}
{"@version":"1","appName":"SpringBoot Concepts","thread_name":"main","hostname":"Paradigma","message":"H2 console available at '/h2-console'. Database available at 'jdbc:h2:mem:testdb'","@timestamp":"2021-06-19T23:26:21.029Z","level":"INFO","logger_name":"org.springframework.boot.autoconfigure.h2.H2ConsoleAutoConfiguration"}
{"@version":"1","appName":"SpringBoot Concepts","thread_name":"main","hostname":"Paradigma","message":"HHH000204: Processing PersistenceUnitInfo [name: default]","@timestamp":"2021-06-19T23:26:21.486Z","level":"INFO","logger_name":"org.hibernate.jpa.internal.util.LogHelper"}
{"@version":"1","appName":"SpringBoot Concepts","thread_name":"main","hostname":"Paradigma","message":"HHH000412: Hibernate ORM core version 5.4.30.Final","@timestamp":"2021-06-19T23:26:21.676Z","level":"INFO","logger_name":"org.hibernate.Version"}
{"@version":"1","appName":"SpringBoot Concepts","thread_name":"main","hostname":"Paradigma","message":"HCANN000001: Hibernate Commons Annotations {5.1.2.Final}","@timestamp":"2021-06-19T23:26:21.992Z","level":"INFO","logger_name":"org.hibernate.annotations.common.Version"}
{"@version":"1","appName":"SpringBoot Concepts","thread_name":"main","hostname":"Paradigma","message":"HHH000400: Using dialect: org.hibernate.dialect.H2Dialect","@timestamp":"2021-06-19T23:26:22.280Z","level":"INFO","logger_name":"org.hibernate.dialect.Dialect"}
{"@version":"1","appName":"SpringBoot Concepts","thread_name":"main","hostname":"Paradigma","message":"HHH000490: Using JtaPlatform implementation: [org.hibernate.engine.transaction.jta.platform.internal.NoJtaPlatform]","@timestamp":"2021-06-19T23:26:23.701Z","level":"INFO","logger_name":"org.hibernate.engine.transaction.jta.platform.internal.JtaPlatformInitiator"}
{"@version":"1","appName":"SpringBoot Concepts","thread_name":"main","hostname":"Paradigma","message":"Initialized JPA EntityManagerFactory for persistence unit 'default'","@timestamp":"2021-06-19T23:26:23.715Z","level":"INFO","logger_name":"org.springframework.orm.jpa.LocalContainerEntityManagerFactoryBean"}
{"@version":"1","appName":"SpringBoot Concepts","thread_name":"Thread-2","hostname":"Paradigma","message":"note: noprealloc may hurt performance in many applications","@timestamp":"2021-06-19T23:26:24.355Z","level":"INFO","logger_name":"org.springframework.boot.autoconfigure.mongo.embedded.EmbeddedMongo"}
{"@version":"1","appName":"SpringBoot Concepts","thread_name":"Thread-2","hostname":"Paradigma","message":"2021-06-19T23:26:24.450-0500 I CONTROL  [initandlisten] MongoDB starting : pid=18484 port=27017 dbpath=C:\\Users\\QiDimMak\\AppData\\Local\\Temp\\embedmongo-db-da8e8c81-8f86-4155-86a0-a4586c805f2c 64-bit host=Paradigma","@timestamp":"2021-06-19T23:26:24.451Z","level":"INFO","logger_name":"org.springframework.boot.autoconfigure.mongo.embedded.EmbeddedMongo"}
{"@version":"1","appName":"SpringBoot Concepts","thread_name":"Thread-2","hostname":"Paradigma","message":"2021-06-19T23:26:24.451-0500 I CONTROL  [initandlisten] targetMinOS: Windows Vista/Windows Server 2008","@timestamp":"2021-06-19T23:26:24.451Z","level":"INFO","logger_name":"org.springframework.boot.autoconfigure.mongo.embedded.EmbeddedMongo"}
{"@version":"1","appName":"SpringBoot Concepts","thread_name":"Thread-2","hostname":"Paradigma","message":"2021-06-19T23:26:24.451-0500 I CONTROL  [initandlisten] db version v3.5.5","@timestamp":"2021-06-19T23:26:24.452Z","level":"INFO","logger_name":"org.springframework.boot.autoconfigure.mongo.embedded.EmbeddedMongo"}
{"@version":"1","appName":"SpringBoot Concepts","thread_name":"Thread-2","hostname":"Paradigma","message":"2021-06-19T23:26:24.451-0500 I CONTROL  [initandlisten] git version: 98515c812b6fa893613f063dae568ff8319cbfbd","@timestamp":"2021-06-19T23:26:24.452Z","level":"INFO","logger_name":"org.springframework.boot.autoconfigure.mongo.embedded.EmbeddedMongo"}
{"@version":"1","appName":"SpringBoot Concepts","thread_name":"Thread-2","hostname":"Paradigma","message":"2021-06-19T23:26:24.451-0500 I CONTROL  [initandlisten] allocator: tcmalloc","@timestamp":"2021-06-19T23:26:24.453Z","level":"INFO","logger_name":"org.springframework.boot.autoconfigure.mongo.embedded.EmbeddedMongo"}
{"@version":"1","appName":"SpringBoot Concepts","thread_name":"Thread-2","hostname":"Paradigma","message":"2021-06-19T23:26:24.451-0500 I CONTROL  [initandlisten] modules: none","@timestamp":"2021-06-19T23:26:24.453Z","level":"INFO","logger_name":"org.springframework.boot.autoconfigure.mongo.embedded.EmbeddedMongo"}
{"@version":"1","appName":"SpringBoot Concepts","thread_name":"Thread-2","hostname":"Paradigma","message":"2021-06-19T23:26:24.451-0500 I CONTROL  [initandlisten] build environment:","@timestamp":"2021-06-19T23:26:24.453Z","level":"INFO","logger_name":"org.springframework.boot.autoconfigure.mongo.embedded.EmbeddedMongo"}
{"@version":"1","appName":"SpringBoot Concepts","thread_name":"Thread-2","hostname":"Paradigma","message":"2021-06-19T23:26:24.451-0500 I CONTROL  [initandlisten]     distarch: x86_64","@timestamp":"2021-06-19T23:26:24.453Z","level":"INFO","logger_name":"org.springframework.boot.autoconfigure.mongo.embedded.EmbeddedMongo"}
{"@version":"1","appName":"SpringBoot Concepts","thread_name":"Thread-2","hostname":"Paradigma","message":"2021-06-19T23:26:24.451-0500 I CONTROL  [initandlisten]     target_arch: x86_64","@timestamp":"2021-06-19T23:26:24.454Z","level":"INFO","logger_name":"org.springframework.boot.autoconfigure.mongo.embedded.EmbeddedMongo"}
{"@version":"1","appName":"SpringBoot Concepts","thread_name":"Thread-2","hostname":"Paradigma","message":"2021-06-19T23:26:24.451-0500 I CONTROL  [initandlisten] options: { net: { bindIp: \"127.0.0.1\", http: { enabled: false }, port: 27017 }, security: { authorization: \"disabled\" }, storage: { dbPath: \"C:\\Users\\QiDimMak\\AppData\\Local\\Temp\\embedmongo-db-da8e8c81-8f86-4155-86a0-a4586c805f2c\", journal: { enabled: false }, mmapv1: { preallocDataFiles: false, smallFiles: true }, syncPeriodSecs: 0.0 } }","@timestamp":"2021-06-19T23:26:24.454Z","level":"INFO","logger_name":"org.springframework.boot.autoconfigure.mongo.embedded.EmbeddedMongo"}
{"@version":"1","appName":"SpringBoot Concepts","thread_name":"Thread-2","hostname":"Paradigma","message":"2021-06-19T23:26:24.456-0500 I STORAGE  [initandlisten] wiredtiger_open config: create,cache_size=7596M,session_max=20000,eviction=(threads_min=4,threads_max=4),config_base=false,statistics=(fast),log=(enabled=true,archive=true,path=journal,compressor=snappy),file_manager=(close_idle_time=100000),checkpoint=(wait=0,log_size=2GB),statistics_log=(wait=0),verbose=(recovery_progress),,log=(enabled=false),","@timestamp":"2021-06-19T23:26:24.456Z","level":"INFO","logger_name":"org.springframework.boot.autoconfigure.mongo.embedded.EmbeddedMongo"}
{"@version":"1","appName":"SpringBoot Concepts","thread_name":"Thread-2","hostname":"Paradigma","message":"2021-06-19T23:26:24.534-0500 W STORAGE  [initandlisten] Detected configuration for non-active storage engine mmapv1 when current storage engine is wiredTiger","@timestamp":"2021-06-19T23:26:24.534Z","level":"INFO","logger_name":"org.springframework.boot.autoconfigure.mongo.embedded.EmbeddedMongo"}
{"@version":"1","appName":"SpringBoot Concepts","thread_name":"Thread-2","hostname":"Paradigma","message":"2021-06-19T23:26:24.534-0500 I CONTROL  [initandlisten] ","@timestamp":"2021-06-19T23:26:24.534Z","level":"INFO","logger_name":"org.springframework.boot.autoconfigure.mongo.embedded.EmbeddedMongo"}
{"@version":"1","appName":"SpringBoot Concepts","thread_name":"Thread-2","hostname":"Paradigma","message":"2021-06-19T23:26:24.534-0500 I CONTROL  [initandlisten] ** NOTE: This is a development version (3.5.5) of MongoDB.","@timestamp":"2021-06-19T23:26:24.535Z","level":"INFO","logger_name":"org.springframework.boot.autoconfigure.mongo.embedded.EmbeddedMongo"}
{"@version":"1","appName":"SpringBoot Concepts","thread_name":"Thread-2","hostname":"Paradigma","message":"2021-06-19T23:26:24.534-0500 I CONTROL  [initandlisten] **       Not recommended for production.","@timestamp":"2021-06-19T23:26:24.535Z","level":"INFO","logger_name":"org.springframework.boot.autoconfigure.mongo.embedded.EmbeddedMongo"}
{"@version":"1","appName":"SpringBoot Concepts","thread_name":"Thread-2","hostname":"Paradigma","message":"2021-06-19T23:26:24.534-0500 I CONTROL  [initandlisten] ","@timestamp":"2021-06-19T23:26:24.535Z","level":"INFO","logger_name":"org.springframework.boot.autoconfigure.mongo.embedded.EmbeddedMongo"}
{"@version":"1","appName":"SpringBoot Concepts","thread_name":"Thread-2","hostname":"Paradigma","message":"2021-06-19T23:26:30.842-0500 W FTDC     [initandlisten] Failed to initialize Performance Counters for FTDC: WindowsPdhError: PdhExpandCounterPathW failed with 'El objeto especificado no se encontró en el equipo.' for counter '\\Memory\\Available Bytes'","@timestamp":"2021-06-19T23:26:30.843Z","level":"INFO","logger_name":"org.springframework.boot.autoconfigure.mongo.embedded.EmbeddedMongo"}
{"@version":"1","appName":"SpringBoot Concepts","thread_name":"Thread-2","hostname":"Paradigma","message":"2021-06-19T23:26:30.842-0500 I FTDC     [initandlisten] Initializing full-time diagnostic data capture with directory 'C:/Users/QiDimMak/AppData/Local/Temp/embedmongo-db-da8e8c81-8f86-4155-86a0-a4586c805f2c/diagnostic.data'","@timestamp":"2021-06-19T23:26:30.848Z","level":"INFO","logger_name":"org.springframework.boot.autoconfigure.mongo.embedded.EmbeddedMongo"}
{"@version":"1","appName":"SpringBoot Concepts","thread_name":"Thread-2","hostname":"Paradigma","message":"2021-06-19T23:26:30.990-0500 I INDEX    [initandlisten] build index on: admin.system.version properties: { v: 2, key: { version: 1 }, name: \"incompatible_with_version_32\", ns: \"admin.system.version\" }","@timestamp":"2021-06-19T23:26:30.991Z","level":"INFO","logger_name":"org.springframework.boot.autoconfigure.mongo.embedded.EmbeddedMongo"}
{"@version":"1","appName":"SpringBoot Concepts","thread_name":"Thread-2","hostname":"Paradigma","message":"2021-06-19T23:26:30.990-0500 I INDEX    [initandlisten] \t building index using bulk method; build may temporarily use up to 500 megabytes of RAM","@timestamp":"2021-06-19T23:26:30.995Z","level":"INFO","logger_name":"org.springframework.boot.autoconfigure.mongo.embedded.EmbeddedMongo"}
{"@version":"1","appName":"SpringBoot Concepts","thread_name":"Thread-2","hostname":"Paradigma","message":"2021-06-19T23:26:31.011-0500 I INDEX    [initandlisten] build index done.  scanned 0 total records. 0 secs","@timestamp":"2021-06-19T23:26:31.012Z","level":"INFO","logger_name":"org.springframework.boot.autoconfigure.mongo.embedded.EmbeddedMongo"}
{"@version":"1","appName":"SpringBoot Concepts","thread_name":"Thread-2","hostname":"Paradigma","message":"2021-06-19T23:26:31.020-0500 I COMMAND  [initandlisten] setting featureCompatibilityVersion to 3.4","@timestamp":"2021-06-19T23:26:31.021Z","level":"INFO","logger_name":"org.springframework.boot.autoconfigure.mongo.embedded.EmbeddedMongo"}
{"@version":"1","appName":"SpringBoot Concepts","thread_name":"Thread-2","hostname":"Paradigma","message":"2021-06-19T23:26:31.025-0500 I NETWORK  [thread1] waiting for connections on port 27017","@timestamp":"2021-06-19T23:26:31.026Z","level":"INFO","logger_name":"org.springframework.boot.autoconfigure.mongo.embedded.EmbeddedMongo"}
{"@version":"1","appName":"SpringBoot Concepts","thread_name":"main","hostname":"Paradigma","message":"start de.flapdoodle.embed.mongo.config.MongodConfigBuilder$ImmutableMongodConfig@2da0770","@timestamp":"2021-06-19T23:26:31.031Z","level":"INFO","logger_name":"de.flapdoodle.embed.mongo.MongodExecutable"}
{"@version":"1","appName":"SpringBoot Concepts","thread_name":"main","hostname":"Paradigma","message":"Cluster created with settings {hosts=[localhost:27017], mode=SINGLE, requiredClusterType=UNKNOWN, serverSelectionTimeout='30000 ms'}","@timestamp":"2021-06-19T23:26:31.700Z","level":"INFO","logger_name":"org.mongodb.driver.cluster"}
{"@version":"1","appName":"SpringBoot Concepts","thread_name":"Thread-2","hostname":"Paradigma","message":"2021-06-19T23:26:31.756-0500 I NETWORK  [thread1] connection accepted from 127.0.0.1:1109 #1 (1 connection now open)","@timestamp":"2021-06-19T23:26:31.756Z","level":"INFO","logger_name":"org.springframework.boot.autoconfigure.mongo.embedded.EmbeddedMongo"}
{"@version":"1","appName":"SpringBoot Concepts","thread_name":"Thread-2","hostname":"Paradigma","message":"2021-06-19T23:26:31.775-0500 I NETWORK  [conn1] received client metadata from 127.0.0.1:1109 conn1: { driver: { name: \"mongo-java-driver|sync|spring-boot\", version: \"4.0.6\" }, os: { type: \"Windows\", name: \"Windows 10\", architecture: \"amd64\", version: \"10.0\" }, platform: \"Java/Oracle Corporation/11.0.9+7-LTS\" }","@timestamp":"2021-06-19T23:26:31.775Z","level":"INFO","logger_name":"org.springframework.boot.autoconfigure.mongo.embedded.EmbeddedMongo"}
{"@version":"1","appName":"SpringBoot Concepts","thread_name":"cluster-ClusterId{value='60cec3777c5d82010b8c7e4a', description='null'}-localhost:27017","hostname":"Paradigma","message":"Opened connection [connectionId{localValue:1, serverValue:1}] to localhost:27017","@timestamp":"2021-06-19T23:26:31.800Z","level":"INFO","logger_name":"org.mongodb.driver.connection"}
{"@version":"1","appName":"SpringBoot Concepts","thread_name":"cluster-ClusterId{value='60cec3777c5d82010b8c7e4a', description='null'}-localhost:27017","hostname":"Paradigma","message":"Monitor thread successfully connected to server with description ServerDescription{address=localhost:27017, type=STANDALONE, state=CONNECTED, ok=true, minWireVersion=0, maxWireVersion=5, maxDocumentSize=16777216, logicalSessionTimeoutMinutes=null, roundTripTimeNanos=3013400}","@timestamp":"2021-06-19T23:26:31.807Z","level":"INFO","logger_name":"org.mongodb.driver.cluster"}
{"@version":"1","appName":"SpringBoot Concepts","thread_name":"main","hostname":"Paradigma","message":"spring.jpa.open-in-view is enabled by default. Therefore, database queries may be performed during view rendering. Explicitly configure spring.jpa.open-in-view to disable this warning","@timestamp":"2021-06-19T23:26:32.407Z","level":"WARN","logger_name":"org.springframework.boot.autoconfigure.orm.jpa.JpaBaseConfiguration$JpaWebConfiguration"}
{"@version":"1","appName":"SpringBoot Concepts","thread_name":"main","hostname":"Paradigma","message":"Initializing ExecutorService 'applicationTaskExecutor'","@timestamp":"2021-06-19T23:26:32.509Z","level":"INFO","logger_name":"org.springframework.scheduling.concurrent.ThreadPoolTaskExecutor"}
{"@version":"1","appName":"SpringBoot Concepts","thread_name":"main","hostname":"Paradigma","message":"Initializing ExecutorService 'taskScheduler'","@timestamp":"2021-06-19T23:26:34.930Z","level":"INFO","logger_name":"org.springframework.scheduling.concurrent.ThreadPoolTaskScheduler"}
{"@version":"1","appName":"SpringBoot Concepts","thread_name":"main","hostname":"Paradigma","message":"Exposing 12 endpoint(s) beneath base path '/actuator'","@timestamp":"2021-06-19T23:26:34.949Z","level":"INFO","logger_name":"org.springframework.boot.actuate.endpoint.web.EndpointLinksResolver"}
{"@version":"1","appName":"SpringBoot Concepts","thread_name":"main","hostname":"Paradigma","message":"Starting ProtocolHandler [\"http-nio-8080\"]","@timestamp":"2021-06-19T23:26:34.985Z","level":"INFO","logger_name":"org.apache.coyote.http11.Http11NioProtocol"}
{"@version":"1","appName":"SpringBoot Concepts","thread_name":"main","hostname":"Paradigma","message":"Tomcat started on port(s): 8080 (http) with context path '/api'","@timestamp":"2021-06-19T23:26:35.021Z","level":"INFO","logger_name":"org.springframework.boot.web.embedded.tomcat.TomcatWebServer"}
{"@version":"1","appName":"SpringBoot Concepts","thread_name":"main","hostname":"Paradigma","message":"Started SpringBootSomeConceptsApplication in 19.779 seconds (JVM running for 20.466)","@timestamp":"2021-06-19T23:26:35.047Z","level":"INFO","logger_name":"jorge.cardona.concepts.SpringBootSomeConceptsApplication"}
{"@version":"1","appName":"SpringBoot Concepts","thread_name":"scheduling-1","hostname":"Paradigma","message":"Name Load Properties From Yaml","@timestamp":"2021-06-19T23:26:35.053Z","level":"INFO","logger_name":"jorge.cardona.concepts.service.Scheduling"}
{"@version":"1","appName":"SpringBoot Concepts","thread_name":"scheduling-1","hostname":"Paradigma","message":"Release 13","@timestamp":"2021-06-19T23:26:35.057Z","level":"INFO","logger_name":"jorge.cardona.concepts.service.Scheduling"}
{"@version":"1","appName":"SpringBoot Concepts","thread_name":"scheduling-1","hostname":"Paradigma","message":"Enable true","@timestamp":"2021-06-19T23:26:35.058Z","level":"INFO","logger_name":"jorge.cardona.concepts.service.Scheduling"}
{"@version":"1","appName":"SpringBoot Concepts","thread_name":"Thread-2","hostname":"Paradigma","message":"2021-06-19T23:26:35.183-0500 I NETWORK  [thread1] connection accepted from 127.0.0.1:1118 #2 (2 connections now open)","@timestamp":"2021-06-19T23:26:35.183Z","level":"INFO","logger_name":"org.springframework.boot.autoconfigure.mongo.embedded.EmbeddedMongo"}
{"@version":"1","appName":"SpringBoot Concepts","thread_name":"Thread-2","hostname":"Paradigma","message":"2021-06-19T23:26:35.185-0500 I NETWORK  [conn2] received client metadata from 127.0.0.1:1118 conn2: { driver: { name: \"mongo-java-driver|sync|spring-boot\", version: \"4.0.6\" }, os: { type: \"Windows\", name: \"Windows 10\", architecture: \"amd64\", version: \"10.0\" }, platform: \"Java/Oracle Corporation/11.0.9+7-LTS\" }","@timestamp":"2021-06-19T23:26:35.184Z","level":"INFO","logger_name":"org.springframework.boot.autoconfigure.mongo.embedded.EmbeddedMongo"}
{"@version":"1","appName":"SpringBoot Concepts","thread_name":"main","hostname":"Paradigma","message":"Opened connection [connectionId{localValue:2, serverValue:2}] to localhost:27017","@timestamp":"2021-06-19T23:26:35.188Z","level":"INFO","logger_name":"org.mongodb.driver.connection"}
{"@version":"1","appName":"SpringBoot Concepts","thread_name":"scheduling-1","hostname":"Paradigma","message":"Name Load Properties From Yaml","@timestamp":"2021-06-19T23:26:36.059Z","level":"INFO","logger_name":"jorge.cardona.concepts.service.Scheduling"}
{"@version":"1","appName":"SpringBoot Concepts","thread_name":"scheduling-1","hostname":"Paradigma","message":"Release 13","@timestamp":"2021-06-19T23:26:36.060Z","level":"INFO","logger_name":"jorge.cardona.concepts.service.Scheduling"}
{"@version":"1","appName":"SpringBoot Concepts","thread_name":"scheduling-1","hostname":"Paradigma","message":"Enable true","@timestamp":"2021-06-19T23:26:36.060Z","level":"INFO","logger_name":"jorge.cardona.concepts.service.Scheduling"}
{"@version":"1","appName":"SpringBoot Concepts","thread_name":"scheduling-1","hostname":"Paradigma","message":"Name Load Properties From Yaml","@timestamp":"2021-06-19T23:26:37.071Z","level":"INFO","logger_name":"jorge.cardona.concepts.service.Scheduling"}
{"@version":"1","appName":"SpringBoot Concepts","thread_name":"scheduling-1","hostname":"Paradigma","message":"Release 13","@timestamp":"2021-06-19T23:26:37.072Z","level":"INFO","logger_name":"jorge.cardona.concepts.service.Scheduling"}
{"@version":"1","appName":"SpringBoot Concepts","thread_name":"scheduling-1","hostname":"Paradigma","message":"Enable true","@timestamp":"2021-06-19T23:26:37.072Z","level":"INFO","logger_name":"jorge.cardona.concepts.service.Scheduling"}
{"@version":"1","appName":"SpringBoot Concepts","thread_name":"scheduling-1","hostname":"Paradigma","message":"Name Load Properties From Yaml","@timestamp":"2021-06-19T23:26:38.080Z","level":"INFO","logger_name":"jorge.cardona.concepts.service.Scheduling"}
{"@version":"1","appName":"SpringBoot Concepts","thread_name":"scheduling-1","hostname":"Paradigma","message":"Release 13","@timestamp":"2021-06-19T23:26:38.081Z","level":"INFO","logger_name":"jorge.cardona.concepts.service.Scheduling"}
{"@version":"1","appName":"SpringBoot Concepts","thread_name":"scheduling-1","hostname":"Paradigma","message":"Enable true","@timestamp":"2021-06-19T23:26:38.082Z","level":"INFO","logger_name":"jorge.cardona.concepts.service.Scheduling"}
{"@version":"1","appName":"SpringBoot Concepts","thread_name":"scheduling-1","hostname":"Paradigma","message":"Name Load Properties From Yaml","@timestamp":"2021-06-19T23:26:39.095Z","level":"INFO","logger_name":"jorge.cardona.concepts.service.Scheduling"}
{"@version":"1","appName":"SpringBoot Concepts","thread_name":"scheduling-1","hostname":"Paradigma","message":"Release 13","@timestamp":"2021-06-19T23:26:39.095Z","level":"INFO","logger_name":"jorge.cardona.concepts.service.Scheduling"}
{"@version":"1","appName":"SpringBoot Concepts","thread_name":"scheduling-1","hostname":"Paradigma","message":"Enable true","@timestamp":"2021-06-19T23:26:39.096Z","level":"INFO","logger_name":"jorge.cardona.concepts.service.Scheduling"}
{"@version":"1","appName":"SpringBoot Concepts","thread_name":"http-nio-8080-exec-1","hostname":"Paradigma","message":"Initializing Spring DispatcherServlet 'dispatcherServlet'","@timestamp":"2021-06-19T23:26:39.532Z","level":"INFO","logger_name":"org.apache.catalina.core.ContainerBase.[Tomcat].[localhost].[/api]"}
{"@version":"1","appName":"SpringBoot Concepts","thread_name":"http-nio-8080-exec-1","hostname":"Paradigma","message":"Initializing Servlet 'dispatcherServlet'","@timestamp":"2021-06-19T23:26:39.532Z","level":"INFO","logger_name":"org.springframework.web.servlet.DispatcherServlet"}
{"@version":"1","appName":"SpringBoot Concepts","thread_name":"http-nio-8080-exec-1","hostname":"Paradigma","message":"Completed initialization in 12 ms","@timestamp":"2021-06-19T23:26:39.546Z","level":"INFO","logger_name":"org.springframework.web.servlet.DispatcherServlet"}
{"@version":"1","appName":"SpringBoot Concepts","thread_name":"scheduling-1","hostname":"Paradigma","message":"THIS IT IS A SCHEDULE TASK LOGGING 2021-06-19T23:26:40.060528600","@timestamp":"2021-06-19T23:26:40.061Z","level":"ERROR","logger_name":"jorge.cardona.concepts.service.Scheduling"}
{"@version":"1","appName":"SpringBoot Concepts","thread_name":"scheduling-1","hostname":"Paradigma","message":"Name Load Properties From Yaml","@timestamp":"2021-06-19T23:26:40.113Z","level":"INFO","logger_name":"jorge.cardona.concepts.service.Scheduling"}
{"@version":"1","appName":"SpringBoot Concepts","thread_name":"scheduling-1","hostname":"Paradigma","message":"Release 13","@timestamp":"2021-06-19T23:26:40.113Z","level":"INFO","logger_name":"jorge.cardona.concepts.service.Scheduling"}
{"@version":"1","appName":"SpringBoot Concepts","thread_name":"scheduling-1","hostname":"Paradigma","message":"Enable true","@timestamp":"2021-06-19T23:26:40.119Z","level":"INFO","logger_name":"jorge.cardona.concepts.service.Scheduling"}
{"@version":"1","appName":"SpringBoot Concepts","thread_name":"scheduling-1","hostname":"Paradigma","message":"Name Load Properties From Yaml","@timestamp":"2021-06-19T23:26:41.130Z","level":"INFO","logger_name":"jorge.cardona.concepts.service.Scheduling"}
{"@version":"1","appName":"SpringBoot Concepts","thread_name":"scheduling-1","hostname":"Paradigma","message":"Release 13","@timestamp":"2021-06-19T23:26:41.131Z","level":"INFO","logger_name":"jorge.cardona.concepts.service.Scheduling"}
{"@version":"1","appName":"SpringBoot Concepts","thread_name":"scheduling-1","hostname":"Paradigma","message":"Enable true","@timestamp":"2021-06-19T23:26:41.131Z","level":"INFO","logger_name":"jorge.cardona.concepts.service.Scheduling"}
{"@version":"1","appName":"SpringBoot Concepts","thread_name":"scheduling-1","hostname":"Paradigma","message":"Name Load Properties From Yaml","@timestamp":"2021-06-19T23:26:42.144Z","level":"INFO","logger_name":"jorge.cardona.concepts.service.Scheduling"}
{"@version":"1","appName":"SpringBoot Concepts","thread_name":"scheduling-1","hostname":"Paradigma","message":"Release 13","@timestamp":"2021-06-19T23:26:42.145Z","level":"INFO","logger_name":"jorge.cardona.concepts.service.Scheduling"}
{"@version":"1","appName":"SpringBoot Concepts","thread_name":"scheduling-1","hostname":"Paradigma","message":"Enable true","@timestamp":"2021-06-19T23:26:42.145Z","level":"INFO","logger_name":"jorge.cardona.concepts.service.Scheduling"}
{"@version":"1","appName":"SpringBoot Concepts","thread_name":"scheduling-1","hostname":"Paradigma","message":"THIS IT IS A SCHEDULE TASK LOGGING 2021-06-19T23:26:43.076786100","@timestamp":"2021-06-19T23:26:43.076Z","level":"ERROR","logger_name":"jorge.cardona.concepts.service.Scheduling"}
{"@version":"1","appName":"SpringBoot Concepts","thread_name":"scheduling-1","hostname":"Paradigma","message":"Name Load Properties From Yaml","@timestamp":"2021-06-19T23:26:43.155Z","level":"INFO","logger_name":"jorge.cardona.concepts.service.Scheduling"}
{"@version":"1","appName":"SpringBoot Concepts","thread_name":"scheduling-1","hostname":"Paradigma","message":"Release 13","@timestamp":"2021-06-19T23:26:43.155Z","level":"INFO","logger_name":"jorge.cardona.concepts.service.Scheduling"}
{"@version":"1","appName":"SpringBoot Concepts","thread_name":"scheduling-1","hostname":"Paradigma","message":"Enable true","@timestamp":"2021-06-19T23:26:43.155Z","level":"INFO","logger_name":"jorge.cardona.concepts.service.Scheduling"}
{"@version":"1","appName":"SpringBoot Concepts","thread_name":"scheduling-1","hostname":"Paradigma","message":"Name Load Properties From Yaml","@timestamp":"2021-06-19T23:26:44.171Z","level":"INFO","logger_name":"jorge.cardona.concepts.service.Scheduling"}
{"@version":"1","appName":"SpringBoot Concepts","thread_name":"scheduling-1","hostname":"Paradigma","message":"Release 13","@timestamp":"2021-06-19T23:26:44.171Z","level":"INFO","logger_name":"jorge.cardona.concepts.service.Scheduling"}
{"@version":"1","appName":"SpringBoot Concepts","thread_name":"scheduling-1","hostname":"Paradigma","message":"Enable true","@timestamp":"2021-06-19T23:26:44.172Z","level":"INFO","logger_name":"jorge.cardona.concepts.service.Scheduling"}
{"@version":"1","appName":"SpringBoot Concepts","thread_name":"scheduling-1","hostname":"Paradigma","message":"Name Load Properties From Yaml","@timestamp":"2021-06-19T23:26:45.185Z","level":"INFO","logger_name":"jorge.cardona.concepts.service.Scheduling"}
{"@version":"1","appName":"SpringBoot Concepts","thread_name":"scheduling-1","hostname":"Paradigma","message":"Release 13","@timestamp":"2021-06-19T23:26:45.185Z","level":"INFO","logger_name":"jorge.cardona.concepts.service.Scheduling"}
{"@version":"1","appName":"SpringBoot Concepts","thread_name":"scheduling-1","hostname":"Paradigma","message":"Enable true","@timestamp":"2021-06-19T23:26:45.186Z","level":"INFO","logger_name":"jorge.cardona.concepts.service.Scheduling"}
{"@version":"1","appName":"SpringBoot Concepts","thread_name":"scheduling-1","hostname":"Paradigma","message":"THIS IT IS A SCHEDULE TASK LOGGING 2021-06-19T23:26:46.086047200","@timestamp":"2021-06-19T23:26:46.086Z","level":"ERROR","logger_name":"jorge.cardona.concepts.service.Scheduling"}
{"@version":"1","appName":"SpringBoot Concepts","thread_name":"scheduling-1","hostname":"Paradigma","message":"Name Load Properties From Yaml","@timestamp":"2021-06-19T23:26:46.195Z","level":"INFO","logger_name":"jorge.cardona.concepts.service.Scheduling"}
{"@version":"1","appName":"SpringBoot Concepts","thread_name":"scheduling-1","hostname":"Paradigma","message":"Release 13","@timestamp":"2021-06-19T23:26:46.195Z","level":"INFO","logger_name":"jorge.cardona.concepts.service.Scheduling"}
{"@version":"1","appName":"SpringBoot Concepts","thread_name":"scheduling-1","hostname":"Paradigma","message":"Enable true","@timestamp":"2021-06-19T23:26:46.196Z","level":"INFO","logger_name":"jorge.cardona.concepts.service.Scheduling"}
{"@version":"1","appName":"SpringBoot Concepts","thread_name":"scheduling-1","hostname":"Paradigma","message":"Name Load Properties From Yaml","@timestamp":"2021-06-19T23:26:47.211Z","level":"INFO","logger_name":"jorge.cardona.concepts.service.Scheduling"}
{"@version":"1","appName":"SpringBoot Concepts","thread_name":"scheduling-1","hostname":"Paradigma","message":"Release 13","@timestamp":"2021-06-19T23:26:47.212Z","level":"INFO","logger_name":"jorge.cardona.concepts.service.Scheduling"}
{"@version":"1","appName":"SpringBoot Concepts","thread_name":"scheduling-1","hostname":"Paradigma","message":"Enable true","@timestamp":"2021-06-19T23:26:47.212Z","level":"INFO","logger_name":"jorge.cardona.concepts.service.Scheduling"}
{"@version":"1","appName":"SpringBoot Concepts","thread_name":"scheduling-1","hostname":"Paradigma","message":"Name Load Properties From Yaml","@timestamp":"2021-06-19T23:26:48.222Z","level":"INFO","logger_name":"jorge.cardona.concepts.service.Scheduling"}
{"@version":"1","appName":"SpringBoot Concepts","thread_name":"scheduling-1","hostname":"Paradigma","message":"Release 13","@timestamp":"2021-06-19T23:26:48.222Z","level":"INFO","logger_name":"jorge.cardona.concepts.service.Scheduling"}
{"@version":"1","appName":"SpringBoot Concepts","thread_name":"scheduling-1","hostname":"Paradigma","message":"Enable true","@timestamp":"2021-06-19T23:26:48.223Z","level":"INFO","logger_name":"jorge.cardona.concepts.service.Scheduling"}
{"@version":"1","appName":"SpringBoot Concepts","thread_name":"scheduling-1","hostname":"Paradigma","message":"THIS IT IS A SCHEDULE TASK LOGGING 2021-06-19T23:26:49.091166100","@timestamp":"2021-06-19T23:26:49.091Z","level":"ERROR","logger_name":"jorge.cardona.concepts.service.Scheduling"}
{"@version":"1","appName":"SpringBoot Concepts","thread_name":"scheduling-1","hostname":"Paradigma","message":"Name Load Properties From Yaml","@timestamp":"2021-06-19T23:26:49.230Z","level":"INFO","logger_name":"jorge.cardona.concepts.service.Scheduling"}
{"@version":"1","appName":"SpringBoot Concepts","thread_name":"scheduling-1","hostname":"Paradigma","message":"Release 13","@timestamp":"2021-06-19T23:26:49.230Z","level":"INFO","logger_name":"jorge.cardona.concepts.service.Scheduling"}
{"@version":"1","appName":"SpringBoot Concepts","thread_name":"scheduling-1","hostname":"Paradigma","message":"Enable true","@timestamp":"2021-06-19T23:26:49.231Z","level":"INFO","logger_name":"jorge.cardona.concepts.service.Scheduling"}
{"@version":"1","appName":"SpringBoot Concepts","thread_name":"scheduling-1","hostname":"Paradigma","message":"Name Load Properties From Yaml","@timestamp":"2021-06-19T23:26:50.242Z","level":"INFO","logger_name":"jorge.cardona.concepts.service.Scheduling"}
{"@version":"1","appName":"SpringBoot Concepts","thread_name":"scheduling-1","hostname":"Paradigma","message":"Release 13","@timestamp":"2021-06-19T23:26:50.243Z","level":"INFO","logger_name":"jorge.cardona.concepts.service.Scheduling"}
{"@version":"1","appName":"SpringBoot Concepts","thread_name":"scheduling-1","hostname":"Paradigma","message":"Enable true","@timestamp":"2021-06-19T23:26:50.243Z","level":"INFO","logger_name":"jorge.cardona.concepts.service.Scheduling"}
{"@version":"1","appName":"SpringBoot Concepts","thread_name":"scheduling-1","hostname":"Paradigma","message":"Name Load Properties From Yaml","@timestamp":"2021-06-19T23:26:51.252Z","level":"INFO","logger_name":"jorge.cardona.concepts.service.Scheduling"}
{"@version":"1","appName":"SpringBoot Concepts","thread_name":"scheduling-1","hostname":"Paradigma","message":"Release 13","@timestamp":"2021-06-19T23:26:51.252Z","level":"INFO","logger_name":"jorge.cardona.concepts.service.Scheduling"}
{"@version":"1","appName":"SpringBoot Concepts","thread_name":"scheduling-1","hostname":"Paradigma","message":"Enable true","@timestamp":"2021-06-19T23:26:51.253Z","level":"INFO","logger_name":"jorge.cardona.concepts.service.Scheduling"}
{"@version":"1","appName":"SpringBoot Concepts","thread_name":"scheduling-1","hostname":"Paradigma","message":"THIS IT IS A SCHEDULE TASK LOGGING 2021-06-19T23:26:52.094690600","@timestamp":"2021-06-19T23:26:52.094Z","level":"ERROR","logger_name":"jorge.cardona.concepts.service.Scheduling"}
{"@version":"1","appName":"SpringBoot Concepts","thread_name":"scheduling-1","hostname":"Paradigma","message":"Name Load Properties From Yaml","@timestamp":"2021-06-19T23:26:52.264Z","level":"INFO","logger_name":"jorge.cardona.concepts.service.Scheduling"}
{"@version":"1","appName":"SpringBoot Concepts","thread_name":"scheduling-1","hostname":"Paradigma","message":"Release 13","@timestamp":"2021-06-19T23:26:52.265Z","level":"INFO","logger_name":"jorge.cardona.concepts.service.Scheduling"}
{"@version":"1","appName":"SpringBoot Concepts","thread_name":"scheduling-1","hostname":"Paradigma","message":"Enable true","@timestamp":"2021-06-19T23:26:52.265Z","level":"INFO","logger_name":"jorge.cardona.concepts.service.Scheduling"}
