{"@version":"1","appName":"SpringBoot Concepts","thread_name":"scheduling-1","hostname":"Paradigma","message":"THIS IT IS A SCHEDULE TASK LOGGING 2021-06-18T22:28:20.807356100","@timestamp":"2021-06-18T22:28:20.807Z","level":"ERROR","logger_name":"jorge.cardona.concepts.service.Scheduling"}
{"@version":"1","appName":"SpringBoot Concepts","thread_name":"scheduling-1","hostname":"Paradigma","message":"Name Load Properties From Yaml","@timestamp":"2021-06-18T22:28:21.198Z","level":"INFO","logger_name":"jorge.cardona.concepts.service.Scheduling"}
{"@version":"1","appName":"SpringBoot Concepts","thread_name":"scheduling-1","hostname":"Paradigma","message":"Release 13","@timestamp":"2021-06-18T22:28:21.199Z","level":"INFO","logger_name":"jorge.cardona.concepts.service.Scheduling"}
{"@version":"1","appName":"SpringBoot Concepts","thread_name":"scheduling-1","hostname":"Paradigma","message":"Enable true","@timestamp":"2021-06-18T22:28:21.203Z","level":"INFO","logger_name":"jorge.cardona.concepts.service.Scheduling"}
{"@version":"1","appName":"SpringBoot Concepts","thread_name":"scheduling-1","hostname":"Paradigma","message":"Name Load Properties From Yaml","@timestamp":"2021-06-18T22:28:22.216Z","level":"INFO","logger_name":"jorge.cardona.concepts.service.Scheduling"}
{"@version":"1","appName":"SpringBoot Concepts","thread_name":"scheduling-1","hostname":"Paradigma","message":"Release 13","@timestamp":"2021-06-18T22:28:22.217Z","level":"INFO","logger_name":"jorge.cardona.concepts.service.Scheduling"}
{"@version":"1","appName":"SpringBoot Concepts","thread_name":"scheduling-1","hostname":"Paradigma","message":"Enable true","@timestamp":"2021-06-18T22:28:22.218Z","level":"INFO","logger_name":"jorge.cardona.concepts.service.Scheduling"}
{"@version":"1","appName":"SpringBoot Concepts","thread_name":"scheduling-1","hostname":"Paradigma","message":"Name Load Properties From Yaml","@timestamp":"2021-06-18T22:28:23.229Z","level":"INFO","logger_name":"jorge.cardona.concepts.service.Scheduling"}
{"@version":"1","appName":"SpringBoot Concepts","thread_name":"scheduling-1","hostname":"Paradigma","message":"Release 13","@timestamp":"2021-06-18T22:28:23.230Z","level":"INFO","logger_name":"jorge.cardona.concepts.service.Scheduling"}
{"@version":"1","appName":"SpringBoot Concepts","thread_name":"scheduling-1","hostname":"Paradigma","message":"Enable true","@timestamp":"2021-06-18T22:28:23.230Z","level":"INFO","logger_name":"jorge.cardona.concepts.service.Scheduling"}
{"@version":"1","appName":"SpringBoot Concepts","thread_name":"scheduling-1","hostname":"Paradigma","message":"THIS IT IS A SCHEDULE TASK LOGGING 2021-06-18T22:28:23.833951","@timestamp":"2021-06-18T22:28:23.833Z","level":"ERROR","logger_name":"jorge.cardona.concepts.service.Scheduling"}
{"@version":"1","appName":"SpringBoot Concepts","thread_name":"scheduling-1","hostname":"Paradigma","message":"Name Load Properties From Yaml","@timestamp":"2021-06-18T22:28:24.310Z","level":"INFO","logger_name":"jorge.cardona.concepts.service.Scheduling"}
{"@version":"1","appName":"SpringBoot Concepts","thread_name":"scheduling-1","hostname":"Paradigma","message":"Release 13","@timestamp":"2021-06-18T22:28:24.310Z","level":"INFO","logger_name":"jorge.cardona.concepts.service.Scheduling"}
{"@version":"1","appName":"SpringBoot Concepts","thread_name":"scheduling-1","hostname":"Paradigma","message":"Enable true","@timestamp":"2021-06-18T22:28:24.311Z","level":"INFO","logger_name":"jorge.cardona.concepts.service.Scheduling"}
{"@version":"1","appName":"SpringBoot Concepts","thread_name":"scheduling-1","hostname":"Paradigma","message":"Name Load Properties From Yaml","@timestamp":"2021-06-18T22:28:25.317Z","level":"INFO","logger_name":"jorge.cardona.concepts.service.Scheduling"}
{"@version":"1","appName":"SpringBoot Concepts","thread_name":"scheduling-1","hostname":"Paradigma","message":"Release 13","@timestamp":"2021-06-18T22:28:25.318Z","level":"INFO","logger_name":"jorge.cardona.concepts.service.Scheduling"}
{"@version":"1","appName":"SpringBoot Concepts","thread_name":"scheduling-1","hostname":"Paradigma","message":"Enable true","@timestamp":"2021-06-18T22:28:25.320Z","level":"INFO","logger_name":"jorge.cardona.concepts.service.Scheduling"}
{"@version":"1","appName":"SpringBoot Concepts","thread_name":"scheduling-1","hostname":"Paradigma","message":"Name Load Properties From Yaml","@timestamp":"2021-06-18T22:28:26.330Z","level":"INFO","logger_name":"jorge.cardona.concepts.service.Scheduling"}
{"@version":"1","appName":"SpringBoot Concepts","thread_name":"scheduling-1","hostname":"Paradigma","message":"Release 13","@timestamp":"2021-06-18T22:28:26.331Z","level":"INFO","logger_name":"jorge.cardona.concepts.service.Scheduling"}
{"@version":"1","appName":"SpringBoot Concepts","thread_name":"scheduling-1","hostname":"Paradigma","message":"Enable true","@timestamp":"2021-06-18T22:28:26.332Z","level":"INFO","logger_name":"jorge.cardona.concepts.service.Scheduling"}
{"@version":"1","appName":"SpringBoot Concepts","thread_name":"scheduling-1","hostname":"Paradigma","message":"THIS IT IS A SCHEDULE TASK LOGGING 2021-06-18T22:28:26.839565400","@timestamp":"2021-06-18T22:28:26.840Z","level":"ERROR","logger_name":"jorge.cardona.concepts.service.Scheduling"}
{"@version":"1","appName":"SpringBoot Concepts","thread_name":"scheduling-1","hostname":"Paradigma","message":"Name Load Properties From Yaml","@timestamp":"2021-06-18T22:28:27.339Z","level":"INFO","logger_name":"jorge.cardona.concepts.service.Scheduling"}
{"@version":"1","appName":"SpringBoot Concepts","thread_name":"scheduling-1","hostname":"Paradigma","message":"Release 13","@timestamp":"2021-06-18T22:28:27.339Z","level":"INFO","logger_name":"jorge.cardona.concepts.service.Scheduling"}
{"@version":"1","appName":"SpringBoot Concepts","thread_name":"scheduling-1","hostname":"Paradigma","message":"Enable true","@timestamp":"2021-06-18T22:28:27.340Z","level":"INFO","logger_name":"jorge.cardona.concepts.service.Scheduling"}
{"@version":"1","appName":"SpringBoot Concepts","thread_name":"scheduling-1","hostname":"Paradigma","message":"Name Load Properties From Yaml","@timestamp":"2021-06-18T22:28:28.352Z","level":"INFO","logger_name":"jorge.cardona.concepts.service.Scheduling"}
{"@version":"1","appName":"SpringBoot Concepts","thread_name":"scheduling-1","hostname":"Paradigma","message":"Release 13","@timestamp":"2021-06-18T22:28:28.355Z","level":"INFO","logger_name":"jorge.cardona.concepts.service.Scheduling"}
{"@version":"1","appName":"SpringBoot Concepts","thread_name":"scheduling-1","hostname":"Paradigma","message":"Enable true","@timestamp":"2021-06-18T22:28:28.356Z","level":"INFO","logger_name":"jorge.cardona.concepts.service.Scheduling"}
{"@version":"1","appName":"SpringBoot Concepts","thread_name":"scheduling-1","hostname":"Paradigma","message":"Name Load Properties From Yaml","@timestamp":"2021-06-18T22:28:29.359Z","level":"INFO","logger_name":"jorge.cardona.concepts.service.Scheduling"}
{"@version":"1","appName":"SpringBoot Concepts","thread_name":"scheduling-1","hostname":"Paradigma","message":"Release 13","@timestamp":"2021-06-18T22:28:29.360Z","level":"INFO","logger_name":"jorge.cardona.concepts.service.Scheduling"}
{"@version":"1","appName":"SpringBoot Concepts","thread_name":"scheduling-1","hostname":"Paradigma","message":"Enable true","@timestamp":"2021-06-18T22:28:29.360Z","level":"INFO","logger_name":"jorge.cardona.concepts.service.Scheduling"}
{"@version":"1","appName":"SpringBoot Concepts","thread_name":"scheduling-1","hostname":"Paradigma","message":"THIS IT IS A SCHEDULE TASK LOGGING 2021-06-18T22:28:29.854333900","@timestamp":"2021-06-18T22:28:29.854Z","level":"ERROR","logger_name":"jorge.cardona.concepts.service.Scheduling"}
{"@version":"1","appName":"SpringBoot Concepts","thread_name":"scheduling-1","hostname":"Paradigma","message":"Name Load Properties From Yaml","@timestamp":"2021-06-18T22:28:30.366Z","level":"INFO","logger_name":"jorge.cardona.concepts.service.Scheduling"}
{"@version":"1","appName":"SpringBoot Concepts","thread_name":"scheduling-1","hostname":"Paradigma","message":"Release 13","@timestamp":"2021-06-18T22:28:30.366Z","level":"INFO","logger_name":"jorge.cardona.concepts.service.Scheduling"}
{"@version":"1","appName":"SpringBoot Concepts","thread_name":"scheduling-1","hostname":"Paradigma","message":"Enable true","@timestamp":"2021-06-18T22:28:30.368Z","level":"INFO","logger_name":"jorge.cardona.concepts.service.Scheduling"}
{"@version":"1","appName":"SpringBoot Concepts","thread_name":"scheduling-1","hostname":"Paradigma","message":"Name Load Properties From Yaml","@timestamp":"2021-06-18T22:28:31.393Z","level":"INFO","logger_name":"jorge.cardona.concepts.service.Scheduling"}
{"@version":"1","appName":"SpringBoot Concepts","thread_name":"scheduling-1","hostname":"Paradigma","message":"Release 13","@timestamp":"2021-06-18T22:28:31.399Z","level":"INFO","logger_name":"jorge.cardona.concepts.service.Scheduling"}
{"@version":"1","appName":"SpringBoot Concepts","thread_name":"scheduling-1","hostname":"Paradigma","message":"Enable true","@timestamp":"2021-06-18T22:28:31.404Z","level":"INFO","logger_name":"jorge.cardona.concepts.service.Scheduling"}
{"@version":"1","appName":"SpringBoot Concepts","thread_name":"scheduling-1","hostname":"Paradigma","message":"Name Load Properties From Yaml","@timestamp":"2021-06-18T22:28:32.417Z","level":"INFO","logger_name":"jorge.cardona.concepts.service.Scheduling"}
{"@version":"1","appName":"SpringBoot Concepts","thread_name":"scheduling-1","hostname":"Paradigma","message":"Release 13","@timestamp":"2021-06-18T22:28:32.418Z","level":"INFO","logger_name":"jorge.cardona.concepts.service.Scheduling"}
{"@version":"1","appName":"SpringBoot Concepts","thread_name":"scheduling-1","hostname":"Paradigma","message":"Enable true","@timestamp":"2021-06-18T22:28:32.420Z","level":"INFO","logger_name":"jorge.cardona.concepts.service.Scheduling"}
{"@version":"1","appName":"SpringBoot Concepts","thread_name":"scheduling-1","hostname":"Paradigma","message":"THIS IT IS A SCHEDULE TASK LOGGING 2021-06-18T22:28:32.865923200","@timestamp":"2021-06-18T22:28:32.865Z","level":"ERROR","logger_name":"jorge.cardona.concepts.service.Scheduling"}
{"@version":"1","appName":"SpringBoot Concepts","thread_name":"scheduling-1","hostname":"Paradigma","message":"Name Load Properties From Yaml","@timestamp":"2021-06-18T22:28:33.422Z","level":"INFO","logger_name":"jorge.cardona.concepts.service.Scheduling"}
{"@version":"1","appName":"SpringBoot Concepts","thread_name":"scheduling-1","hostname":"Paradigma","message":"Release 13","@timestamp":"2021-06-18T22:28:33.423Z","level":"INFO","logger_name":"jorge.cardona.concepts.service.Scheduling"}
{"@version":"1","appName":"SpringBoot Concepts","thread_name":"scheduling-1","hostname":"Paradigma","message":"Enable true","@timestamp":"2021-06-18T22:28:33.424Z","level":"INFO","logger_name":"jorge.cardona.concepts.service.Scheduling"}
{"@version":"1","appName":"SpringBoot Concepts","thread_name":"scheduling-1","hostname":"Paradigma","message":"Name Load Properties From Yaml","@timestamp":"2021-06-18T22:28:34.432Z","level":"INFO","logger_name":"jorge.cardona.concepts.service.Scheduling"}
{"@version":"1","appName":"SpringBoot Concepts","thread_name":"scheduling-1","hostname":"Paradigma","message":"Release 13","@timestamp":"2021-06-18T22:28:34.434Z","level":"INFO","logger_name":"jorge.cardona.concepts.service.Scheduling"}
{"@version":"1","appName":"SpringBoot Concepts","thread_name":"scheduling-1","hostname":"Paradigma","message":"Enable true","@timestamp":"2021-06-18T22:28:34.435Z","level":"INFO","logger_name":"jorge.cardona.concepts.service.Scheduling"}
{"@version":"1","appName":"SpringBoot Concepts","thread_name":"scheduling-1","hostname":"Paradigma","message":"Name Load Properties From Yaml","@timestamp":"2021-06-18T22:28:35.440Z","level":"INFO","logger_name":"jorge.cardona.concepts.service.Scheduling"}
{"@version":"1","appName":"SpringBoot Concepts","thread_name":"scheduling-1","hostname":"Paradigma","message":"Release 13","@timestamp":"2021-06-18T22:28:35.490Z","level":"INFO","logger_name":"jorge.cardona.concepts.service.Scheduling"}
{"@version":"1","appName":"SpringBoot Concepts","thread_name":"scheduling-1","hostname":"Paradigma","message":"Enable true","@timestamp":"2021-06-18T22:28:35.497Z","level":"INFO","logger_name":"jorge.cardona.concepts.service.Scheduling"}
{"@version":"1","appName":"SpringBoot Concepts","thread_name":"scheduling-1","hostname":"Paradigma","message":"THIS IT IS A SCHEDULE TASK LOGGING 2021-06-18T22:28:35.874870","@timestamp":"2021-06-18T22:28:35.874Z","level":"ERROR","logger_name":"jorge.cardona.concepts.service.Scheduling"}
{"@version":"1","appName":"SpringBoot Concepts","thread_name":"scheduling-1","hostname":"Paradigma","message":"Name Load Properties From Yaml","@timestamp":"2021-06-18T22:28:36.514Z","level":"INFO","logger_name":"jorge.cardona.concepts.service.Scheduling"}
{"@version":"1","appName":"SpringBoot Concepts","thread_name":"scheduling-1","hostname":"Paradigma","message":"Release 13","@timestamp":"2021-06-18T22:28:36.514Z","level":"INFO","logger_name":"jorge.cardona.concepts.service.Scheduling"}
{"@version":"1","appName":"SpringBoot Concepts","thread_name":"scheduling-1","hostname":"Paradigma","message":"Enable true","@timestamp":"2021-06-18T22:28:36.515Z","level":"INFO","logger_name":"jorge.cardona.concepts.service.Scheduling"}
{"@version":"1","appName":"SpringBoot Concepts","thread_name":"scheduling-1","hostname":"Paradigma","message":"Name Load Properties From Yaml","@timestamp":"2021-06-18T22:28:37.522Z","level":"INFO","logger_name":"jorge.cardona.concepts.service.Scheduling"}
{"@version":"1","appName":"SpringBoot Concepts","thread_name":"scheduling-1","hostname":"Paradigma","message":"Release 13","@timestamp":"2021-06-18T22:28:37.524Z","level":"INFO","logger_name":"jorge.cardona.concepts.service.Scheduling"}
{"@version":"1","appName":"SpringBoot Concepts","thread_name":"scheduling-1","hostname":"Paradigma","message":"Enable true","@timestamp":"2021-06-18T22:28:37.525Z","level":"INFO","logger_name":"jorge.cardona.concepts.service.Scheduling"}
{"@version":"1","appName":"SpringBoot Concepts","thread_name":"scheduling-1","hostname":"Paradigma","message":"Name Load Properties From Yaml","@timestamp":"2021-06-18T22:28:38.535Z","level":"INFO","logger_name":"jorge.cardona.concepts.service.Scheduling"}
{"@version":"1","appName":"SpringBoot Concepts","thread_name":"scheduling-1","hostname":"Paradigma","message":"Release 13","@timestamp":"2021-06-18T22:28:38.541Z","level":"INFO","logger_name":"jorge.cardona.concepts.service.Scheduling"}
{"@version":"1","appName":"SpringBoot Concepts","thread_name":"scheduling-1","hostname":"Paradigma","message":"Enable true","@timestamp":"2021-06-18T22:28:38.544Z","level":"INFO","logger_name":"jorge.cardona.concepts.service.Scheduling"}
{"@version":"1","appName":"SpringBoot Concepts","thread_name":"scheduling-1","hostname":"Paradigma","message":"THIS IT IS A SCHEDULE TASK LOGGING 2021-06-18T22:28:38.891049600","@timestamp":"2021-06-18T22:28:38.891Z","level":"ERROR","logger_name":"jorge.cardona.concepts.service.Scheduling"}
{"@version":"1","appName":"SpringBoot Concepts","thread_name":"scheduling-1","hostname":"Paradigma","message":"Name Load Properties From Yaml","@timestamp":"2021-06-18T22:28:39.559Z","level":"INFO","logger_name":"jorge.cardona.concepts.service.Scheduling"}
{"@version":"1","appName":"SpringBoot Concepts","thread_name":"scheduling-1","hostname":"Paradigma","message":"Release 13","@timestamp":"2021-06-18T22:28:39.561Z","level":"INFO","logger_name":"jorge.cardona.concepts.service.Scheduling"}
{"@version":"1","appName":"SpringBoot Concepts","thread_name":"scheduling-1","hostname":"Paradigma","message":"Enable true","@timestamp":"2021-06-18T22:28:39.563Z","level":"INFO","logger_name":"jorge.cardona.concepts.service.Scheduling"}
{"@version":"1","appName":"SpringBoot Concepts","thread_name":"scheduling-1","hostname":"Paradigma","message":"Name Load Properties From Yaml","@timestamp":"2021-06-18T22:28:40.573Z","level":"INFO","logger_name":"jorge.cardona.concepts.service.Scheduling"}
{"@version":"1","appName":"SpringBoot Concepts","thread_name":"scheduling-1","hostname":"Paradigma","message":"Release 13","@timestamp":"2021-06-18T22:28:40.573Z","level":"INFO","logger_name":"jorge.cardona.concepts.service.Scheduling"}
{"@version":"1","appName":"SpringBoot Concepts","thread_name":"scheduling-1","hostname":"Paradigma","message":"Enable true","@timestamp":"2021-06-18T22:28:40.573Z","level":"INFO","logger_name":"jorge.cardona.concepts.service.Scheduling"}
{"@version":"1","appName":"SpringBoot Concepts","thread_name":"scheduling-1","hostname":"Paradigma","message":"Name Load Properties From Yaml","@timestamp":"2021-06-18T22:28:41.580Z","level":"INFO","logger_name":"jorge.cardona.concepts.service.Scheduling"}
{"@version":"1","appName":"SpringBoot Concepts","thread_name":"scheduling-1","hostname":"Paradigma","message":"Release 13","@timestamp":"2021-06-18T22:28:41.582Z","level":"INFO","logger_name":"jorge.cardona.concepts.service.Scheduling"}
{"@version":"1","appName":"SpringBoot Concepts","thread_name":"scheduling-1","hostname":"Paradigma","message":"Enable true","@timestamp":"2021-06-18T22:28:41.584Z","level":"INFO","logger_name":"jorge.cardona.concepts.service.Scheduling"}
{"@version":"1","appName":"SpringBoot Concepts","thread_name":"scheduling-1","hostname":"Paradigma","message":"THIS IT IS A SCHEDULE TASK LOGGING 2021-06-18T22:28:41.904310400","@timestamp":"2021-06-18T22:28:41.905Z","level":"ERROR","logger_name":"jorge.cardona.concepts.service.Scheduling"}
{"@version":"1","appName":"SpringBoot Concepts","thread_name":"scheduling-1","hostname":"Paradigma","message":"Name Load Properties From Yaml","@timestamp":"2021-06-18T22:28:42.586Z","level":"INFO","logger_name":"jorge.cardona.concepts.service.Scheduling"}
{"@version":"1","appName":"SpringBoot Concepts","thread_name":"scheduling-1","hostname":"Paradigma","message":"Release 13","@timestamp":"2021-06-18T22:28:42.587Z","level":"INFO","logger_name":"jorge.cardona.concepts.service.Scheduling"}
{"@version":"1","appName":"SpringBoot Concepts","thread_name":"scheduling-1","hostname":"Paradigma","message":"Enable true","@timestamp":"2021-06-18T22:28:42.589Z","level":"INFO","logger_name":"jorge.cardona.concepts.service.Scheduling"}
{"@version":"1","appName":"SpringBoot Concepts","thread_name":"scheduling-1","hostname":"Paradigma","message":"Name Load Properties From Yaml","@timestamp":"2021-06-18T22:28:43.596Z","level":"INFO","logger_name":"jorge.cardona.concepts.service.Scheduling"}
{"@version":"1","appName":"SpringBoot Concepts","thread_name":"scheduling-1","hostname":"Paradigma","message":"Release 13","@timestamp":"2021-06-18T22:28:43.598Z","level":"INFO","logger_name":"jorge.cardona.concepts.service.Scheduling"}
{"@version":"1","appName":"SpringBoot Concepts","thread_name":"scheduling-1","hostname":"Paradigma","message":"Enable true","@timestamp":"2021-06-18T22:28:43.598Z","level":"INFO","logger_name":"jorge.cardona.concepts.service.Scheduling"}
{"@version":"1","appName":"SpringBoot Concepts","thread_name":"scheduling-1","hostname":"Paradigma","message":"Name Load Properties From Yaml","@timestamp":"2021-06-18T22:28:44.610Z","level":"INFO","logger_name":"jorge.cardona.concepts.service.Scheduling"}
{"@version":"1","appName":"SpringBoot Concepts","thread_name":"scheduling-1","hostname":"Paradigma","message":"Release 13","@timestamp":"2021-06-18T22:28:44.613Z","level":"INFO","logger_name":"jorge.cardona.concepts.service.Scheduling"}
{"@version":"1","appName":"SpringBoot Concepts","thread_name":"scheduling-1","hostname":"Paradigma","message":"Enable true","@timestamp":"2021-06-18T22:28:44.614Z","level":"INFO","logger_name":"jorge.cardona.concepts.service.Scheduling"}
{"@version":"1","appName":"SpringBoot Concepts","thread_name":"scheduling-1","hostname":"Paradigma","message":"THIS IT IS A SCHEDULE TASK LOGGING 2021-06-18T22:28:44.919169500","@timestamp":"2021-06-18T22:28:44.919Z","level":"ERROR","logger_name":"jorge.cardona.concepts.service.Scheduling"}
{"@version":"1","appName":"SpringBoot Concepts","thread_name":"scheduling-1","hostname":"Paradigma","message":"Name Load Properties From Yaml","@timestamp":"2021-06-18T22:28:45.620Z","level":"INFO","logger_name":"jorge.cardona.concepts.service.Scheduling"}
{"@version":"1","appName":"SpringBoot Concepts","thread_name":"scheduling-1","hostname":"Paradigma","message":"Release 13","@timestamp":"2021-06-18T22:28:45.621Z","level":"INFO","logger_name":"jorge.cardona.concepts.service.Scheduling"}
{"@version":"1","appName":"SpringBoot Concepts","thread_name":"scheduling-1","hostname":"Paradigma","message":"Enable true","@timestamp":"2021-06-18T22:28:45.623Z","level":"INFO","logger_name":"jorge.cardona.concepts.service.Scheduling"}
{"@version":"1","appName":"SpringBoot Concepts","thread_name":"scheduling-1","hostname":"Paradigma","message":"Name Load Properties From Yaml","@timestamp":"2021-06-18T22:28:46.635Z","level":"INFO","logger_name":"jorge.cardona.concepts.service.Scheduling"}
{"@version":"1","appName":"SpringBoot Concepts","thread_name":"scheduling-1","hostname":"Paradigma","message":"Release 13","@timestamp":"2021-06-18T22:28:46.637Z","level":"INFO","logger_name":"jorge.cardona.concepts.service.Scheduling"}
{"@version":"1","appName":"SpringBoot Concepts","thread_name":"scheduling-1","hostname":"Paradigma","message":"Enable true","@timestamp":"2021-06-18T22:28:46.638Z","level":"INFO","logger_name":"jorge.cardona.concepts.service.Scheduling"}
{"@version":"1","appName":"SpringBoot Concepts","thread_name":"scheduling-1","hostname":"Paradigma","message":"Name Load Properties From Yaml","@timestamp":"2021-06-18T22:28:47.651Z","level":"INFO","logger_name":"jorge.cardona.concepts.service.Scheduling"}
{"@version":"1","appName":"SpringBoot Concepts","thread_name":"scheduling-1","hostname":"Paradigma","message":"Release 13","@timestamp":"2021-06-18T22:28:47.659Z","level":"INFO","logger_name":"jorge.cardona.concepts.service.Scheduling"}
{"@version":"1","appName":"SpringBoot Concepts","thread_name":"scheduling-1","hostname":"Paradigma","message":"Enable true","@timestamp":"2021-06-18T22:28:47.662Z","level":"INFO","logger_name":"jorge.cardona.concepts.service.Scheduling"}
{"@version":"1","appName":"SpringBoot Concepts","thread_name":"scheduling-1","hostname":"Paradigma","message":"THIS IT IS A SCHEDULE TASK LOGGING 2021-06-18T22:28:47.930020200","@timestamp":"2021-06-18T22:28:47.930Z","level":"ERROR","logger_name":"jorge.cardona.concepts.service.Scheduling"}
{"@version":"1","appName":"SpringBoot Concepts","thread_name":"scheduling-1","hostname":"Paradigma","message":"Name Load Properties From Yaml","@timestamp":"2021-06-18T22:28:48.674Z","level":"INFO","logger_name":"jorge.cardona.concepts.service.Scheduling"}
{"@version":"1","appName":"SpringBoot Concepts","thread_name":"scheduling-1","hostname":"Paradigma","message":"Release 13","@timestamp":"2021-06-18T22:28:48.674Z","level":"INFO","logger_name":"jorge.cardona.concepts.service.Scheduling"}
{"@version":"1","appName":"SpringBoot Concepts","thread_name":"scheduling-1","hostname":"Paradigma","message":"Enable true","@timestamp":"2021-06-18T22:28:48.676Z","level":"INFO","logger_name":"jorge.cardona.concepts.service.Scheduling"}
{"@version":"1","appName":"SpringBoot Concepts","thread_name":"scheduling-1","hostname":"Paradigma","message":"Name Load Properties From Yaml","@timestamp":"2021-06-18T22:28:49.679Z","level":"INFO","logger_name":"jorge.cardona.concepts.service.Scheduling"}
{"@version":"1","appName":"SpringBoot Concepts","thread_name":"scheduling-1","hostname":"Paradigma","message":"Release 13","@timestamp":"2021-06-18T22:28:49.681Z","level":"INFO","logger_name":"jorge.cardona.concepts.service.Scheduling"}
{"@version":"1","appName":"SpringBoot Concepts","thread_name":"scheduling-1","hostname":"Paradigma","message":"Enable true","@timestamp":"2021-06-18T22:28:49.681Z","level":"INFO","logger_name":"jorge.cardona.concepts.service.Scheduling"}
{"@version":"1","appName":"SpringBoot Concepts","thread_name":"scheduling-1","hostname":"Paradigma","message":"Name Load Properties From Yaml","@timestamp":"2021-06-18T22:28:50.687Z","level":"INFO","logger_name":"jorge.cardona.concepts.service.Scheduling"}
{"@version":"1","appName":"SpringBoot Concepts","thread_name":"scheduling-1","hostname":"Paradigma","message":"Release 13","@timestamp":"2021-06-18T22:28:50.688Z","level":"INFO","logger_name":"jorge.cardona.concepts.service.Scheduling"}
{"@version":"1","appName":"SpringBoot Concepts","thread_name":"scheduling-1","hostname":"Paradigma","message":"Enable true","@timestamp":"2021-06-18T22:28:50.690Z","level":"INFO","logger_name":"jorge.cardona.concepts.service.Scheduling"}
{"@version":"1","appName":"SpringBoot Concepts","thread_name":"scheduling-1","hostname":"Paradigma","message":"THIS IT IS A SCHEDULE TASK LOGGING 2021-06-18T22:28:50.934386200","@timestamp":"2021-06-18T22:28:50.934Z","level":"ERROR","logger_name":"jorge.cardona.concepts.service.Scheduling"}
{"@version":"1","appName":"SpringBoot Concepts","thread_name":"scheduling-1","hostname":"Paradigma","message":"Name Load Properties From Yaml","@timestamp":"2021-06-18T22:28:51.694Z","level":"INFO","logger_name":"jorge.cardona.concepts.service.Scheduling"}
{"@version":"1","appName":"SpringBoot Concepts","thread_name":"scheduling-1","hostname":"Paradigma","message":"Release 13","@timestamp":"2021-06-18T22:28:51.695Z","level":"INFO","logger_name":"jorge.cardona.concepts.service.Scheduling"}
{"@version":"1","appName":"SpringBoot Concepts","thread_name":"scheduling-1","hostname":"Paradigma","message":"Enable true","@timestamp":"2021-06-18T22:28:51.696Z","level":"INFO","logger_name":"jorge.cardona.concepts.service.Scheduling"}
{"@version":"1","appName":"SpringBoot Concepts","thread_name":"scheduling-1","hostname":"Paradigma","message":"Name Load Properties From Yaml","@timestamp":"2021-06-18T22:28:52.701Z","level":"INFO","logger_name":"jorge.cardona.concepts.service.Scheduling"}
{"@version":"1","appName":"SpringBoot Concepts","thread_name":"scheduling-1","hostname":"Paradigma","message":"Release 13","@timestamp":"2021-06-18T22:28:52.703Z","level":"INFO","logger_name":"jorge.cardona.concepts.service.Scheduling"}
{"@version":"1","appName":"SpringBoot Concepts","thread_name":"scheduling-1","hostname":"Paradigma","message":"Enable true","@timestamp":"2021-06-18T22:28:52.705Z","level":"INFO","logger_name":"jorge.cardona.concepts.service.Scheduling"}
{"@version":"1","appName":"SpringBoot Concepts","thread_name":"scheduling-1","hostname":"Paradigma","message":"Name Load Properties From Yaml","@timestamp":"2021-06-18T22:28:53.711Z","level":"INFO","logger_name":"jorge.cardona.concepts.service.Scheduling"}
{"@version":"1","appName":"SpringBoot Concepts","thread_name":"scheduling-1","hostname":"Paradigma","message":"Release 13","@timestamp":"2021-06-18T22:28:53.711Z","level":"INFO","logger_name":"jorge.cardona.concepts.service.Scheduling"}
{"@version":"1","appName":"SpringBoot Concepts","thread_name":"scheduling-1","hostname":"Paradigma","message":"Enable true","@timestamp":"2021-06-18T22:28:53.712Z","level":"INFO","logger_name":"jorge.cardona.concepts.service.Scheduling"}
{"@version":"1","appName":"SpringBoot Concepts","thread_name":"scheduling-1","hostname":"Paradigma","message":"THIS IT IS A SCHEDULE TASK LOGGING 2021-06-18T22:28:53.943295800","@timestamp":"2021-06-18T22:28:53.944Z","level":"ERROR","logger_name":"jorge.cardona.concepts.service.Scheduling"}
{"@version":"1","appName":"SpringBoot Concepts","thread_name":"scheduling-1","hostname":"Paradigma","message":"Name Load Properties From Yaml","@timestamp":"2021-06-18T22:28:54.716Z","level":"INFO","logger_name":"jorge.cardona.concepts.service.Scheduling"}
{"@version":"1","appName":"SpringBoot Concepts","thread_name":"scheduling-1","hostname":"Paradigma","message":"Release 13","@timestamp":"2021-06-18T22:28:54.716Z","level":"INFO","logger_name":"jorge.cardona.concepts.service.Scheduling"}
{"@version":"1","appName":"SpringBoot Concepts","thread_name":"scheduling-1","hostname":"Paradigma","message":"Enable true","@timestamp":"2021-06-18T22:28:54.718Z","level":"INFO","logger_name":"jorge.cardona.concepts.service.Scheduling"}
{"@version":"1","appName":"SpringBoot Concepts","thread_name":"scheduling-1","hostname":"Paradigma","message":"Name Load Properties From Yaml","@timestamp":"2021-06-18T22:28:55.727Z","level":"INFO","logger_name":"jorge.cardona.concepts.service.Scheduling"}
{"@version":"1","appName":"SpringBoot Concepts","thread_name":"scheduling-1","hostname":"Paradigma","message":"Release 13","@timestamp":"2021-06-18T22:28:55.728Z","level":"INFO","logger_name":"jorge.cardona.concepts.service.Scheduling"}
{"@version":"1","appName":"SpringBoot Concepts","thread_name":"scheduling-1","hostname":"Paradigma","message":"Enable true","@timestamp":"2021-06-18T22:28:55.728Z","level":"INFO","logger_name":"jorge.cardona.concepts.service.Scheduling"}
{"@version":"1","appName":"SpringBoot Concepts","thread_name":"scheduling-1","hostname":"Paradigma","message":"Name Load Properties From Yaml","@timestamp":"2021-06-18T22:28:56.736Z","level":"INFO","logger_name":"jorge.cardona.concepts.service.Scheduling"}
{"@version":"1","appName":"SpringBoot Concepts","thread_name":"scheduling-1","hostname":"Paradigma","message":"Release 13","@timestamp":"2021-06-18T22:28:56.738Z","level":"INFO","logger_name":"jorge.cardona.concepts.service.Scheduling"}
{"@version":"1","appName":"SpringBoot Concepts","thread_name":"scheduling-1","hostname":"Paradigma","message":"Enable true","@timestamp":"2021-06-18T22:28:56.739Z","level":"INFO","logger_name":"jorge.cardona.concepts.service.Scheduling"}
{"@version":"1","appName":"SpringBoot Concepts","thread_name":"scheduling-1","hostname":"Paradigma","message":"THIS IT IS A SCHEDULE TASK LOGGING 2021-06-18T22:28:56.951746400","@timestamp":"2021-06-18T22:28:56.951Z","level":"ERROR","logger_name":"jorge.cardona.concepts.service.Scheduling"}
{"@version":"1","appName":"SpringBoot Concepts","thread_name":"scheduling-1","hostname":"Paradigma","message":"Name Load Properties From Yaml","@timestamp":"2021-06-18T22:28:57.743Z","level":"INFO","logger_name":"jorge.cardona.concepts.service.Scheduling"}
{"@version":"1","appName":"SpringBoot Concepts","thread_name":"scheduling-1","hostname":"Paradigma","message":"Release 13","@timestamp":"2021-06-18T22:28:57.744Z","level":"INFO","logger_name":"jorge.cardona.concepts.service.Scheduling"}
{"@version":"1","appName":"SpringBoot Concepts","thread_name":"scheduling-1","hostname":"Paradigma","message":"Enable true","@timestamp":"2021-06-18T22:28:57.746Z","level":"INFO","logger_name":"jorge.cardona.concepts.service.Scheduling"}
{"@version":"1","appName":"SpringBoot Concepts","thread_name":"scheduling-1","hostname":"Paradigma","message":"Name Load Properties From Yaml","@timestamp":"2021-06-18T22:28:58.762Z","level":"INFO","logger_name":"jorge.cardona.concepts.service.Scheduling"}
{"@version":"1","appName":"SpringBoot Concepts","thread_name":"scheduling-1","hostname":"Paradigma","message":"Release 13","@timestamp":"2021-06-18T22:28:58.766Z","level":"INFO","logger_name":"jorge.cardona.concepts.service.Scheduling"}
{"@version":"1","appName":"SpringBoot Concepts","thread_name":"scheduling-1","hostname":"Paradigma","message":"Enable true","@timestamp":"2021-06-18T22:28:58.767Z","level":"INFO","logger_name":"jorge.cardona.concepts.service.Scheduling"}
{"@version":"1","appName":"SpringBoot Concepts","thread_name":"scheduling-1","hostname":"Paradigma","message":"Name Load Properties From Yaml","@timestamp":"2021-06-18T22:28:59.770Z","level":"INFO","logger_name":"jorge.cardona.concepts.service.Scheduling"}
{"@version":"1","appName":"SpringBoot Concepts","thread_name":"scheduling-1","hostname":"Paradigma","message":"Release 13","@timestamp":"2021-06-18T22:28:59.771Z","level":"INFO","logger_name":"jorge.cardona.concepts.service.Scheduling"}
{"@version":"1","appName":"SpringBoot Concepts","thread_name":"scheduling-1","hostname":"Paradigma","message":"Enable true","@timestamp":"2021-06-18T22:28:59.773Z","level":"INFO","logger_name":"jorge.cardona.concepts.service.Scheduling"}
{"@version":"1","appName":"SpringBoot Concepts","thread_name":"scheduling-1","hostname":"Paradigma","message":"THIS IT IS A SCHEDULE TASK LOGGING 2021-06-18T22:28:59.957887500","@timestamp":"2021-06-18T22:28:59.957Z","level":"ERROR","logger_name":"jorge.cardona.concepts.service.Scheduling"}
{"@version":"1","appName":"SpringBoot Concepts","thread_name":"scheduling-1","hostname":"Paradigma","message":"Name Load Properties From Yaml","@timestamp":"2021-06-18T22:29:00.781Z","level":"INFO","logger_name":"jorge.cardona.concepts.service.Scheduling"}
{"@version":"1","appName":"SpringBoot Concepts","thread_name":"scheduling-1","hostname":"Paradigma","message":"Release 13","@timestamp":"2021-06-18T22:29:00.789Z","level":"INFO","logger_name":"jorge.cardona.concepts.service.Scheduling"}
{"@version":"1","appName":"SpringBoot Concepts","thread_name":"scheduling-1","hostname":"Paradigma","message":"Enable true","@timestamp":"2021-06-18T22:29:00.792Z","level":"INFO","logger_name":"jorge.cardona.concepts.service.Scheduling"}
{"@version":"1","appName":"SpringBoot Concepts","thread_name":"scheduling-1","hostname":"Paradigma","message":"Name Load Properties From Yaml","@timestamp":"2021-06-18T22:29:01.805Z","level":"INFO","logger_name":"jorge.cardona.concepts.service.Scheduling"}
{"@version":"1","appName":"SpringBoot Concepts","thread_name":"scheduling-1","hostname":"Paradigma","message":"Release 13","@timestamp":"2021-06-18T22:29:01.806Z","level":"INFO","logger_name":"jorge.cardona.concepts.service.Scheduling"}
{"@version":"1","appName":"SpringBoot Concepts","thread_name":"scheduling-1","hostname":"Paradigma","message":"Enable true","@timestamp":"2021-06-18T22:29:01.806Z","level":"INFO","logger_name":"jorge.cardona.concepts.service.Scheduling"}
{"@version":"1","appName":"SpringBoot Concepts","thread_name":"scheduling-1","hostname":"Paradigma","message":"Name Load Properties From Yaml","@timestamp":"2021-06-18T22:29:02.818Z","level":"INFO","logger_name":"jorge.cardona.concepts.service.Scheduling"}
{"@version":"1","appName":"SpringBoot Concepts","thread_name":"scheduling-1","hostname":"Paradigma","message":"Release 13","@timestamp":"2021-06-18T22:29:02.820Z","level":"INFO","logger_name":"jorge.cardona.concepts.service.Scheduling"}
{"@version":"1","appName":"SpringBoot Concepts","thread_name":"scheduling-1","hostname":"Paradigma","message":"Enable true","@timestamp":"2021-06-18T22:29:02.821Z","level":"INFO","logger_name":"jorge.cardona.concepts.service.Scheduling"}
{"@version":"1","appName":"SpringBoot Concepts","thread_name":"scheduling-1","hostname":"Paradigma","message":"THIS IT IS A SCHEDULE TASK LOGGING 2021-06-18T22:29:02.974067900","@timestamp":"2021-06-18T22:29:02.975Z","level":"ERROR","logger_name":"jorge.cardona.concepts.service.Scheduling"}
{"@version":"1","appName":"SpringBoot Concepts","thread_name":"scheduling-1","hostname":"Paradigma","message":"Name Load Properties From Yaml","@timestamp":"2021-06-18T22:29:03.831Z","level":"INFO","logger_name":"jorge.cardona.concepts.service.Scheduling"}
{"@version":"1","appName":"SpringBoot Concepts","thread_name":"scheduling-1","hostname":"Paradigma","message":"Release 13","@timestamp":"2021-06-18T22:29:03.831Z","level":"INFO","logger_name":"jorge.cardona.concepts.service.Scheduling"}
{"@version":"1","appName":"SpringBoot Concepts","thread_name":"scheduling-1","hostname":"Paradigma","message":"Enable true","@timestamp":"2021-06-18T22:29:03.832Z","level":"INFO","logger_name":"jorge.cardona.concepts.service.Scheduling"}
{"@version":"1","appName":"SpringBoot Concepts","thread_name":"scheduling-1","hostname":"Paradigma","message":"Name Load Properties From Yaml","@timestamp":"2021-06-18T22:29:04.842Z","level":"INFO","logger_name":"jorge.cardona.concepts.service.Scheduling"}
{"@version":"1","appName":"SpringBoot Concepts","thread_name":"scheduling-1","hostname":"Paradigma","message":"Release 13","@timestamp":"2021-06-18T22:29:04.845Z","level":"INFO","logger_name":"jorge.cardona.concepts.service.Scheduling"}
{"@version":"1","appName":"SpringBoot Concepts","thread_name":"scheduling-1","hostname":"Paradigma","message":"Enable true","@timestamp":"2021-06-18T22:29:04.846Z","level":"INFO","logger_name":"jorge.cardona.concepts.service.Scheduling"}
{"@version":"1","appName":"SpringBoot Concepts","thread_name":"scheduling-1","hostname":"Paradigma","message":"Name Load Properties From Yaml","@timestamp":"2021-06-18T22:29:05.851Z","level":"INFO","logger_name":"jorge.cardona.concepts.service.Scheduling"}
{"@version":"1","appName":"SpringBoot Concepts","thread_name":"scheduling-1","hostname":"Paradigma","message":"Release 13","@timestamp":"2021-06-18T22:29:05.852Z","level":"INFO","logger_name":"jorge.cardona.concepts.service.Scheduling"}
{"@version":"1","appName":"SpringBoot Concepts","thread_name":"scheduling-1","hostname":"Paradigma","message":"Enable true","@timestamp":"2021-06-18T22:29:05.853Z","level":"INFO","logger_name":"jorge.cardona.concepts.service.Scheduling"}
{"@version":"1","appName":"SpringBoot Concepts","thread_name":"scheduling-1","hostname":"Paradigma","message":"THIS IT IS A SCHEDULE TASK LOGGING 2021-06-18T22:29:05.991444100","@timestamp":"2021-06-18T22:29:05.991Z","level":"ERROR","logger_name":"jorge.cardona.concepts.service.Scheduling"}
{"@version":"1","appName":"SpringBoot Concepts","thread_name":"scheduling-1","hostname":"Paradigma","message":"Name Load Properties From Yaml","@timestamp":"2021-06-18T22:29:06.862Z","level":"INFO","logger_name":"jorge.cardona.concepts.service.Scheduling"}
{"@version":"1","appName":"SpringBoot Concepts","thread_name":"scheduling-1","hostname":"Paradigma","message":"Release 13","@timestamp":"2021-06-18T22:29:06.864Z","level":"INFO","logger_name":"jorge.cardona.concepts.service.Scheduling"}
{"@version":"1","appName":"SpringBoot Concepts","thread_name":"scheduling-1","hostname":"Paradigma","message":"Enable true","@timestamp":"2021-06-18T22:29:06.865Z","level":"INFO","logger_name":"jorge.cardona.concepts.service.Scheduling"}
{"@version":"1","appName":"SpringBoot Concepts","thread_name":"scheduling-1","hostname":"Paradigma","message":"Name Load Properties From Yaml","@timestamp":"2021-06-18T22:29:07.873Z","level":"INFO","logger_name":"jorge.cardona.concepts.service.Scheduling"}
{"@version":"1","appName":"SpringBoot Concepts","thread_name":"scheduling-1","hostname":"Paradigma","message":"Release 13","@timestamp":"2021-06-18T22:29:07.874Z","level":"INFO","logger_name":"jorge.cardona.concepts.service.Scheduling"}
{"@version":"1","appName":"SpringBoot Concepts","thread_name":"scheduling-1","hostname":"Paradigma","message":"Enable true","@timestamp":"2021-06-18T22:29:07.875Z","level":"INFO","logger_name":"jorge.cardona.concepts.service.Scheduling"}
{"@version":"1","appName":"SpringBoot Concepts","thread_name":"scheduling-1","hostname":"Paradigma","message":"Name Load Properties From Yaml","@timestamp":"2021-06-18T22:29:08.886Z","level":"INFO","logger_name":"jorge.cardona.concepts.service.Scheduling"}
{"@version":"1","appName":"SpringBoot Concepts","thread_name":"scheduling-1","hostname":"Paradigma","message":"Release 13","@timestamp":"2021-06-18T22:29:08.887Z","level":"INFO","logger_name":"jorge.cardona.concepts.service.Scheduling"}
{"@version":"1","appName":"SpringBoot Concepts","thread_name":"scheduling-1","hostname":"Paradigma","message":"Enable true","@timestamp":"2021-06-18T22:29:08.888Z","level":"INFO","logger_name":"jorge.cardona.concepts.service.Scheduling"}
{"@version":"1","appName":"SpringBoot Concepts","thread_name":"scheduling-1","hostname":"Paradigma","message":"THIS IT IS A SCHEDULE TASK LOGGING 2021-06-18T22:29:08.994530100","@timestamp":"2021-06-18T22:29:08.994Z","level":"ERROR","logger_name":"jorge.cardona.concepts.service.Scheduling"}
{"@version":"1","appName":"SpringBoot Concepts","thread_name":"scheduling-1","hostname":"Paradigma","message":"Name Load Properties From Yaml","@timestamp":"2021-06-18T22:29:09.895Z","level":"INFO","logger_name":"jorge.cardona.concepts.service.Scheduling"}
{"@version":"1","appName":"SpringBoot Concepts","thread_name":"scheduling-1","hostname":"Paradigma","message":"Release 13","@timestamp":"2021-06-18T22:29:09.896Z","level":"INFO","logger_name":"jorge.cardona.concepts.service.Scheduling"}
{"@version":"1","appName":"SpringBoot Concepts","thread_name":"scheduling-1","hostname":"Paradigma","message":"Enable true","@timestamp":"2021-06-18T22:29:09.898Z","level":"INFO","logger_name":"jorge.cardona.concepts.service.Scheduling"}
{"@version":"1","appName":"SpringBoot Concepts","thread_name":"scheduling-1","hostname":"Paradigma","message":"Name Load Properties From Yaml","@timestamp":"2021-06-18T22:29:10.915Z","level":"INFO","logger_name":"jorge.cardona.concepts.service.Scheduling"}
{"@version":"1","appName":"SpringBoot Concepts","thread_name":"scheduling-1","hostname":"Paradigma","message":"Release 13","@timestamp":"2021-06-18T22:29:10.916Z","level":"INFO","logger_name":"jorge.cardona.concepts.service.Scheduling"}
{"@version":"1","appName":"SpringBoot Concepts","thread_name":"scheduling-1","hostname":"Paradigma","message":"Enable true","@timestamp":"2021-06-18T22:29:10.917Z","level":"INFO","logger_name":"jorge.cardona.concepts.service.Scheduling"}
{"@version":"1","appName":"SpringBoot Concepts","thread_name":"scheduling-1","hostname":"Paradigma","message":"Name Load Properties From Yaml","@timestamp":"2021-06-18T22:29:11.922Z","level":"INFO","logger_name":"jorge.cardona.concepts.service.Scheduling"}
{"@version":"1","appName":"SpringBoot Concepts","thread_name":"scheduling-1","hostname":"Paradigma","message":"Release 13","@timestamp":"2021-06-18T22:29:11.924Z","level":"INFO","logger_name":"jorge.cardona.concepts.service.Scheduling"}
{"@version":"1","appName":"SpringBoot Concepts","thread_name":"scheduling-1","hostname":"Paradigma","message":"Enable true","@timestamp":"2021-06-18T22:29:11.925Z","level":"INFO","logger_name":"jorge.cardona.concepts.service.Scheduling"}
{"@version":"1","appName":"SpringBoot Concepts","thread_name":"scheduling-1","hostname":"Paradigma","message":"THIS IT IS A SCHEDULE TASK LOGGING 2021-06-18T22:29:11.999405500","@timestamp":"2021-06-18T22:29:12.000Z","level":"ERROR","logger_name":"jorge.cardona.concepts.service.Scheduling"}
{"@version":"1","appName":"SpringBoot Concepts","thread_name":"scheduling-1","hostname":"Paradigma","message":"Name Load Properties From Yaml","@timestamp":"2021-06-18T22:29:12.932Z","level":"INFO","logger_name":"jorge.cardona.concepts.service.Scheduling"}
{"@version":"1","appName":"SpringBoot Concepts","thread_name":"scheduling-1","hostname":"Paradigma","message":"Release 13","@timestamp":"2021-06-18T22:29:12.933Z","level":"INFO","logger_name":"jorge.cardona.concepts.service.Scheduling"}
{"@version":"1","appName":"SpringBoot Concepts","thread_name":"scheduling-1","hostname":"Paradigma","message":"Enable true","@timestamp":"2021-06-18T22:29:12.933Z","level":"INFO","logger_name":"jorge.cardona.concepts.service.Scheduling"}
{"@version":"1","appName":"SpringBoot Concepts","thread_name":"scheduling-1","hostname":"Paradigma","message":"Name Load Properties From Yaml","@timestamp":"2021-06-18T22:29:13.944Z","level":"INFO","logger_name":"jorge.cardona.concepts.service.Scheduling"}
{"@version":"1","appName":"SpringBoot Concepts","thread_name":"scheduling-1","hostname":"Paradigma","message":"Release 13","@timestamp":"2021-06-18T22:29:13.944Z","level":"INFO","logger_name":"jorge.cardona.concepts.service.Scheduling"}
{"@version":"1","appName":"SpringBoot Concepts","thread_name":"scheduling-1","hostname":"Paradigma","message":"Enable true","@timestamp":"2021-06-18T22:29:13.944Z","level":"INFO","logger_name":"jorge.cardona.concepts.service.Scheduling"}
{"@version":"1","appName":"SpringBoot Concepts","thread_name":"scheduling-1","hostname":"Paradigma","message":"Name Load Properties From Yaml","@timestamp":"2021-06-18T22:29:14.952Z","level":"INFO","logger_name":"jorge.cardona.concepts.service.Scheduling"}
{"@version":"1","appName":"SpringBoot Concepts","thread_name":"scheduling-1","hostname":"Paradigma","message":"Release 13","@timestamp":"2021-06-18T22:29:14.954Z","level":"INFO","logger_name":"jorge.cardona.concepts.service.Scheduling"}
{"@version":"1","appName":"SpringBoot Concepts","thread_name":"scheduling-1","hostname":"Paradigma","message":"Enable true","@timestamp":"2021-06-18T22:29:14.956Z","level":"INFO","logger_name":"jorge.cardona.concepts.service.Scheduling"}
{"@version":"1","appName":"SpringBoot Concepts","thread_name":"scheduling-1","hostname":"Paradigma","message":"THIS IT IS A SCHEDULE TASK LOGGING 2021-06-18T22:29:15.016325200","@timestamp":"2021-06-18T22:29:15.017Z","level":"ERROR","logger_name":"jorge.cardona.concepts.service.Scheduling"}
{"@version":"1","appName":"SpringBoot Concepts","thread_name":"scheduling-1","hostname":"Paradigma","message":"Name Load Properties From Yaml","@timestamp":"2021-06-18T22:29:15.966Z","level":"INFO","logger_name":"jorge.cardona.concepts.service.Scheduling"}
{"@version":"1","appName":"SpringBoot Concepts","thread_name":"scheduling-1","hostname":"Paradigma","message":"Release 13","@timestamp":"2021-06-18T22:29:15.968Z","level":"INFO","logger_name":"jorge.cardona.concepts.service.Scheduling"}
{"@version":"1","appName":"SpringBoot Concepts","thread_name":"scheduling-1","hostname":"Paradigma","message":"Enable true","@timestamp":"2021-06-18T22:29:15.970Z","level":"INFO","logger_name":"jorge.cardona.concepts.service.Scheduling"}
{"@version":"1","appName":"SpringBoot Concepts","thread_name":"scheduling-1","hostname":"Paradigma","message":"Name Load Properties From Yaml","@timestamp":"2021-06-18T22:29:16.973Z","level":"INFO","logger_name":"jorge.cardona.concepts.service.Scheduling"}
{"@version":"1","appName":"SpringBoot Concepts","thread_name":"scheduling-1","hostname":"Paradigma","message":"Release 13","@timestamp":"2021-06-18T22:29:16.977Z","level":"INFO","logger_name":"jorge.cardona.concepts.service.Scheduling"}
{"@version":"1","appName":"SpringBoot Concepts","thread_name":"scheduling-1","hostname":"Paradigma","message":"Enable true","@timestamp":"2021-06-18T22:29:16.979Z","level":"INFO","logger_name":"jorge.cardona.concepts.service.Scheduling"}
{"@version":"1","appName":"SpringBoot Concepts","thread_name":"scheduling-1","hostname":"Paradigma","message":"Name Load Properties From Yaml","@timestamp":"2021-06-18T22:29:17.983Z","level":"INFO","logger_name":"jorge.cardona.concepts.service.Scheduling"}
{"@version":"1","appName":"SpringBoot Concepts","thread_name":"scheduling-1","hostname":"Paradigma","message":"Release 13","@timestamp":"2021-06-18T22:29:17.988Z","level":"INFO","logger_name":"jorge.cardona.concepts.service.Scheduling"}
{"@version":"1","appName":"SpringBoot Concepts","thread_name":"scheduling-1","hostname":"Paradigma","message":"Enable true","@timestamp":"2021-06-18T22:29:17.992Z","level":"INFO","logger_name":"jorge.cardona.concepts.service.Scheduling"}
{"@version":"1","appName":"SpringBoot Concepts","thread_name":"scheduling-1","hostname":"Paradigma","message":"THIS IT IS A SCHEDULE TASK LOGGING 2021-06-18T22:29:18.034890600","@timestamp":"2021-06-18T22:29:18.036Z","level":"ERROR","logger_name":"jorge.cardona.concepts.service.Scheduling"}
{"@version":"1","appName":"SpringBoot Concepts","thread_name":"scheduling-1","hostname":"Paradigma","message":"Name Load Properties From Yaml","@timestamp":"2021-06-18T22:29:19.004Z","level":"INFO","logger_name":"jorge.cardona.concepts.service.Scheduling"}
{"@version":"1","appName":"SpringBoot Concepts","thread_name":"scheduling-1","hostname":"Paradigma","message":"Release 13","@timestamp":"2021-06-18T22:29:19.006Z","level":"INFO","logger_name":"jorge.cardona.concepts.service.Scheduling"}
{"@version":"1","appName":"SpringBoot Concepts","thread_name":"scheduling-1","hostname":"Paradigma","message":"Enable true","@timestamp":"2021-06-18T22:29:19.007Z","level":"INFO","logger_name":"jorge.cardona.concepts.service.Scheduling"}
{"@version":"1","appName":"SpringBoot Concepts","thread_name":"scheduling-1","hostname":"Paradigma","message":"Name Load Properties From Yaml","@timestamp":"2021-06-18T22:29:20.016Z","level":"INFO","logger_name":"jorge.cardona.concepts.service.Scheduling"}
{"@version":"1","appName":"SpringBoot Concepts","thread_name":"scheduling-1","hostname":"Paradigma","message":"Release 13","@timestamp":"2021-06-18T22:29:20.020Z","level":"INFO","logger_name":"jorge.cardona.concepts.service.Scheduling"}
{"@version":"1","appName":"SpringBoot Concepts","thread_name":"scheduling-1","hostname":"Paradigma","message":"Enable true","@timestamp":"2021-06-18T22:29:20.021Z","level":"INFO","logger_name":"jorge.cardona.concepts.service.Scheduling"}
{"@version":"1","appName":"SpringBoot Concepts","thread_name":"scheduling-1","hostname":"Paradigma","message":"Name Load Properties From Yaml","@timestamp":"2021-06-18T22:29:21.040Z","level":"INFO","logger_name":"jorge.cardona.concepts.service.Scheduling"}
{"@version":"1","appName":"SpringBoot Concepts","thread_name":"scheduling-1","hostname":"Paradigma","message":"Release 13","@timestamp":"2021-06-18T22:29:21.043Z","level":"INFO","logger_name":"jorge.cardona.concepts.service.Scheduling"}
{"@version":"1","appName":"SpringBoot Concepts","thread_name":"scheduling-1","hostname":"Paradigma","message":"Enable true","@timestamp":"2021-06-18T22:29:21.048Z","level":"INFO","logger_name":"jorge.cardona.concepts.service.Scheduling"}
{"@version":"1","appName":"SpringBoot Concepts","thread_name":"scheduling-1","hostname":"Paradigma","message":"THIS IT IS A SCHEDULE TASK LOGGING 2021-06-18T22:29:21.059386900","@timestamp":"2021-06-18T22:29:21.060Z","level":"ERROR","logger_name":"jorge.cardona.concepts.service.Scheduling"}
{"@version":"1","appName":"SpringBoot Concepts","thread_name":"scheduling-1","hostname":"Paradigma","message":"Name Load Properties From Yaml","@timestamp":"2021-06-18T22:29:22.062Z","level":"INFO","logger_name":"jorge.cardona.concepts.service.Scheduling"}
{"@version":"1","appName":"SpringBoot Concepts","thread_name":"scheduling-1","hostname":"Paradigma","message":"Release 13","@timestamp":"2021-06-18T22:29:22.065Z","level":"INFO","logger_name":"jorge.cardona.concepts.service.Scheduling"}
{"@version":"1","appName":"SpringBoot Concepts","thread_name":"scheduling-1","hostname":"Paradigma","message":"Enable true","@timestamp":"2021-06-18T22:29:22.077Z","level":"INFO","logger_name":"jorge.cardona.concepts.service.Scheduling"}
{"@version":"1","appName":"SpringBoot Concepts","thread_name":"scheduling-1","hostname":"Paradigma","message":"Name Load Properties From Yaml","@timestamp":"2021-06-18T22:29:23.087Z","level":"INFO","logger_name":"jorge.cardona.concepts.service.Scheduling"}
{"@version":"1","appName":"SpringBoot Concepts","thread_name":"scheduling-1","hostname":"Paradigma","message":"Release 13","@timestamp":"2021-06-18T22:29:23.090Z","level":"INFO","logger_name":"jorge.cardona.concepts.service.Scheduling"}
{"@version":"1","appName":"SpringBoot Concepts","thread_name":"scheduling-1","hostname":"Paradigma","message":"Enable true","@timestamp":"2021-06-18T22:29:23.093Z","level":"INFO","logger_name":"jorge.cardona.concepts.service.Scheduling"}
{"@version":"1","appName":"SpringBoot Concepts","thread_name":"scheduling-1","hostname":"Paradigma","message":"THIS IT IS A SCHEDULE TASK LOGGING 2021-06-18T22:29:24.078141800","@timestamp":"2021-06-18T22:29:24.078Z","level":"ERROR","logger_name":"jorge.cardona.concepts.service.Scheduling"}
{"@version":"1","appName":"SpringBoot Concepts","thread_name":"scheduling-1","hostname":"Paradigma","message":"Name Load Properties From Yaml","@timestamp":"2021-06-18T22:29:24.109Z","level":"INFO","logger_name":"jorge.cardona.concepts.service.Scheduling"}
{"@version":"1","appName":"SpringBoot Concepts","thread_name":"scheduling-1","hostname":"Paradigma","message":"Release 13","@timestamp":"2021-06-18T22:29:24.112Z","level":"INFO","logger_name":"jorge.cardona.concepts.service.Scheduling"}
{"@version":"1","appName":"SpringBoot Concepts","thread_name":"scheduling-1","hostname":"Paradigma","message":"Enable true","@timestamp":"2021-06-18T22:29:24.113Z","level":"INFO","logger_name":"jorge.cardona.concepts.service.Scheduling"}
{"@version":"1","appName":"SpringBoot Concepts","thread_name":"scheduling-1","hostname":"Paradigma","message":"Name Load Properties From Yaml","@timestamp":"2021-06-18T22:29:25.116Z","level":"INFO","logger_name":"jorge.cardona.concepts.service.Scheduling"}
{"@version":"1","appName":"SpringBoot Concepts","thread_name":"scheduling-1","hostname":"Paradigma","message":"Release 13","@timestamp":"2021-06-18T22:29:25.118Z","level":"INFO","logger_name":"jorge.cardona.concepts.service.Scheduling"}
{"@version":"1","appName":"SpringBoot Concepts","thread_name":"scheduling-1","hostname":"Paradigma","message":"Enable true","@timestamp":"2021-06-18T22:29:25.118Z","level":"INFO","logger_name":"jorge.cardona.concepts.service.Scheduling"}
{"@version":"1","appName":"SpringBoot Concepts","thread_name":"scheduling-1","hostname":"Paradigma","message":"Name Load Properties From Yaml","@timestamp":"2021-06-18T22:29:26.127Z","level":"INFO","logger_name":"jorge.cardona.concepts.service.Scheduling"}
{"@version":"1","appName":"SpringBoot Concepts","thread_name":"scheduling-1","hostname":"Paradigma","message":"Release 13","@timestamp":"2021-06-18T22:29:26.130Z","level":"INFO","logger_name":"jorge.cardona.concepts.service.Scheduling"}
{"@version":"1","appName":"SpringBoot Concepts","thread_name":"scheduling-1","hostname":"Paradigma","message":"Enable true","@timestamp":"2021-06-18T22:29:26.132Z","level":"INFO","logger_name":"jorge.cardona.concepts.service.Scheduling"}
{"@version":"1","appName":"SpringBoot Concepts","thread_name":"scheduling-1","hostname":"Paradigma","message":"THIS IT IS A SCHEDULE TASK LOGGING 2021-06-18T22:29:27.088647600","@timestamp":"2021-06-18T22:29:27.088Z","level":"ERROR","logger_name":"jorge.cardona.concepts.service.Scheduling"}
{"@version":"1","appName":"SpringBoot Concepts","thread_name":"scheduling-1","hostname":"Paradigma","message":"Name Load Properties From Yaml","@timestamp":"2021-06-18T22:29:27.151Z","level":"INFO","logger_name":"jorge.cardona.concepts.service.Scheduling"}
{"@version":"1","appName":"SpringBoot Concepts","thread_name":"scheduling-1","hostname":"Paradigma","message":"Release 13","@timestamp":"2021-06-18T22:29:27.154Z","level":"INFO","logger_name":"jorge.cardona.concepts.service.Scheduling"}
{"@version":"1","appName":"SpringBoot Concepts","thread_name":"scheduling-1","hostname":"Paradigma","message":"Enable true","@timestamp":"2021-06-18T22:29:27.155Z","level":"INFO","logger_name":"jorge.cardona.concepts.service.Scheduling"}
{"@version":"1","appName":"SpringBoot Concepts","thread_name":"scheduling-1","hostname":"Paradigma","message":"Name Load Properties From Yaml","@timestamp":"2021-06-18T22:29:28.157Z","level":"INFO","logger_name":"jorge.cardona.concepts.service.Scheduling"}
{"@version":"1","appName":"SpringBoot Concepts","thread_name":"scheduling-1","hostname":"Paradigma","message":"Release 13","@timestamp":"2021-06-18T22:29:28.159Z","level":"INFO","logger_name":"jorge.cardona.concepts.service.Scheduling"}
{"@version":"1","appName":"SpringBoot Concepts","thread_name":"scheduling-1","hostname":"Paradigma","message":"Enable true","@timestamp":"2021-06-18T22:29:28.161Z","level":"INFO","logger_name":"jorge.cardona.concepts.service.Scheduling"}
{"@version":"1","appName":"SpringBoot Concepts","thread_name":"scheduling-1","hostname":"Paradigma","message":"Name Load Properties From Yaml","@timestamp":"2021-06-18T22:29:29.168Z","level":"INFO","logger_name":"jorge.cardona.concepts.service.Scheduling"}
{"@version":"1","appName":"SpringBoot Concepts","thread_name":"scheduling-1","hostname":"Paradigma","message":"Release 13","@timestamp":"2021-06-18T22:29:29.172Z","level":"INFO","logger_name":"jorge.cardona.concepts.service.Scheduling"}
{"@version":"1","appName":"SpringBoot Concepts","thread_name":"scheduling-1","hostname":"Paradigma","message":"Enable true","@timestamp":"2021-06-18T22:29:29.173Z","level":"INFO","logger_name":"jorge.cardona.concepts.service.Scheduling"}
{"@version":"1","appName":"SpringBoot Concepts","thread_name":"scheduling-1","hostname":"Paradigma","message":"THIS IT IS A SCHEDULE TASK LOGGING 2021-06-18T22:29:30.100507800","@timestamp":"2021-06-18T22:29:30.100Z","level":"ERROR","logger_name":"jorge.cardona.concepts.service.Scheduling"}
{"@version":"1","appName":"SpringBoot Concepts","thread_name":"scheduling-1","hostname":"Paradigma","message":"Name Load Properties From Yaml","@timestamp":"2021-06-18T22:29:30.177Z","level":"INFO","logger_name":"jorge.cardona.concepts.service.Scheduling"}
{"@version":"1","appName":"SpringBoot Concepts","thread_name":"scheduling-1","hostname":"Paradigma","message":"Release 13","@timestamp":"2021-06-18T22:29:30.177Z","level":"INFO","logger_name":"jorge.cardona.concepts.service.Scheduling"}
{"@version":"1","appName":"SpringBoot Concepts","thread_name":"scheduling-1","hostname":"Paradigma","message":"Enable true","@timestamp":"2021-06-18T22:29:30.177Z","level":"INFO","logger_name":"jorge.cardona.concepts.service.Scheduling"}
{"@version":"1","appName":"SpringBoot Concepts","thread_name":"scheduling-1","hostname":"Paradigma","message":"Name Load Properties From Yaml","@timestamp":"2021-06-18T22:29:31.186Z","level":"INFO","logger_name":"jorge.cardona.concepts.service.Scheduling"}
{"@version":"1","appName":"SpringBoot Concepts","thread_name":"scheduling-1","hostname":"Paradigma","message":"Release 13","@timestamp":"2021-06-18T22:29:31.189Z","level":"INFO","logger_name":"jorge.cardona.concepts.service.Scheduling"}
{"@version":"1","appName":"SpringBoot Concepts","thread_name":"scheduling-1","hostname":"Paradigma","message":"Enable true","@timestamp":"2021-06-18T22:29:31.191Z","level":"INFO","logger_name":"jorge.cardona.concepts.service.Scheduling"}
{"@version":"1","appName":"SpringBoot Concepts","thread_name":"scheduling-1","hostname":"Paradigma","message":"Name Load Properties From Yaml","@timestamp":"2021-06-18T22:29:32.197Z","level":"INFO","logger_name":"jorge.cardona.concepts.service.Scheduling"}
{"@version":"1","appName":"SpringBoot Concepts","thread_name":"scheduling-1","hostname":"Paradigma","message":"Release 13","@timestamp":"2021-06-18T22:29:32.198Z","level":"INFO","logger_name":"jorge.cardona.concepts.service.Scheduling"}
{"@version":"1","appName":"SpringBoot Concepts","thread_name":"scheduling-1","hostname":"Paradigma","message":"Enable true","@timestamp":"2021-06-18T22:29:32.200Z","level":"INFO","logger_name":"jorge.cardona.concepts.service.Scheduling"}
{"@version":"1","appName":"SpringBoot Concepts","thread_name":"scheduling-1","hostname":"Paradigma","message":"THIS IT IS A SCHEDULE TASK LOGGING 2021-06-18T22:29:33.111037100","@timestamp":"2021-06-18T22:29:33.111Z","level":"ERROR","logger_name":"jorge.cardona.concepts.service.Scheduling"}
{"@version":"1","appName":"SpringBoot Concepts","thread_name":"scheduling-1","hostname":"Paradigma","message":"Name Load Properties From Yaml","@timestamp":"2021-06-18T22:29:33.204Z","level":"INFO","logger_name":"jorge.cardona.concepts.service.Scheduling"}
{"@version":"1","appName":"SpringBoot Concepts","thread_name":"scheduling-1","hostname":"Paradigma","message":"Release 13","@timestamp":"2021-06-18T22:29:33.207Z","level":"INFO","logger_name":"jorge.cardona.concepts.service.Scheduling"}
{"@version":"1","appName":"SpringBoot Concepts","thread_name":"scheduling-1","hostname":"Paradigma","message":"Enable true","@timestamp":"2021-06-18T22:29:33.208Z","level":"INFO","logger_name":"jorge.cardona.concepts.service.Scheduling"}
{"@version":"1","appName":"SpringBoot Concepts","thread_name":"scheduling-1","hostname":"Paradigma","message":"Name Load Properties From Yaml","@timestamp":"2021-06-18T22:29:34.227Z","level":"INFO","logger_name":"jorge.cardona.concepts.service.Scheduling"}
{"@version":"1","appName":"SpringBoot Concepts","thread_name":"scheduling-1","hostname":"Paradigma","message":"Release 13","@timestamp":"2021-06-18T22:29:34.229Z","level":"INFO","logger_name":"jorge.cardona.concepts.service.Scheduling"}
{"@version":"1","appName":"SpringBoot Concepts","thread_name":"scheduling-1","hostname":"Paradigma","message":"Enable true","@timestamp":"2021-06-18T22:29:34.231Z","level":"INFO","logger_name":"jorge.cardona.concepts.service.Scheduling"}
{"@version":"1","appName":"SpringBoot Concepts","thread_name":"scheduling-1","hostname":"Paradigma","message":"Name Load Properties From Yaml","@timestamp":"2021-06-18T22:29:35.246Z","level":"INFO","logger_name":"jorge.cardona.concepts.service.Scheduling"}
{"@version":"1","appName":"SpringBoot Concepts","thread_name":"scheduling-1","hostname":"Paradigma","message":"Release 13","@timestamp":"2021-06-18T22:29:35.248Z","level":"INFO","logger_name":"jorge.cardona.concepts.service.Scheduling"}
{"@version":"1","appName":"SpringBoot Concepts","thread_name":"scheduling-1","hostname":"Paradigma","message":"Enable true","@timestamp":"2021-06-18T22:29:35.249Z","level":"INFO","logger_name":"jorge.cardona.concepts.service.Scheduling"}
{"@version":"1","appName":"SpringBoot Concepts","thread_name":"scheduling-1","hostname":"Paradigma","message":"THIS IT IS A SCHEDULE TASK LOGGING 2021-06-18T22:29:36.122197500","@timestamp":"2021-06-18T22:29:36.122Z","level":"ERROR","logger_name":"jorge.cardona.concepts.service.Scheduling"}
{"@version":"1","appName":"SpringBoot Concepts","thread_name":"scheduling-1","hostname":"Paradigma","message":"Name Load Properties From Yaml","@timestamp":"2021-06-18T22:29:36.262Z","level":"INFO","logger_name":"jorge.cardona.concepts.service.Scheduling"}
{"@version":"1","appName":"SpringBoot Concepts","thread_name":"scheduling-1","hostname":"Paradigma","message":"Release 13","@timestamp":"2021-06-18T22:29:36.262Z","level":"INFO","logger_name":"jorge.cardona.concepts.service.Scheduling"}
{"@version":"1","appName":"SpringBoot Concepts","thread_name":"scheduling-1","hostname":"Paradigma","message":"Enable true","@timestamp":"2021-06-18T22:29:36.263Z","level":"INFO","logger_name":"jorge.cardona.concepts.service.Scheduling"}
{"@version":"1","appName":"SpringBoot Concepts","thread_name":"scheduling-1","hostname":"Paradigma","message":"Name Load Properties From Yaml","@timestamp":"2021-06-18T22:29:37.270Z","level":"INFO","logger_name":"jorge.cardona.concepts.service.Scheduling"}
{"@version":"1","appName":"SpringBoot Concepts","thread_name":"scheduling-1","hostname":"Paradigma","message":"Release 13","@timestamp":"2021-06-18T22:29:37.273Z","level":"INFO","logger_name":"jorge.cardona.concepts.service.Scheduling"}
{"@version":"1","appName":"SpringBoot Concepts","thread_name":"scheduling-1","hostname":"Paradigma","message":"Enable true","@timestamp":"2021-06-18T22:29:37.274Z","level":"INFO","logger_name":"jorge.cardona.concepts.service.Scheduling"}
{"@version":"1","appName":"SpringBoot Concepts","thread_name":"scheduling-1","hostname":"Paradigma","message":"Name Load Properties From Yaml","@timestamp":"2021-06-18T22:29:38.285Z","level":"INFO","logger_name":"jorge.cardona.concepts.service.Scheduling"}
{"@version":"1","appName":"SpringBoot Concepts","thread_name":"scheduling-1","hostname":"Paradigma","message":"Release 13","@timestamp":"2021-06-18T22:29:38.287Z","level":"INFO","logger_name":"jorge.cardona.concepts.service.Scheduling"}
{"@version":"1","appName":"SpringBoot Concepts","thread_name":"scheduling-1","hostname":"Paradigma","message":"Enable true","@timestamp":"2021-06-18T22:29:38.287Z","level":"INFO","logger_name":"jorge.cardona.concepts.service.Scheduling"}
{"@version":"1","appName":"SpringBoot Concepts","thread_name":"scheduling-1","hostname":"Paradigma","message":"THIS IT IS A SCHEDULE TASK LOGGING 2021-06-18T22:29:39.134639600","@timestamp":"2021-06-18T22:29:39.135Z","level":"ERROR","logger_name":"jorge.cardona.concepts.service.Scheduling"}
{"@version":"1","appName":"SpringBoot Concepts","thread_name":"scheduling-1","hostname":"Paradigma","message":"Name Load Properties From Yaml","@timestamp":"2021-06-18T22:29:39.301Z","level":"INFO","logger_name":"jorge.cardona.concepts.service.Scheduling"}
{"@version":"1","appName":"SpringBoot Concepts","thread_name":"scheduling-1","hostname":"Paradigma","message":"Release 13","@timestamp":"2021-06-18T22:29:39.303Z","level":"INFO","logger_name":"jorge.cardona.concepts.service.Scheduling"}
{"@version":"1","appName":"SpringBoot Concepts","thread_name":"scheduling-1","hostname":"Paradigma","message":"Enable true","@timestamp":"2021-06-18T22:29:39.304Z","level":"INFO","logger_name":"jorge.cardona.concepts.service.Scheduling"}
{"@version":"1","appName":"SpringBoot Concepts","thread_name":"scheduling-1","hostname":"Paradigma","message":"Name Load Properties From Yaml","@timestamp":"2021-06-18T22:29:40.320Z","level":"INFO","logger_name":"jorge.cardona.concepts.service.Scheduling"}
{"@version":"1","appName":"SpringBoot Concepts","thread_name":"scheduling-1","hostname":"Paradigma","message":"Release 13","@timestamp":"2021-06-18T22:29:40.323Z","level":"INFO","logger_name":"jorge.cardona.concepts.service.Scheduling"}
{"@version":"1","appName":"SpringBoot Concepts","thread_name":"scheduling-1","hostname":"Paradigma","message":"Enable true","@timestamp":"2021-06-18T22:29:40.324Z","level":"INFO","logger_name":"jorge.cardona.concepts.service.Scheduling"}
{"@version":"1","appName":"SpringBoot Concepts","thread_name":"scheduling-1","hostname":"Paradigma","message":"Name Load Properties From Yaml","@timestamp":"2021-06-18T22:29:41.329Z","level":"INFO","logger_name":"jorge.cardona.concepts.service.Scheduling"}
{"@version":"1","appName":"SpringBoot Concepts","thread_name":"scheduling-1","hostname":"Paradigma","message":"Release 13","@timestamp":"2021-06-18T22:29:41.331Z","level":"INFO","logger_name":"jorge.cardona.concepts.service.Scheduling"}
{"@version":"1","appName":"SpringBoot Concepts","thread_name":"scheduling-1","hostname":"Paradigma","message":"Enable true","@timestamp":"2021-06-18T22:29:41.333Z","level":"INFO","logger_name":"jorge.cardona.concepts.service.Scheduling"}
{"@version":"1","appName":"SpringBoot Concepts","thread_name":"scheduling-1","hostname":"Paradigma","message":"THIS IT IS A SCHEDULE TASK LOGGING 2021-06-18T22:29:42.137911500","@timestamp":"2021-06-18T22:29:42.137Z","level":"ERROR","logger_name":"jorge.cardona.concepts.service.Scheduling"}
{"@version":"1","appName":"SpringBoot Concepts","thread_name":"scheduling-1","hostname":"Paradigma","message":"Name Load Properties From Yaml","@timestamp":"2021-06-18T22:29:42.341Z","level":"INFO","logger_name":"jorge.cardona.concepts.service.Scheduling"}
{"@version":"1","appName":"SpringBoot Concepts","thread_name":"scheduling-1","hostname":"Paradigma","message":"Release 13","@timestamp":"2021-06-18T22:29:42.344Z","level":"INFO","logger_name":"jorge.cardona.concepts.service.Scheduling"}
{"@version":"1","appName":"SpringBoot Concepts","thread_name":"scheduling-1","hostname":"Paradigma","message":"Enable true","@timestamp":"2021-06-18T22:29:42.346Z","level":"INFO","logger_name":"jorge.cardona.concepts.service.Scheduling"}
{"@version":"1","appName":"SpringBoot Concepts","thread_name":"scheduling-1","hostname":"Paradigma","message":"Name Load Properties From Yaml","@timestamp":"2021-06-18T22:29:43.349Z","level":"INFO","logger_name":"jorge.cardona.concepts.service.Scheduling"}
{"@version":"1","appName":"SpringBoot Concepts","thread_name":"scheduling-1","hostname":"Paradigma","message":"Release 13","@timestamp":"2021-06-18T22:29:43.350Z","level":"INFO","logger_name":"jorge.cardona.concepts.service.Scheduling"}
{"@version":"1","appName":"SpringBoot Concepts","thread_name":"scheduling-1","hostname":"Paradigma","message":"Enable true","@timestamp":"2021-06-18T22:29:43.352Z","level":"INFO","logger_name":"jorge.cardona.concepts.service.Scheduling"}
{"@version":"1","appName":"SpringBoot Concepts","thread_name":"scheduling-1","hostname":"Paradigma","message":"Name Load Properties From Yaml","@timestamp":"2021-06-18T22:29:44.355Z","level":"INFO","logger_name":"jorge.cardona.concepts.service.Scheduling"}
{"@version":"1","appName":"SpringBoot Concepts","thread_name":"scheduling-1","hostname":"Paradigma","message":"Release 13","@timestamp":"2021-06-18T22:29:44.356Z","level":"INFO","logger_name":"jorge.cardona.concepts.service.Scheduling"}
{"@version":"1","appName":"SpringBoot Concepts","thread_name":"scheduling-1","hostname":"Paradigma","message":"Enable true","@timestamp":"2021-06-18T22:29:44.357Z","level":"INFO","logger_name":"jorge.cardona.concepts.service.Scheduling"}
{"@version":"1","appName":"SpringBoot Concepts","thread_name":"scheduling-1","hostname":"Paradigma","message":"THIS IT IS A SCHEDULE TASK LOGGING 2021-06-18T22:29:45.210877100","@timestamp":"2021-06-18T22:29:45.213Z","level":"ERROR","logger_name":"jorge.cardona.concepts.service.Scheduling"}
{"@version":"1","appName":"SpringBoot Concepts","thread_name":"scheduling-1","hostname":"Paradigma","message":"Name Load Properties From Yaml","@timestamp":"2021-06-18T22:29:45.367Z","level":"INFO","logger_name":"jorge.cardona.concepts.service.Scheduling"}
{"@version":"1","appName":"SpringBoot Concepts","thread_name":"scheduling-1","hostname":"Paradigma","message":"Release 13","@timestamp":"2021-06-18T22:29:45.368Z","level":"INFO","logger_name":"jorge.cardona.concepts.service.Scheduling"}
{"@version":"1","appName":"SpringBoot Concepts","thread_name":"scheduling-1","hostname":"Paradigma","message":"Enable true","@timestamp":"2021-06-18T22:29:45.369Z","level":"INFO","logger_name":"jorge.cardona.concepts.service.Scheduling"}
{"@version":"1","appName":"SpringBoot Concepts","thread_name":"scheduling-1","hostname":"Paradigma","message":"Name Load Properties From Yaml","@timestamp":"2021-06-18T22:29:46.381Z","level":"INFO","logger_name":"jorge.cardona.concepts.service.Scheduling"}
{"@version":"1","appName":"SpringBoot Concepts","thread_name":"scheduling-1","hostname":"Paradigma","message":"Release 13","@timestamp":"2021-06-18T22:29:46.384Z","level":"INFO","logger_name":"jorge.cardona.concepts.service.Scheduling"}
{"@version":"1","appName":"SpringBoot Concepts","thread_name":"scheduling-1","hostname":"Paradigma","message":"Enable true","@timestamp":"2021-06-18T22:29:46.385Z","level":"INFO","logger_name":"jorge.cardona.concepts.service.Scheduling"}
{"@version":"1","appName":"SpringBoot Concepts","thread_name":"scheduling-1","hostname":"Paradigma","message":"Name Load Properties From Yaml","@timestamp":"2021-06-18T22:29:47.422Z","level":"INFO","logger_name":"jorge.cardona.concepts.service.Scheduling"}
{"@version":"1","appName":"SpringBoot Concepts","thread_name":"scheduling-1","hostname":"Paradigma","message":"Release 13","@timestamp":"2021-06-18T22:29:47.428Z","level":"INFO","logger_name":"jorge.cardona.concepts.service.Scheduling"}
{"@version":"1","appName":"SpringBoot Concepts","thread_name":"scheduling-1","hostname":"Paradigma","message":"Enable true","@timestamp":"2021-06-18T22:29:47.428Z","level":"INFO","logger_name":"jorge.cardona.concepts.service.Scheduling"}
{"@version":"1","appName":"SpringBoot Concepts","thread_name":"scheduling-1","hostname":"Paradigma","message":"THIS IT IS A SCHEDULE TASK LOGGING 2021-06-18T22:29:48.292142400","@timestamp":"2021-06-18T22:29:48.293Z","level":"ERROR","logger_name":"jorge.cardona.concepts.service.Scheduling"}
{"@version":"1","appName":"SpringBoot Concepts","thread_name":"scheduling-1","hostname":"Paradigma","message":"Name Load Properties From Yaml","@timestamp":"2021-06-18T22:29:48.440Z","level":"INFO","logger_name":"jorge.cardona.concepts.service.Scheduling"}
{"@version":"1","appName":"SpringBoot Concepts","thread_name":"scheduling-1","hostname":"Paradigma","message":"Release 13","@timestamp":"2021-06-18T22:29:48.441Z","level":"INFO","logger_name":"jorge.cardona.concepts.service.Scheduling"}
{"@version":"1","appName":"SpringBoot Concepts","thread_name":"scheduling-1","hostname":"Paradigma","message":"Enable true","@timestamp":"2021-06-18T22:29:48.442Z","level":"INFO","logger_name":"jorge.cardona.concepts.service.Scheduling"}
{"@version":"1","appName":"SpringBoot Concepts","thread_name":"scheduling-1","hostname":"Paradigma","message":"Name Load Properties From Yaml","@timestamp":"2021-06-18T22:29:49.449Z","level":"INFO","logger_name":"jorge.cardona.concepts.service.Scheduling"}
{"@version":"1","appName":"SpringBoot Concepts","thread_name":"scheduling-1","hostname":"Paradigma","message":"Release 13","@timestamp":"2021-06-18T22:29:49.451Z","level":"INFO","logger_name":"jorge.cardona.concepts.service.Scheduling"}
{"@version":"1","appName":"SpringBoot Concepts","thread_name":"scheduling-1","hostname":"Paradigma","message":"Enable true","@timestamp":"2021-06-18T22:29:49.453Z","level":"INFO","logger_name":"jorge.cardona.concepts.service.Scheduling"}
{"@version":"1","appName":"SpringBoot Concepts","thread_name":"scheduling-1","hostname":"Paradigma","message":"Name Load Properties From Yaml","@timestamp":"2021-06-18T22:29:50.456Z","level":"INFO","logger_name":"jorge.cardona.concepts.service.Scheduling"}
{"@version":"1","appName":"SpringBoot Concepts","thread_name":"scheduling-1","hostname":"Paradigma","message":"Release 13","@timestamp":"2021-06-18T22:29:50.459Z","level":"INFO","logger_name":"jorge.cardona.concepts.service.Scheduling"}
