{"@version":"1","appName":"SpringBoot Concepts","thread_name":"scheduling-1","hostname":"Paradigma","message":"THIS IT IS A SCHEDULE TASK LOGGING 2021-07-11T21:48:11.455879400","@timestamp":"2021-07-11T21:48:11.455Z","level":"ERROR","logger_name":"jorge.cardona.concepts.service.Scheduling"}
{"@version":"1","appName":"SpringBoot Concepts","thread_name":"scheduling-1","hostname":"Paradigma","message":"Name Load Properties From Yaml","@timestamp":"2021-07-11T21:48:12.143Z","level":"INFO","logger_name":"jorge.cardona.concepts.service.Scheduling"}
{"@version":"1","appName":"SpringBoot Concepts","thread_name":"scheduling-1","hostname":"Paradigma","message":"Release 13","@timestamp":"2021-07-11T21:48:12.143Z","level":"INFO","logger_name":"jorge.cardona.concepts.service.Scheduling"}
{"@version":"1","appName":"SpringBoot Concepts","thread_name":"scheduling-1","hostname":"Paradigma","message":"Enable true","@timestamp":"2021-07-11T21:48:12.148Z","level":"INFO","logger_name":"jorge.cardona.concepts.service.Scheduling"}
{"@version":"1","appName":"SpringBoot Concepts","thread_name":"scheduling-1","hostname":"Paradigma","message":"Name Load Properties From Yaml","@timestamp":"2021-07-11T21:48:13.156Z","level":"INFO","logger_name":"jorge.cardona.concepts.service.Scheduling"}
{"@version":"1","appName":"SpringBoot Concepts","thread_name":"scheduling-1","hostname":"Paradigma","message":"Release 13","@timestamp":"2021-07-11T21:48:13.157Z","level":"INFO","logger_name":"jorge.cardona.concepts.service.Scheduling"}
{"@version":"1","appName":"SpringBoot Concepts","thread_name":"scheduling-1","hostname":"Paradigma","message":"Enable true","@timestamp":"2021-07-11T21:48:13.157Z","level":"INFO","logger_name":"jorge.cardona.concepts.service.Scheduling"}
{"@version":"1","appName":"SpringBoot Concepts","thread_name":"scheduling-1","hostname":"Paradigma","message":"Name Load Properties From Yaml","@timestamp":"2021-07-11T21:48:14.163Z","level":"INFO","logger_name":"jorge.cardona.concepts.service.Scheduling"}
{"@version":"1","appName":"SpringBoot Concepts","thread_name":"scheduling-1","hostname":"Paradigma","message":"Release 13","@timestamp":"2021-07-11T21:48:14.165Z","level":"INFO","logger_name":"jorge.cardona.concepts.service.Scheduling"}
{"@version":"1","appName":"SpringBoot Concepts","thread_name":"scheduling-1","hostname":"Paradigma","message":"Enable true","@timestamp":"2021-07-11T21:48:14.168Z","level":"INFO","logger_name":"jorge.cardona.concepts.service.Scheduling"}
{"@version":"1","appName":"SpringBoot Concepts","thread_name":"scheduling-1","hostname":"Paradigma","message":"THIS IT IS A SCHEDULE TASK LOGGING 2021-07-11T21:48:14.460809200","@timestamp":"2021-07-11T21:48:14.461Z","level":"ERROR","logger_name":"jorge.cardona.concepts.service.Scheduling"}
{"@version":"1","appName":"SpringBoot Concepts","thread_name":"scheduling-1","hostname":"Paradigma","message":"Name Load Properties From Yaml","@timestamp":"2021-07-11T21:48:15.174Z","level":"INFO","logger_name":"jorge.cardona.concepts.service.Scheduling"}
{"@version":"1","appName":"SpringBoot Concepts","thread_name":"scheduling-1","hostname":"Paradigma","message":"Release 13","@timestamp":"2021-07-11T21:48:15.174Z","level":"INFO","logger_name":"jorge.cardona.concepts.service.Scheduling"}
{"@version":"1","appName":"SpringBoot Concepts","thread_name":"scheduling-1","hostname":"Paradigma","message":"Enable true","@timestamp":"2021-07-11T21:48:15.176Z","level":"INFO","logger_name":"jorge.cardona.concepts.service.Scheduling"}
{"@version":"1","appName":"SpringBoot Concepts","thread_name":"scheduling-1","hostname":"Paradigma","message":"Name Load Properties From Yaml","@timestamp":"2021-07-11T21:48:16.184Z","level":"INFO","logger_name":"jorge.cardona.concepts.service.Scheduling"}
{"@version":"1","appName":"SpringBoot Concepts","thread_name":"scheduling-1","hostname":"Paradigma","message":"Release 13","@timestamp":"2021-07-11T21:48:16.185Z","level":"INFO","logger_name":"jorge.cardona.concepts.service.Scheduling"}
{"@version":"1","appName":"SpringBoot Concepts","thread_name":"scheduling-1","hostname":"Paradigma","message":"Enable true","@timestamp":"2021-07-11T21:48:16.185Z","level":"INFO","logger_name":"jorge.cardona.concepts.service.Scheduling"}
{"@version":"1","appName":"SpringBoot Concepts","thread_name":"scheduling-1","hostname":"Paradigma","message":"Name Load Properties From Yaml","@timestamp":"2021-07-11T21:48:17.194Z","level":"INFO","logger_name":"jorge.cardona.concepts.service.Scheduling"}
{"@version":"1","appName":"SpringBoot Concepts","thread_name":"scheduling-1","hostname":"Paradigma","message":"Release 13","@timestamp":"2021-07-11T21:48:17.195Z","level":"INFO","logger_name":"jorge.cardona.concepts.service.Scheduling"}
{"@version":"1","appName":"SpringBoot Concepts","thread_name":"scheduling-1","hostname":"Paradigma","message":"Enable true","@timestamp":"2021-07-11T21:48:17.204Z","level":"INFO","logger_name":"jorge.cardona.concepts.service.Scheduling"}
{"@version":"1","appName":"SpringBoot Concepts","thread_name":"scheduling-1","hostname":"Paradigma","message":"THIS IT IS A SCHEDULE TASK LOGGING 2021-07-11T21:48:17.475970900","@timestamp":"2021-07-11T21:48:17.475Z","level":"ERROR","logger_name":"jorge.cardona.concepts.service.Scheduling"}
{"@version":"1","appName":"SpringBoot Concepts","thread_name":"scheduling-1","hostname":"Paradigma","message":"Name Load Properties From Yaml","@timestamp":"2021-07-11T21:48:18.220Z","level":"INFO","logger_name":"jorge.cardona.concepts.service.Scheduling"}
{"@version":"1","appName":"SpringBoot Concepts","thread_name":"scheduling-1","hostname":"Paradigma","message":"Release 13","@timestamp":"2021-07-11T21:48:18.220Z","level":"INFO","logger_name":"jorge.cardona.concepts.service.Scheduling"}
{"@version":"1","appName":"SpringBoot Concepts","thread_name":"scheduling-1","hostname":"Paradigma","message":"Enable true","@timestamp":"2021-07-11T21:48:18.221Z","level":"INFO","logger_name":"jorge.cardona.concepts.service.Scheduling"}
{"@version":"1","appName":"SpringBoot Concepts","thread_name":"scheduling-1","hostname":"Paradigma","message":"Name Load Properties From Yaml","@timestamp":"2021-07-11T21:48:19.234Z","level":"INFO","logger_name":"jorge.cardona.concepts.service.Scheduling"}
{"@version":"1","appName":"SpringBoot Concepts","thread_name":"scheduling-1","hostname":"Paradigma","message":"Release 13","@timestamp":"2021-07-11T21:48:19.234Z","level":"INFO","logger_name":"jorge.cardona.concepts.service.Scheduling"}
{"@version":"1","appName":"SpringBoot Concepts","thread_name":"scheduling-1","hostname":"Paradigma","message":"Enable true","@timestamp":"2021-07-11T21:48:19.234Z","level":"INFO","logger_name":"jorge.cardona.concepts.service.Scheduling"}
{"@version":"1","appName":"SpringBoot Concepts","thread_name":"scheduling-1","hostname":"Paradigma","message":"Name Load Properties From Yaml","@timestamp":"2021-07-11T21:48:20.242Z","level":"INFO","logger_name":"jorge.cardona.concepts.service.Scheduling"}
{"@version":"1","appName":"SpringBoot Concepts","thread_name":"scheduling-1","hostname":"Paradigma","message":"Release 13","@timestamp":"2021-07-11T21:48:20.243Z","level":"INFO","logger_name":"jorge.cardona.concepts.service.Scheduling"}
{"@version":"1","appName":"SpringBoot Concepts","thread_name":"scheduling-1","hostname":"Paradigma","message":"Enable true","@timestamp":"2021-07-11T21:48:20.244Z","level":"INFO","logger_name":"jorge.cardona.concepts.service.Scheduling"}
{"@version":"1","appName":"SpringBoot Concepts","thread_name":"scheduling-1","hostname":"Paradigma","message":"THIS IT IS A SCHEDULE TASK LOGGING 2021-07-11T21:48:20.489141800","@timestamp":"2021-07-11T21:48:20.489Z","level":"ERROR","logger_name":"jorge.cardona.concepts.service.Scheduling"}
{"@version":"1","appName":"SpringBoot Concepts","thread_name":"scheduling-1","hostname":"Paradigma","message":"Name Load Properties From Yaml","@timestamp":"2021-07-11T21:48:21.248Z","level":"INFO","logger_name":"jorge.cardona.concepts.service.Scheduling"}
{"@version":"1","appName":"SpringBoot Concepts","thread_name":"scheduling-1","hostname":"Paradigma","message":"Release 13","@timestamp":"2021-07-11T21:48:21.248Z","level":"INFO","logger_name":"jorge.cardona.concepts.service.Scheduling"}
{"@version":"1","appName":"SpringBoot Concepts","thread_name":"scheduling-1","hostname":"Paradigma","message":"Enable true","@timestamp":"2021-07-11T21:48:21.249Z","level":"INFO","logger_name":"jorge.cardona.concepts.service.Scheduling"}
{"@version":"1","appName":"SpringBoot Concepts","thread_name":"scheduling-1","hostname":"Paradigma","message":"Name Load Properties From Yaml","@timestamp":"2021-07-11T21:48:22.256Z","level":"INFO","logger_name":"jorge.cardona.concepts.service.Scheduling"}
{"@version":"1","appName":"SpringBoot Concepts","thread_name":"scheduling-1","hostname":"Paradigma","message":"Release 13","@timestamp":"2021-07-11T21:48:22.257Z","level":"INFO","logger_name":"jorge.cardona.concepts.service.Scheduling"}
{"@version":"1","appName":"SpringBoot Concepts","thread_name":"scheduling-1","hostname":"Paradigma","message":"Enable true","@timestamp":"2021-07-11T21:48:22.257Z","level":"INFO","logger_name":"jorge.cardona.concepts.service.Scheduling"}
{"@version":"1","appName":"SpringBoot Concepts","thread_name":"scheduling-1","hostname":"Paradigma","message":"Name Load Properties From Yaml","@timestamp":"2021-07-11T21:48:23.266Z","level":"INFO","logger_name":"jorge.cardona.concepts.service.Scheduling"}
{"@version":"1","appName":"SpringBoot Concepts","thread_name":"scheduling-1","hostname":"Paradigma","message":"Release 13","@timestamp":"2021-07-11T21:48:23.266Z","level":"INFO","logger_name":"jorge.cardona.concepts.service.Scheduling"}
{"@version":"1","appName":"SpringBoot Concepts","thread_name":"scheduling-1","hostname":"Paradigma","message":"Enable true","@timestamp":"2021-07-11T21:48:23.267Z","level":"INFO","logger_name":"jorge.cardona.concepts.service.Scheduling"}
{"@version":"1","appName":"SpringBoot Concepts","thread_name":"scheduling-1","hostname":"Paradigma","message":"THIS IT IS A SCHEDULE TASK LOGGING 2021-07-11T21:48:23.499512100","@timestamp":"2021-07-11T21:48:23.499Z","level":"ERROR","logger_name":"jorge.cardona.concepts.service.Scheduling"}
{"@version":"1","appName":"SpringBoot Concepts","thread_name":"scheduling-1","hostname":"Paradigma","message":"Name Load Properties From Yaml","@timestamp":"2021-07-11T21:48:24.276Z","level":"INFO","logger_name":"jorge.cardona.concepts.service.Scheduling"}
{"@version":"1","appName":"SpringBoot Concepts","thread_name":"scheduling-1","hostname":"Paradigma","message":"Release 13","@timestamp":"2021-07-11T21:48:24.276Z","level":"INFO","logger_name":"jorge.cardona.concepts.service.Scheduling"}
{"@version":"1","appName":"SpringBoot Concepts","thread_name":"scheduling-1","hostname":"Paradigma","message":"Enable true","@timestamp":"2021-07-11T21:48:24.277Z","level":"INFO","logger_name":"jorge.cardona.concepts.service.Scheduling"}
{"@version":"1","appName":"SpringBoot Concepts","thread_name":"scheduling-1","hostname":"Paradigma","message":"Name Load Properties From Yaml","@timestamp":"2021-07-11T21:48:25.285Z","level":"INFO","logger_name":"jorge.cardona.concepts.service.Scheduling"}
{"@version":"1","appName":"SpringBoot Concepts","thread_name":"scheduling-1","hostname":"Paradigma","message":"Release 13","@timestamp":"2021-07-11T21:48:25.285Z","level":"INFO","logger_name":"jorge.cardona.concepts.service.Scheduling"}
{"@version":"1","appName":"SpringBoot Concepts","thread_name":"scheduling-1","hostname":"Paradigma","message":"Enable true","@timestamp":"2021-07-11T21:48:25.286Z","level":"INFO","logger_name":"jorge.cardona.concepts.service.Scheduling"}
{"@version":"1","appName":"SpringBoot Concepts","thread_name":"scheduling-1","hostname":"Paradigma","message":"Name Load Properties From Yaml","@timestamp":"2021-07-11T21:48:26.291Z","level":"INFO","logger_name":"jorge.cardona.concepts.service.Scheduling"}
{"@version":"1","appName":"SpringBoot Concepts","thread_name":"scheduling-1","hostname":"Paradigma","message":"Release 13","@timestamp":"2021-07-11T21:48:26.292Z","level":"INFO","logger_name":"jorge.cardona.concepts.service.Scheduling"}
{"@version":"1","appName":"SpringBoot Concepts","thread_name":"scheduling-1","hostname":"Paradigma","message":"Enable true","@timestamp":"2021-07-11T21:48:26.294Z","level":"INFO","logger_name":"jorge.cardona.concepts.service.Scheduling"}
{"@version":"1","appName":"SpringBoot Concepts","thread_name":"scheduling-1","hostname":"Paradigma","message":"THIS IT IS A SCHEDULE TASK LOGGING 2021-07-11T21:48:26.509861900","@timestamp":"2021-07-11T21:48:26.509Z","level":"ERROR","logger_name":"jorge.cardona.concepts.service.Scheduling"}
{"@version":"1","appName":"SpringBoot Concepts","thread_name":"scheduling-1","hostname":"Paradigma","message":"Name Load Properties From Yaml","@timestamp":"2021-07-11T21:48:27.305Z","level":"INFO","logger_name":"jorge.cardona.concepts.service.Scheduling"}
{"@version":"1","appName":"SpringBoot Concepts","thread_name":"scheduling-1","hostname":"Paradigma","message":"Release 13","@timestamp":"2021-07-11T21:48:27.306Z","level":"INFO","logger_name":"jorge.cardona.concepts.service.Scheduling"}
{"@version":"1","appName":"SpringBoot Concepts","thread_name":"scheduling-1","hostname":"Paradigma","message":"Enable true","@timestamp":"2021-07-11T21:48:27.307Z","level":"INFO","logger_name":"jorge.cardona.concepts.service.Scheduling"}
{"@version":"1","appName":"SpringBoot Concepts","thread_name":"scheduling-1","hostname":"Paradigma","message":"Name Load Properties From Yaml","@timestamp":"2021-07-11T21:48:28.317Z","level":"INFO","logger_name":"jorge.cardona.concepts.service.Scheduling"}
{"@version":"1","appName":"SpringBoot Concepts","thread_name":"scheduling-1","hostname":"Paradigma","message":"Release 13","@timestamp":"2021-07-11T21:48:28.317Z","level":"INFO","logger_name":"jorge.cardona.concepts.service.Scheduling"}
{"@version":"1","appName":"SpringBoot Concepts","thread_name":"scheduling-1","hostname":"Paradigma","message":"Enable true","@timestamp":"2021-07-11T21:48:28.317Z","level":"INFO","logger_name":"jorge.cardona.concepts.service.Scheduling"}
{"@version":"1","appName":"SpringBoot Concepts","thread_name":"scheduling-1","hostname":"Paradigma","message":"Name Load Properties From Yaml","@timestamp":"2021-07-11T21:48:29.331Z","level":"INFO","logger_name":"jorge.cardona.concepts.service.Scheduling"}
{"@version":"1","appName":"SpringBoot Concepts","thread_name":"scheduling-1","hostname":"Paradigma","message":"Release 13","@timestamp":"2021-07-11T21:48:29.332Z","level":"INFO","logger_name":"jorge.cardona.concepts.service.Scheduling"}
{"@version":"1","appName":"SpringBoot Concepts","thread_name":"scheduling-1","hostname":"Paradigma","message":"Enable true","@timestamp":"2021-07-11T21:48:29.333Z","level":"INFO","logger_name":"jorge.cardona.concepts.service.Scheduling"}
{"@version":"1","appName":"SpringBoot Concepts","thread_name":"scheduling-1","hostname":"Paradigma","message":"THIS IT IS A SCHEDULE TASK LOGGING 2021-07-11T21:48:29.518885500","@timestamp":"2021-07-11T21:48:29.518Z","level":"ERROR","logger_name":"jorge.cardona.concepts.service.Scheduling"}
{"@version":"1","appName":"SpringBoot Concepts","thread_name":"scheduling-1","hostname":"Paradigma","message":"Name Load Properties From Yaml","@timestamp":"2021-07-11T21:48:30.340Z","level":"INFO","logger_name":"jorge.cardona.concepts.service.Scheduling"}
{"@version":"1","appName":"SpringBoot Concepts","thread_name":"scheduling-1","hostname":"Paradigma","message":"Release 13","@timestamp":"2021-07-11T21:48:30.341Z","level":"INFO","logger_name":"jorge.cardona.concepts.service.Scheduling"}
{"@version":"1","appName":"SpringBoot Concepts","thread_name":"scheduling-1","hostname":"Paradigma","message":"Enable true","@timestamp":"2021-07-11T21:48:30.342Z","level":"INFO","logger_name":"jorge.cardona.concepts.service.Scheduling"}
{"@version":"1","appName":"SpringBoot Concepts","thread_name":"scheduling-1","hostname":"Paradigma","message":"Name Load Properties From Yaml","@timestamp":"2021-07-11T21:48:31.354Z","level":"INFO","logger_name":"jorge.cardona.concepts.service.Scheduling"}
{"@version":"1","appName":"SpringBoot Concepts","thread_name":"scheduling-1","hostname":"Paradigma","message":"Release 13","@timestamp":"2021-07-11T21:48:31.354Z","level":"INFO","logger_name":"jorge.cardona.concepts.service.Scheduling"}
{"@version":"1","appName":"SpringBoot Concepts","thread_name":"scheduling-1","hostname":"Paradigma","message":"Enable true","@timestamp":"2021-07-11T21:48:31.354Z","level":"INFO","logger_name":"jorge.cardona.concepts.service.Scheduling"}
{"@version":"1","appName":"SpringBoot Concepts","thread_name":"scheduling-1","hostname":"Paradigma","message":"Name Load Properties From Yaml","@timestamp":"2021-07-11T21:48:32.366Z","level":"INFO","logger_name":"jorge.cardona.concepts.service.Scheduling"}
{"@version":"1","appName":"SpringBoot Concepts","thread_name":"scheduling-1","hostname":"Paradigma","message":"Release 13","@timestamp":"2021-07-11T21:48:32.367Z","level":"INFO","logger_name":"jorge.cardona.concepts.service.Scheduling"}
{"@version":"1","appName":"SpringBoot Concepts","thread_name":"scheduling-1","hostname":"Paradigma","message":"Enable true","@timestamp":"2021-07-11T21:48:32.369Z","level":"INFO","logger_name":"jorge.cardona.concepts.service.Scheduling"}
{"@version":"1","appName":"SpringBoot Concepts","thread_name":"scheduling-1","hostname":"Paradigma","message":"THIS IT IS A SCHEDULE TASK LOGGING 2021-07-11T21:48:32.522239300","@timestamp":"2021-07-11T21:48:32.522Z","level":"ERROR","logger_name":"jorge.cardona.concepts.service.Scheduling"}
{"@version":"1","appName":"SpringBoot Concepts","thread_name":"scheduling-1","hostname":"Paradigma","message":"Name Load Properties From Yaml","@timestamp":"2021-07-11T21:48:33.381Z","level":"INFO","logger_name":"jorge.cardona.concepts.service.Scheduling"}
{"@version":"1","appName":"SpringBoot Concepts","thread_name":"scheduling-1","hostname":"Paradigma","message":"Release 13","@timestamp":"2021-07-11T21:48:33.383Z","level":"INFO","logger_name":"jorge.cardona.concepts.service.Scheduling"}
{"@version":"1","appName":"SpringBoot Concepts","thread_name":"scheduling-1","hostname":"Paradigma","message":"Enable true","@timestamp":"2021-07-11T21:48:33.383Z","level":"INFO","logger_name":"jorge.cardona.concepts.service.Scheduling"}
{"@version":"1","appName":"SpringBoot Concepts","thread_name":"scheduling-1","hostname":"Paradigma","message":"Name Load Properties From Yaml","@timestamp":"2021-07-11T21:48:34.391Z","level":"INFO","logger_name":"jorge.cardona.concepts.service.Scheduling"}
{"@version":"1","appName":"SpringBoot Concepts","thread_name":"scheduling-1","hostname":"Paradigma","message":"Release 13","@timestamp":"2021-07-11T21:48:34.392Z","level":"INFO","logger_name":"jorge.cardona.concepts.service.Scheduling"}
{"@version":"1","appName":"SpringBoot Concepts","thread_name":"scheduling-1","hostname":"Paradigma","message":"Enable true","@timestamp":"2021-07-11T21:48:34.392Z","level":"INFO","logger_name":"jorge.cardona.concepts.service.Scheduling"}
{"@version":"1","appName":"SpringBoot Concepts","thread_name":"scheduling-1","hostname":"Paradigma","message":"Name Load Properties From Yaml","@timestamp":"2021-07-11T21:48:35.399Z","level":"INFO","logger_name":"jorge.cardona.concepts.service.Scheduling"}
{"@version":"1","appName":"SpringBoot Concepts","thread_name":"scheduling-1","hostname":"Paradigma","message":"Release 13","@timestamp":"2021-07-11T21:48:35.399Z","level":"INFO","logger_name":"jorge.cardona.concepts.service.Scheduling"}
{"@version":"1","appName":"SpringBoot Concepts","thread_name":"scheduling-1","hostname":"Paradigma","message":"Enable true","@timestamp":"2021-07-11T21:48:35.400Z","level":"INFO","logger_name":"jorge.cardona.concepts.service.Scheduling"}
{"@version":"1","appName":"SpringBoot Concepts","thread_name":"scheduling-1","hostname":"Paradigma","message":"THIS IT IS A SCHEDULE TASK LOGGING 2021-07-11T21:48:35.538402200","@timestamp":"2021-07-11T21:48:35.538Z","level":"ERROR","logger_name":"jorge.cardona.concepts.service.Scheduling"}
{"@version":"1","appName":"SpringBoot Concepts","thread_name":"scheduling-1","hostname":"Paradigma","message":"Name Load Properties From Yaml","@timestamp":"2021-07-11T21:48:36.415Z","level":"INFO","logger_name":"jorge.cardona.concepts.service.Scheduling"}
{"@version":"1","appName":"SpringBoot Concepts","thread_name":"scheduling-1","hostname":"Paradigma","message":"Release 13","@timestamp":"2021-07-11T21:48:36.417Z","level":"INFO","logger_name":"jorge.cardona.concepts.service.Scheduling"}
{"@version":"1","appName":"SpringBoot Concepts","thread_name":"scheduling-1","hostname":"Paradigma","message":"Enable true","@timestamp":"2021-07-11T21:48:36.418Z","level":"INFO","logger_name":"jorge.cardona.concepts.service.Scheduling"}
{"@version":"1","appName":"SpringBoot Concepts","thread_name":"scheduling-1","hostname":"Paradigma","message":"Name Load Properties From Yaml","@timestamp":"2021-07-11T21:48:37.421Z","level":"INFO","logger_name":"jorge.cardona.concepts.service.Scheduling"}
{"@version":"1","appName":"SpringBoot Concepts","thread_name":"scheduling-1","hostname":"Paradigma","message":"Release 13","@timestamp":"2021-07-11T21:48:37.422Z","level":"INFO","logger_name":"jorge.cardona.concepts.service.Scheduling"}
{"@version":"1","appName":"SpringBoot Concepts","thread_name":"scheduling-1","hostname":"Paradigma","message":"Enable true","@timestamp":"2021-07-11T21:48:37.422Z","level":"INFO","logger_name":"jorge.cardona.concepts.service.Scheduling"}
{"@version":"1","appName":"SpringBoot Concepts","thread_name":"scheduling-1","hostname":"Paradigma","message":"Name Load Properties From Yaml","@timestamp":"2021-07-11T21:48:38.426Z","level":"INFO","logger_name":"jorge.cardona.concepts.service.Scheduling"}
{"@version":"1","appName":"SpringBoot Concepts","thread_name":"scheduling-1","hostname":"Paradigma","message":"Release 13","@timestamp":"2021-07-11T21:48:38.427Z","level":"INFO","logger_name":"jorge.cardona.concepts.service.Scheduling"}
{"@version":"1","appName":"SpringBoot Concepts","thread_name":"scheduling-1","hostname":"Paradigma","message":"Enable true","@timestamp":"2021-07-11T21:48:38.428Z","level":"INFO","logger_name":"jorge.cardona.concepts.service.Scheduling"}
{"@version":"1","appName":"SpringBoot Concepts","thread_name":"scheduling-1","hostname":"Paradigma","message":"THIS IT IS A SCHEDULE TASK LOGGING 2021-07-11T21:48:38.551287900","@timestamp":"2021-07-11T21:48:38.551Z","level":"ERROR","logger_name":"jorge.cardona.concepts.service.Scheduling"}
{"@version":"1","appName":"SpringBoot Concepts","thread_name":"scheduling-1","hostname":"Paradigma","message":"Name Load Properties From Yaml","@timestamp":"2021-07-11T21:48:39.438Z","level":"INFO","logger_name":"jorge.cardona.concepts.service.Scheduling"}
{"@version":"1","appName":"SpringBoot Concepts","thread_name":"scheduling-1","hostname":"Paradigma","message":"Release 13","@timestamp":"2021-07-11T21:48:39.439Z","level":"INFO","logger_name":"jorge.cardona.concepts.service.Scheduling"}
{"@version":"1","appName":"SpringBoot Concepts","thread_name":"scheduling-1","hostname":"Paradigma","message":"Enable true","@timestamp":"2021-07-11T21:48:39.441Z","level":"INFO","logger_name":"jorge.cardona.concepts.service.Scheduling"}
{"@version":"1","appName":"SpringBoot Concepts","thread_name":"scheduling-1","hostname":"Paradigma","message":"Name Load Properties From Yaml","@timestamp":"2021-07-11T21:48:40.448Z","level":"INFO","logger_name":"jorge.cardona.concepts.service.Scheduling"}
{"@version":"1","appName":"SpringBoot Concepts","thread_name":"scheduling-1","hostname":"Paradigma","message":"Release 13","@timestamp":"2021-07-11T21:48:40.450Z","level":"INFO","logger_name":"jorge.cardona.concepts.service.Scheduling"}
{"@version":"1","appName":"SpringBoot Concepts","thread_name":"scheduling-1","hostname":"Paradigma","message":"Enable true","@timestamp":"2021-07-11T21:48:40.450Z","level":"INFO","logger_name":"jorge.cardona.concepts.service.Scheduling"}
{"@version":"1","appName":"SpringBoot Concepts","thread_name":"scheduling-1","hostname":"Paradigma","message":"Name Load Properties From Yaml","@timestamp":"2021-07-11T21:48:41.454Z","level":"INFO","logger_name":"jorge.cardona.concepts.service.Scheduling"}
{"@version":"1","appName":"SpringBoot Concepts","thread_name":"scheduling-1","hostname":"Paradigma","message":"Release 13","@timestamp":"2021-07-11T21:48:41.455Z","level":"INFO","logger_name":"jorge.cardona.concepts.service.Scheduling"}
{"@version":"1","appName":"SpringBoot Concepts","thread_name":"scheduling-1","hostname":"Paradigma","message":"Enable true","@timestamp":"2021-07-11T21:48:41.457Z","level":"INFO","logger_name":"jorge.cardona.concepts.service.Scheduling"}
{"@version":"1","appName":"SpringBoot Concepts","thread_name":"scheduling-1","hostname":"Paradigma","message":"THIS IT IS A SCHEDULE TASK LOGGING 2021-07-11T21:48:41.570269","@timestamp":"2021-07-11T21:48:41.571Z","level":"ERROR","logger_name":"jorge.cardona.concepts.service.Scheduling"}
{"@version":"1","appName":"SpringBoot Concepts","thread_name":"scheduling-1","hostname":"Paradigma","message":"Name Load Properties From Yaml","@timestamp":"2021-07-11T21:48:42.460Z","level":"INFO","logger_name":"jorge.cardona.concepts.service.Scheduling"}
{"@version":"1","appName":"SpringBoot Concepts","thread_name":"scheduling-1","hostname":"Paradigma","message":"Release 13","@timestamp":"2021-07-11T21:48:42.460Z","level":"INFO","logger_name":"jorge.cardona.concepts.service.Scheduling"}
{"@version":"1","appName":"SpringBoot Concepts","thread_name":"scheduling-1","hostname":"Paradigma","message":"Enable true","@timestamp":"2021-07-11T21:48:42.465Z","level":"INFO","logger_name":"jorge.cardona.concepts.service.Scheduling"}
{"@version":"1","appName":"SpringBoot Concepts","thread_name":"scheduling-1","hostname":"Paradigma","message":"Name Load Properties From Yaml","@timestamp":"2021-07-11T21:48:43.471Z","level":"INFO","logger_name":"jorge.cardona.concepts.service.Scheduling"}
{"@version":"1","appName":"SpringBoot Concepts","thread_name":"scheduling-1","hostname":"Paradigma","message":"Release 13","@timestamp":"2021-07-11T21:48:43.471Z","level":"INFO","logger_name":"jorge.cardona.concepts.service.Scheduling"}
{"@version":"1","appName":"SpringBoot Concepts","thread_name":"scheduling-1","hostname":"Paradigma","message":"Enable true","@timestamp":"2021-07-11T21:48:43.471Z","level":"INFO","logger_name":"jorge.cardona.concepts.service.Scheduling"}
{"@version":"1","appName":"SpringBoot Concepts","thread_name":"scheduling-1","hostname":"Paradigma","message":"Name Load Properties From Yaml","@timestamp":"2021-07-11T21:48:44.476Z","level":"INFO","logger_name":"jorge.cardona.concepts.service.Scheduling"}
{"@version":"1","appName":"SpringBoot Concepts","thread_name":"scheduling-1","hostname":"Paradigma","message":"Release 13","@timestamp":"2021-07-11T21:48:44.477Z","level":"INFO","logger_name":"jorge.cardona.concepts.service.Scheduling"}
{"@version":"1","appName":"SpringBoot Concepts","thread_name":"scheduling-1","hostname":"Paradigma","message":"Enable true","@timestamp":"2021-07-11T21:48:44.483Z","level":"INFO","logger_name":"jorge.cardona.concepts.service.Scheduling"}
{"@version":"1","appName":"SpringBoot Concepts","thread_name":"scheduling-1","hostname":"Paradigma","message":"THIS IT IS A SCHEDULE TASK LOGGING 2021-07-11T21:48:44.584255","@timestamp":"2021-07-11T21:48:44.584Z","level":"ERROR","logger_name":"jorge.cardona.concepts.service.Scheduling"}
{"@version":"1","appName":"SpringBoot Concepts","thread_name":"scheduling-1","hostname":"Paradigma","message":"Name Load Properties From Yaml","@timestamp":"2021-07-11T21:48:45.499Z","level":"INFO","logger_name":"jorge.cardona.concepts.service.Scheduling"}
{"@version":"1","appName":"SpringBoot Concepts","thread_name":"scheduling-1","hostname":"Paradigma","message":"Release 13","@timestamp":"2021-07-11T21:48:45.499Z","level":"INFO","logger_name":"jorge.cardona.concepts.service.Scheduling"}
{"@version":"1","appName":"SpringBoot Concepts","thread_name":"scheduling-1","hostname":"Paradigma","message":"Enable true","@timestamp":"2021-07-11T21:48:45.499Z","level":"INFO","logger_name":"jorge.cardona.concepts.service.Scheduling"}
{"@version":"1","appName":"SpringBoot Concepts","thread_name":"scheduling-1","hostname":"Paradigma","message":"Name Load Properties From Yaml","@timestamp":"2021-07-11T21:48:46.510Z","level":"INFO","logger_name":"jorge.cardona.concepts.service.Scheduling"}
{"@version":"1","appName":"SpringBoot Concepts","thread_name":"scheduling-1","hostname":"Paradigma","message":"Release 13","@timestamp":"2021-07-11T21:48:46.510Z","level":"INFO","logger_name":"jorge.cardona.concepts.service.Scheduling"}
{"@version":"1","appName":"SpringBoot Concepts","thread_name":"scheduling-1","hostname":"Paradigma","message":"Enable true","@timestamp":"2021-07-11T21:48:46.510Z","level":"INFO","logger_name":"jorge.cardona.concepts.service.Scheduling"}
{"@version":"1","appName":"SpringBoot Concepts","thread_name":"scheduling-1","hostname":"Paradigma","message":"Name Load Properties From Yaml","@timestamp":"2021-07-11T21:48:47.518Z","level":"INFO","logger_name":"jorge.cardona.concepts.service.Scheduling"}
{"@version":"1","appName":"SpringBoot Concepts","thread_name":"scheduling-1","hostname":"Paradigma","message":"Release 13","@timestamp":"2021-07-11T21:48:47.519Z","level":"INFO","logger_name":"jorge.cardona.concepts.service.Scheduling"}
{"@version":"1","appName":"SpringBoot Concepts","thread_name":"scheduling-1","hostname":"Paradigma","message":"Enable true","@timestamp":"2021-07-11T21:48:47.520Z","level":"INFO","logger_name":"jorge.cardona.concepts.service.Scheduling"}
{"@version":"1","appName":"SpringBoot Concepts","thread_name":"scheduling-1","hostname":"Paradigma","message":"THIS IT IS A SCHEDULE TASK LOGGING 2021-07-11T21:48:47.599014700","@timestamp":"2021-07-11T21:48:47.599Z","level":"ERROR","logger_name":"jorge.cardona.concepts.service.Scheduling"}
{"@version":"1","appName":"SpringBoot Concepts","thread_name":"scheduling-1","hostname":"Paradigma","message":"Name Load Properties From Yaml","@timestamp":"2021-07-11T21:48:48.527Z","level":"INFO","logger_name":"jorge.cardona.concepts.service.Scheduling"}
{"@version":"1","appName":"SpringBoot Concepts","thread_name":"scheduling-1","hostname":"Paradigma","message":"Release 13","@timestamp":"2021-07-11T21:48:48.527Z","level":"INFO","logger_name":"jorge.cardona.concepts.service.Scheduling"}
{"@version":"1","appName":"SpringBoot Concepts","thread_name":"scheduling-1","hostname":"Paradigma","message":"Enable true","@timestamp":"2021-07-11T21:48:48.527Z","level":"INFO","logger_name":"jorge.cardona.concepts.service.Scheduling"}
{"@version":"1","appName":"SpringBoot Concepts","thread_name":"scheduling-1","hostname":"Paradigma","message":"Name Load Properties From Yaml","@timestamp":"2021-07-11T21:48:49.531Z","level":"INFO","logger_name":"jorge.cardona.concepts.service.Scheduling"}
{"@version":"1","appName":"SpringBoot Concepts","thread_name":"scheduling-1","hostname":"Paradigma","message":"Release 13","@timestamp":"2021-07-11T21:48:49.531Z","level":"INFO","logger_name":"jorge.cardona.concepts.service.Scheduling"}
{"@version":"1","appName":"SpringBoot Concepts","thread_name":"scheduling-1","hostname":"Paradigma","message":"Enable true","@timestamp":"2021-07-11T21:48:49.531Z","level":"INFO","logger_name":"jorge.cardona.concepts.service.Scheduling"}
{"@version":"1","appName":"SpringBoot Concepts","thread_name":"scheduling-1","hostname":"Paradigma","message":"Name Load Properties From Yaml","@timestamp":"2021-07-11T21:48:50.539Z","level":"INFO","logger_name":"jorge.cardona.concepts.service.Scheduling"}
{"@version":"1","appName":"SpringBoot Concepts","thread_name":"scheduling-1","hostname":"Paradigma","message":"Release 13","@timestamp":"2021-07-11T21:48:50.539Z","level":"INFO","logger_name":"jorge.cardona.concepts.service.Scheduling"}
{"@version":"1","appName":"SpringBoot Concepts","thread_name":"scheduling-1","hostname":"Paradigma","message":"Enable true","@timestamp":"2021-07-11T21:48:50.540Z","level":"INFO","logger_name":"jorge.cardona.concepts.service.Scheduling"}
{"@version":"1","appName":"SpringBoot Concepts","thread_name":"scheduling-1","hostname":"Paradigma","message":"THIS IT IS A SCHEDULE TASK LOGGING 2021-07-11T21:48:50.601501300","@timestamp":"2021-07-11T21:48:50.601Z","level":"ERROR","logger_name":"jorge.cardona.concepts.service.Scheduling"}
{"@version":"1","appName":"SpringBoot Concepts","thread_name":"scheduling-1","hostname":"Paradigma","message":"Name Load Properties From Yaml","@timestamp":"2021-07-11T21:48:51.551Z","level":"INFO","logger_name":"jorge.cardona.concepts.service.Scheduling"}
{"@version":"1","appName":"SpringBoot Concepts","thread_name":"scheduling-1","hostname":"Paradigma","message":"Release 13","@timestamp":"2021-07-11T21:48:51.552Z","level":"INFO","logger_name":"jorge.cardona.concepts.service.Scheduling"}
{"@version":"1","appName":"SpringBoot Concepts","thread_name":"scheduling-1","hostname":"Paradigma","message":"Enable true","@timestamp":"2021-07-11T21:48:51.554Z","level":"INFO","logger_name":"jorge.cardona.concepts.service.Scheduling"}
{"@version":"1","appName":"SpringBoot Concepts","thread_name":"scheduling-1","hostname":"Paradigma","message":"Name Load Properties From Yaml","@timestamp":"2021-07-11T21:48:52.558Z","level":"INFO","logger_name":"jorge.cardona.concepts.service.Scheduling"}
{"@version":"1","appName":"SpringBoot Concepts","thread_name":"scheduling-1","hostname":"Paradigma","message":"Release 13","@timestamp":"2021-07-11T21:48:52.559Z","level":"INFO","logger_name":"jorge.cardona.concepts.service.Scheduling"}
{"@version":"1","appName":"SpringBoot Concepts","thread_name":"scheduling-1","hostname":"Paradigma","message":"Enable true","@timestamp":"2021-07-11T21:48:52.559Z","level":"INFO","logger_name":"jorge.cardona.concepts.service.Scheduling"}
{"@version":"1","appName":"SpringBoot Concepts","thread_name":"scheduling-1","hostname":"Paradigma","message":"Name Load Properties From Yaml","@timestamp":"2021-07-11T21:48:53.569Z","level":"INFO","logger_name":"jorge.cardona.concepts.service.Scheduling"}
{"@version":"1","appName":"SpringBoot Concepts","thread_name":"scheduling-1","hostname":"Paradigma","message":"Release 13","@timestamp":"2021-07-11T21:48:53.569Z","level":"INFO","logger_name":"jorge.cardona.concepts.service.Scheduling"}
{"@version":"1","appName":"SpringBoot Concepts","thread_name":"scheduling-1","hostname":"Paradigma","message":"Enable true","@timestamp":"2021-07-11T21:48:53.570Z","level":"INFO","logger_name":"jorge.cardona.concepts.service.Scheduling"}
{"@version":"1","appName":"SpringBoot Concepts","thread_name":"scheduling-1","hostname":"Paradigma","message":"THIS IT IS A SCHEDULE TASK LOGGING 2021-07-11T21:48:53.615738400","@timestamp":"2021-07-11T21:48:53.615Z","level":"ERROR","logger_name":"jorge.cardona.concepts.service.Scheduling"}
{"@version":"1","appName":"SpringBoot Concepts","thread_name":"scheduling-1","hostname":"Paradigma","message":"Name Load Properties From Yaml","@timestamp":"2021-07-11T21:48:54.573Z","level":"INFO","logger_name":"jorge.cardona.concepts.service.Scheduling"}
{"@version":"1","appName":"SpringBoot Concepts","thread_name":"scheduling-1","hostname":"Paradigma","message":"Release 13","@timestamp":"2021-07-11T21:48:54.574Z","level":"INFO","logger_name":"jorge.cardona.concepts.service.Scheduling"}
{"@version":"1","appName":"SpringBoot Concepts","thread_name":"scheduling-1","hostname":"Paradigma","message":"Enable true","@timestamp":"2021-07-11T21:48:54.577Z","level":"INFO","logger_name":"jorge.cardona.concepts.service.Scheduling"}
{"@version":"1","appName":"SpringBoot Concepts","thread_name":"scheduling-1","hostname":"Paradigma","message":"Name Load Properties From Yaml","@timestamp":"2021-07-11T21:48:55.590Z","level":"INFO","logger_name":"jorge.cardona.concepts.service.Scheduling"}
{"@version":"1","appName":"SpringBoot Concepts","thread_name":"scheduling-1","hostname":"Paradigma","message":"Release 13","@timestamp":"2021-07-11T21:48:55.591Z","level":"INFO","logger_name":"jorge.cardona.concepts.service.Scheduling"}
{"@version":"1","appName":"SpringBoot Concepts","thread_name":"scheduling-1","hostname":"Paradigma","message":"Enable true","@timestamp":"2021-07-11T21:48:55.591Z","level":"INFO","logger_name":"jorge.cardona.concepts.service.Scheduling"}
{"@version":"1","appName":"SpringBoot Concepts","thread_name":"scheduling-1","hostname":"Paradigma","message":"Name Load Properties From Yaml","@timestamp":"2021-07-11T21:48:56.601Z","level":"INFO","logger_name":"jorge.cardona.concepts.service.Scheduling"}
{"@version":"1","appName":"SpringBoot Concepts","thread_name":"scheduling-1","hostname":"Paradigma","message":"Release 13","@timestamp":"2021-07-11T21:48:56.602Z","level":"INFO","logger_name":"jorge.cardona.concepts.service.Scheduling"}
{"@version":"1","appName":"SpringBoot Concepts","thread_name":"scheduling-1","hostname":"Paradigma","message":"Enable true","@timestamp":"2021-07-11T21:48:56.603Z","level":"INFO","logger_name":"jorge.cardona.concepts.service.Scheduling"}
{"@version":"1","appName":"SpringBoot Concepts","thread_name":"scheduling-1","hostname":"Paradigma","message":"THIS IT IS A SCHEDULE TASK LOGGING 2021-07-11T21:48:56.622674800","@timestamp":"2021-07-11T21:48:56.623Z","level":"ERROR","logger_name":"jorge.cardona.concepts.service.Scheduling"}
{"@version":"1","appName":"SpringBoot Concepts","thread_name":"scheduling-1","hostname":"Paradigma","message":"Name Load Properties From Yaml","@timestamp":"2021-07-11T21:48:57.610Z","level":"INFO","logger_name":"jorge.cardona.concepts.service.Scheduling"}
{"@version":"1","appName":"SpringBoot Concepts","thread_name":"scheduling-1","hostname":"Paradigma","message":"Release 13","@timestamp":"2021-07-11T21:48:57.610Z","level":"INFO","logger_name":"jorge.cardona.concepts.service.Scheduling"}
{"@version":"1","appName":"SpringBoot Concepts","thread_name":"scheduling-1","hostname":"Paradigma","message":"Enable true","@timestamp":"2021-07-11T21:48:57.611Z","level":"INFO","logger_name":"jorge.cardona.concepts.service.Scheduling"}
{"@version":"1","appName":"SpringBoot Concepts","thread_name":"scheduling-1","hostname":"Paradigma","message":"Name Load Properties From Yaml","@timestamp":"2021-07-11T21:48:58.625Z","level":"INFO","logger_name":"jorge.cardona.concepts.service.Scheduling"}
{"@version":"1","appName":"SpringBoot Concepts","thread_name":"scheduling-1","hostname":"Paradigma","message":"Release 13","@timestamp":"2021-07-11T21:48:58.626Z","level":"INFO","logger_name":"jorge.cardona.concepts.service.Scheduling"}
{"@version":"1","appName":"SpringBoot Concepts","thread_name":"scheduling-1","hostname":"Paradigma","message":"Enable true","@timestamp":"2021-07-11T21:48:58.626Z","level":"INFO","logger_name":"jorge.cardona.concepts.service.Scheduling"}
{"@version":"1","appName":"SpringBoot Concepts","thread_name":"scheduling-1","hostname":"Paradigma","message":"Name Load Properties From Yaml","@timestamp":"2021-07-11T21:48:59.637Z","level":"INFO","logger_name":"jorge.cardona.concepts.service.Scheduling"}
{"@version":"1","appName":"SpringBoot Concepts","thread_name":"scheduling-1","hostname":"Paradigma","message":"Release 13","@timestamp":"2021-07-11T21:48:59.638Z","level":"INFO","logger_name":"jorge.cardona.concepts.service.Scheduling"}
{"@version":"1","appName":"SpringBoot Concepts","thread_name":"scheduling-1","hostname":"Paradigma","message":"Enable true","@timestamp":"2021-07-11T21:48:59.640Z","level":"INFO","logger_name":"jorge.cardona.concepts.service.Scheduling"}
{"@version":"1","appName":"SpringBoot Concepts","thread_name":"scheduling-1","hostname":"Paradigma","message":"THIS IT IS A SCHEDULE TASK LOGGING 2021-07-11T21:48:59.640240100","@timestamp":"2021-07-11T21:48:59.640Z","level":"ERROR","logger_name":"jorge.cardona.concepts.service.Scheduling"}
{"@version":"1","appName":"SpringBoot Concepts","thread_name":"scheduling-1","hostname":"Paradigma","message":"Name Load Properties From Yaml","@timestamp":"2021-07-11T21:49:00.652Z","level":"INFO","logger_name":"jorge.cardona.concepts.service.Scheduling"}
{"@version":"1","appName":"SpringBoot Concepts","thread_name":"scheduling-1","hostname":"Paradigma","message":"Release 13","@timestamp":"2021-07-11T21:49:00.652Z","level":"INFO","logger_name":"jorge.cardona.concepts.service.Scheduling"}
{"@version":"1","appName":"SpringBoot Concepts","thread_name":"scheduling-1","hostname":"Paradigma","message":"Enable true","@timestamp":"2021-07-11T21:49:00.653Z","level":"INFO","logger_name":"jorge.cardona.concepts.service.Scheduling"}
{"@version":"1","appName":"SpringBoot Concepts","thread_name":"scheduling-1","hostname":"Paradigma","message":"Name Load Properties From Yaml","@timestamp":"2021-07-11T21:49:01.660Z","level":"INFO","logger_name":"jorge.cardona.concepts.service.Scheduling"}
{"@version":"1","appName":"SpringBoot Concepts","thread_name":"scheduling-1","hostname":"Paradigma","message":"Release 13","@timestamp":"2021-07-11T21:49:01.662Z","level":"INFO","logger_name":"jorge.cardona.concepts.service.Scheduling"}
{"@version":"1","appName":"SpringBoot Concepts","thread_name":"scheduling-1","hostname":"Paradigma","message":"Enable true","@timestamp":"2021-07-11T21:49:01.662Z","level":"INFO","logger_name":"jorge.cardona.concepts.service.Scheduling"}
{"@version":"1","appName":"SpringBoot Concepts","thread_name":"scheduling-1","hostname":"Paradigma","message":"THIS IT IS A SCHEDULE TASK LOGGING 2021-07-11T21:49:02.645077600","@timestamp":"2021-07-11T21:49:02.645Z","level":"ERROR","logger_name":"jorge.cardona.concepts.service.Scheduling"}
{"@version":"1","appName":"SpringBoot Concepts","thread_name":"scheduling-1","hostname":"Paradigma","message":"Name Load Properties From Yaml","@timestamp":"2021-07-11T21:49:02.676Z","level":"INFO","logger_name":"jorge.cardona.concepts.service.Scheduling"}
{"@version":"1","appName":"SpringBoot Concepts","thread_name":"scheduling-1","hostname":"Paradigma","message":"Release 13","@timestamp":"2021-07-11T21:49:02.678Z","level":"INFO","logger_name":"jorge.cardona.concepts.service.Scheduling"}
{"@version":"1","appName":"SpringBoot Concepts","thread_name":"scheduling-1","hostname":"Paradigma","message":"Enable true","@timestamp":"2021-07-11T21:49:02.678Z","level":"INFO","logger_name":"jorge.cardona.concepts.service.Scheduling"}
{"@version":"1","appName":"SpringBoot Concepts","thread_name":"scheduling-1","hostname":"Paradigma","message":"Name Load Properties From Yaml","@timestamp":"2021-07-11T21:49:03.686Z","level":"INFO","logger_name":"jorge.cardona.concepts.service.Scheduling"}
{"@version":"1","appName":"SpringBoot Concepts","thread_name":"scheduling-1","hostname":"Paradigma","message":"Release 13","@timestamp":"2021-07-11T21:49:03.687Z","level":"INFO","logger_name":"jorge.cardona.concepts.service.Scheduling"}
{"@version":"1","appName":"SpringBoot Concepts","thread_name":"scheduling-1","hostname":"Paradigma","message":"Enable true","@timestamp":"2021-07-11T21:49:03.689Z","level":"INFO","logger_name":"jorge.cardona.concepts.service.Scheduling"}
{"@version":"1","appName":"SpringBoot Concepts","thread_name":"scheduling-1","hostname":"Paradigma","message":"Name Load Properties From Yaml","@timestamp":"2021-07-11T21:49:04.694Z","level":"INFO","logger_name":"jorge.cardona.concepts.service.Scheduling"}
{"@version":"1","appName":"SpringBoot Concepts","thread_name":"scheduling-1","hostname":"Paradigma","message":"Release 13","@timestamp":"2021-07-11T21:49:04.695Z","level":"INFO","logger_name":"jorge.cardona.concepts.service.Scheduling"}
{"@version":"1","appName":"SpringBoot Concepts","thread_name":"scheduling-1","hostname":"Paradigma","message":"Enable true","@timestamp":"2021-07-11T21:49:04.695Z","level":"INFO","logger_name":"jorge.cardona.concepts.service.Scheduling"}
{"@version":"1","appName":"SpringBoot Concepts","thread_name":"scheduling-1","hostname":"Paradigma","message":"THIS IT IS A SCHEDULE TASK LOGGING 2021-07-11T21:49:05.660600100","@timestamp":"2021-07-11T21:49:05.660Z","level":"ERROR","logger_name":"jorge.cardona.concepts.service.Scheduling"}
{"@version":"1","appName":"SpringBoot Concepts","thread_name":"scheduling-1","hostname":"Paradigma","message":"Name Load Properties From Yaml","@timestamp":"2021-07-11T21:49:05.709Z","level":"INFO","logger_name":"jorge.cardona.concepts.service.Scheduling"}
{"@version":"1","appName":"SpringBoot Concepts","thread_name":"scheduling-1","hostname":"Paradigma","message":"Release 13","@timestamp":"2021-07-11T21:49:05.712Z","level":"INFO","logger_name":"jorge.cardona.concepts.service.Scheduling"}
{"@version":"1","appName":"SpringBoot Concepts","thread_name":"scheduling-1","hostname":"Paradigma","message":"Enable true","@timestamp":"2021-07-11T21:49:05.712Z","level":"INFO","logger_name":"jorge.cardona.concepts.service.Scheduling"}
{"@version":"1","appName":"SpringBoot Concepts","thread_name":"scheduling-1","hostname":"Paradigma","message":"Name Load Properties From Yaml","@timestamp":"2021-07-11T21:49:06.715Z","level":"INFO","logger_name":"jorge.cardona.concepts.service.Scheduling"}
{"@version":"1","appName":"SpringBoot Concepts","thread_name":"scheduling-1","hostname":"Paradigma","message":"Release 13","@timestamp":"2021-07-11T21:49:06.716Z","level":"INFO","logger_name":"jorge.cardona.concepts.service.Scheduling"}
{"@version":"1","appName":"SpringBoot Concepts","thread_name":"scheduling-1","hostname":"Paradigma","message":"Enable true","@timestamp":"2021-07-11T21:49:06.717Z","level":"INFO","logger_name":"jorge.cardona.concepts.service.Scheduling"}
{"@version":"1","appName":"SpringBoot Concepts","thread_name":"scheduling-1","hostname":"Paradigma","message":"Name Load Properties From Yaml","@timestamp":"2021-07-11T21:49:07.728Z","level":"INFO","logger_name":"jorge.cardona.concepts.service.Scheduling"}
{"@version":"1","appName":"SpringBoot Concepts","thread_name":"scheduling-1","hostname":"Paradigma","message":"Release 13","@timestamp":"2021-07-11T21:49:07.730Z","level":"INFO","logger_name":"jorge.cardona.concepts.service.Scheduling"}
{"@version":"1","appName":"SpringBoot Concepts","thread_name":"scheduling-1","hostname":"Paradigma","message":"Enable true","@timestamp":"2021-07-11T21:49:07.730Z","level":"INFO","logger_name":"jorge.cardona.concepts.service.Scheduling"}
{"@version":"1","appName":"SpringBoot Concepts","thread_name":"scheduling-1","hostname":"Paradigma","message":"THIS IT IS A SCHEDULE TASK LOGGING 2021-07-11T21:49:08.676648300","@timestamp":"2021-07-11T21:49:08.676Z","level":"ERROR","logger_name":"jorge.cardona.concepts.service.Scheduling"}
{"@version":"1","appName":"SpringBoot Concepts","thread_name":"scheduling-1","hostname":"Paradigma","message":"Name Load Properties From Yaml","@timestamp":"2021-07-11T21:49:08.740Z","level":"INFO","logger_name":"jorge.cardona.concepts.service.Scheduling"}
{"@version":"1","appName":"SpringBoot Concepts","thread_name":"scheduling-1","hostname":"Paradigma","message":"Release 13","@timestamp":"2021-07-11T21:49:08.740Z","level":"INFO","logger_name":"jorge.cardona.concepts.service.Scheduling"}
{"@version":"1","appName":"SpringBoot Concepts","thread_name":"scheduling-1","hostname":"Paradigma","message":"Enable true","@timestamp":"2021-07-11T21:49:08.740Z","level":"INFO","logger_name":"jorge.cardona.concepts.service.Scheduling"}
{"@version":"1","appName":"SpringBoot Concepts","thread_name":"scheduling-1","hostname":"Paradigma","message":"Name Load Properties From Yaml","@timestamp":"2021-07-11T21:49:09.741Z","level":"INFO","logger_name":"jorge.cardona.concepts.service.Scheduling"}
{"@version":"1","appName":"SpringBoot Concepts","thread_name":"scheduling-1","hostname":"Paradigma","message":"Release 13","@timestamp":"2021-07-11T21:49:09.742Z","level":"INFO","logger_name":"jorge.cardona.concepts.service.Scheduling"}
{"@version":"1","appName":"SpringBoot Concepts","thread_name":"scheduling-1","hostname":"Paradigma","message":"Enable true","@timestamp":"2021-07-11T21:49:09.744Z","level":"INFO","logger_name":"jorge.cardona.concepts.service.Scheduling"}
{"@version":"1","appName":"SpringBoot Concepts","thread_name":"scheduling-1","hostname":"Paradigma","message":"Name Load Properties From Yaml","@timestamp":"2021-07-11T21:49:10.749Z","level":"INFO","logger_name":"jorge.cardona.concepts.service.Scheduling"}
{"@version":"1","appName":"SpringBoot Concepts","thread_name":"scheduling-1","hostname":"Paradigma","message":"Release 13","@timestamp":"2021-07-11T21:49:10.749Z","level":"INFO","logger_name":"jorge.cardona.concepts.service.Scheduling"}
{"@version":"1","appName":"SpringBoot Concepts","thread_name":"scheduling-1","hostname":"Paradigma","message":"Enable true","@timestamp":"2021-07-11T21:49:10.749Z","level":"INFO","logger_name":"jorge.cardona.concepts.service.Scheduling"}
{"@version":"1","appName":"SpringBoot Concepts","thread_name":"scheduling-1","hostname":"Paradigma","message":"THIS IT IS A SCHEDULE TASK LOGGING 2021-07-11T21:49:11.681836300","@timestamp":"2021-07-11T21:49:11.681Z","level":"ERROR","logger_name":"jorge.cardona.concepts.service.Scheduling"}
{"@version":"1","appName":"SpringBoot Concepts","thread_name":"scheduling-1","hostname":"Paradigma","message":"Name Load Properties From Yaml","@timestamp":"2021-07-11T21:49:11.760Z","level":"INFO","logger_name":"jorge.cardona.concepts.service.Scheduling"}
{"@version":"1","appName":"SpringBoot Concepts","thread_name":"scheduling-1","hostname":"Paradigma","message":"Release 13","@timestamp":"2021-07-11T21:49:11.761Z","level":"INFO","logger_name":"jorge.cardona.concepts.service.Scheduling"}
{"@version":"1","appName":"SpringBoot Concepts","thread_name":"scheduling-1","hostname":"Paradigma","message":"Enable true","@timestamp":"2021-07-11T21:49:11.762Z","level":"INFO","logger_name":"jorge.cardona.concepts.service.Scheduling"}
{"@version":"1","appName":"SpringBoot Concepts","thread_name":"scheduling-1","hostname":"Paradigma","message":"Name Load Properties From Yaml","@timestamp":"2021-07-11T21:49:12.774Z","level":"INFO","logger_name":"jorge.cardona.concepts.service.Scheduling"}
{"@version":"1","appName":"SpringBoot Concepts","thread_name":"scheduling-1","hostname":"Paradigma","message":"Release 13","@timestamp":"2021-07-11T21:49:12.775Z","level":"INFO","logger_name":"jorge.cardona.concepts.service.Scheduling"}
{"@version":"1","appName":"SpringBoot Concepts","thread_name":"scheduling-1","hostname":"Paradigma","message":"Enable true","@timestamp":"2021-07-11T21:49:12.777Z","level":"INFO","logger_name":"jorge.cardona.concepts.service.Scheduling"}
{"@version":"1","appName":"SpringBoot Concepts","thread_name":"scheduling-1","hostname":"Paradigma","message":"Name Load Properties From Yaml","@timestamp":"2021-07-11T21:49:13.783Z","level":"INFO","logger_name":"jorge.cardona.concepts.service.Scheduling"}
{"@version":"1","appName":"SpringBoot Concepts","thread_name":"scheduling-1","hostname":"Paradigma","message":"Release 13","@timestamp":"2021-07-11T21:49:13.784Z","level":"INFO","logger_name":"jorge.cardona.concepts.service.Scheduling"}
{"@version":"1","appName":"SpringBoot Concepts","thread_name":"scheduling-1","hostname":"Paradigma","message":"Enable true","@timestamp":"2021-07-11T21:49:13.784Z","level":"INFO","logger_name":"jorge.cardona.concepts.service.Scheduling"}
{"@version":"1","appName":"SpringBoot Concepts","thread_name":"scheduling-1","hostname":"Paradigma","message":"THIS IT IS A SCHEDULE TASK LOGGING 2021-07-11T21:49:14.684214400","@timestamp":"2021-07-11T21:49:14.684Z","level":"ERROR","logger_name":"jorge.cardona.concepts.service.Scheduling"}
{"@version":"1","appName":"SpringBoot Concepts","thread_name":"scheduling-1","hostname":"Paradigma","message":"Name Load Properties From Yaml","@timestamp":"2021-07-11T21:49:14.793Z","level":"INFO","logger_name":"jorge.cardona.concepts.service.Scheduling"}
{"@version":"1","appName":"SpringBoot Concepts","thread_name":"scheduling-1","hostname":"Paradigma","message":"Release 13","@timestamp":"2021-07-11T21:49:14.793Z","level":"INFO","logger_name":"jorge.cardona.concepts.service.Scheduling"}
{"@version":"1","appName":"SpringBoot Concepts","thread_name":"scheduling-1","hostname":"Paradigma","message":"Enable true","@timestamp":"2021-07-11T21:49:14.793Z","level":"INFO","logger_name":"jorge.cardona.concepts.service.Scheduling"}
{"@version":"1","appName":"SpringBoot Concepts","thread_name":"scheduling-1","hostname":"Paradigma","message":"Name Load Properties From Yaml","@timestamp":"2021-07-11T21:49:15.798Z","level":"INFO","logger_name":"jorge.cardona.concepts.service.Scheduling"}
{"@version":"1","appName":"SpringBoot Concepts","thread_name":"scheduling-1","hostname":"Paradigma","message":"Release 13","@timestamp":"2021-07-11T21:49:15.799Z","level":"INFO","logger_name":"jorge.cardona.concepts.service.Scheduling"}
{"@version":"1","appName":"SpringBoot Concepts","thread_name":"scheduling-1","hostname":"Paradigma","message":"Enable true","@timestamp":"2021-07-11T21:49:15.799Z","level":"INFO","logger_name":"jorge.cardona.concepts.service.Scheduling"}
{"@version":"1","appName":"SpringBoot Concepts","thread_name":"scheduling-1","hostname":"Paradigma","message":"Name Load Properties From Yaml","@timestamp":"2021-07-11T21:49:16.811Z","level":"INFO","logger_name":"jorge.cardona.concepts.service.Scheduling"}
{"@version":"1","appName":"SpringBoot Concepts","thread_name":"scheduling-1","hostname":"Paradigma","message":"Release 13","@timestamp":"2021-07-11T21:49:16.812Z","level":"INFO","logger_name":"jorge.cardona.concepts.service.Scheduling"}
{"@version":"1","appName":"SpringBoot Concepts","thread_name":"scheduling-1","hostname":"Paradigma","message":"Enable true","@timestamp":"2021-07-11T21:49:16.813Z","level":"INFO","logger_name":"jorge.cardona.concepts.service.Scheduling"}
{"@version":"1","appName":"SpringBoot Concepts","thread_name":"scheduling-1","hostname":"Paradigma","message":"THIS IT IS A SCHEDULE TASK LOGGING 2021-07-11T21:49:17.688589100","@timestamp":"2021-07-11T21:49:17.688Z","level":"ERROR","logger_name":"jorge.cardona.concepts.service.Scheduling"}
{"@version":"1","appName":"SpringBoot Concepts","thread_name":"scheduling-1","hostname":"Paradigma","message":"Name Load Properties From Yaml","@timestamp":"2021-07-11T21:49:17.825Z","level":"INFO","logger_name":"jorge.cardona.concepts.service.Scheduling"}
{"@version":"1","appName":"SpringBoot Concepts","thread_name":"scheduling-1","hostname":"Paradigma","message":"Release 13","@timestamp":"2021-07-11T21:49:17.826Z","level":"INFO","logger_name":"jorge.cardona.concepts.service.Scheduling"}
{"@version":"1","appName":"SpringBoot Concepts","thread_name":"scheduling-1","hostname":"Paradigma","message":"Enable true","@timestamp":"2021-07-11T21:49:17.827Z","level":"INFO","logger_name":"jorge.cardona.concepts.service.Scheduling"}
{"@version":"1","appName":"SpringBoot Concepts","thread_name":"scheduling-1","hostname":"Paradigma","message":"Name Load Properties From Yaml","@timestamp":"2021-07-11T21:49:18.829Z","level":"INFO","logger_name":"jorge.cardona.concepts.service.Scheduling"}
{"@version":"1","appName":"SpringBoot Concepts","thread_name":"scheduling-1","hostname":"Paradigma","message":"Release 13","@timestamp":"2021-07-11T21:49:18.829Z","level":"INFO","logger_name":"jorge.cardona.concepts.service.Scheduling"}
{"@version":"1","appName":"SpringBoot Concepts","thread_name":"scheduling-1","hostname":"Paradigma","message":"Enable true","@timestamp":"2021-07-11T21:49:18.831Z","level":"INFO","logger_name":"jorge.cardona.concepts.service.Scheduling"}
{"@version":"1","appName":"SpringBoot Concepts","thread_name":"scheduling-1","hostname":"Paradigma","message":"Name Load Properties From Yaml","@timestamp":"2021-07-11T21:49:19.835Z","level":"INFO","logger_name":"jorge.cardona.concepts.service.Scheduling"}
{"@version":"1","appName":"SpringBoot Concepts","thread_name":"scheduling-1","hostname":"Paradigma","message":"Release 13","@timestamp":"2021-07-11T21:49:19.835Z","level":"INFO","logger_name":"jorge.cardona.concepts.service.Scheduling"}
{"@version":"1","appName":"SpringBoot Concepts","thread_name":"scheduling-1","hostname":"Paradigma","message":"Enable true","@timestamp":"2021-07-11T21:49:19.835Z","level":"INFO","logger_name":"jorge.cardona.concepts.service.Scheduling"}
{"@version":"1","appName":"SpringBoot Concepts","thread_name":"scheduling-1","hostname":"Paradigma","message":"THIS IT IS A SCHEDULE TASK LOGGING 2021-07-11T21:49:20.700699600","@timestamp":"2021-07-11T21:49:20.700Z","level":"ERROR","logger_name":"jorge.cardona.concepts.service.Scheduling"}
{"@version":"1","appName":"SpringBoot Concepts","thread_name":"scheduling-1","hostname":"Paradigma","message":"Name Load Properties From Yaml","@timestamp":"2021-07-11T21:49:20.841Z","level":"INFO","logger_name":"jorge.cardona.concepts.service.Scheduling"}
{"@version":"1","appName":"SpringBoot Concepts","thread_name":"scheduling-1","hostname":"Paradigma","message":"Release 13","@timestamp":"2021-07-11T21:49:20.841Z","level":"INFO","logger_name":"jorge.cardona.concepts.service.Scheduling"}
{"@version":"1","appName":"SpringBoot Concepts","thread_name":"scheduling-1","hostname":"Paradigma","message":"Enable true","@timestamp":"2021-07-11T21:49:20.841Z","level":"INFO","logger_name":"jorge.cardona.concepts.service.Scheduling"}
{"@version":"1","appName":"SpringBoot Concepts","thread_name":"scheduling-1","hostname":"Paradigma","message":"Name Load Properties From Yaml","@timestamp":"2021-07-11T21:49:21.842Z","level":"INFO","logger_name":"jorge.cardona.concepts.service.Scheduling"}
{"@version":"1","appName":"SpringBoot Concepts","thread_name":"scheduling-1","hostname":"Paradigma","message":"Release 13","@timestamp":"2021-07-11T21:49:21.842Z","level":"INFO","logger_name":"jorge.cardona.concepts.service.Scheduling"}
{"@version":"1","appName":"SpringBoot Concepts","thread_name":"scheduling-1","hostname":"Paradigma","message":"Enable true","@timestamp":"2021-07-11T21:49:21.842Z","level":"INFO","logger_name":"jorge.cardona.concepts.service.Scheduling"}
{"@version":"1","appName":"SpringBoot Concepts","thread_name":"scheduling-1","hostname":"Paradigma","message":"Name Load Properties From Yaml","@timestamp":"2021-07-11T21:49:22.846Z","level":"INFO","logger_name":"jorge.cardona.concepts.service.Scheduling"}
{"@version":"1","appName":"SpringBoot Concepts","thread_name":"scheduling-1","hostname":"Paradigma","message":"Release 13","@timestamp":"2021-07-11T21:49:22.846Z","level":"INFO","logger_name":"jorge.cardona.concepts.service.Scheduling"}
{"@version":"1","appName":"SpringBoot Concepts","thread_name":"scheduling-1","hostname":"Paradigma","message":"Enable true","@timestamp":"2021-07-11T21:49:22.846Z","level":"INFO","logger_name":"jorge.cardona.concepts.service.Scheduling"}
{"@version":"1","appName":"SpringBoot Concepts","thread_name":"scheduling-1","hostname":"Paradigma","message":"THIS IT IS A SCHEDULE TASK LOGGING 2021-07-11T21:49:23.707027900","@timestamp":"2021-07-11T21:49:23.707Z","level":"ERROR","logger_name":"jorge.cardona.concepts.service.Scheduling"}
{"@version":"1","appName":"SpringBoot Concepts","thread_name":"scheduling-1","hostname":"Paradigma","message":"Name Load Properties From Yaml","@timestamp":"2021-07-11T21:49:23.861Z","level":"INFO","logger_name":"jorge.cardona.concepts.service.Scheduling"}
{"@version":"1","appName":"SpringBoot Concepts","thread_name":"scheduling-1","hostname":"Paradigma","message":"Release 13","@timestamp":"2021-07-11T21:49:23.862Z","level":"INFO","logger_name":"jorge.cardona.concepts.service.Scheduling"}
{"@version":"1","appName":"SpringBoot Concepts","thread_name":"scheduling-1","hostname":"Paradigma","message":"Enable true","@timestamp":"2021-07-11T21:49:23.862Z","level":"INFO","logger_name":"jorge.cardona.concepts.service.Scheduling"}
{"@version":"1","appName":"SpringBoot Concepts","thread_name":"scheduling-1","hostname":"Paradigma","message":"Name Load Properties From Yaml","@timestamp":"2021-07-11T21:49:24.875Z","level":"INFO","logger_name":"jorge.cardona.concepts.service.Scheduling"}
{"@version":"1","appName":"SpringBoot Concepts","thread_name":"scheduling-1","hostname":"Paradigma","message":"Release 13","@timestamp":"2021-07-11T21:49:24.875Z","level":"INFO","logger_name":"jorge.cardona.concepts.service.Scheduling"}
{"@version":"1","appName":"SpringBoot Concepts","thread_name":"scheduling-1","hostname":"Paradigma","message":"Enable true","@timestamp":"2021-07-11T21:49:24.876Z","level":"INFO","logger_name":"jorge.cardona.concepts.service.Scheduling"}
{"@version":"1","appName":"SpringBoot Concepts","thread_name":"scheduling-1","hostname":"Paradigma","message":"Name Load Properties From Yaml","@timestamp":"2021-07-11T21:49:25.878Z","level":"INFO","logger_name":"jorge.cardona.concepts.service.Scheduling"}
{"@version":"1","appName":"SpringBoot Concepts","thread_name":"scheduling-1","hostname":"Paradigma","message":"Release 13","@timestamp":"2021-07-11T21:49:25.878Z","level":"INFO","logger_name":"jorge.cardona.concepts.service.Scheduling"}
{"@version":"1","appName":"SpringBoot Concepts","thread_name":"scheduling-1","hostname":"Paradigma","message":"Enable true","@timestamp":"2021-07-11T21:49:25.878Z","level":"INFO","logger_name":"jorge.cardona.concepts.service.Scheduling"}
{"@version":"1","appName":"SpringBoot Concepts","thread_name":"scheduling-1","hostname":"Paradigma","message":"THIS IT IS A SCHEDULE TASK LOGGING 2021-07-11T21:49:26.714450700","@timestamp":"2021-07-11T21:49:26.714Z","level":"ERROR","logger_name":"jorge.cardona.concepts.service.Scheduling"}
{"@version":"1","appName":"SpringBoot Concepts","thread_name":"scheduling-1","hostname":"Paradigma","message":"Name Load Properties From Yaml","@timestamp":"2021-07-11T21:49:26.884Z","level":"INFO","logger_name":"jorge.cardona.concepts.service.Scheduling"}
{"@version":"1","appName":"SpringBoot Concepts","thread_name":"scheduling-1","hostname":"Paradigma","message":"Release 13","@timestamp":"2021-07-11T21:49:26.884Z","level":"INFO","logger_name":"jorge.cardona.concepts.service.Scheduling"}
{"@version":"1","appName":"SpringBoot Concepts","thread_name":"scheduling-1","hostname":"Paradigma","message":"Enable true","@timestamp":"2021-07-11T21:49:26.884Z","level":"INFO","logger_name":"jorge.cardona.concepts.service.Scheduling"}
{"@version":"1","appName":"SpringBoot Concepts","thread_name":"scheduling-1","hostname":"Paradigma","message":"Name Load Properties From Yaml","@timestamp":"2021-07-11T21:49:27.886Z","level":"INFO","logger_name":"jorge.cardona.concepts.service.Scheduling"}
{"@version":"1","appName":"SpringBoot Concepts","thread_name":"scheduling-1","hostname":"Paradigma","message":"Release 13","@timestamp":"2021-07-11T21:49:27.886Z","level":"INFO","logger_name":"jorge.cardona.concepts.service.Scheduling"}
{"@version":"1","appName":"SpringBoot Concepts","thread_name":"scheduling-1","hostname":"Paradigma","message":"Enable true","@timestamp":"2021-07-11T21:49:27.887Z","level":"INFO","logger_name":"jorge.cardona.concepts.service.Scheduling"}
{"@version":"1","appName":"SpringBoot Concepts","thread_name":"scheduling-1","hostname":"Paradigma","message":"Name Load Properties From Yaml","@timestamp":"2021-07-11T21:49:28.892Z","level":"INFO","logger_name":"jorge.cardona.concepts.service.Scheduling"}
{"@version":"1","appName":"SpringBoot Concepts","thread_name":"scheduling-1","hostname":"Paradigma","message":"Release 13","@timestamp":"2021-07-11T21:49:28.893Z","level":"INFO","logger_name":"jorge.cardona.concepts.service.Scheduling"}
{"@version":"1","appName":"SpringBoot Concepts","thread_name":"scheduling-1","hostname":"Paradigma","message":"Enable true","@timestamp":"2021-07-11T21:49:28.893Z","level":"INFO","logger_name":"jorge.cardona.concepts.service.Scheduling"}
{"@version":"1","appName":"SpringBoot Concepts","thread_name":"scheduling-1","hostname":"Paradigma","message":"THIS IT IS A SCHEDULE TASK LOGGING 2021-07-11T21:49:29.727825800","@timestamp":"2021-07-11T21:49:29.727Z","level":"ERROR","logger_name":"jorge.cardona.concepts.service.Scheduling"}
{"@version":"1","appName":"SpringBoot Concepts","thread_name":"scheduling-1","hostname":"Paradigma","message":"Name Load Properties From Yaml","@timestamp":"2021-07-11T21:49:29.898Z","level":"INFO","logger_name":"jorge.cardona.concepts.service.Scheduling"}
{"@version":"1","appName":"SpringBoot Concepts","thread_name":"scheduling-1","hostname":"Paradigma","message":"Release 13","@timestamp":"2021-07-11T21:49:29.899Z","level":"INFO","logger_name":"jorge.cardona.concepts.service.Scheduling"}
{"@version":"1","appName":"SpringBoot Concepts","thread_name":"scheduling-1","hostname":"Paradigma","message":"Enable true","@timestamp":"2021-07-11T21:49:29.899Z","level":"INFO","logger_name":"jorge.cardona.concepts.service.Scheduling"}
{"@version":"1","appName":"SpringBoot Concepts","thread_name":"scheduling-1","hostname":"Paradigma","message":"Name Load Properties From Yaml","@timestamp":"2021-07-11T21:49:30.908Z","level":"INFO","logger_name":"jorge.cardona.concepts.service.Scheduling"}
{"@version":"1","appName":"SpringBoot Concepts","thread_name":"scheduling-1","hostname":"Paradigma","message":"Release 13","@timestamp":"2021-07-11T21:49:30.908Z","level":"INFO","logger_name":"jorge.cardona.concepts.service.Scheduling"}
{"@version":"1","appName":"SpringBoot Concepts","thread_name":"scheduling-1","hostname":"Paradigma","message":"Enable true","@timestamp":"2021-07-11T21:49:30.908Z","level":"INFO","logger_name":"jorge.cardona.concepts.service.Scheduling"}
{"@version":"1","appName":"SpringBoot Concepts","thread_name":"scheduling-1","hostname":"Paradigma","message":"Name Load Properties From Yaml","@timestamp":"2021-07-11T21:49:31.910Z","level":"INFO","logger_name":"jorge.cardona.concepts.service.Scheduling"}
{"@version":"1","appName":"SpringBoot Concepts","thread_name":"scheduling-1","hostname":"Paradigma","message":"Release 13","@timestamp":"2021-07-11T21:49:31.910Z","level":"INFO","logger_name":"jorge.cardona.concepts.service.Scheduling"}
{"@version":"1","appName":"SpringBoot Concepts","thread_name":"scheduling-1","hostname":"Paradigma","message":"Enable true","@timestamp":"2021-07-11T21:49:31.910Z","level":"INFO","logger_name":"jorge.cardona.concepts.service.Scheduling"}
{"@version":"1","appName":"SpringBoot Concepts","thread_name":"scheduling-1","hostname":"Paradigma","message":"THIS IT IS A SCHEDULE TASK LOGGING 2021-07-11T21:49:32.734595","@timestamp":"2021-07-11T21:49:32.734Z","level":"ERROR","logger_name":"jorge.cardona.concepts.service.Scheduling"}
{"@version":"1","appName":"SpringBoot Concepts","thread_name":"scheduling-1","hostname":"Paradigma","message":"Name Load Properties From Yaml","@timestamp":"2021-07-11T21:49:32.922Z","level":"INFO","logger_name":"jorge.cardona.concepts.service.Scheduling"}
{"@version":"1","appName":"SpringBoot Concepts","thread_name":"scheduling-1","hostname":"Paradigma","message":"Release 13","@timestamp":"2021-07-11T21:49:32.922Z","level":"INFO","logger_name":"jorge.cardona.concepts.service.Scheduling"}
{"@version":"1","appName":"SpringBoot Concepts","thread_name":"scheduling-1","hostname":"Paradigma","message":"Enable true","@timestamp":"2021-07-11T21:49:32.922Z","level":"INFO","logger_name":"jorge.cardona.concepts.service.Scheduling"}
{"@version":"1","appName":"SpringBoot Concepts","thread_name":"scheduling-1","hostname":"Paradigma","message":"Name Load Properties From Yaml","@timestamp":"2021-07-11T21:49:33.933Z","level":"INFO","logger_name":"jorge.cardona.concepts.service.Scheduling"}
{"@version":"1","appName":"SpringBoot Concepts","thread_name":"scheduling-1","hostname":"Paradigma","message":"Release 13","@timestamp":"2021-07-11T21:49:33.933Z","level":"INFO","logger_name":"jorge.cardona.concepts.service.Scheduling"}
{"@version":"1","appName":"SpringBoot Concepts","thread_name":"scheduling-1","hostname":"Paradigma","message":"Enable true","@timestamp":"2021-07-11T21:49:33.933Z","level":"INFO","logger_name":"jorge.cardona.concepts.service.Scheduling"}
{"@version":"1","appName":"SpringBoot Concepts","thread_name":"scheduling-1","hostname":"Paradigma","message":"Name Load Properties From Yaml","@timestamp":"2021-07-11T21:49:34.943Z","level":"INFO","logger_name":"jorge.cardona.concepts.service.Scheduling"}
{"@version":"1","appName":"SpringBoot Concepts","thread_name":"scheduling-1","hostname":"Paradigma","message":"Release 13","@timestamp":"2021-07-11T21:49:34.943Z","level":"INFO","logger_name":"jorge.cardona.concepts.service.Scheduling"}
{"@version":"1","appName":"SpringBoot Concepts","thread_name":"scheduling-1","hostname":"Paradigma","message":"Enable true","@timestamp":"2021-07-11T21:49:34.943Z","level":"INFO","logger_name":"jorge.cardona.concepts.service.Scheduling"}
{"@version":"1","appName":"SpringBoot Concepts","thread_name":"scheduling-1","hostname":"Paradigma","message":"THIS IT IS A SCHEDULE TASK LOGGING 2021-07-11T21:49:35.745288800","@timestamp":"2021-07-11T21:49:35.745Z","level":"ERROR","logger_name":"jorge.cardona.concepts.service.Scheduling"}
{"@version":"1","appName":"SpringBoot Concepts","thread_name":"scheduling-1","hostname":"Paradigma","message":"Name Load Properties From Yaml","@timestamp":"2021-07-11T21:49:35.947Z","level":"INFO","logger_name":"jorge.cardona.concepts.service.Scheduling"}
{"@version":"1","appName":"SpringBoot Concepts","thread_name":"scheduling-1","hostname":"Paradigma","message":"Release 13","@timestamp":"2021-07-11T21:49:35.948Z","level":"INFO","logger_name":"jorge.cardona.concepts.service.Scheduling"}
{"@version":"1","appName":"SpringBoot Concepts","thread_name":"scheduling-1","hostname":"Paradigma","message":"Enable true","@timestamp":"2021-07-11T21:49:35.948Z","level":"INFO","logger_name":"jorge.cardona.concepts.service.Scheduling"}
{"@version":"1","appName":"SpringBoot Concepts","thread_name":"scheduling-1","hostname":"Paradigma","message":"Name Load Properties From Yaml","@timestamp":"2021-07-11T21:49:36.955Z","level":"INFO","logger_name":"jorge.cardona.concepts.service.Scheduling"}
{"@version":"1","appName":"SpringBoot Concepts","thread_name":"scheduling-1","hostname":"Paradigma","message":"Release 13","@timestamp":"2021-07-11T21:49:36.955Z","level":"INFO","logger_name":"jorge.cardona.concepts.service.Scheduling"}
{"@version":"1","appName":"SpringBoot Concepts","thread_name":"scheduling-1","hostname":"Paradigma","message":"Enable true","@timestamp":"2021-07-11T21:49:36.955Z","level":"INFO","logger_name":"jorge.cardona.concepts.service.Scheduling"}
{"@version":"1","appName":"SpringBoot Concepts","thread_name":"scheduling-1","hostname":"Paradigma","message":"Name Load Properties From Yaml","@timestamp":"2021-07-11T21:49:37.960Z","level":"INFO","logger_name":"jorge.cardona.concepts.service.Scheduling"}
{"@version":"1","appName":"SpringBoot Concepts","thread_name":"scheduling-1","hostname":"Paradigma","message":"Release 13","@timestamp":"2021-07-11T21:49:37.960Z","level":"INFO","logger_name":"jorge.cardona.concepts.service.Scheduling"}
{"@version":"1","appName":"SpringBoot Concepts","thread_name":"scheduling-1","hostname":"Paradigma","message":"Enable true","@timestamp":"2021-07-11T21:49:37.960Z","level":"INFO","logger_name":"jorge.cardona.concepts.service.Scheduling"}
{"@version":"1","appName":"SpringBoot Concepts","thread_name":"scheduling-1","hostname":"Paradigma","message":"THIS IT IS A SCHEDULE TASK LOGGING 2021-07-11T21:49:38.747179500","@timestamp":"2021-07-11T21:49:38.747Z","level":"ERROR","logger_name":"jorge.cardona.concepts.service.Scheduling"}
{"@version":"1","appName":"SpringBoot Concepts","thread_name":"scheduling-1","hostname":"Paradigma","message":"Name Load Properties From Yaml","@timestamp":"2021-07-11T21:49:38.966Z","level":"INFO","logger_name":"jorge.cardona.concepts.service.Scheduling"}
{"@version":"1","appName":"SpringBoot Concepts","thread_name":"scheduling-1","hostname":"Paradigma","message":"Release 13","@timestamp":"2021-07-11T21:49:38.966Z","level":"INFO","logger_name":"jorge.cardona.concepts.service.Scheduling"}
{"@version":"1","appName":"SpringBoot Concepts","thread_name":"scheduling-1","hostname":"Paradigma","message":"Enable true","@timestamp":"2021-07-11T21:49:38.967Z","level":"INFO","logger_name":"jorge.cardona.concepts.service.Scheduling"}
{"@version":"1","appName":"SpringBoot Concepts","thread_name":"scheduling-1","hostname":"Paradigma","message":"Name Load Properties From Yaml","@timestamp":"2021-07-11T21:49:39.968Z","level":"INFO","logger_name":"jorge.cardona.concepts.service.Scheduling"}
{"@version":"1","appName":"SpringBoot Concepts","thread_name":"scheduling-1","hostname":"Paradigma","message":"Release 13","@timestamp":"2021-07-11T21:49:39.968Z","level":"INFO","logger_name":"jorge.cardona.concepts.service.Scheduling"}
{"@version":"1","appName":"SpringBoot Concepts","thread_name":"scheduling-1","hostname":"Paradigma","message":"Enable true","@timestamp":"2021-07-11T21:49:39.968Z","level":"INFO","logger_name":"jorge.cardona.concepts.service.Scheduling"}
{"@version":"1","appName":"SpringBoot Concepts","thread_name":"scheduling-1","hostname":"Paradigma","message":"Name Load Properties From Yaml","@timestamp":"2021-07-11T21:49:40.981Z","level":"INFO","logger_name":"jorge.cardona.concepts.service.Scheduling"}
{"@version":"1","appName":"SpringBoot Concepts","thread_name":"scheduling-1","hostname":"Paradigma","message":"Release 13","@timestamp":"2021-07-11T21:49:40.982Z","level":"INFO","logger_name":"jorge.cardona.concepts.service.Scheduling"}
{"@version":"1","appName":"SpringBoot Concepts","thread_name":"scheduling-1","hostname":"Paradigma","message":"Enable true","@timestamp":"2021-07-11T21:49:40.982Z","level":"INFO","logger_name":"jorge.cardona.concepts.service.Scheduling"}
{"@version":"1","appName":"SpringBoot Concepts","thread_name":"scheduling-1","hostname":"Paradigma","message":"THIS IT IS A SCHEDULE TASK LOGGING 2021-07-11T21:49:41.755909400","@timestamp":"2021-07-11T21:49:41.755Z","level":"ERROR","logger_name":"jorge.cardona.concepts.service.Scheduling"}
{"@version":"1","appName":"SpringBoot Concepts","thread_name":"scheduling-1","hostname":"Paradigma","message":"Name Load Properties From Yaml","@timestamp":"2021-07-11T21:49:41.993Z","level":"INFO","logger_name":"jorge.cardona.concepts.service.Scheduling"}
{"@version":"1","appName":"SpringBoot Concepts","thread_name":"scheduling-1","hostname":"Paradigma","message":"Release 13","@timestamp":"2021-07-11T21:49:41.993Z","level":"INFO","logger_name":"jorge.cardona.concepts.service.Scheduling"}
{"@version":"1","appName":"SpringBoot Concepts","thread_name":"scheduling-1","hostname":"Paradigma","message":"Enable true","@timestamp":"2021-07-11T21:49:41.993Z","level":"INFO","logger_name":"jorge.cardona.concepts.service.Scheduling"}
{"@version":"1","appName":"SpringBoot Concepts","thread_name":"scheduling-1","hostname":"Paradigma","message":"Name Load Properties From Yaml","@timestamp":"2021-07-11T21:49:42.998Z","level":"INFO","logger_name":"jorge.cardona.concepts.service.Scheduling"}
{"@version":"1","appName":"SpringBoot Concepts","thread_name":"scheduling-1","hostname":"Paradigma","message":"Release 13","@timestamp":"2021-07-11T21:49:42.998Z","level":"INFO","logger_name":"jorge.cardona.concepts.service.Scheduling"}
{"@version":"1","appName":"SpringBoot Concepts","thread_name":"scheduling-1","hostname":"Paradigma","message":"Enable true","@timestamp":"2021-07-11T21:49:42.998Z","level":"INFO","logger_name":"jorge.cardona.concepts.service.Scheduling"}
{"@version":"1","appName":"SpringBoot Concepts","thread_name":"scheduling-1","hostname":"Paradigma","message":"Name Load Properties From Yaml","@timestamp":"2021-07-11T21:49:44.013Z","level":"INFO","logger_name":"jorge.cardona.concepts.service.Scheduling"}
{"@version":"1","appName":"SpringBoot Concepts","thread_name":"scheduling-1","hostname":"Paradigma","message":"Release 13","@timestamp":"2021-07-11T21:49:44.013Z","level":"INFO","logger_name":"jorge.cardona.concepts.service.Scheduling"}
{"@version":"1","appName":"SpringBoot Concepts","thread_name":"scheduling-1","hostname":"Paradigma","message":"Enable true","@timestamp":"2021-07-11T21:49:44.013Z","level":"INFO","logger_name":"jorge.cardona.concepts.service.Scheduling"}
{"@version":"1","appName":"SpringBoot Concepts","thread_name":"scheduling-1","hostname":"Paradigma","message":"THIS IT IS A SCHEDULE TASK LOGGING 2021-07-11T21:49:44.762031500","@timestamp":"2021-07-11T21:49:44.762Z","level":"ERROR","logger_name":"jorge.cardona.concepts.service.Scheduling"}
{"@version":"1","appName":"SpringBoot Concepts","thread_name":"scheduling-1","hostname":"Paradigma","message":"Name Load Properties From Yaml","@timestamp":"2021-07-11T21:49:45.023Z","level":"INFO","logger_name":"jorge.cardona.concepts.service.Scheduling"}
{"@version":"1","appName":"SpringBoot Concepts","thread_name":"scheduling-1","hostname":"Paradigma","message":"Release 13","@timestamp":"2021-07-11T21:49:45.023Z","level":"INFO","logger_name":"jorge.cardona.concepts.service.Scheduling"}
{"@version":"1","appName":"SpringBoot Concepts","thread_name":"scheduling-1","hostname":"Paradigma","message":"Enable true","@timestamp":"2021-07-11T21:49:45.023Z","level":"INFO","logger_name":"jorge.cardona.concepts.service.Scheduling"}
{"@version":"1","appName":"SpringBoot Concepts","thread_name":"scheduling-1","hostname":"Paradigma","message":"Name Load Properties From Yaml","@timestamp":"2021-07-11T21:49:46.029Z","level":"INFO","logger_name":"jorge.cardona.concepts.service.Scheduling"}
{"@version":"1","appName":"SpringBoot Concepts","thread_name":"scheduling-1","hostname":"Paradigma","message":"Release 13","@timestamp":"2021-07-11T21:49:46.029Z","level":"INFO","logger_name":"jorge.cardona.concepts.service.Scheduling"}
{"@version":"1","appName":"SpringBoot Concepts","thread_name":"scheduling-1","hostname":"Paradigma","message":"Enable true","@timestamp":"2021-07-11T21:49:46.029Z","level":"INFO","logger_name":"jorge.cardona.concepts.service.Scheduling"}
{"@version":"1","appName":"SpringBoot Concepts","thread_name":"scheduling-1","hostname":"Paradigma","message":"Name Load Properties From Yaml","@timestamp":"2021-07-11T21:49:47.031Z","level":"INFO","logger_name":"jorge.cardona.concepts.service.Scheduling"}
{"@version":"1","appName":"SpringBoot Concepts","thread_name":"scheduling-1","hostname":"Paradigma","message":"Release 13","@timestamp":"2021-07-11T21:49:47.031Z","level":"INFO","logger_name":"jorge.cardona.concepts.service.Scheduling"}
{"@version":"1","appName":"SpringBoot Concepts","thread_name":"scheduling-1","hostname":"Paradigma","message":"Enable true","@timestamp":"2021-07-11T21:49:47.031Z","level":"INFO","logger_name":"jorge.cardona.concepts.service.Scheduling"}
{"@version":"1","appName":"SpringBoot Concepts","thread_name":"scheduling-1","hostname":"Paradigma","message":"THIS IT IS A SCHEDULE TASK LOGGING 2021-07-11T21:49:47.767047600","@timestamp":"2021-07-11T21:49:47.767Z","level":"ERROR","logger_name":"jorge.cardona.concepts.service.Scheduling"}
{"@version":"1","appName":"SpringBoot Concepts","thread_name":"scheduling-1","hostname":"Paradigma","message":"Name Load Properties From Yaml","@timestamp":"2021-07-11T21:49:48.042Z","level":"INFO","logger_name":"jorge.cardona.concepts.service.Scheduling"}
{"@version":"1","appName":"SpringBoot Concepts","thread_name":"scheduling-1","hostname":"Paradigma","message":"Release 13","@timestamp":"2021-07-11T21:49:48.042Z","level":"INFO","logger_name":"jorge.cardona.concepts.service.Scheduling"}
{"@version":"1","appName":"SpringBoot Concepts","thread_name":"scheduling-1","hostname":"Paradigma","message":"Enable true","@timestamp":"2021-07-11T21:49:48.042Z","level":"INFO","logger_name":"jorge.cardona.concepts.service.Scheduling"}
{"@version":"1","appName":"SpringBoot Concepts","thread_name":"scheduling-1","hostname":"Paradigma","message":"Name Load Properties From Yaml","@timestamp":"2021-07-11T21:49:49.052Z","level":"INFO","logger_name":"jorge.cardona.concepts.service.Scheduling"}
{"@version":"1","appName":"SpringBoot Concepts","thread_name":"scheduling-1","hostname":"Paradigma","message":"Release 13","@timestamp":"2021-07-11T21:49:49.052Z","level":"INFO","logger_name":"jorge.cardona.concepts.service.Scheduling"}
{"@version":"1","appName":"SpringBoot Concepts","thread_name":"scheduling-1","hostname":"Paradigma","message":"Enable true","@timestamp":"2021-07-11T21:49:49.053Z","level":"INFO","logger_name":"jorge.cardona.concepts.service.Scheduling"}
{"@version":"1","appName":"SpringBoot Concepts","thread_name":"scheduling-1","hostname":"Paradigma","message":"Name Load Properties From Yaml","@timestamp":"2021-07-11T21:49:50.062Z","level":"INFO","logger_name":"jorge.cardona.concepts.service.Scheduling"}
{"@version":"1","appName":"SpringBoot Concepts","thread_name":"scheduling-1","hostname":"Paradigma","message":"Release 13","@timestamp":"2021-07-11T21:49:50.062Z","level":"INFO","logger_name":"jorge.cardona.concepts.service.Scheduling"}
{"@version":"1","appName":"SpringBoot Concepts","thread_name":"scheduling-1","hostname":"Paradigma","message":"Enable true","@timestamp":"2021-07-11T21:49:50.062Z","level":"INFO","logger_name":"jorge.cardona.concepts.service.Scheduling"}
{"@version":"1","appName":"SpringBoot Concepts","thread_name":"scheduling-1","hostname":"Paradigma","message":"THIS IT IS A SCHEDULE TASK LOGGING 2021-07-11T21:49:50.770185900","@timestamp":"2021-07-11T21:49:50.770Z","level":"ERROR","logger_name":"jorge.cardona.concepts.service.Scheduling"}
{"@version":"1","appName":"SpringBoot Concepts","thread_name":"scheduling-1","hostname":"Paradigma","message":"Name Load Properties From Yaml","@timestamp":"2021-07-11T21:49:51.077Z","level":"INFO","logger_name":"jorge.cardona.concepts.service.Scheduling"}
{"@version":"1","appName":"SpringBoot Concepts","thread_name":"scheduling-1","hostname":"Paradigma","message":"Release 13","@timestamp":"2021-07-11T21:49:51.077Z","level":"INFO","logger_name":"jorge.cardona.concepts.service.Scheduling"}
{"@version":"1","appName":"SpringBoot Concepts","thread_name":"scheduling-1","hostname":"Paradigma","message":"Enable true","@timestamp":"2021-07-11T21:49:51.077Z","level":"INFO","logger_name":"jorge.cardona.concepts.service.Scheduling"}
{"@version":"1","appName":"SpringBoot Concepts","thread_name":"scheduling-1","hostname":"Paradigma","message":"Name Load Properties From Yaml","@timestamp":"2021-07-11T21:49:52.086Z","level":"INFO","logger_name":"jorge.cardona.concepts.service.Scheduling"}
{"@version":"1","appName":"SpringBoot Concepts","thread_name":"scheduling-1","hostname":"Paradigma","message":"Release 13","@timestamp":"2021-07-11T21:49:52.086Z","level":"INFO","logger_name":"jorge.cardona.concepts.service.Scheduling"}
{"@version":"1","appName":"SpringBoot Concepts","thread_name":"scheduling-1","hostname":"Paradigma","message":"Enable true","@timestamp":"2021-07-11T21:49:52.087Z","level":"INFO","logger_name":"jorge.cardona.concepts.service.Scheduling"}
{"@version":"1","appName":"SpringBoot Concepts","thread_name":"scheduling-1","hostname":"Paradigma","message":"Name Load Properties From Yaml","@timestamp":"2021-07-11T21:49:53.097Z","level":"INFO","logger_name":"jorge.cardona.concepts.service.Scheduling"}
{"@version":"1","appName":"SpringBoot Concepts","thread_name":"scheduling-1","hostname":"Paradigma","message":"Release 13","@timestamp":"2021-07-11T21:49:53.097Z","level":"INFO","logger_name":"jorge.cardona.concepts.service.Scheduling"}
{"@version":"1","appName":"SpringBoot Concepts","thread_name":"scheduling-1","hostname":"Paradigma","message":"Enable true","@timestamp":"2021-07-11T21:49:53.097Z","level":"INFO","logger_name":"jorge.cardona.concepts.service.Scheduling"}
{"@version":"1","appName":"SpringBoot Concepts","thread_name":"scheduling-1","hostname":"Paradigma","message":"THIS IT IS A SCHEDULE TASK LOGGING 2021-07-11T21:49:53.777807200","@timestamp":"2021-07-11T21:49:53.777Z","level":"ERROR","logger_name":"jorge.cardona.concepts.service.Scheduling"}
{"@version":"1","appName":"SpringBoot Concepts","thread_name":"scheduling-1","hostname":"Paradigma","message":"Name Load Properties From Yaml","@timestamp":"2021-07-11T21:49:54.116Z","level":"INFO","logger_name":"jorge.cardona.concepts.service.Scheduling"}
{"@version":"1","appName":"SpringBoot Concepts","thread_name":"scheduling-1","hostname":"Paradigma","message":"Release 13","@timestamp":"2021-07-11T21:49:54.132Z","level":"INFO","logger_name":"jorge.cardona.concepts.service.Scheduling"}
{"@version":"1","appName":"SpringBoot Concepts","thread_name":"scheduling-1","hostname":"Paradigma","message":"Enable true","@timestamp":"2021-07-11T21:49:54.133Z","level":"INFO","logger_name":"jorge.cardona.concepts.service.Scheduling"}
{"@version":"1","appName":"SpringBoot Concepts","thread_name":"scheduling-1","hostname":"Paradigma","message":"Name Load Properties From Yaml","@timestamp":"2021-07-11T21:49:55.533Z","level":"INFO","logger_name":"jorge.cardona.concepts.service.Scheduling"}
{"@version":"1","appName":"SpringBoot Concepts","thread_name":"scheduling-1","hostname":"Paradigma","message":"Release 13","@timestamp":"2021-07-11T21:49:55.550Z","level":"INFO","logger_name":"jorge.cardona.concepts.service.Scheduling"}
{"@version":"1","appName":"SpringBoot Concepts","thread_name":"scheduling-1","hostname":"Paradigma","message":"Enable true","@timestamp":"2021-07-11T21:49:55.581Z","level":"INFO","logger_name":"jorge.cardona.concepts.service.Scheduling"}
{"@version":"1","appName":"SpringBoot Concepts","thread_name":"scheduling-1","hostname":"Paradigma","message":"Name Load Properties From Yaml","@timestamp":"2021-07-11T21:49:56.750Z","level":"INFO","logger_name":"jorge.cardona.concepts.service.Scheduling"}
{"@version":"1","appName":"SpringBoot Concepts","thread_name":"scheduling-1","hostname":"Paradigma","message":"Release 13","@timestamp":"2021-07-11T21:49:56.752Z","level":"INFO","logger_name":"jorge.cardona.concepts.service.Scheduling"}
{"@version":"1","appName":"SpringBoot Concepts","thread_name":"scheduling-1","hostname":"Paradigma","message":"Enable true","@timestamp":"2021-07-11T21:49:56.752Z","level":"INFO","logger_name":"jorge.cardona.concepts.service.Scheduling"}
{"@version":"1","appName":"SpringBoot Concepts","thread_name":"scheduling-1","hostname":"Paradigma","message":"THIS IT IS A SCHEDULE TASK LOGGING 2021-07-11T21:49:56.975431200","@timestamp":"2021-07-11T21:49:56.975Z","level":"ERROR","logger_name":"jorge.cardona.concepts.service.Scheduling"}
{"@version":"1","appName":"SpringBoot Concepts","thread_name":"scheduling-1","hostname":"Paradigma","message":"Name Load Properties From Yaml","@timestamp":"2021-07-11T21:49:58.149Z","level":"INFO","logger_name":"jorge.cardona.concepts.service.Scheduling"}
{"@version":"1","appName":"SpringBoot Concepts","thread_name":"scheduling-1","hostname":"Paradigma","message":"Release 13","@timestamp":"2021-07-11T21:49:58.153Z","level":"INFO","logger_name":"jorge.cardona.concepts.service.Scheduling"}
{"@version":"1","appName":"SpringBoot Concepts","thread_name":"scheduling-1","hostname":"Paradigma","message":"Enable true","@timestamp":"2021-07-11T21:49:58.162Z","level":"INFO","logger_name":"jorge.cardona.concepts.service.Scheduling"}
{"@version":"1","appName":"SpringBoot Concepts","thread_name":"scheduling-1","hostname":"Paradigma","message":"Name Load Properties From Yaml","@timestamp":"2021-07-11T21:49:59.403Z","level":"INFO","logger_name":"jorge.cardona.concepts.service.Scheduling"}
{"@version":"1","appName":"SpringBoot Concepts","thread_name":"scheduling-1","hostname":"Paradigma","message":"Release 13","@timestamp":"2021-07-11T21:49:59.409Z","level":"INFO","logger_name":"jorge.cardona.concepts.service.Scheduling"}
{"@version":"1","appName":"SpringBoot Concepts","thread_name":"scheduling-1","hostname":"Paradigma","message":"Enable true","@timestamp":"2021-07-11T21:49:59.412Z","level":"INFO","logger_name":"jorge.cardona.concepts.service.Scheduling"}
{"@version":"1","appName":"SpringBoot Concepts","thread_name":"scheduling-1","hostname":"Paradigma","message":"THIS IT IS A SCHEDULE TASK LOGGING 2021-07-11T21:50:00.155297700","@timestamp":"2021-07-11T21:50:00.155Z","level":"ERROR","logger_name":"jorge.cardona.concepts.service.Scheduling"}
{"@version":"1","appName":"SpringBoot Concepts","thread_name":"scheduling-1","hostname":"Paradigma","message":"Name Load Properties From Yaml","@timestamp":"2021-07-11T21:50:00.634Z","level":"INFO","logger_name":"jorge.cardona.concepts.service.Scheduling"}
{"@version":"1","appName":"SpringBoot Concepts","thread_name":"scheduling-1","hostname":"Paradigma","message":"Release 13","@timestamp":"2021-07-11T21:50:00.634Z","level":"INFO","logger_name":"jorge.cardona.concepts.service.Scheduling"}
{"@version":"1","appName":"SpringBoot Concepts","thread_name":"scheduling-1","hostname":"Paradigma","message":"Enable true","@timestamp":"2021-07-11T21:50:00.642Z","level":"INFO","logger_name":"jorge.cardona.concepts.service.Scheduling"}
{"@version":"1","appName":"SpringBoot Concepts","thread_name":"scheduling-1","hostname":"Paradigma","message":"Name Load Properties From Yaml","@timestamp":"2021-07-11T21:50:01.694Z","level":"INFO","logger_name":"jorge.cardona.concepts.service.Scheduling"}
{"@version":"1","appName":"SpringBoot Concepts","thread_name":"scheduling-1","hostname":"Paradigma","message":"Release 13","@timestamp":"2021-07-11T21:50:01.696Z","level":"INFO","logger_name":"jorge.cardona.concepts.service.Scheduling"}
{"@version":"1","appName":"SpringBoot Concepts","thread_name":"scheduling-1","hostname":"Paradigma","message":"Enable true","@timestamp":"2021-07-11T21:50:01.696Z","level":"INFO","logger_name":"jorge.cardona.concepts.service.Scheduling"}
{"@version":"1","appName":"SpringBoot Concepts","thread_name":"scheduling-1","hostname":"Paradigma","message":"Name Load Properties From Yaml","@timestamp":"2021-07-11T21:50:02.710Z","level":"INFO","logger_name":"jorge.cardona.concepts.service.Scheduling"}
{"@version":"1","appName":"SpringBoot Concepts","thread_name":"scheduling-1","hostname":"Paradigma","message":"Release 13","@timestamp":"2021-07-11T21:50:02.710Z","level":"INFO","logger_name":"jorge.cardona.concepts.service.Scheduling"}
{"@version":"1","appName":"SpringBoot Concepts","thread_name":"scheduling-1","hostname":"Paradigma","message":"Enable true","@timestamp":"2021-07-11T21:50:02.711Z","level":"INFO","logger_name":"jorge.cardona.concepts.service.Scheduling"}
{"@version":"1","appName":"SpringBoot Concepts","thread_name":"scheduling-1","hostname":"Paradigma","message":"THIS IT IS A SCHEDULE TASK LOGGING 2021-07-11T21:50:03.167564900","@timestamp":"2021-07-11T21:50:03.167Z","level":"ERROR","logger_name":"jorge.cardona.concepts.service.Scheduling"}
