{"@version":"1","appName":"SpringBoot Concepts","thread_name":"scheduling-1","hostname":"Paradigma","message":"Name Load Properties From Yaml","@timestamp":"2021-06-26T23:51:29.752Z","level":"INFO","logger_name":"jorge.cardona.concepts.service.Scheduling"}
{"@version":"1","appName":"SpringBoot Concepts","thread_name":"scheduling-1","hostname":"Paradigma","message":"Release 13","@timestamp":"2021-06-26T23:51:29.761Z","level":"INFO","logger_name":"jorge.cardona.concepts.service.Scheduling"}
{"@version":"1","appName":"SpringBoot Concepts","thread_name":"scheduling-1","hostname":"Paradigma","message":"Enable true","@timestamp":"2021-06-26T23:51:29.761Z","level":"INFO","logger_name":"jorge.cardona.concepts.service.Scheduling"}
{"@version":"1","appName":"SpringBoot Concepts","thread_name":"scheduling-1","hostname":"Paradigma","message":"Name Load Properties From Yaml","@timestamp":"2021-06-26T23:51:30.772Z","level":"INFO","logger_name":"jorge.cardona.concepts.service.Scheduling"}
{"@version":"1","appName":"SpringBoot Concepts","thread_name":"scheduling-1","hostname":"Paradigma","message":"Release 13","@timestamp":"2021-06-26T23:51:30.773Z","level":"INFO","logger_name":"jorge.cardona.concepts.service.Scheduling"}
{"@version":"1","appName":"SpringBoot Concepts","thread_name":"scheduling-1","hostname":"Paradigma","message":"Enable true","@timestamp":"2021-06-26T23:51:30.774Z","level":"INFO","logger_name":"jorge.cardona.concepts.service.Scheduling"}
{"@version":"1","appName":"SpringBoot Concepts","thread_name":"scheduling-1","hostname":"Paradigma","message":"THIS IT IS A SCHEDULE TASK LOGGING 2021-06-26T23:51:31.224618500","@timestamp":"2021-06-26T23:51:31.224Z","level":"ERROR","logger_name":"jorge.cardona.concepts.service.Scheduling"}
{"@version":"1","appName":"SpringBoot Concepts","thread_name":"scheduling-1","hostname":"Paradigma","message":"Name Load Properties From Yaml","@timestamp":"2021-06-26T23:51:31.783Z","level":"INFO","logger_name":"jorge.cardona.concepts.service.Scheduling"}
{"@version":"1","appName":"SpringBoot Concepts","thread_name":"scheduling-1","hostname":"Paradigma","message":"Release 13","@timestamp":"2021-06-26T23:51:31.783Z","level":"INFO","logger_name":"jorge.cardona.concepts.service.Scheduling"}
{"@version":"1","appName":"SpringBoot Concepts","thread_name":"scheduling-1","hostname":"Paradigma","message":"Enable true","@timestamp":"2021-06-26T23:51:31.784Z","level":"INFO","logger_name":"jorge.cardona.concepts.service.Scheduling"}
{"@version":"1","appName":"SpringBoot Concepts","thread_name":"scheduling-1","hostname":"Paradigma","message":"Name Load Properties From Yaml","@timestamp":"2021-06-26T23:51:32.792Z","level":"INFO","logger_name":"jorge.cardona.concepts.service.Scheduling"}
{"@version":"1","appName":"SpringBoot Concepts","thread_name":"scheduling-1","hostname":"Paradigma","message":"Release 13","@timestamp":"2021-06-26T23:51:32.794Z","level":"INFO","logger_name":"jorge.cardona.concepts.service.Scheduling"}
{"@version":"1","appName":"SpringBoot Concepts","thread_name":"scheduling-1","hostname":"Paradigma","message":"Enable true","@timestamp":"2021-06-26T23:51:32.794Z","level":"INFO","logger_name":"jorge.cardona.concepts.service.Scheduling"}
{"@version":"1","appName":"SpringBoot Concepts","thread_name":"scheduling-1","hostname":"Paradigma","message":"Name Load Properties From Yaml","@timestamp":"2021-06-26T23:51:33.800Z","level":"INFO","logger_name":"jorge.cardona.concepts.service.Scheduling"}
{"@version":"1","appName":"SpringBoot Concepts","thread_name":"scheduling-1","hostname":"Paradigma","message":"Release 13","@timestamp":"2021-06-26T23:51:33.802Z","level":"INFO","logger_name":"jorge.cardona.concepts.service.Scheduling"}
{"@version":"1","appName":"SpringBoot Concepts","thread_name":"scheduling-1","hostname":"Paradigma","message":"Enable true","@timestamp":"2021-06-26T23:51:33.805Z","level":"INFO","logger_name":"jorge.cardona.concepts.service.Scheduling"}
{"@version":"1","appName":"SpringBoot Concepts","thread_name":"scheduling-1","hostname":"Paradigma","message":"THIS IT IS A SCHEDULE TASK LOGGING 2021-06-26T23:51:34.237682100","@timestamp":"2021-06-26T23:51:34.237Z","level":"ERROR","logger_name":"jorge.cardona.concepts.service.Scheduling"}
{"@version":"1","appName":"SpringBoot Concepts","thread_name":"scheduling-1","hostname":"Paradigma","message":"Name Load Properties From Yaml","@timestamp":"2021-06-26T23:51:34.811Z","level":"INFO","logger_name":"jorge.cardona.concepts.service.Scheduling"}
{"@version":"1","appName":"SpringBoot Concepts","thread_name":"scheduling-1","hostname":"Paradigma","message":"Release 13","@timestamp":"2021-06-26T23:51:34.811Z","level":"INFO","logger_name":"jorge.cardona.concepts.service.Scheduling"}
{"@version":"1","appName":"SpringBoot Concepts","thread_name":"scheduling-1","hostname":"Paradigma","message":"Enable true","@timestamp":"2021-06-26T23:51:34.812Z","level":"INFO","logger_name":"jorge.cardona.concepts.service.Scheduling"}
{"@version":"1","appName":"SpringBoot Concepts","thread_name":"scheduling-1","hostname":"Paradigma","message":"Name Load Properties From Yaml","@timestamp":"2021-06-26T23:51:35.821Z","level":"INFO","logger_name":"jorge.cardona.concepts.service.Scheduling"}
{"@version":"1","appName":"SpringBoot Concepts","thread_name":"scheduling-1","hostname":"Paradigma","message":"Release 13","@timestamp":"2021-06-26T23:51:35.823Z","level":"INFO","logger_name":"jorge.cardona.concepts.service.Scheduling"}
{"@version":"1","appName":"SpringBoot Concepts","thread_name":"scheduling-1","hostname":"Paradigma","message":"Enable true","@timestamp":"2021-06-26T23:51:35.823Z","level":"INFO","logger_name":"jorge.cardona.concepts.service.Scheduling"}
{"@version":"1","appName":"SpringBoot Concepts","thread_name":"scheduling-1","hostname":"Paradigma","message":"Name Load Properties From Yaml","@timestamp":"2021-06-26T23:51:36.832Z","level":"INFO","logger_name":"jorge.cardona.concepts.service.Scheduling"}
{"@version":"1","appName":"SpringBoot Concepts","thread_name":"scheduling-1","hostname":"Paradigma","message":"Release 13","@timestamp":"2021-06-26T23:51:36.833Z","level":"INFO","logger_name":"jorge.cardona.concepts.service.Scheduling"}
{"@version":"1","appName":"SpringBoot Concepts","thread_name":"scheduling-1","hostname":"Paradigma","message":"Enable true","@timestamp":"2021-06-26T23:51:36.835Z","level":"INFO","logger_name":"jorge.cardona.concepts.service.Scheduling"}
{"@version":"1","appName":"SpringBoot Concepts","thread_name":"scheduling-1","hostname":"Paradigma","message":"THIS IT IS A SCHEDULE TASK LOGGING 2021-06-26T23:51:37.252474600","@timestamp":"2021-06-26T23:51:37.252Z","level":"ERROR","logger_name":"jorge.cardona.concepts.service.Scheduling"}
{"@version":"1","appName":"SpringBoot Concepts","thread_name":"scheduling-1","hostname":"Paradigma","message":"Name Load Properties From Yaml","@timestamp":"2021-06-26T23:51:37.844Z","level":"INFO","logger_name":"jorge.cardona.concepts.service.Scheduling"}
{"@version":"1","appName":"SpringBoot Concepts","thread_name":"scheduling-1","hostname":"Paradigma","message":"Release 13","@timestamp":"2021-06-26T23:51:37.844Z","level":"INFO","logger_name":"jorge.cardona.concepts.service.Scheduling"}
{"@version":"1","appName":"SpringBoot Concepts","thread_name":"scheduling-1","hostname":"Paradigma","message":"Enable true","@timestamp":"2021-06-26T23:51:37.845Z","level":"INFO","logger_name":"jorge.cardona.concepts.service.Scheduling"}
{"@version":"1","appName":"SpringBoot Concepts","thread_name":"scheduling-1","hostname":"Paradigma","message":"Name Load Properties From Yaml","@timestamp":"2021-06-26T23:51:38.855Z","level":"INFO","logger_name":"jorge.cardona.concepts.service.Scheduling"}
{"@version":"1","appName":"SpringBoot Concepts","thread_name":"scheduling-1","hostname":"Paradigma","message":"Release 13","@timestamp":"2021-06-26T23:51:38.858Z","level":"INFO","logger_name":"jorge.cardona.concepts.service.Scheduling"}
{"@version":"1","appName":"SpringBoot Concepts","thread_name":"scheduling-1","hostname":"Paradigma","message":"Enable true","@timestamp":"2021-06-26T23:51:38.858Z","level":"INFO","logger_name":"jorge.cardona.concepts.service.Scheduling"}
{"@version":"1","appName":"SpringBoot Concepts","thread_name":"scheduling-1","hostname":"Paradigma","message":"Name Load Properties From Yaml","@timestamp":"2021-06-26T23:51:39.870Z","level":"INFO","logger_name":"jorge.cardona.concepts.service.Scheduling"}
{"@version":"1","appName":"SpringBoot Concepts","thread_name":"scheduling-1","hostname":"Paradigma","message":"Release 13","@timestamp":"2021-06-26T23:51:39.871Z","level":"INFO","logger_name":"jorge.cardona.concepts.service.Scheduling"}
{"@version":"1","appName":"SpringBoot Concepts","thread_name":"scheduling-1","hostname":"Paradigma","message":"Enable true","@timestamp":"2021-06-26T23:51:39.872Z","level":"INFO","logger_name":"jorge.cardona.concepts.service.Scheduling"}
{"@version":"1","appName":"SpringBoot Concepts","thread_name":"scheduling-1","hostname":"Paradigma","message":"THIS IT IS A SCHEDULE TASK LOGGING 2021-06-26T23:51:40.257559200","@timestamp":"2021-06-26T23:51:40.257Z","level":"ERROR","logger_name":"jorge.cardona.concepts.service.Scheduling"}
{"@version":"1","appName":"SpringBoot Concepts","thread_name":"scheduling-1","hostname":"Paradigma","message":"Name Load Properties From Yaml","@timestamp":"2021-06-26T23:51:40.883Z","level":"INFO","logger_name":"jorge.cardona.concepts.service.Scheduling"}
{"@version":"1","appName":"SpringBoot Concepts","thread_name":"scheduling-1","hostname":"Paradigma","message":"Release 13","@timestamp":"2021-06-26T23:51:40.884Z","level":"INFO","logger_name":"jorge.cardona.concepts.service.Scheduling"}
{"@version":"1","appName":"SpringBoot Concepts","thread_name":"scheduling-1","hostname":"Paradigma","message":"Enable true","@timestamp":"2021-06-26T23:51:40.885Z","level":"INFO","logger_name":"jorge.cardona.concepts.service.Scheduling"}
{"@version":"1","appName":"SpringBoot Concepts","thread_name":"scheduling-1","hostname":"Paradigma","message":"Name Load Properties From Yaml","@timestamp":"2021-06-26T23:51:41.896Z","level":"INFO","logger_name":"jorge.cardona.concepts.service.Scheduling"}
{"@version":"1","appName":"SpringBoot Concepts","thread_name":"scheduling-1","hostname":"Paradigma","message":"Release 13","@timestamp":"2021-06-26T23:51:41.898Z","level":"INFO","logger_name":"jorge.cardona.concepts.service.Scheduling"}
{"@version":"1","appName":"SpringBoot Concepts","thread_name":"scheduling-1","hostname":"Paradigma","message":"Enable true","@timestamp":"2021-06-26T23:51:41.900Z","level":"INFO","logger_name":"jorge.cardona.concepts.service.Scheduling"}
{"@version":"1","appName":"SpringBoot Concepts","thread_name":"scheduling-1","hostname":"Paradigma","message":"Name Load Properties From Yaml","@timestamp":"2021-06-26T23:51:42.906Z","level":"INFO","logger_name":"jorge.cardona.concepts.service.Scheduling"}
{"@version":"1","appName":"SpringBoot Concepts","thread_name":"scheduling-1","hostname":"Paradigma","message":"Release 13","@timestamp":"2021-06-26T23:51:42.907Z","level":"INFO","logger_name":"jorge.cardona.concepts.service.Scheduling"}
{"@version":"1","appName":"SpringBoot Concepts","thread_name":"scheduling-1","hostname":"Paradigma","message":"Enable true","@timestamp":"2021-06-26T23:51:42.909Z","level":"INFO","logger_name":"jorge.cardona.concepts.service.Scheduling"}
{"@version":"1","appName":"SpringBoot Concepts","thread_name":"scheduling-1","hostname":"Paradigma","message":"THIS IT IS A SCHEDULE TASK LOGGING 2021-06-26T23:51:43.262147400","@timestamp":"2021-06-26T23:51:43.262Z","level":"ERROR","logger_name":"jorge.cardona.concepts.service.Scheduling"}
{"@version":"1","appName":"SpringBoot Concepts","thread_name":"scheduling-1","hostname":"Paradigma","message":"Name Load Properties From Yaml","@timestamp":"2021-06-26T23:51:43.917Z","level":"INFO","logger_name":"jorge.cardona.concepts.service.Scheduling"}
{"@version":"1","appName":"SpringBoot Concepts","thread_name":"scheduling-1","hostname":"Paradigma","message":"Release 13","@timestamp":"2021-06-26T23:51:43.918Z","level":"INFO","logger_name":"jorge.cardona.concepts.service.Scheduling"}
{"@version":"1","appName":"SpringBoot Concepts","thread_name":"scheduling-1","hostname":"Paradigma","message":"Enable true","@timestamp":"2021-06-26T23:51:43.920Z","level":"INFO","logger_name":"jorge.cardona.concepts.service.Scheduling"}
{"@version":"1","appName":"SpringBoot Concepts","thread_name":"scheduling-1","hostname":"Paradigma","message":"Name Load Properties From Yaml","@timestamp":"2021-06-26T23:51:44.929Z","level":"INFO","logger_name":"jorge.cardona.concepts.service.Scheduling"}
{"@version":"1","appName":"SpringBoot Concepts","thread_name":"scheduling-1","hostname":"Paradigma","message":"Release 13","@timestamp":"2021-06-26T23:51:44.930Z","level":"INFO","logger_name":"jorge.cardona.concepts.service.Scheduling"}
{"@version":"1","appName":"SpringBoot Concepts","thread_name":"scheduling-1","hostname":"Paradigma","message":"Enable true","@timestamp":"2021-06-26T23:51:44.931Z","level":"INFO","logger_name":"jorge.cardona.concepts.service.Scheduling"}
{"@version":"1","appName":"SpringBoot Concepts","thread_name":"scheduling-1","hostname":"Paradigma","message":"Name Load Properties From Yaml","@timestamp":"2021-06-26T23:51:45.941Z","level":"INFO","logger_name":"jorge.cardona.concepts.service.Scheduling"}
{"@version":"1","appName":"SpringBoot Concepts","thread_name":"scheduling-1","hostname":"Paradigma","message":"Release 13","@timestamp":"2021-06-26T23:51:45.942Z","level":"INFO","logger_name":"jorge.cardona.concepts.service.Scheduling"}
{"@version":"1","appName":"SpringBoot Concepts","thread_name":"scheduling-1","hostname":"Paradigma","message":"Enable true","@timestamp":"2021-06-26T23:51:45.943Z","level":"INFO","logger_name":"jorge.cardona.concepts.service.Scheduling"}
{"@version":"1","appName":"SpringBoot Concepts","thread_name":"scheduling-1","hostname":"Paradigma","message":"THIS IT IS A SCHEDULE TASK LOGGING 2021-06-26T23:51:46.269319","@timestamp":"2021-06-26T23:51:46.269Z","level":"ERROR","logger_name":"jorge.cardona.concepts.service.Scheduling"}
{"@version":"1","appName":"SpringBoot Concepts","thread_name":"scheduling-1","hostname":"Paradigma","message":"Name Load Properties From Yaml","@timestamp":"2021-06-26T23:51:46.954Z","level":"INFO","logger_name":"jorge.cardona.concepts.service.Scheduling"}
{"@version":"1","appName":"SpringBoot Concepts","thread_name":"scheduling-1","hostname":"Paradigma","message":"Release 13","@timestamp":"2021-06-26T23:51:46.954Z","level":"INFO","logger_name":"jorge.cardona.concepts.service.Scheduling"}
{"@version":"1","appName":"SpringBoot Concepts","thread_name":"scheduling-1","hostname":"Paradigma","message":"Enable true","@timestamp":"2021-06-26T23:51:46.955Z","level":"INFO","logger_name":"jorge.cardona.concepts.service.Scheduling"}
{"@version":"1","appName":"SpringBoot Concepts","thread_name":"scheduling-1","hostname":"Paradigma","message":"Name Load Properties From Yaml","@timestamp":"2021-06-26T23:51:47.966Z","level":"INFO","logger_name":"jorge.cardona.concepts.service.Scheduling"}
{"@version":"1","appName":"SpringBoot Concepts","thread_name":"scheduling-1","hostname":"Paradigma","message":"Release 13","@timestamp":"2021-06-26T23:51:47.967Z","level":"INFO","logger_name":"jorge.cardona.concepts.service.Scheduling"}
{"@version":"1","appName":"SpringBoot Concepts","thread_name":"scheduling-1","hostname":"Paradigma","message":"Enable true","@timestamp":"2021-06-26T23:51:47.968Z","level":"INFO","logger_name":"jorge.cardona.concepts.service.Scheduling"}
{"@version":"1","appName":"SpringBoot Concepts","thread_name":"scheduling-1","hostname":"Paradigma","message":"Name Load Properties From Yaml","@timestamp":"2021-06-26T23:51:48.974Z","level":"INFO","logger_name":"jorge.cardona.concepts.service.Scheduling"}
{"@version":"1","appName":"SpringBoot Concepts","thread_name":"scheduling-1","hostname":"Paradigma","message":"Release 13","@timestamp":"2021-06-26T23:51:48.997Z","level":"INFO","logger_name":"jorge.cardona.concepts.service.Scheduling"}
{"@version":"1","appName":"SpringBoot Concepts","thread_name":"scheduling-1","hostname":"Paradigma","message":"Enable true","@timestamp":"2021-06-26T23:51:48.998Z","level":"INFO","logger_name":"jorge.cardona.concepts.service.Scheduling"}
{"@version":"1","appName":"SpringBoot Concepts","thread_name":"scheduling-1","hostname":"Paradigma","message":"THIS IT IS A SCHEDULE TASK LOGGING 2021-06-26T23:51:49.282098700","@timestamp":"2021-06-26T23:51:49.282Z","level":"ERROR","logger_name":"jorge.cardona.concepts.service.Scheduling"}
{"@version":"1","appName":"SpringBoot Concepts","thread_name":"scheduling-1","hostname":"Paradigma","message":"Name Load Properties From Yaml","@timestamp":"2021-06-26T23:51:50.053Z","level":"INFO","logger_name":"jorge.cardona.concepts.service.Scheduling"}
{"@version":"1","appName":"SpringBoot Concepts","thread_name":"scheduling-1","hostname":"Paradigma","message":"Release 13","@timestamp":"2021-06-26T23:51:50.055Z","level":"INFO","logger_name":"jorge.cardona.concepts.service.Scheduling"}
{"@version":"1","appName":"SpringBoot Concepts","thread_name":"scheduling-1","hostname":"Paradigma","message":"Enable true","@timestamp":"2021-06-26T23:51:50.060Z","level":"INFO","logger_name":"jorge.cardona.concepts.service.Scheduling"}
{"@version":"1","appName":"SpringBoot Concepts","thread_name":"scheduling-1","hostname":"Paradigma","message":"Name Load Properties From Yaml","@timestamp":"2021-06-26T23:51:51.064Z","level":"INFO","logger_name":"jorge.cardona.concepts.service.Scheduling"}
{"@version":"1","appName":"SpringBoot Concepts","thread_name":"scheduling-1","hostname":"Paradigma","message":"Release 13","@timestamp":"2021-06-26T23:51:51.065Z","level":"INFO","logger_name":"jorge.cardona.concepts.service.Scheduling"}
{"@version":"1","appName":"SpringBoot Concepts","thread_name":"scheduling-1","hostname":"Paradigma","message":"Enable true","@timestamp":"2021-06-26T23:51:51.066Z","level":"INFO","logger_name":"jorge.cardona.concepts.service.Scheduling"}
{"@version":"1","appName":"SpringBoot Concepts","thread_name":"scheduling-1","hostname":"Paradigma","message":"Name Load Properties From Yaml","@timestamp":"2021-06-26T23:51:52.071Z","level":"INFO","logger_name":"jorge.cardona.concepts.service.Scheduling"}
{"@version":"1","appName":"SpringBoot Concepts","thread_name":"scheduling-1","hostname":"Paradigma","message":"Release 13","@timestamp":"2021-06-26T23:51:52.074Z","level":"INFO","logger_name":"jorge.cardona.concepts.service.Scheduling"}
{"@version":"1","appName":"SpringBoot Concepts","thread_name":"scheduling-1","hostname":"Paradigma","message":"Enable true","@timestamp":"2021-06-26T23:51:52.075Z","level":"INFO","logger_name":"jorge.cardona.concepts.service.Scheduling"}
{"@version":"1","appName":"SpringBoot Concepts","thread_name":"scheduling-1","hostname":"Paradigma","message":"THIS IT IS A SCHEDULE TASK LOGGING 2021-06-26T23:51:52.288635400","@timestamp":"2021-06-26T23:51:52.289Z","level":"ERROR","logger_name":"jorge.cardona.concepts.service.Scheduling"}
{"@version":"1","appName":"SpringBoot Concepts","thread_name":"scheduling-1","hostname":"Paradigma","message":"Name Load Properties From Yaml","@timestamp":"2021-06-26T23:51:53.082Z","level":"INFO","logger_name":"jorge.cardona.concepts.service.Scheduling"}
{"@version":"1","appName":"SpringBoot Concepts","thread_name":"scheduling-1","hostname":"Paradigma","message":"Release 13","@timestamp":"2021-06-26T23:51:53.083Z","level":"INFO","logger_name":"jorge.cardona.concepts.service.Scheduling"}
{"@version":"1","appName":"SpringBoot Concepts","thread_name":"scheduling-1","hostname":"Paradigma","message":"Enable true","@timestamp":"2021-06-26T23:51:53.084Z","level":"INFO","logger_name":"jorge.cardona.concepts.service.Scheduling"}
{"@version":"1","appName":"SpringBoot Concepts","thread_name":"scheduling-1","hostname":"Paradigma","message":"Name Load Properties From Yaml","@timestamp":"2021-06-26T23:51:54.094Z","level":"INFO","logger_name":"jorge.cardona.concepts.service.Scheduling"}
{"@version":"1","appName":"SpringBoot Concepts","thread_name":"scheduling-1","hostname":"Paradigma","message":"Release 13","@timestamp":"2021-06-26T23:51:54.095Z","level":"INFO","logger_name":"jorge.cardona.concepts.service.Scheduling"}
{"@version":"1","appName":"SpringBoot Concepts","thread_name":"scheduling-1","hostname":"Paradigma","message":"Enable true","@timestamp":"2021-06-26T23:51:54.096Z","level":"INFO","logger_name":"jorge.cardona.concepts.service.Scheduling"}
{"@version":"1","appName":"SpringBoot Concepts","thread_name":"scheduling-1","hostname":"Paradigma","message":"Name Load Properties From Yaml","@timestamp":"2021-06-26T23:51:55.101Z","level":"INFO","logger_name":"jorge.cardona.concepts.service.Scheduling"}
{"@version":"1","appName":"SpringBoot Concepts","thread_name":"scheduling-1","hostname":"Paradigma","message":"Release 13","@timestamp":"2021-06-26T23:51:55.102Z","level":"INFO","logger_name":"jorge.cardona.concepts.service.Scheduling"}
{"@version":"1","appName":"SpringBoot Concepts","thread_name":"scheduling-1","hostname":"Paradigma","message":"Enable true","@timestamp":"2021-06-26T23:51:55.103Z","level":"INFO","logger_name":"jorge.cardona.concepts.service.Scheduling"}
{"@version":"1","appName":"SpringBoot Concepts","thread_name":"scheduling-1","hostname":"Paradigma","message":"THIS IT IS A SCHEDULE TASK LOGGING 2021-06-26T23:51:55.303374500","@timestamp":"2021-06-26T23:51:55.303Z","level":"ERROR","logger_name":"jorge.cardona.concepts.service.Scheduling"}
{"@version":"1","appName":"SpringBoot Concepts","thread_name":"scheduling-1","hostname":"Paradigma","message":"Name Load Properties From Yaml","@timestamp":"2021-06-26T23:51:56.115Z","level":"INFO","logger_name":"jorge.cardona.concepts.service.Scheduling"}
{"@version":"1","appName":"SpringBoot Concepts","thread_name":"scheduling-1","hostname":"Paradigma","message":"Release 13","@timestamp":"2021-06-26T23:51:56.116Z","level":"INFO","logger_name":"jorge.cardona.concepts.service.Scheduling"}
{"@version":"1","appName":"SpringBoot Concepts","thread_name":"scheduling-1","hostname":"Paradigma","message":"Enable true","@timestamp":"2021-06-26T23:51:56.116Z","level":"INFO","logger_name":"jorge.cardona.concepts.service.Scheduling"}
{"@version":"1","appName":"SpringBoot Concepts","thread_name":"scheduling-1","hostname":"Paradigma","message":"Name Load Properties From Yaml","@timestamp":"2021-06-26T23:51:57.122Z","level":"INFO","logger_name":"jorge.cardona.concepts.service.Scheduling"}
{"@version":"1","appName":"SpringBoot Concepts","thread_name":"scheduling-1","hostname":"Paradigma","message":"Release 13","@timestamp":"2021-06-26T23:51:57.122Z","level":"INFO","logger_name":"jorge.cardona.concepts.service.Scheduling"}
{"@version":"1","appName":"SpringBoot Concepts","thread_name":"scheduling-1","hostname":"Paradigma","message":"Enable true","@timestamp":"2021-06-26T23:51:57.122Z","level":"INFO","logger_name":"jorge.cardona.concepts.service.Scheduling"}
{"@version":"1","appName":"SpringBoot Concepts","thread_name":"scheduling-1","hostname":"Paradigma","message":"Name Load Properties From Yaml","@timestamp":"2021-06-26T23:51:58.136Z","level":"INFO","logger_name":"jorge.cardona.concepts.service.Scheduling"}
{"@version":"1","appName":"SpringBoot Concepts","thread_name":"scheduling-1","hostname":"Paradigma","message":"Release 13","@timestamp":"2021-06-26T23:51:58.137Z","level":"INFO","logger_name":"jorge.cardona.concepts.service.Scheduling"}
{"@version":"1","appName":"SpringBoot Concepts","thread_name":"scheduling-1","hostname":"Paradigma","message":"Enable true","@timestamp":"2021-06-26T23:51:58.138Z","level":"INFO","logger_name":"jorge.cardona.concepts.service.Scheduling"}
{"@version":"1","appName":"SpringBoot Concepts","thread_name":"scheduling-1","hostname":"Paradigma","message":"THIS IT IS A SCHEDULE TASK LOGGING 2021-06-26T23:51:58.307203600","@timestamp":"2021-06-26T23:51:58.307Z","level":"ERROR","logger_name":"jorge.cardona.concepts.service.Scheduling"}
{"@version":"1","appName":"SpringBoot Concepts","thread_name":"scheduling-1","hostname":"Paradigma","message":"Name Load Properties From Yaml","@timestamp":"2021-06-26T23:51:59.147Z","level":"INFO","logger_name":"jorge.cardona.concepts.service.Scheduling"}
{"@version":"1","appName":"SpringBoot Concepts","thread_name":"scheduling-1","hostname":"Paradigma","message":"Release 13","@timestamp":"2021-06-26T23:51:59.149Z","level":"INFO","logger_name":"jorge.cardona.concepts.service.Scheduling"}
{"@version":"1","appName":"SpringBoot Concepts","thread_name":"scheduling-1","hostname":"Paradigma","message":"Enable true","@timestamp":"2021-06-26T23:51:59.150Z","level":"INFO","logger_name":"jorge.cardona.concepts.service.Scheduling"}
{"@version":"1","appName":"SpringBoot Concepts","thread_name":"scheduling-1","hostname":"Paradigma","message":"Name Load Properties From Yaml","@timestamp":"2021-06-26T23:52:00.163Z","level":"INFO","logger_name":"jorge.cardona.concepts.service.Scheduling"}
{"@version":"1","appName":"SpringBoot Concepts","thread_name":"scheduling-1","hostname":"Paradigma","message":"Release 13","@timestamp":"2021-06-26T23:52:00.164Z","level":"INFO","logger_name":"jorge.cardona.concepts.service.Scheduling"}
{"@version":"1","appName":"SpringBoot Concepts","thread_name":"scheduling-1","hostname":"Paradigma","message":"Enable true","@timestamp":"2021-06-26T23:52:00.164Z","level":"INFO","logger_name":"jorge.cardona.concepts.service.Scheduling"}
{"@version":"1","appName":"SpringBoot Concepts","thread_name":"scheduling-1","hostname":"Paradigma","message":"Name Load Properties From Yaml","@timestamp":"2021-06-26T23:52:01.176Z","level":"INFO","logger_name":"jorge.cardona.concepts.service.Scheduling"}
{"@version":"1","appName":"SpringBoot Concepts","thread_name":"scheduling-1","hostname":"Paradigma","message":"Release 13","@timestamp":"2021-06-26T23:52:01.178Z","level":"INFO","logger_name":"jorge.cardona.concepts.service.Scheduling"}
{"@version":"1","appName":"SpringBoot Concepts","thread_name":"scheduling-1","hostname":"Paradigma","message":"Enable true","@timestamp":"2021-06-26T23:52:01.178Z","level":"INFO","logger_name":"jorge.cardona.concepts.service.Scheduling"}
{"@version":"1","appName":"SpringBoot Concepts","thread_name":"scheduling-1","hostname":"Paradigma","message":"THIS IT IS A SCHEDULE TASK LOGGING 2021-06-26T23:52:01.320317500","@timestamp":"2021-06-26T23:52:01.320Z","level":"ERROR","logger_name":"jorge.cardona.concepts.service.Scheduling"}
{"@version":"1","appName":"SpringBoot Concepts","thread_name":"scheduling-1","hostname":"Paradigma","message":"Name Load Properties From Yaml","@timestamp":"2021-06-26T23:52:02.188Z","level":"INFO","logger_name":"jorge.cardona.concepts.service.Scheduling"}
{"@version":"1","appName":"SpringBoot Concepts","thread_name":"scheduling-1","hostname":"Paradigma","message":"Release 13","@timestamp":"2021-06-26T23:52:02.190Z","level":"INFO","logger_name":"jorge.cardona.concepts.service.Scheduling"}
{"@version":"1","appName":"SpringBoot Concepts","thread_name":"scheduling-1","hostname":"Paradigma","message":"Enable true","@timestamp":"2021-06-26T23:52:02.191Z","level":"INFO","logger_name":"jorge.cardona.concepts.service.Scheduling"}
{"@version":"1","appName":"SpringBoot Concepts","thread_name":"scheduling-1","hostname":"Paradigma","message":"Name Load Properties From Yaml","@timestamp":"2021-06-26T23:52:03.200Z","level":"INFO","logger_name":"jorge.cardona.concepts.service.Scheduling"}
{"@version":"1","appName":"SpringBoot Concepts","thread_name":"scheduling-1","hostname":"Paradigma","message":"Release 13","@timestamp":"2021-06-26T23:52:03.203Z","level":"INFO","logger_name":"jorge.cardona.concepts.service.Scheduling"}
{"@version":"1","appName":"SpringBoot Concepts","thread_name":"scheduling-1","hostname":"Paradigma","message":"Enable true","@timestamp":"2021-06-26T23:52:03.203Z","level":"INFO","logger_name":"jorge.cardona.concepts.service.Scheduling"}
{"@version":"1","appName":"SpringBoot Concepts","thread_name":"scheduling-1","hostname":"Paradigma","message":"Name Load Properties From Yaml","@timestamp":"2021-06-26T23:52:04.215Z","level":"INFO","logger_name":"jorge.cardona.concepts.service.Scheduling"}
{"@version":"1","appName":"SpringBoot Concepts","thread_name":"scheduling-1","hostname":"Paradigma","message":"Release 13","@timestamp":"2021-06-26T23:52:04.217Z","level":"INFO","logger_name":"jorge.cardona.concepts.service.Scheduling"}
{"@version":"1","appName":"SpringBoot Concepts","thread_name":"scheduling-1","hostname":"Paradigma","message":"Enable true","@timestamp":"2021-06-26T23:52:04.219Z","level":"INFO","logger_name":"jorge.cardona.concepts.service.Scheduling"}
{"@version":"1","appName":"SpringBoot Concepts","thread_name":"scheduling-1","hostname":"Paradigma","message":"THIS IT IS A SCHEDULE TASK LOGGING 2021-06-26T23:52:04.324831400","@timestamp":"2021-06-26T23:52:04.324Z","level":"ERROR","logger_name":"jorge.cardona.concepts.service.Scheduling"}
{"@version":"1","appName":"SpringBoot Concepts","thread_name":"scheduling-1","hostname":"Paradigma","message":"Name Load Properties From Yaml","@timestamp":"2021-06-26T23:52:05.225Z","level":"INFO","logger_name":"jorge.cardona.concepts.service.Scheduling"}
{"@version":"1","appName":"SpringBoot Concepts","thread_name":"scheduling-1","hostname":"Paradigma","message":"Release 13","@timestamp":"2021-06-26T23:52:05.226Z","level":"INFO","logger_name":"jorge.cardona.concepts.service.Scheduling"}
{"@version":"1","appName":"SpringBoot Concepts","thread_name":"scheduling-1","hostname":"Paradigma","message":"Enable true","@timestamp":"2021-06-26T23:52:05.226Z","level":"INFO","logger_name":"jorge.cardona.concepts.service.Scheduling"}
{"@version":"1","appName":"SpringBoot Concepts","thread_name":"background-preinit","hostname":"Paradigma","message":"HV000001: Hibernate Validator 6.1.7.Final","@timestamp":"2021-06-26T23:52:11.712Z","level":"INFO","logger_name":"org.hibernate.validator.internal.util.Version"}
{"@version":"1","appName":"SpringBoot Concepts","thread_name":"main","hostname":"Paradigma","message":"Starting SpringBootSomeConceptsApplication on Paradigma with PID 16892 (C:\\z Github\\AI\\Spring Boot Concepts\\build\\classes\\java\\main started by QiDimMak in C:\\z Github\\AI\\Spring Boot Concepts)","@timestamp":"2021-06-26T23:52:11.753Z","level":"INFO","logger_name":"jorge.cardona.concepts.SpringBootSomeConceptsApplication"}
{"@version":"1","appName":"SpringBoot Concepts","thread_name":"main","hostname":"Paradigma","message":"No active profile set, falling back to default profiles: default","@timestamp":"2021-06-26T23:52:11.755Z","level":"INFO","logger_name":"jorge.cardona.concepts.SpringBootSomeConceptsApplication"}
{"@version":"1","appName":"SpringBoot Concepts","thread_name":"main","hostname":"Paradigma","message":"Multiple Spring Data modules found, entering strict repository configuration mode!","@timestamp":"2021-06-26T23:52:13.866Z","level":"INFO","logger_name":"org.springframework.data.repository.config.RepositoryConfigurationDelegate"}
{"@version":"1","appName":"SpringBoot Concepts","thread_name":"main","hostname":"Paradigma","message":"Bootstrapping Spring Data JPA repositories in DEFAULT mode.","@timestamp":"2021-06-26T23:52:13.872Z","level":"INFO","logger_name":"org.springframework.data.repository.config.RepositoryConfigurationDelegate"}
{"@version":"1","appName":"SpringBoot Concepts","thread_name":"main","hostname":"Paradigma","message":"Spring Data JPA - Could not safely identify store assignment for repository candidate interface jorge.cardona.concepts.repository.FruitRepository. If you want this repository to be a JPA repository, consider annotating your entities with one of these annotations: javax.persistence.Entity, javax.persistence.MappedSuperclass (preferred), or consider extending one of the following types with your repository: org.springframework.data.jpa.repository.JpaRepository.","@timestamp":"2021-06-26T23:52:13.998Z","level":"INFO","logger_name":"org.springframework.data.repository.config.RepositoryConfigurationExtensionSupport"}
{"@version":"1","appName":"SpringBoot Concepts","thread_name":"main","hostname":"Paradigma","message":"Finished Spring Data repository scanning in 154ms. Found 2 JPA repository interfaces.","@timestamp":"2021-06-26T23:52:14.048Z","level":"INFO","logger_name":"org.springframework.data.repository.config.RepositoryConfigurationDelegate"}
{"@version":"1","appName":"SpringBoot Concepts","thread_name":"main","hostname":"Paradigma","message":"Multiple Spring Data modules found, entering strict repository configuration mode!","@timestamp":"2021-06-26T23:52:14.060Z","level":"INFO","logger_name":"org.springframework.data.repository.config.RepositoryConfigurationDelegate"}
{"@version":"1","appName":"SpringBoot Concepts","thread_name":"main","hostname":"Paradigma","message":"Bootstrapping Spring Data MongoDB repositories in DEFAULT mode.","@timestamp":"2021-06-26T23:52:14.064Z","level":"INFO","logger_name":"org.springframework.data.repository.config.RepositoryConfigurationDelegate"}
{"@version":"1","appName":"SpringBoot Concepts","thread_name":"main","hostname":"Paradigma","message":"Spring Data MongoDB - Could not safely identify store assignment for repository candidate interface jorge.cardona.concepts.repository.AnimalRepository. If you want this repository to be a MongoDB repository, consider annotating your entities with one of these annotations: org.springframework.data.mongodb.core.mapping.Document (preferred), or consider extending one of the following types with your repository: org.springframework.data.mongodb.repository.MongoRepository.","@timestamp":"2021-06-26T23:52:14.102Z","level":"INFO","logger_name":"org.springframework.data.repository.config.RepositoryConfigurationExtensionSupport"}
{"@version":"1","appName":"SpringBoot Concepts","thread_name":"main","hostname":"Paradigma","message":"Spring Data MongoDB - Could not safely identify store assignment for repository candidate interface jorge.cardona.concepts.repository.NatureRepository. If you want this repository to be a MongoDB repository, consider annotating your entities with one of these annotations: org.springframework.data.mongodb.core.mapping.Document (preferred), or consider extending one of the following types with your repository: org.springframework.data.mongodb.repository.MongoRepository.","@timestamp":"2021-06-26T23:52:14.105Z","level":"INFO","logger_name":"org.springframework.data.repository.config.RepositoryConfigurationExtensionSupport"}
{"@version":"1","appName":"SpringBoot Concepts","thread_name":"main","hostname":"Paradigma","message":"Finished Spring Data repository scanning in 61ms. Found 1 MongoDB repository interfaces.","@timestamp":"2021-06-26T23:52:14.126Z","level":"INFO","logger_name":"org.springframework.data.repository.config.RepositoryConfigurationDelegate"}
{"@version":"1","appName":"SpringBoot Concepts","thread_name":"main","hostname":"Paradigma","message":"Tomcat initialized with port(s): 8080 (http)","@timestamp":"2021-06-26T23:52:15.486Z","level":"INFO","logger_name":"org.springframework.boot.web.embedded.tomcat.TomcatWebServer"}
{"@version":"1","appName":"SpringBoot Concepts","thread_name":"main","hostname":"Paradigma","message":"Initializing ProtocolHandler [\"http-nio-8080\"]","@timestamp":"2021-06-26T23:52:15.501Z","level":"INFO","logger_name":"org.apache.coyote.http11.Http11NioProtocol"}
{"@version":"1","appName":"SpringBoot Concepts","thread_name":"main","hostname":"Paradigma","message":"Starting service [Tomcat]","@timestamp":"2021-06-26T23:52:15.501Z","level":"INFO","logger_name":"org.apache.catalina.core.StandardService"}
{"@version":"1","appName":"SpringBoot Concepts","thread_name":"main","hostname":"Paradigma","message":"Starting Servlet engine: [Apache Tomcat/9.0.45]","@timestamp":"2021-06-26T23:52:15.502Z","level":"INFO","logger_name":"org.apache.catalina.core.StandardEngine"}
{"@version":"1","appName":"SpringBoot Concepts","thread_name":"main","hostname":"Paradigma","message":"Initializing Spring embedded WebApplicationContext","@timestamp":"2021-06-26T23:52:15.738Z","level":"INFO","logger_name":"org.apache.catalina.core.ContainerBase.[Tomcat].[localhost].[/api]"}
{"@version":"1","appName":"SpringBoot Concepts","thread_name":"main","hostname":"Paradigma","message":"Root WebApplicationContext: initialization completed in 3901 ms","@timestamp":"2021-06-26T23:52:15.739Z","level":"INFO","logger_name":"org.springframework.boot.web.servlet.context.ServletWebServerApplicationContext"}
{"@version":"1","appName":"SpringBoot Concepts","thread_name":"main","hostname":"Paradigma","message":"HikariPool-1 - Starting...","@timestamp":"2021-06-26T23:52:15.973Z","level":"INFO","logger_name":"com.zaxxer.hikari.HikariDataSource"}
{"@version":"1","appName":"SpringBoot Concepts","thread_name":"main","hostname":"Paradigma","message":"HikariPool-1 - Start completed.","@timestamp":"2021-06-26T23:52:16.269Z","level":"INFO","logger_name":"com.zaxxer.hikari.HikariDataSource"}
{"@version":"1","appName":"SpringBoot Concepts","thread_name":"main","hostname":"Paradigma","message":"H2 console available at '/h2-console'. Database available at 'jdbc:h2:mem:testdb'","@timestamp":"2021-06-26T23:52:16.280Z","level":"INFO","logger_name":"org.springframework.boot.autoconfigure.h2.H2ConsoleAutoConfiguration"}
{"@version":"1","appName":"SpringBoot Concepts","thread_name":"main","hostname":"Paradigma","message":"HHH000204: Processing PersistenceUnitInfo [name: default]","@timestamp":"2021-06-26T23:52:16.632Z","level":"INFO","logger_name":"org.hibernate.jpa.internal.util.LogHelper"}
{"@version":"1","appName":"SpringBoot Concepts","thread_name":"main","hostname":"Paradigma","message":"HHH000412: Hibernate ORM core version 5.4.30.Final","@timestamp":"2021-06-26T23:52:16.766Z","level":"INFO","logger_name":"org.hibernate.Version"}
{"@version":"1","appName":"SpringBoot Concepts","thread_name":"main","hostname":"Paradigma","message":"HCANN000001: Hibernate Commons Annotations {5.1.2.Final}","@timestamp":"2021-06-26T23:52:17.060Z","level":"INFO","logger_name":"org.hibernate.annotations.common.Version"}
{"@version":"1","appName":"SpringBoot Concepts","thread_name":"main","hostname":"Paradigma","message":"HHH000400: Using dialect: org.hibernate.dialect.H2Dialect","@timestamp":"2021-06-26T23:52:17.343Z","level":"INFO","logger_name":"org.hibernate.dialect.Dialect"}
{"@version":"1","appName":"SpringBoot Concepts","thread_name":"main","hostname":"Paradigma","message":"HHH000490: Using JtaPlatform implementation: [org.hibernate.engine.transaction.jta.platform.internal.NoJtaPlatform]","@timestamp":"2021-06-26T23:52:18.592Z","level":"INFO","logger_name":"org.hibernate.engine.transaction.jta.platform.internal.JtaPlatformInitiator"}
{"@version":"1","appName":"SpringBoot Concepts","thread_name":"main","hostname":"Paradigma","message":"Initialized JPA EntityManagerFactory for persistence unit 'default'","@timestamp":"2021-06-26T23:52:18.606Z","level":"INFO","logger_name":"org.springframework.orm.jpa.LocalContainerEntityManagerFactoryBean"}
{"@version":"1","appName":"SpringBoot Concepts","thread_name":"Thread-2","hostname":"Paradigma","message":"note: noprealloc may hurt performance in many applications","@timestamp":"2021-06-26T23:52:19.217Z","level":"INFO","logger_name":"org.springframework.boot.autoconfigure.mongo.embedded.EmbeddedMongo"}
{"@version":"1","appName":"SpringBoot Concepts","thread_name":"Thread-2","hostname":"Paradigma","message":"2021-06-26T23:52:19.300-0500 I CONTROL  [initandlisten] MongoDB starting : pid=30236 port=27017 dbpath=C:\\Users\\QiDimMak\\AppData\\Local\\Temp\\embedmongo-db-6473f4e6-49b1-4f49-bcf5-7bb6b53eec6f 64-bit host=Paradigma","@timestamp":"2021-06-26T23:52:19.301Z","level":"INFO","logger_name":"org.springframework.boot.autoconfigure.mongo.embedded.EmbeddedMongo"}
{"@version":"1","appName":"SpringBoot Concepts","thread_name":"Thread-2","hostname":"Paradigma","message":"2021-06-26T23:52:19.301-0500 I CONTROL  [initandlisten] targetMinOS: Windows Vista/Windows Server 2008","@timestamp":"2021-06-26T23:52:19.301Z","level":"INFO","logger_name":"org.springframework.boot.autoconfigure.mongo.embedded.EmbeddedMongo"}
{"@version":"1","appName":"SpringBoot Concepts","thread_name":"Thread-2","hostname":"Paradigma","message":"2021-06-26T23:52:19.301-0500 I CONTROL  [initandlisten] db version v3.5.5","@timestamp":"2021-06-26T23:52:19.302Z","level":"INFO","logger_name":"org.springframework.boot.autoconfigure.mongo.embedded.EmbeddedMongo"}
{"@version":"1","appName":"SpringBoot Concepts","thread_name":"Thread-2","hostname":"Paradigma","message":"2021-06-26T23:52:19.301-0500 I CONTROL  [initandlisten] git version: 98515c812b6fa893613f063dae568ff8319cbfbd","@timestamp":"2021-06-26T23:52:19.302Z","level":"INFO","logger_name":"org.springframework.boot.autoconfigure.mongo.embedded.EmbeddedMongo"}
{"@version":"1","appName":"SpringBoot Concepts","thread_name":"Thread-2","hostname":"Paradigma","message":"2021-06-26T23:52:19.301-0500 I CONTROL  [initandlisten] allocator: tcmalloc","@timestamp":"2021-06-26T23:52:19.302Z","level":"INFO","logger_name":"org.springframework.boot.autoconfigure.mongo.embedded.EmbeddedMongo"}
{"@version":"1","appName":"SpringBoot Concepts","thread_name":"Thread-2","hostname":"Paradigma","message":"2021-06-26T23:52:19.301-0500 I CONTROL  [initandlisten] modules: none","@timestamp":"2021-06-26T23:52:19.303Z","level":"INFO","logger_name":"org.springframework.boot.autoconfigure.mongo.embedded.EmbeddedMongo"}
{"@version":"1","appName":"SpringBoot Concepts","thread_name":"Thread-2","hostname":"Paradigma","message":"2021-06-26T23:52:19.301-0500 I CONTROL  [initandlisten] build environment:","@timestamp":"2021-06-26T23:52:19.303Z","level":"INFO","logger_name":"org.springframework.boot.autoconfigure.mongo.embedded.EmbeddedMongo"}
{"@version":"1","appName":"SpringBoot Concepts","thread_name":"Thread-2","hostname":"Paradigma","message":"2021-06-26T23:52:19.301-0500 I CONTROL  [initandlisten]     distarch: x86_64","@timestamp":"2021-06-26T23:52:19.303Z","level":"INFO","logger_name":"org.springframework.boot.autoconfigure.mongo.embedded.EmbeddedMongo"}
{"@version":"1","appName":"SpringBoot Concepts","thread_name":"Thread-2","hostname":"Paradigma","message":"2021-06-26T23:52:19.301-0500 I CONTROL  [initandlisten]     target_arch: x86_64","@timestamp":"2021-06-26T23:52:19.303Z","level":"INFO","logger_name":"org.springframework.boot.autoconfigure.mongo.embedded.EmbeddedMongo"}
{"@version":"1","appName":"SpringBoot Concepts","thread_name":"Thread-2","hostname":"Paradigma","message":"2021-06-26T23:52:19.304-0500 I CONTROL  [initandlisten] options: { net: { bindIp: \"127.0.0.1\", http: { enabled: false }, port: 27017 }, security: { authorization: \"disabled\" }, storage: { dbPath: \"C:\\Users\\QiDimMak\\AppData\\Local\\Temp\\embedmongo-db-6473f4e6-49b1-4f49-bcf5-7bb6b53eec6f\", journal: { enabled: false }, mmapv1: { preallocDataFiles: false, smallFiles: true }, syncPeriodSecs: 0.0 } }","@timestamp":"2021-06-26T23:52:19.304Z","level":"INFO","logger_name":"org.springframework.boot.autoconfigure.mongo.embedded.EmbeddedMongo"}
{"@version":"1","appName":"SpringBoot Concepts","thread_name":"Thread-2","hostname":"Paradigma","message":"2021-06-26T23:52:19.306-0500 E NETWORK  [initandlisten] listen(): bind() failed Solo se permite un uso de cada dirección de socket (protocolo/dirección de red/puerto) for socket: 127.0.0.1:27017","@timestamp":"2021-06-26T23:52:19.306Z","level":"INFO","logger_name":"org.springframework.boot.autoconfigure.mongo.embedded.EmbeddedMongo"}
{"@version":"1","appName":"SpringBoot Concepts","thread_name":"Thread-2","hostname":"Paradigma","message":"2021-06-26T23:52:19.307-0500 E NETWORK  [initandlisten] Failed to set up sockets during startup.","@timestamp":"2021-06-26T23:52:19.306Z","level":"INFO","logger_name":"org.springframework.boot.autoconfigure.mongo.embedded.EmbeddedMongo"}
{"@version":"1","appName":"SpringBoot Concepts","thread_name":"Thread-2","hostname":"Paradigma","message":"2021-06-26T23:52:19.307-0500 E STORAGE  [initandlisten] Failed to set up listener: InternalError: Failed to set up sockets","@timestamp":"2021-06-26T23:52:19.307Z","level":"INFO","logger_name":"org.springframework.boot.autoconfigure.mongo.embedded.EmbeddedMongo"}
{"@version":"1","appName":"SpringBoot Concepts","thread_name":"Thread-2","hostname":"Paradigma","message":"2021-06-26T23:52:19.307-0500 I NETWORK  [initandlisten] shutdown: going to close listening sockets...","@timestamp":"2021-06-26T23:52:19.307Z","level":"INFO","logger_name":"org.springframework.boot.autoconfigure.mongo.embedded.EmbeddedMongo"}
{"@version":"1","appName":"SpringBoot Concepts","thread_name":"Thread-2","hostname":"Paradigma","message":"2021-06-26T23:52:19.307-0500 I NETWORK  [initandlisten] shutdown: going to flush diaglog...","@timestamp":"2021-06-26T23:52:19.307Z","level":"INFO","logger_name":"org.springframework.boot.autoconfigure.mongo.embedded.EmbeddedMongo"}
{"@version":"1","appName":"SpringBoot Concepts","thread_name":"Thread-2","hostname":"Paradigma","message":"2021-06-26T23:52:19.307-0500 I CONTROL  [initandlisten] now exiting","@timestamp":"2021-06-26T23:52:19.308Z","level":"INFO","logger_name":"org.springframework.boot.autoconfigure.mongo.embedded.EmbeddedMongo"}
{"@version":"1","appName":"SpringBoot Concepts","thread_name":"Thread-2","hostname":"Paradigma","message":"2021-06-26T23:52:19.307-0500 I CONTROL  [initandlisten] shutting down with code:48","@timestamp":"2021-06-26T23:52:19.308Z","level":"INFO","logger_name":"org.springframework.boot.autoconfigure.mongo.embedded.EmbeddedMongo"}
{"@version":"1","appName":"SpringBoot Concepts","thread_name":"main","hostname":"Paradigma","message":"failed to call onAfterProcessStart()","@timestamp":"2021-06-26T23:52:19.317Z","level":"ERROR","logger_name":"de.flapdoodle.embed.process.runtime.AbstractProcess"}
{"@version":"1","appName":"SpringBoot Concepts","thread_name":"main","hostname":"Paradigma","message":"construct de.flapdoodle.embed.mongo.config.MongodConfigBuilder$ImmutableMongodConfig@6067e7c1","@timestamp":"2021-06-26T23:52:19.322Z","level":"INFO","logger_name":"de.flapdoodle.embed.process.runtime.AbstractProcess"}
{"@version":"1","appName":"SpringBoot Concepts","thread_name":"main","hostname":"Paradigma","message":"Exception encountered during context initialization - cancelling refresh attempt: org.springframework.beans.factory.UnsatisfiedDependencyException: Error creating bean with name 'fruitController': Unsatisfied dependency expressed through field 'fruitService'; nested exception is org.springframework.beans.factory.UnsatisfiedDependencyException: Error creating bean with name 'fruitService': Unsatisfied dependency expressed through field 'fruitRepository'; nested exception is org.springframework.beans.factory.BeanCreationException: Error creating bean with name 'fruitRepository' defined in jorge.cardona.concepts.repository.FruitRepository defined in @EnableMongoRepositories declared on MongoRepositoriesRegistrar.EnableMongoRepositoriesConfiguration: Cannot resolve reference to bean 'mongoTemplate' while setting bean property 'mongoOperations'; nested exception is org.springframework.beans.factory.UnsatisfiedDependencyException: Error creating bean with name 'mongoTemplate' defined in class path resource [org/springframework/boot/autoconfigure/data/mongo/MongoDatabaseFactoryDependentConfiguration.class]: Unsatisfied dependency expressed through method 'mongoTemplate' parameter 0; nested exception is org.springframework.beans.factory.UnsatisfiedDependencyException: Error creating bean with name 'mongoDatabaseFactory' defined in class path resource [org/springframework/boot/autoconfigure/data/mongo/MongoDatabaseFactoryConfiguration.class]: Unsatisfied dependency expressed through method 'mongoDatabaseFactory' parameter 0; nested exception is org.springframework.beans.factory.BeanCreationException: Error creating bean with name 'embeddedMongoServer' defined in class path resource [org/springframework/boot/autoconfigure/mongo/embedded/EmbeddedMongoAutoConfiguration.class]: Invocation of init method failed; nested exception is java.io.IOException: Could not start process: <EOF>","@timestamp":"2021-06-26T23:52:19.475Z","level":"WARN","logger_name":"org.springframework.boot.web.servlet.context.AnnotationConfigServletWebServerApplicationContext"}
{"@version":"1","appName":"SpringBoot Concepts","thread_name":"main","hostname":"Paradigma","message":"Closing JPA EntityManagerFactory for persistence unit 'default'","@timestamp":"2021-06-26T23:52:19.478Z","level":"INFO","logger_name":"org.springframework.orm.jpa.LocalContainerEntityManagerFactoryBean"}
{"@version":"1","appName":"SpringBoot Concepts","thread_name":"main","hostname":"Paradigma","message":"HHH000477: Starting delayed evictData of schema as part of SessionFactory shut-down'","@timestamp":"2021-06-26T23:52:19.479Z","level":"INFO","logger_name":"org.hibernate.tool.schema.internal.SchemaDropperImpl$DelayedDropActionImpl"}
{"@version":"1","appName":"SpringBoot Concepts","thread_name":"main","hostname":"Paradigma","message":"HikariPool-1 - Shutdown initiated...","@timestamp":"2021-06-26T23:52:19.495Z","level":"INFO","logger_name":"com.zaxxer.hikari.HikariDataSource"}
{"@version":"1","appName":"SpringBoot Concepts","thread_name":"main","hostname":"Paradigma","message":"HikariPool-1 - Shutdown completed.","@timestamp":"2021-06-26T23:52:19.500Z","level":"INFO","logger_name":"com.zaxxer.hikari.HikariDataSource"}
{"@version":"1","appName":"SpringBoot Concepts","thread_name":"main","hostname":"Paradigma","message":"Stopping service [Tomcat]","@timestamp":"2021-06-26T23:52:19.510Z","level":"INFO","logger_name":"org.apache.catalina.core.StandardService"}
{"@version":"1","appName":"SpringBoot Concepts","thread_name":"main","hostname":"Paradigma","message":"\r\n\r\nError starting ApplicationContext. To display the conditions report re-run your application with 'debug' enabled.","@timestamp":"2021-06-26T23:52:19.554Z","level":"INFO","logger_name":"org.springframework.boot.autoconfigure.logging.ConditionEvaluationReportLoggingListener"}
{"@version":"1","appName":"SpringBoot Concepts","thread_name":"main","hostname":"Paradigma","message":"Application run failed","@timestamp":"2021-06-26T23:52:19.595Z","level":"ERROR","logger_name":"org.springframework.boot.SpringApplication"}
{"@version":"1","appName":"SpringBoot Concepts","thread_name":"background-preinit","hostname":"Paradigma","message":"HV000001: Hibernate Validator 6.1.7.Final","@timestamp":"2021-06-26T23:52:48.071Z","level":"INFO","logger_name":"org.hibernate.validator.internal.util.Version"}
{"@version":"1","appName":"SpringBoot Concepts","thread_name":"main","hostname":"Paradigma","message":"Starting SpringBootSomeConceptsApplication on Paradigma with PID 27832 (C:\\z Github\\AI\\Spring Boot Concepts\\build\\classes\\java\\main started by QiDimMak in C:\\z Github\\AI\\Spring Boot Concepts)","@timestamp":"2021-06-26T23:52:48.105Z","level":"INFO","logger_name":"jorge.cardona.concepts.SpringBootSomeConceptsApplication"}
{"@version":"1","appName":"SpringBoot Concepts","thread_name":"main","hostname":"Paradigma","message":"No active profile set, falling back to default profiles: default","@timestamp":"2021-06-26T23:52:48.108Z","level":"INFO","logger_name":"jorge.cardona.concepts.SpringBootSomeConceptsApplication"}
{"@version":"1","appName":"SpringBoot Concepts","thread_name":"main","hostname":"Paradigma","message":"Multiple Spring Data modules found, entering strict repository configuration mode!","@timestamp":"2021-06-26T23:52:50.163Z","level":"INFO","logger_name":"org.springframework.data.repository.config.RepositoryConfigurationDelegate"}
{"@version":"1","appName":"SpringBoot Concepts","thread_name":"main","hostname":"Paradigma","message":"Bootstrapping Spring Data JPA repositories in DEFAULT mode.","@timestamp":"2021-06-26T23:52:50.170Z","level":"INFO","logger_name":"org.springframework.data.repository.config.RepositoryConfigurationDelegate"}
{"@version":"1","appName":"SpringBoot Concepts","thread_name":"main","hostname":"Paradigma","message":"Spring Data JPA - Could not safely identify store assignment for repository candidate interface jorge.cardona.concepts.repository.FruitRepository. If you want this repository to be a JPA repository, consider annotating your entities with one of these annotations: javax.persistence.Entity, javax.persistence.MappedSuperclass (preferred), or consider extending one of the following types with your repository: org.springframework.data.jpa.repository.JpaRepository.","@timestamp":"2021-06-26T23:52:50.274Z","level":"INFO","logger_name":"org.springframework.data.repository.config.RepositoryConfigurationExtensionSupport"}
{"@version":"1","appName":"SpringBoot Concepts","thread_name":"main","hostname":"Paradigma","message":"Finished Spring Data repository scanning in 144ms. Found 2 JPA repository interfaces.","@timestamp":"2021-06-26T23:52:50.328Z","level":"INFO","logger_name":"org.springframework.data.repository.config.RepositoryConfigurationDelegate"}
{"@version":"1","appName":"SpringBoot Concepts","thread_name":"main","hostname":"Paradigma","message":"Multiple Spring Data modules found, entering strict repository configuration mode!","@timestamp":"2021-06-26T23:52:50.342Z","level":"INFO","logger_name":"org.springframework.data.repository.config.RepositoryConfigurationDelegate"}
{"@version":"1","appName":"SpringBoot Concepts","thread_name":"main","hostname":"Paradigma","message":"Bootstrapping Spring Data MongoDB repositories in DEFAULT mode.","@timestamp":"2021-06-26T23:52:50.342Z","level":"INFO","logger_name":"org.springframework.data.repository.config.RepositoryConfigurationDelegate"}
{"@version":"1","appName":"SpringBoot Concepts","thread_name":"main","hostname":"Paradigma","message":"Spring Data MongoDB - Could not safely identify store assignment for repository candidate interface jorge.cardona.concepts.repository.AnimalRepository. If you want this repository to be a MongoDB repository, consider annotating your entities with one of these annotations: org.springframework.data.mongodb.core.mapping.Document (preferred), or consider extending one of the following types with your repository: org.springframework.data.mongodb.repository.MongoRepository.","@timestamp":"2021-06-26T23:52:50.373Z","level":"INFO","logger_name":"org.springframework.data.repository.config.RepositoryConfigurationExtensionSupport"}
{"@version":"1","appName":"SpringBoot Concepts","thread_name":"main","hostname":"Paradigma","message":"Spring Data MongoDB - Could not safely identify store assignment for repository candidate interface jorge.cardona.concepts.repository.NatureRepository. If you want this repository to be a MongoDB repository, consider annotating your entities with one of these annotations: org.springframework.data.mongodb.core.mapping.Document (preferred), or consider extending one of the following types with your repository: org.springframework.data.mongodb.repository.MongoRepository.","@timestamp":"2021-06-26T23:52:50.377Z","level":"INFO","logger_name":"org.springframework.data.repository.config.RepositoryConfigurationExtensionSupport"}
{"@version":"1","appName":"SpringBoot Concepts","thread_name":"main","hostname":"Paradigma","message":"Finished Spring Data repository scanning in 56ms. Found 1 MongoDB repository interfaces.","@timestamp":"2021-06-26T23:52:50.399Z","level":"INFO","logger_name":"org.springframework.data.repository.config.RepositoryConfigurationDelegate"}
{"@version":"1","appName":"SpringBoot Concepts","thread_name":"main","hostname":"Paradigma","message":"Tomcat initialized with port(s): 8080 (http)","@timestamp":"2021-06-26T23:52:51.772Z","level":"INFO","logger_name":"org.springframework.boot.web.embedded.tomcat.TomcatWebServer"}
{"@version":"1","appName":"SpringBoot Concepts","thread_name":"main","hostname":"Paradigma","message":"Initializing ProtocolHandler [\"http-nio-8080\"]","@timestamp":"2021-06-26T23:52:51.786Z","level":"INFO","logger_name":"org.apache.coyote.http11.Http11NioProtocol"}
{"@version":"1","appName":"SpringBoot Concepts","thread_name":"main","hostname":"Paradigma","message":"Starting service [Tomcat]","@timestamp":"2021-06-26T23:52:51.788Z","level":"INFO","logger_name":"org.apache.catalina.core.StandardService"}
{"@version":"1","appName":"SpringBoot Concepts","thread_name":"main","hostname":"Paradigma","message":"Starting Servlet engine: [Apache Tomcat/9.0.45]","@timestamp":"2021-06-26T23:52:51.788Z","level":"INFO","logger_name":"org.apache.catalina.core.StandardEngine"}
{"@version":"1","appName":"SpringBoot Concepts","thread_name":"main","hostname":"Paradigma","message":"Initializing Spring embedded WebApplicationContext","@timestamp":"2021-06-26T23:52:52.010Z","level":"INFO","logger_name":"org.apache.catalina.core.ContainerBase.[Tomcat].[localhost].[/api]"}
{"@version":"1","appName":"SpringBoot Concepts","thread_name":"main","hostname":"Paradigma","message":"Root WebApplicationContext: initialization completed in 3823 ms","@timestamp":"2021-06-26T23:52:52.011Z","level":"INFO","logger_name":"org.springframework.boot.web.servlet.context.ServletWebServerApplicationContext"}
{"@version":"1","appName":"SpringBoot Concepts","thread_name":"main","hostname":"Paradigma","message":"HikariPool-1 - Starting...","@timestamp":"2021-06-26T23:52:52.230Z","level":"INFO","logger_name":"com.zaxxer.hikari.HikariDataSource"}
{"@version":"1","appName":"SpringBoot Concepts","thread_name":"main","hostname":"Paradigma","message":"HikariPool-1 - Start completed.","@timestamp":"2021-06-26T23:52:52.645Z","level":"INFO","logger_name":"com.zaxxer.hikari.HikariDataSource"}
{"@version":"1","appName":"SpringBoot Concepts","thread_name":"main","hostname":"Paradigma","message":"H2 console available at '/h2-console'. Database available at 'jdbc:h2:mem:testdb'","@timestamp":"2021-06-26T23:52:52.654Z","level":"INFO","logger_name":"org.springframework.boot.autoconfigure.h2.H2ConsoleAutoConfiguration"}
{"@version":"1","appName":"SpringBoot Concepts","thread_name":"main","hostname":"Paradigma","message":"HHH000204: Processing PersistenceUnitInfo [name: default]","@timestamp":"2021-06-26T23:52:53.012Z","level":"INFO","logger_name":"org.hibernate.jpa.internal.util.LogHelper"}
{"@version":"1","appName":"SpringBoot Concepts","thread_name":"main","hostname":"Paradigma","message":"HHH000412: Hibernate ORM core version 5.4.30.Final","@timestamp":"2021-06-26T23:52:53.118Z","level":"INFO","logger_name":"org.hibernate.Version"}
{"@version":"1","appName":"SpringBoot Concepts","thread_name":"main","hostname":"Paradigma","message":"HCANN000001: Hibernate Commons Annotations {5.1.2.Final}","@timestamp":"2021-06-26T23:52:53.418Z","level":"INFO","logger_name":"org.hibernate.annotations.common.Version"}
{"@version":"1","appName":"SpringBoot Concepts","thread_name":"main","hostname":"Paradigma","message":"HHH000400: Using dialect: org.hibernate.dialect.H2Dialect","@timestamp":"2021-06-26T23:52:53.685Z","level":"INFO","logger_name":"org.hibernate.dialect.Dialect"}
{"@version":"1","appName":"SpringBoot Concepts","thread_name":"main","hostname":"Paradigma","message":"HHH000490: Using JtaPlatform implementation: [org.hibernate.engine.transaction.jta.platform.internal.NoJtaPlatform]","@timestamp":"2021-06-26T23:52:54.933Z","level":"INFO","logger_name":"org.hibernate.engine.transaction.jta.platform.internal.JtaPlatformInitiator"}
{"@version":"1","appName":"SpringBoot Concepts","thread_name":"main","hostname":"Paradigma","message":"Initialized JPA EntityManagerFactory for persistence unit 'default'","@timestamp":"2021-06-26T23:52:54.945Z","level":"INFO","logger_name":"org.springframework.orm.jpa.LocalContainerEntityManagerFactoryBean"}
{"@version":"1","appName":"SpringBoot Concepts","thread_name":"Thread-2","hostname":"Paradigma","message":"note: noprealloc may hurt performance in many applications","@timestamp":"2021-06-26T23:52:55.609Z","level":"INFO","logger_name":"org.springframework.boot.autoconfigure.mongo.embedded.EmbeddedMongo"}
{"@version":"1","appName":"SpringBoot Concepts","thread_name":"Thread-2","hostname":"Paradigma","message":"2021-06-26T23:52:55.685-0500 I CONTROL  [initandlisten] MongoDB starting : pid=23080 port=27017 dbpath=C:\\Users\\QiDimMak\\AppData\\Local\\Temp\\embedmongo-db-c76f8879-ce0c-4598-8d63-8a4178a2a6ae 64-bit host=Paradigma","@timestamp":"2021-06-26T23:52:55.686Z","level":"INFO","logger_name":"org.springframework.boot.autoconfigure.mongo.embedded.EmbeddedMongo"}
{"@version":"1","appName":"SpringBoot Concepts","thread_name":"Thread-2","hostname":"Paradigma","message":"2021-06-26T23:52:55.686-0500 I CONTROL  [initandlisten] targetMinOS: Windows Vista/Windows Server 2008","@timestamp":"2021-06-26T23:52:55.687Z","level":"INFO","logger_name":"org.springframework.boot.autoconfigure.mongo.embedded.EmbeddedMongo"}
{"@version":"1","appName":"SpringBoot Concepts","thread_name":"Thread-2","hostname":"Paradigma","message":"2021-06-26T23:52:55.686-0500 I CONTROL  [initandlisten] db version v3.5.5","@timestamp":"2021-06-26T23:52:55.687Z","level":"INFO","logger_name":"org.springframework.boot.autoconfigure.mongo.embedded.EmbeddedMongo"}
{"@version":"1","appName":"SpringBoot Concepts","thread_name":"Thread-2","hostname":"Paradigma","message":"2021-06-26T23:52:55.686-0500 I CONTROL  [initandlisten] git version: 98515c812b6fa893613f063dae568ff8319cbfbd","@timestamp":"2021-06-26T23:52:55.687Z","level":"INFO","logger_name":"org.springframework.boot.autoconfigure.mongo.embedded.EmbeddedMongo"}
{"@version":"1","appName":"SpringBoot Concepts","thread_name":"Thread-2","hostname":"Paradigma","message":"2021-06-26T23:52:55.686-0500 I CONTROL  [initandlisten] allocator: tcmalloc","@timestamp":"2021-06-26T23:52:55.688Z","level":"INFO","logger_name":"org.springframework.boot.autoconfigure.mongo.embedded.EmbeddedMongo"}
{"@version":"1","appName":"SpringBoot Concepts","thread_name":"Thread-2","hostname":"Paradigma","message":"2021-06-26T23:52:55.686-0500 I CONTROL  [initandlisten] modules: none","@timestamp":"2021-06-26T23:52:55.688Z","level":"INFO","logger_name":"org.springframework.boot.autoconfigure.mongo.embedded.EmbeddedMongo"}
{"@version":"1","appName":"SpringBoot Concepts","thread_name":"Thread-2","hostname":"Paradigma","message":"2021-06-26T23:52:55.686-0500 I CONTROL  [initandlisten] build environment:","@timestamp":"2021-06-26T23:52:55.689Z","level":"INFO","logger_name":"org.springframework.boot.autoconfigure.mongo.embedded.EmbeddedMongo"}
{"@version":"1","appName":"SpringBoot Concepts","thread_name":"Thread-2","hostname":"Paradigma","message":"2021-06-26T23:52:55.686-0500 I CONTROL  [initandlisten]     distarch: x86_64","@timestamp":"2021-06-26T23:52:55.689Z","level":"INFO","logger_name":"org.springframework.boot.autoconfigure.mongo.embedded.EmbeddedMongo"}
{"@version":"1","appName":"SpringBoot Concepts","thread_name":"Thread-2","hostname":"Paradigma","message":"2021-06-26T23:52:55.686-0500 I CONTROL  [initandlisten]     target_arch: x86_64","@timestamp":"2021-06-26T23:52:55.689Z","level":"INFO","logger_name":"org.springframework.boot.autoconfigure.mongo.embedded.EmbeddedMongo"}
{"@version":"1","appName":"SpringBoot Concepts","thread_name":"Thread-2","hostname":"Paradigma","message":"2021-06-26T23:52:55.686-0500 I CONTROL  [initandlisten] options: { net: { bindIp: \"127.0.0.1\", http: { enabled: false }, port: 27017 }, security: { authorization: \"disabled\" }, storage: { dbPath: \"C:\\Users\\QiDimMak\\AppData\\Local\\Temp\\embedmongo-db-c76f8879-ce0c-4598-8d63-8a4178a2a6ae\", journal: { enabled: false }, mmapv1: { preallocDataFiles: false, smallFiles: true }, syncPeriodSecs: 0.0 } }","@timestamp":"2021-06-26T23:52:55.690Z","level":"INFO","logger_name":"org.springframework.boot.autoconfigure.mongo.embedded.EmbeddedMongo"}
{"@version":"1","appName":"SpringBoot Concepts","thread_name":"Thread-2","hostname":"Paradigma","message":"2021-06-26T23:52:55.689-0500 I STORAGE  [initandlisten] wiredtiger_open config: create,cache_size=7596M,session_max=20000,eviction=(threads_min=4,threads_max=4),config_base=false,statistics=(fast),log=(enabled=true,archive=true,path=journal,compressor=snappy),file_manager=(close_idle_time=100000),checkpoint=(wait=0,log_size=2GB),statistics_log=(wait=0),verbose=(recovery_progress),,log=(enabled=false),","@timestamp":"2021-06-26T23:52:55.690Z","level":"INFO","logger_name":"org.springframework.boot.autoconfigure.mongo.embedded.EmbeddedMongo"}
{"@version":"1","appName":"SpringBoot Concepts","thread_name":"Thread-2","hostname":"Paradigma","message":"2021-06-26T23:52:55.746-0500 W STORAGE  [initandlisten] Detected configuration for non-active storage engine mmapv1 when current storage engine is wiredTiger","@timestamp":"2021-06-26T23:52:55.746Z","level":"INFO","logger_name":"org.springframework.boot.autoconfigure.mongo.embedded.EmbeddedMongo"}
{"@version":"1","appName":"SpringBoot Concepts","thread_name":"Thread-2","hostname":"Paradigma","message":"2021-06-26T23:52:55.746-0500 I CONTROL  [initandlisten] ","@timestamp":"2021-06-26T23:52:55.746Z","level":"INFO","logger_name":"org.springframework.boot.autoconfigure.mongo.embedded.EmbeddedMongo"}
{"@version":"1","appName":"SpringBoot Concepts","thread_name":"Thread-2","hostname":"Paradigma","message":"2021-06-26T23:52:55.746-0500 I CONTROL  [initandlisten] ** NOTE: This is a development version (3.5.5) of MongoDB.","@timestamp":"2021-06-26T23:52:55.747Z","level":"INFO","logger_name":"org.springframework.boot.autoconfigure.mongo.embedded.EmbeddedMongo"}
{"@version":"1","appName":"SpringBoot Concepts","thread_name":"Thread-2","hostname":"Paradigma","message":"2021-06-26T23:52:55.746-0500 I CONTROL  [initandlisten] **       Not recommended for production.","@timestamp":"2021-06-26T23:52:55.747Z","level":"INFO","logger_name":"org.springframework.boot.autoconfigure.mongo.embedded.EmbeddedMongo"}
{"@version":"1","appName":"SpringBoot Concepts","thread_name":"Thread-2","hostname":"Paradigma","message":"2021-06-26T23:52:55.746-0500 I CONTROL  [initandlisten] ","@timestamp":"2021-06-26T23:52:55.748Z","level":"INFO","logger_name":"org.springframework.boot.autoconfigure.mongo.embedded.EmbeddedMongo"}
{"@version":"1","appName":"SpringBoot Concepts","thread_name":"Thread-2","hostname":"Paradigma","message":"2021-06-26T23:52:56.332-0500 W FTDC     [initandlisten] Failed to initialize Performance Counters for FTDC: WindowsPdhError: PdhExpandCounterPathW failed with 'El objeto especificado no se encontró en el equipo.' for counter '\\Memory\\Available Bytes'","@timestamp":"2021-06-26T23:52:56.332Z","level":"INFO","logger_name":"org.springframework.boot.autoconfigure.mongo.embedded.EmbeddedMongo"}
{"@version":"1","appName":"SpringBoot Concepts","thread_name":"Thread-2","hostname":"Paradigma","message":"2021-06-26T23:52:56.332-0500 I FTDC     [initandlisten] Initializing full-time diagnostic data capture with directory 'C:/Users/QiDimMak/AppData/Local/Temp/embedmongo-db-c76f8879-ce0c-4598-8d63-8a4178a2a6ae/diagnostic.data'","@timestamp":"2021-06-26T23:52:56.333Z","level":"INFO","logger_name":"org.springframework.boot.autoconfigure.mongo.embedded.EmbeddedMongo"}
{"@version":"1","appName":"SpringBoot Concepts","thread_name":"Thread-2","hostname":"Paradigma","message":"2021-06-26T23:52:56.373-0500 I INDEX    [initandlisten] build index on: admin.system.version properties: { v: 2, key: { version: 1 }, name: \"incompatible_with_version_32\", ns: \"admin.system.version\" }","@timestamp":"2021-06-26T23:52:56.372Z","level":"INFO","logger_name":"org.springframework.boot.autoconfigure.mongo.embedded.EmbeddedMongo"}
{"@version":"1","appName":"SpringBoot Concepts","thread_name":"Thread-2","hostname":"Paradigma","message":"2021-06-26T23:52:56.373-0500 I INDEX    [initandlisten] \t building index using bulk method; build may temporarily use up to 500 megabytes of RAM","@timestamp":"2021-06-26T23:52:56.373Z","level":"INFO","logger_name":"org.springframework.boot.autoconfigure.mongo.embedded.EmbeddedMongo"}
{"@version":"1","appName":"SpringBoot Concepts","thread_name":"Thread-2","hostname":"Paradigma","message":"2021-06-26T23:52:56.376-0500 I INDEX    [initandlisten] build index done.  scanned 0 total records. 0 secs","@timestamp":"2021-06-26T23:52:56.376Z","level":"INFO","logger_name":"org.springframework.boot.autoconfigure.mongo.embedded.EmbeddedMongo"}
{"@version":"1","appName":"SpringBoot Concepts","thread_name":"Thread-2","hostname":"Paradigma","message":"2021-06-26T23:52:56.377-0500 I COMMAND  [initandlisten] setting featureCompatibilityVersion to 3.4","@timestamp":"2021-06-26T23:52:56.376Z","level":"INFO","logger_name":"org.springframework.boot.autoconfigure.mongo.embedded.EmbeddedMongo"}
{"@version":"1","appName":"SpringBoot Concepts","thread_name":"Thread-2","hostname":"Paradigma","message":"2021-06-26T23:52:56.378-0500 I NETWORK  [thread1] waiting for connections on port 27017","@timestamp":"2021-06-26T23:52:56.377Z","level":"INFO","logger_name":"org.springframework.boot.autoconfigure.mongo.embedded.EmbeddedMongo"}
{"@version":"1","appName":"SpringBoot Concepts","thread_name":"main","hostname":"Paradigma","message":"start de.flapdoodle.embed.mongo.config.MongodConfigBuilder$ImmutableMongodConfig@46573cfe","@timestamp":"2021-06-26T23:52:56.377Z","level":"INFO","logger_name":"de.flapdoodle.embed.mongo.MongodExecutable"}
{"@version":"1","appName":"SpringBoot Concepts","thread_name":"main","hostname":"Paradigma","message":"Cluster created with settings {hosts=[localhost:27017], mode=SINGLE, requiredClusterType=UNKNOWN, serverSelectionTimeout='30000 ms'}","@timestamp":"2021-06-26T23:52:56.493Z","level":"INFO","logger_name":"org.mongodb.driver.cluster"}
{"@version":"1","appName":"SpringBoot Concepts","thread_name":"Thread-2","hostname":"Paradigma","message":"2021-06-26T23:52:56.566-0500 I NETWORK  [thread1] connection accepted from 127.0.0.1:1189 #1 (1 connection now open)","@timestamp":"2021-06-26T23:52:56.565Z","level":"INFO","logger_name":"org.springframework.boot.autoconfigure.mongo.embedded.EmbeddedMongo"}
{"@version":"1","appName":"SpringBoot Concepts","thread_name":"Thread-2","hostname":"Paradigma","message":"2021-06-26T23:52:56.593-0500 I NETWORK  [conn1] received client metadata from 127.0.0.1:1189 conn1: { driver: { name: \"mongo-java-driver|sync|spring-boot\", version: \"4.0.6\" }, os: { type: \"Windows\", name: \"Windows 10\", architecture: \"amd64\", version: \"10.0\" }, platform: \"Java/Oracle Corporation/11.0.9+7-LTS\" }","@timestamp":"2021-06-26T23:52:56.592Z","level":"INFO","logger_name":"org.springframework.boot.autoconfigure.mongo.embedded.EmbeddedMongo"}
{"@version":"1","appName":"SpringBoot Concepts","thread_name":"cluster-ClusterId{value='60d8042888b19e4d7a7da4be', description='null'}-localhost:27017","hostname":"Paradigma","message":"Opened connection [connectionId{localValue:1, serverValue:1}] to localhost:27017","@timestamp":"2021-06-26T23:52:56.622Z","level":"INFO","logger_name":"org.mongodb.driver.connection"}
{"@version":"1","appName":"SpringBoot Concepts","thread_name":"cluster-ClusterId{value='60d8042888b19e4d7a7da4be', description='null'}-localhost:27017","hostname":"Paradigma","message":"Monitor thread successfully connected to server with description ServerDescription{address=localhost:27017, type=STANDALONE, state=CONNECTED, ok=true, minWireVersion=0, maxWireVersion=5, maxDocumentSize=16777216, logicalSessionTimeoutMinutes=null, roundTripTimeNanos=2221200}","@timestamp":"2021-06-26T23:52:56.628Z","level":"INFO","logger_name":"org.mongodb.driver.cluster"}
{"@version":"1","appName":"SpringBoot Concepts","thread_name":"main","hostname":"Paradigma","message":"spring.jpa.open-in-view is enabled by default. Therefore, database queries may be performed during view rendering. Explicitly configure spring.jpa.open-in-view to disable this warning","@timestamp":"2021-06-26T23:52:57.284Z","level":"WARN","logger_name":"org.springframework.boot.autoconfigure.orm.jpa.JpaBaseConfiguration$JpaWebConfiguration"}
{"@version":"1","appName":"SpringBoot Concepts","thread_name":"main","hostname":"Paradigma","message":"Initializing ExecutorService 'applicationTaskExecutor'","@timestamp":"2021-06-26T23:52:57.465Z","level":"INFO","logger_name":"org.springframework.scheduling.concurrent.ThreadPoolTaskExecutor"}
{"@version":"1","appName":"SpringBoot Concepts","thread_name":"main","hostname":"Paradigma","message":"Initializing ExecutorService 'taskScheduler'","@timestamp":"2021-06-26T23:53:00.524Z","level":"INFO","logger_name":"org.springframework.scheduling.concurrent.ThreadPoolTaskScheduler"}
{"@version":"1","appName":"SpringBoot Concepts","thread_name":"main","hostname":"Paradigma","message":"Exposing 12 endpoint(s) beneath base path '/actuator'","@timestamp":"2021-06-26T23:53:00.538Z","level":"INFO","logger_name":"org.springframework.boot.actuate.endpoint.web.EndpointLinksResolver"}
{"@version":"1","appName":"SpringBoot Concepts","thread_name":"main","hostname":"Paradigma","message":"Starting ProtocolHandler [\"http-nio-8080\"]","@timestamp":"2021-06-26T23:53:00.571Z","level":"INFO","logger_name":"org.apache.coyote.http11.Http11NioProtocol"}
{"@version":"1","appName":"SpringBoot Concepts","thread_name":"main","hostname":"Paradigma","message":"Tomcat started on port(s): 8080 (http) with context path '/api'","@timestamp":"2021-06-26T23:53:00.610Z","level":"INFO","logger_name":"org.springframework.boot.web.embedded.tomcat.TomcatWebServer"}
{"@version":"1","appName":"SpringBoot Concepts","thread_name":"scheduling-1","hostname":"Paradigma","message":"Name Load Properties From Yaml","@timestamp":"2021-06-26T23:53:00.645Z","level":"INFO","logger_name":"jorge.cardona.concepts.service.Scheduling"}
{"@version":"1","appName":"SpringBoot Concepts","thread_name":"main","hostname":"Paradigma","message":"Started SpringBootSomeConceptsApplication in 13.707 seconds (JVM running for 14.496)","@timestamp":"2021-06-26T23:53:00.651Z","level":"INFO","logger_name":"jorge.cardona.concepts.SpringBootSomeConceptsApplication"}
{"@version":"1","appName":"SpringBoot Concepts","thread_name":"scheduling-1","hostname":"Paradigma","message":"Release 13","@timestamp":"2021-06-26T23:53:00.655Z","level":"INFO","logger_name":"jorge.cardona.concepts.service.Scheduling"}
{"@version":"1","appName":"SpringBoot Concepts","thread_name":"scheduling-1","hostname":"Paradigma","message":"Enable true","@timestamp":"2021-06-26T23:53:00.655Z","level":"INFO","logger_name":"jorge.cardona.concepts.service.Scheduling"}
{"@version":"1","appName":"SpringBoot Concepts","thread_name":"Thread-2","hostname":"Paradigma","message":"2021-06-26T23:53:00.779-0500 I NETWORK  [thread1] connection accepted from 127.0.0.1:1194 #2 (2 connections now open)","@timestamp":"2021-06-26T23:53:00.779Z","level":"INFO","logger_name":"org.springframework.boot.autoconfigure.mongo.embedded.EmbeddedMongo"}
{"@version":"1","appName":"SpringBoot Concepts","thread_name":"Thread-2","hostname":"Paradigma","message":"2021-06-26T23:53:00.780-0500 I NETWORK  [conn2] received client metadata from 127.0.0.1:1194 conn2: { driver: { name: \"mongo-java-driver|sync|spring-boot\", version: \"4.0.6\" }, os: { type: \"Windows\", name: \"Windows 10\", architecture: \"amd64\", version: \"10.0\" }, platform: \"Java/Oracle Corporation/11.0.9+7-LTS\" }","@timestamp":"2021-06-26T23:53:00.780Z","level":"INFO","logger_name":"org.springframework.boot.autoconfigure.mongo.embedded.EmbeddedMongo"}
{"@version":"1","appName":"SpringBoot Concepts","thread_name":"main","hostname":"Paradigma","message":"Opened connection [connectionId{localValue:2, serverValue:2}] to localhost:27017","@timestamp":"2021-06-26T23:53:00.781Z","level":"INFO","logger_name":"org.mongodb.driver.connection"}
{"@version":"1","appName":"SpringBoot Concepts","thread_name":"scheduling-1","hostname":"Paradigma","message":"Name Load Properties From Yaml","@timestamp":"2021-06-26T23:53:01.664Z","level":"INFO","logger_name":"jorge.cardona.concepts.service.Scheduling"}
{"@version":"1","appName":"SpringBoot Concepts","thread_name":"scheduling-1","hostname":"Paradigma","message":"Release 13","@timestamp":"2021-06-26T23:53:01.667Z","level":"INFO","logger_name":"jorge.cardona.concepts.service.Scheduling"}
{"@version":"1","appName":"SpringBoot Concepts","thread_name":"scheduling-1","hostname":"Paradigma","message":"Enable true","@timestamp":"2021-06-26T23:53:01.670Z","level":"INFO","logger_name":"jorge.cardona.concepts.service.Scheduling"}
{"@version":"1","appName":"SpringBoot Concepts","thread_name":"scheduling-1","hostname":"Paradigma","message":"Name Load Properties From Yaml","@timestamp":"2021-06-26T23:53:02.673Z","level":"INFO","logger_name":"jorge.cardona.concepts.service.Scheduling"}
{"@version":"1","appName":"SpringBoot Concepts","thread_name":"scheduling-1","hostname":"Paradigma","message":"Release 13","@timestamp":"2021-06-26T23:53:02.675Z","level":"INFO","logger_name":"jorge.cardona.concepts.service.Scheduling"}
{"@version":"1","appName":"SpringBoot Concepts","thread_name":"scheduling-1","hostname":"Paradigma","message":"Enable true","@timestamp":"2021-06-26T23:53:02.676Z","level":"INFO","logger_name":"jorge.cardona.concepts.service.Scheduling"}
{"@version":"1","appName":"SpringBoot Concepts","thread_name":"scheduling-1","hostname":"Paradigma","message":"Name Load Properties From Yaml","@timestamp":"2021-06-26T23:53:03.685Z","level":"INFO","logger_name":"jorge.cardona.concepts.service.Scheduling"}
{"@version":"1","appName":"SpringBoot Concepts","thread_name":"scheduling-1","hostname":"Paradigma","message":"Release 13","@timestamp":"2021-06-26T23:53:03.686Z","level":"INFO","logger_name":"jorge.cardona.concepts.service.Scheduling"}
{"@version":"1","appName":"SpringBoot Concepts","thread_name":"scheduling-1","hostname":"Paradigma","message":"Enable true","@timestamp":"2021-06-26T23:53:03.687Z","level":"INFO","logger_name":"jorge.cardona.concepts.service.Scheduling"}
{"@version":"1","appName":"SpringBoot Concepts","thread_name":"scheduling-1","hostname":"Paradigma","message":"Name Load Properties From Yaml","@timestamp":"2021-06-26T23:53:04.696Z","level":"INFO","logger_name":"jorge.cardona.concepts.service.Scheduling"}
{"@version":"1","appName":"SpringBoot Concepts","thread_name":"scheduling-1","hostname":"Paradigma","message":"Release 13","@timestamp":"2021-06-26T23:53:04.702Z","level":"INFO","logger_name":"jorge.cardona.concepts.service.Scheduling"}
{"@version":"1","appName":"SpringBoot Concepts","thread_name":"scheduling-1","hostname":"Paradigma","message":"Enable true","@timestamp":"2021-06-26T23:53:04.704Z","level":"INFO","logger_name":"jorge.cardona.concepts.service.Scheduling"}
{"@version":"1","appName":"SpringBoot Concepts","thread_name":"scheduling-1","hostname":"Paradigma","message":"THIS IT IS A SCHEDULE TASK LOGGING 2021-06-26T23:53:05.675143400","@timestamp":"2021-06-26T23:53:05.676Z","level":"ERROR","logger_name":"jorge.cardona.concepts.service.Scheduling"}
{"@version":"1","appName":"SpringBoot Concepts","thread_name":"scheduling-1","hostname":"Paradigma","message":"Name Load Properties From Yaml","@timestamp":"2021-06-26T23:53:05.709Z","level":"INFO","logger_name":"jorge.cardona.concepts.service.Scheduling"}
{"@version":"1","appName":"SpringBoot Concepts","thread_name":"scheduling-1","hostname":"Paradigma","message":"Release 13","@timestamp":"2021-06-26T23:53:05.711Z","level":"INFO","logger_name":"jorge.cardona.concepts.service.Scheduling"}
{"@version":"1","appName":"SpringBoot Concepts","thread_name":"scheduling-1","hostname":"Paradigma","message":"Enable true","@timestamp":"2021-06-26T23:53:05.712Z","level":"INFO","logger_name":"jorge.cardona.concepts.service.Scheduling"}
{"@version":"1","appName":"SpringBoot Concepts","thread_name":"http-nio-8080-exec-2","hostname":"Paradigma","message":"Initializing Spring DispatcherServlet 'dispatcherServlet'","@timestamp":"2021-06-26T23:53:06.107Z","level":"INFO","logger_name":"org.apache.catalina.core.ContainerBase.[Tomcat].[localhost].[/api]"}
{"@version":"1","appName":"SpringBoot Concepts","thread_name":"http-nio-8080-exec-2","hostname":"Paradigma","message":"Initializing Servlet 'dispatcherServlet'","@timestamp":"2021-06-26T23:53:06.108Z","level":"INFO","logger_name":"org.springframework.web.servlet.DispatcherServlet"}
{"@version":"1","appName":"SpringBoot Concepts","thread_name":"http-nio-8080-exec-2","hostname":"Paradigma","message":"Completed initialization in 10 ms","@timestamp":"2021-06-26T23:53:06.118Z","level":"INFO","logger_name":"org.springframework.web.servlet.DispatcherServlet"}
{"@version":"1","appName":"SpringBoot Concepts","thread_name":"scheduling-1","hostname":"Paradigma","message":"Name Load Properties From Yaml","@timestamp":"2021-06-26T23:53:06.721Z","level":"INFO","logger_name":"jorge.cardona.concepts.service.Scheduling"}
{"@version":"1","appName":"SpringBoot Concepts","thread_name":"scheduling-1","hostname":"Paradigma","message":"Release 13","@timestamp":"2021-06-26T23:53:06.722Z","level":"INFO","logger_name":"jorge.cardona.concepts.service.Scheduling"}
{"@version":"1","appName":"SpringBoot Concepts","thread_name":"scheduling-1","hostname":"Paradigma","message":"Enable true","@timestamp":"2021-06-26T23:53:06.723Z","level":"INFO","logger_name":"jorge.cardona.concepts.service.Scheduling"}
{"@version":"1","appName":"SpringBoot Concepts","thread_name":"scheduling-1","hostname":"Paradigma","message":"Name Load Properties From Yaml","@timestamp":"2021-06-26T23:53:07.734Z","level":"INFO","logger_name":"jorge.cardona.concepts.service.Scheduling"}
{"@version":"1","appName":"SpringBoot Concepts","thread_name":"scheduling-1","hostname":"Paradigma","message":"Release 13","@timestamp":"2021-06-26T23:53:07.736Z","level":"INFO","logger_name":"jorge.cardona.concepts.service.Scheduling"}
{"@version":"1","appName":"SpringBoot Concepts","thread_name":"scheduling-1","hostname":"Paradigma","message":"Enable true","@timestamp":"2021-06-26T23:53:07.738Z","level":"INFO","logger_name":"jorge.cardona.concepts.service.Scheduling"}
{"@version":"1","appName":"SpringBoot Concepts","thread_name":"scheduling-1","hostname":"Paradigma","message":"THIS IT IS A SCHEDULE TASK LOGGING 2021-06-26T23:53:08.679751600","@timestamp":"2021-06-26T23:53:08.680Z","level":"ERROR","logger_name":"jorge.cardona.concepts.service.Scheduling"}
{"@version":"1","appName":"SpringBoot Concepts","thread_name":"scheduling-1","hostname":"Paradigma","message":"Name Load Properties From Yaml","@timestamp":"2021-06-26T23:53:08.741Z","level":"INFO","logger_name":"jorge.cardona.concepts.service.Scheduling"}
{"@version":"1","appName":"SpringBoot Concepts","thread_name":"scheduling-1","hostname":"Paradigma","message":"Release 13","@timestamp":"2021-06-26T23:53:08.743Z","level":"INFO","logger_name":"jorge.cardona.concepts.service.Scheduling"}
{"@version":"1","appName":"SpringBoot Concepts","thread_name":"scheduling-1","hostname":"Paradigma","message":"Enable true","@timestamp":"2021-06-26T23:53:08.745Z","level":"INFO","logger_name":"jorge.cardona.concepts.service.Scheduling"}
{"@version":"1","appName":"SpringBoot Concepts","thread_name":"scheduling-1","hostname":"Paradigma","message":"Name Load Properties From Yaml","@timestamp":"2021-06-26T23:53:09.753Z","level":"INFO","logger_name":"jorge.cardona.concepts.service.Scheduling"}
{"@version":"1","appName":"SpringBoot Concepts","thread_name":"scheduling-1","hostname":"Paradigma","message":"Release 13","@timestamp":"2021-06-26T23:53:09.756Z","level":"INFO","logger_name":"jorge.cardona.concepts.service.Scheduling"}
{"@version":"1","appName":"SpringBoot Concepts","thread_name":"scheduling-1","hostname":"Paradigma","message":"Enable true","@timestamp":"2021-06-26T23:53:09.757Z","level":"INFO","logger_name":"jorge.cardona.concepts.service.Scheduling"}
{"@version":"1","appName":"SpringBoot Concepts","thread_name":"scheduling-1","hostname":"Paradigma","message":"Name Load Properties From Yaml","@timestamp":"2021-06-26T23:53:10.766Z","level":"INFO","logger_name":"jorge.cardona.concepts.service.Scheduling"}
{"@version":"1","appName":"SpringBoot Concepts","thread_name":"scheduling-1","hostname":"Paradigma","message":"Release 13","@timestamp":"2021-06-26T23:53:10.769Z","level":"INFO","logger_name":"jorge.cardona.concepts.service.Scheduling"}
{"@version":"1","appName":"SpringBoot Concepts","thread_name":"scheduling-1","hostname":"Paradigma","message":"Enable true","@timestamp":"2021-06-26T23:53:10.771Z","level":"INFO","logger_name":"jorge.cardona.concepts.service.Scheduling"}
{"@version":"1","appName":"SpringBoot Concepts","thread_name":"scheduling-1","hostname":"Paradigma","message":"THIS IT IS A SCHEDULE TASK LOGGING 2021-06-26T23:53:11.688224800","@timestamp":"2021-06-26T23:53:11.688Z","level":"ERROR","logger_name":"jorge.cardona.concepts.service.Scheduling"}
{"@version":"1","appName":"SpringBoot Concepts","thread_name":"scheduling-1","hostname":"Paradigma","message":"Name Load Properties From Yaml","@timestamp":"2021-06-26T23:53:11.780Z","level":"INFO","logger_name":"jorge.cardona.concepts.service.Scheduling"}
{"@version":"1","appName":"SpringBoot Concepts","thread_name":"scheduling-1","hostname":"Paradigma","message":"Release 13","@timestamp":"2021-06-26T23:53:11.783Z","level":"INFO","logger_name":"jorge.cardona.concepts.service.Scheduling"}
{"@version":"1","appName":"SpringBoot Concepts","thread_name":"scheduling-1","hostname":"Paradigma","message":"Enable true","@timestamp":"2021-06-26T23:53:11.785Z","level":"INFO","logger_name":"jorge.cardona.concepts.service.Scheduling"}
{"@version":"1","appName":"SpringBoot Concepts","thread_name":"scheduling-1","hostname":"Paradigma","message":"Name Load Properties From Yaml","@timestamp":"2021-06-26T23:53:12.798Z","level":"INFO","logger_name":"jorge.cardona.concepts.service.Scheduling"}
{"@version":"1","appName":"SpringBoot Concepts","thread_name":"scheduling-1","hostname":"Paradigma","message":"Release 13","@timestamp":"2021-06-26T23:53:12.801Z","level":"INFO","logger_name":"jorge.cardona.concepts.service.Scheduling"}
{"@version":"1","appName":"SpringBoot Concepts","thread_name":"scheduling-1","hostname":"Paradigma","message":"Enable true","@timestamp":"2021-06-26T23:53:12.803Z","level":"INFO","logger_name":"jorge.cardona.concepts.service.Scheduling"}
{"@version":"1","appName":"SpringBoot Concepts","thread_name":"scheduling-1","hostname":"Paradigma","message":"Name Load Properties From Yaml","@timestamp":"2021-06-26T23:53:13.809Z","level":"INFO","logger_name":"jorge.cardona.concepts.service.Scheduling"}
{"@version":"1","appName":"SpringBoot Concepts","thread_name":"scheduling-1","hostname":"Paradigma","message":"Release 13","@timestamp":"2021-06-26T23:53:13.812Z","level":"INFO","logger_name":"jorge.cardona.concepts.service.Scheduling"}
{"@version":"1","appName":"SpringBoot Concepts","thread_name":"scheduling-1","hostname":"Paradigma","message":"Enable true","@timestamp":"2021-06-26T23:53:13.815Z","level":"INFO","logger_name":"jorge.cardona.concepts.service.Scheduling"}
{"@version":"1","appName":"SpringBoot Concepts","thread_name":"scheduling-1","hostname":"Paradigma","message":"THIS IT IS A SCHEDULE TASK LOGGING 2021-06-26T23:53:14.698335300","@timestamp":"2021-06-26T23:53:14.698Z","level":"ERROR","logger_name":"jorge.cardona.concepts.service.Scheduling"}
{"@version":"1","appName":"SpringBoot Concepts","thread_name":"scheduling-1","hostname":"Paradigma","message":"Name Load Properties From Yaml","@timestamp":"2021-06-26T23:53:14.824Z","level":"INFO","logger_name":"jorge.cardona.concepts.service.Scheduling"}
{"@version":"1","appName":"SpringBoot Concepts","thread_name":"scheduling-1","hostname":"Paradigma","message":"Release 13","@timestamp":"2021-06-26T23:53:14.826Z","level":"INFO","logger_name":"jorge.cardona.concepts.service.Scheduling"}
{"@version":"1","appName":"SpringBoot Concepts","thread_name":"scheduling-1","hostname":"Paradigma","message":"Enable true","@timestamp":"2021-06-26T23:53:14.828Z","level":"INFO","logger_name":"jorge.cardona.concepts.service.Scheduling"}
{"@version":"1","appName":"SpringBoot Concepts","thread_name":"scheduling-1","hostname":"Paradigma","message":"Name Load Properties From Yaml","@timestamp":"2021-06-26T23:53:15.844Z","level":"INFO","logger_name":"jorge.cardona.concepts.service.Scheduling"}
{"@version":"1","appName":"SpringBoot Concepts","thread_name":"scheduling-1","hostname":"Paradigma","message":"Release 13","@timestamp":"2021-06-26T23:53:15.847Z","level":"INFO","logger_name":"jorge.cardona.concepts.service.Scheduling"}
{"@version":"1","appName":"SpringBoot Concepts","thread_name":"scheduling-1","hostname":"Paradigma","message":"Enable true","@timestamp":"2021-06-26T23:53:15.848Z","level":"INFO","logger_name":"jorge.cardona.concepts.service.Scheduling"}
{"@version":"1","appName":"SpringBoot Concepts","thread_name":"scheduling-1","hostname":"Paradigma","message":"Name Load Properties From Yaml","@timestamp":"2021-06-26T23:53:16.860Z","level":"INFO","logger_name":"jorge.cardona.concepts.service.Scheduling"}
{"@version":"1","appName":"SpringBoot Concepts","thread_name":"scheduling-1","hostname":"Paradigma","message":"Release 13","@timestamp":"2021-06-26T23:53:16.864Z","level":"INFO","logger_name":"jorge.cardona.concepts.service.Scheduling"}
{"@version":"1","appName":"SpringBoot Concepts","thread_name":"scheduling-1","hostname":"Paradigma","message":"Enable true","@timestamp":"2021-06-26T23:53:16.867Z","level":"INFO","logger_name":"jorge.cardona.concepts.service.Scheduling"}
{"@version":"1","appName":"SpringBoot Concepts","thread_name":"scheduling-1","hostname":"Paradigma","message":"THIS IT IS A SCHEDULE TASK LOGGING 2021-06-26T23:53:17.714053","@timestamp":"2021-06-26T23:53:17.714Z","level":"ERROR","logger_name":"jorge.cardona.concepts.service.Scheduling"}
{"@version":"1","appName":"SpringBoot Concepts","thread_name":"scheduling-1","hostname":"Paradigma","message":"Name Load Properties From Yaml","@timestamp":"2021-06-26T23:53:17.869Z","level":"INFO","logger_name":"jorge.cardona.concepts.service.Scheduling"}
{"@version":"1","appName":"SpringBoot Concepts","thread_name":"scheduling-1","hostname":"Paradigma","message":"Release 13","@timestamp":"2021-06-26T23:53:17.870Z","level":"INFO","logger_name":"jorge.cardona.concepts.service.Scheduling"}
{"@version":"1","appName":"SpringBoot Concepts","thread_name":"scheduling-1","hostname":"Paradigma","message":"Enable true","@timestamp":"2021-06-26T23:53:17.873Z","level":"INFO","logger_name":"jorge.cardona.concepts.service.Scheduling"}
{"@version":"1","appName":"SpringBoot Concepts","thread_name":"scheduling-1","hostname":"Paradigma","message":"Name Load Properties From Yaml","@timestamp":"2021-06-26T23:53:18.880Z","level":"INFO","logger_name":"jorge.cardona.concepts.service.Scheduling"}
{"@version":"1","appName":"SpringBoot Concepts","thread_name":"scheduling-1","hostname":"Paradigma","message":"Release 13","@timestamp":"2021-06-26T23:53:18.882Z","level":"INFO","logger_name":"jorge.cardona.concepts.service.Scheduling"}
{"@version":"1","appName":"SpringBoot Concepts","thread_name":"scheduling-1","hostname":"Paradigma","message":"Enable true","@timestamp":"2021-06-26T23:53:18.883Z","level":"INFO","logger_name":"jorge.cardona.concepts.service.Scheduling"}
{"@version":"1","appName":"SpringBoot Concepts","thread_name":"scheduling-1","hostname":"Paradigma","message":"Name Load Properties From Yaml","@timestamp":"2021-06-26T23:53:19.894Z","level":"INFO","logger_name":"jorge.cardona.concepts.service.Scheduling"}
{"@version":"1","appName":"SpringBoot Concepts","thread_name":"scheduling-1","hostname":"Paradigma","message":"Release 13","@timestamp":"2021-06-26T23:53:19.896Z","level":"INFO","logger_name":"jorge.cardona.concepts.service.Scheduling"}
{"@version":"1","appName":"SpringBoot Concepts","thread_name":"scheduling-1","hostname":"Paradigma","message":"Enable true","@timestamp":"2021-06-26T23:53:19.898Z","level":"INFO","logger_name":"jorge.cardona.concepts.service.Scheduling"}
{"@version":"1","appName":"SpringBoot Concepts","thread_name":"scheduling-1","hostname":"Paradigma","message":"THIS IT IS A SCHEDULE TASK LOGGING 2021-06-26T23:53:20.731665200","@timestamp":"2021-06-26T23:53:20.732Z","level":"ERROR","logger_name":"jorge.cardona.concepts.service.Scheduling"}
{"@version":"1","appName":"SpringBoot Concepts","thread_name":"scheduling-1","hostname":"Paradigma","message":"Name Load Properties From Yaml","@timestamp":"2021-06-26T23:53:20.901Z","level":"INFO","logger_name":"jorge.cardona.concepts.service.Scheduling"}
{"@version":"1","appName":"SpringBoot Concepts","thread_name":"scheduling-1","hostname":"Paradigma","message":"Release 13","@timestamp":"2021-06-26T23:53:20.903Z","level":"INFO","logger_name":"jorge.cardona.concepts.service.Scheduling"}
{"@version":"1","appName":"SpringBoot Concepts","thread_name":"scheduling-1","hostname":"Paradigma","message":"Enable true","@timestamp":"2021-06-26T23:53:20.906Z","level":"INFO","logger_name":"jorge.cardona.concepts.service.Scheduling"}
{"@version":"1","appName":"SpringBoot Concepts","thread_name":"scheduling-1","hostname":"Paradigma","message":"Name Load Properties From Yaml","@timestamp":"2021-06-26T23:53:21.916Z","level":"INFO","logger_name":"jorge.cardona.concepts.service.Scheduling"}
{"@version":"1","appName":"SpringBoot Concepts","thread_name":"scheduling-1","hostname":"Paradigma","message":"Release 13","@timestamp":"2021-06-26T23:53:21.919Z","level":"INFO","logger_name":"jorge.cardona.concepts.service.Scheduling"}
{"@version":"1","appName":"SpringBoot Concepts","thread_name":"scheduling-1","hostname":"Paradigma","message":"Enable true","@timestamp":"2021-06-26T23:53:21.921Z","level":"INFO","logger_name":"jorge.cardona.concepts.service.Scheduling"}
{"@version":"1","appName":"SpringBoot Concepts","thread_name":"scheduling-1","hostname":"Paradigma","message":"Name Load Properties From Yaml","@timestamp":"2021-06-26T23:53:22.936Z","level":"INFO","logger_name":"jorge.cardona.concepts.service.Scheduling"}
