{"@version":"1","appName":"SpringBoot Concepts","thread_name":"main","hostname":"Paradigma","message":"Initializing ExecutorService 'taskScheduler'","@timestamp":"2021-06-19T22:19:22.737Z","level":"INFO","logger_name":"org.springframework.scheduling.concurrent.ThreadPoolTaskScheduler"}
{"@version":"1","appName":"SpringBoot Concepts","thread_name":"main","hostname":"Paradigma","message":"Exposing 12 endpoint(s) beneath base path '/actuator'","@timestamp":"2021-06-19T22:19:22.760Z","level":"INFO","logger_name":"org.springframework.boot.actuate.endpoint.web.EndpointLinksResolver"}
{"@version":"1","appName":"SpringBoot Concepts","thread_name":"main","hostname":"Paradigma","message":"Starting ProtocolHandler [\"http-nio-8080\"]","@timestamp":"2021-06-19T22:19:22.809Z","level":"INFO","logger_name":"org.apache.coyote.http11.Http11NioProtocol"}
{"@version":"1","appName":"SpringBoot Concepts","thread_name":"main","hostname":"Paradigma","message":"Tomcat started on port(s): 8080 (http) with context path '/api'","@timestamp":"2021-06-19T22:19:22.846Z","level":"INFO","logger_name":"org.springframework.boot.web.embedded.tomcat.TomcatWebServer"}
{"@version":"1","appName":"SpringBoot Concepts","thread_name":"scheduling-1","hostname":"Paradigma","message":"Name Load Properties From Yaml","@timestamp":"2021-06-19T22:19:22.873Z","level":"INFO","logger_name":"jorge.cardona.concepts.service.Scheduling"}
{"@version":"1","appName":"SpringBoot Concepts","thread_name":"main","hostname":"Paradigma","message":"Started SpringBootSomeConceptsApplication in 20.27 seconds (JVM running for 20.987)","@timestamp":"2021-06-19T22:19:22.872Z","level":"INFO","logger_name":"jorge.cardona.concepts.SpringBootSomeConceptsApplication"}
{"@version":"1","appName":"SpringBoot Concepts","thread_name":"scheduling-1","hostname":"Paradigma","message":"Release 13","@timestamp":"2021-06-19T22:19:22.878Z","level":"INFO","logger_name":"jorge.cardona.concepts.service.Scheduling"}
{"@version":"1","appName":"SpringBoot Concepts","thread_name":"scheduling-1","hostname":"Paradigma","message":"Enable true","@timestamp":"2021-06-19T22:19:22.879Z","level":"INFO","logger_name":"jorge.cardona.concepts.service.Scheduling"}
{"@version":"1","appName":"SpringBoot Concepts","thread_name":"Thread-2","hostname":"Paradigma","message":"2021-06-19T22:19:23.023-0500 I NETWORK  [thread1] connection accepted from 127.0.0.1:1330 #2 (2 connections now open)","@timestamp":"2021-06-19T22:19:23.022Z","level":"INFO","logger_name":"org.springframework.boot.autoconfigure.mongo.embedded.EmbeddedMongo"}
{"@version":"1","appName":"SpringBoot Concepts","thread_name":"Thread-2","hostname":"Paradigma","message":"2021-06-19T22:19:23.024-0500 I NETWORK  [conn2] received client metadata from 127.0.0.1:1330 conn2: { driver: { name: \"mongo-java-driver|sync|spring-boot\", version: \"4.0.6\" }, os: { type: \"Windows\", name: \"Windows 10\", architecture: \"amd64\", version: \"10.0\" }, platform: \"Java/Oracle Corporation/11.0.9+7-LTS\" }","@timestamp":"2021-06-19T22:19:23.024Z","level":"INFO","logger_name":"org.springframework.boot.autoconfigure.mongo.embedded.EmbeddedMongo"}
{"@version":"1","appName":"SpringBoot Concepts","thread_name":"main","hostname":"Paradigma","message":"Opened connection [connectionId{localValue:2, serverValue:2}] to localhost:27017","@timestamp":"2021-06-19T22:19:23.024Z","level":"INFO","logger_name":"org.mongodb.driver.connection"}
{"@version":"1","appName":"SpringBoot Concepts","thread_name":"scheduling-1","hostname":"Paradigma","message":"Name Load Properties From Yaml","@timestamp":"2021-06-19T22:19:23.881Z","level":"INFO","logger_name":"jorge.cardona.concepts.service.Scheduling"}
{"@version":"1","appName":"SpringBoot Concepts","thread_name":"scheduling-1","hostname":"Paradigma","message":"Release 13","@timestamp":"2021-06-19T22:19:23.882Z","level":"INFO","logger_name":"jorge.cardona.concepts.service.Scheduling"}
{"@version":"1","appName":"SpringBoot Concepts","thread_name":"scheduling-1","hostname":"Paradigma","message":"Enable true","@timestamp":"2021-06-19T22:19:23.882Z","level":"INFO","logger_name":"jorge.cardona.concepts.service.Scheduling"}
{"@version":"1","appName":"SpringBoot Concepts","thread_name":"scheduling-1","hostname":"Paradigma","message":"Name Load Properties From Yaml","@timestamp":"2021-06-19T22:19:24.889Z","level":"INFO","logger_name":"jorge.cardona.concepts.service.Scheduling"}
{"@version":"1","appName":"SpringBoot Concepts","thread_name":"scheduling-1","hostname":"Paradigma","message":"Release 13","@timestamp":"2021-06-19T22:19:24.891Z","level":"INFO","logger_name":"jorge.cardona.concepts.service.Scheduling"}
{"@version":"1","appName":"SpringBoot Concepts","thread_name":"scheduling-1","hostname":"Paradigma","message":"Enable true","@timestamp":"2021-06-19T22:19:24.894Z","level":"INFO","logger_name":"jorge.cardona.concepts.service.Scheduling"}
{"@version":"1","appName":"SpringBoot Concepts","thread_name":"scheduling-1","hostname":"Paradigma","message":"Name Load Properties From Yaml","@timestamp":"2021-06-19T22:19:25.899Z","level":"INFO","logger_name":"jorge.cardona.concepts.service.Scheduling"}
{"@version":"1","appName":"SpringBoot Concepts","thread_name":"scheduling-1","hostname":"Paradigma","message":"Release 13","@timestamp":"2021-06-19T22:19:25.902Z","level":"INFO","logger_name":"jorge.cardona.concepts.service.Scheduling"}
{"@version":"1","appName":"SpringBoot Concepts","thread_name":"scheduling-1","hostname":"Paradigma","message":"Enable true","@timestamp":"2021-06-19T22:19:25.904Z","level":"INFO","logger_name":"jorge.cardona.concepts.service.Scheduling"}
{"@version":"1","appName":"SpringBoot Concepts","thread_name":"scheduling-1","hostname":"Paradigma","message":"Name Load Properties From Yaml","@timestamp":"2021-06-19T22:19:26.911Z","level":"INFO","logger_name":"jorge.cardona.concepts.service.Scheduling"}
{"@version":"1","appName":"SpringBoot Concepts","thread_name":"scheduling-1","hostname":"Paradigma","message":"Release 13","@timestamp":"2021-06-19T22:19:26.914Z","level":"INFO","logger_name":"jorge.cardona.concepts.service.Scheduling"}
{"@version":"1","appName":"SpringBoot Concepts","thread_name":"scheduling-1","hostname":"Paradigma","message":"Enable true","@timestamp":"2021-06-19T22:19:26.915Z","level":"INFO","logger_name":"jorge.cardona.concepts.service.Scheduling"}
{"@version":"1","appName":"SpringBoot Concepts","thread_name":"scheduling-1","hostname":"Paradigma","message":"THIS IT IS A SCHEDULE TASK LOGGING 2021-06-19T22:19:27.874498700","@timestamp":"2021-06-19T22:19:27.875Z","level":"ERROR","logger_name":"jorge.cardona.concepts.service.Scheduling"}
{"@version":"1","appName":"SpringBoot Concepts","thread_name":"scheduling-1","hostname":"Paradigma","message":"Name Load Properties From Yaml","@timestamp":"2021-06-19T22:19:27.921Z","level":"INFO","logger_name":"jorge.cardona.concepts.service.Scheduling"}
{"@version":"1","appName":"SpringBoot Concepts","thread_name":"scheduling-1","hostname":"Paradigma","message":"Release 13","@timestamp":"2021-06-19T22:19:27.924Z","level":"INFO","logger_name":"jorge.cardona.concepts.service.Scheduling"}
{"@version":"1","appName":"SpringBoot Concepts","thread_name":"scheduling-1","hostname":"Paradigma","message":"Enable true","@timestamp":"2021-06-19T22:19:27.926Z","level":"INFO","logger_name":"jorge.cardona.concepts.service.Scheduling"}
{"@version":"1","appName":"SpringBoot Concepts","thread_name":"scheduling-1","hostname":"Paradigma","message":"Name Load Properties From Yaml","@timestamp":"2021-06-19T22:19:28.931Z","level":"INFO","logger_name":"jorge.cardona.concepts.service.Scheduling"}
{"@version":"1","appName":"SpringBoot Concepts","thread_name":"scheduling-1","hostname":"Paradigma","message":"Release 13","@timestamp":"2021-06-19T22:19:28.934Z","level":"INFO","logger_name":"jorge.cardona.concepts.service.Scheduling"}
{"@version":"1","appName":"SpringBoot Concepts","thread_name":"scheduling-1","hostname":"Paradigma","message":"Enable true","@timestamp":"2021-06-19T22:19:28.937Z","level":"INFO","logger_name":"jorge.cardona.concepts.service.Scheduling"}
{"@version":"1","appName":"SpringBoot Concepts","thread_name":"scheduling-1","hostname":"Paradigma","message":"Name Load Properties From Yaml","@timestamp":"2021-06-19T22:19:29.942Z","level":"INFO","logger_name":"jorge.cardona.concepts.service.Scheduling"}
{"@version":"1","appName":"SpringBoot Concepts","thread_name":"scheduling-1","hostname":"Paradigma","message":"Release 13","@timestamp":"2021-06-19T22:19:29.944Z","level":"INFO","logger_name":"jorge.cardona.concepts.service.Scheduling"}
{"@version":"1","appName":"SpringBoot Concepts","thread_name":"scheduling-1","hostname":"Paradigma","message":"Enable true","@timestamp":"2021-06-19T22:19:29.946Z","level":"INFO","logger_name":"jorge.cardona.concepts.service.Scheduling"}
{"@version":"1","appName":"SpringBoot Concepts","thread_name":"scheduling-1","hostname":"Paradigma","message":"THIS IT IS A SCHEDULE TASK LOGGING 2021-06-19T22:19:30.892339100","@timestamp":"2021-06-19T22:19:30.892Z","level":"ERROR","logger_name":"jorge.cardona.concepts.service.Scheduling"}
{"@version":"1","appName":"SpringBoot Concepts","thread_name":"scheduling-1","hostname":"Paradigma","message":"Name Load Properties From Yaml","@timestamp":"2021-06-19T22:19:30.953Z","level":"INFO","logger_name":"jorge.cardona.concepts.service.Scheduling"}
{"@version":"1","appName":"SpringBoot Concepts","thread_name":"scheduling-1","hostname":"Paradigma","message":"Release 13","@timestamp":"2021-06-19T22:19:30.955Z","level":"INFO","logger_name":"jorge.cardona.concepts.service.Scheduling"}
{"@version":"1","appName":"SpringBoot Concepts","thread_name":"scheduling-1","hostname":"Paradigma","message":"Enable true","@timestamp":"2021-06-19T22:19:30.956Z","level":"INFO","logger_name":"jorge.cardona.concepts.service.Scheduling"}
{"@version":"1","appName":"SpringBoot Concepts","thread_name":"scheduling-1","hostname":"Paradigma","message":"Name Load Properties From Yaml","@timestamp":"2021-06-19T22:19:31.969Z","level":"INFO","logger_name":"jorge.cardona.concepts.service.Scheduling"}
{"@version":"1","appName":"SpringBoot Concepts","thread_name":"scheduling-1","hostname":"Paradigma","message":"Release 13","@timestamp":"2021-06-19T22:19:31.971Z","level":"INFO","logger_name":"jorge.cardona.concepts.service.Scheduling"}
{"@version":"1","appName":"SpringBoot Concepts","thread_name":"scheduling-1","hostname":"Paradigma","message":"Enable true","@timestamp":"2021-06-19T22:19:31.972Z","level":"INFO","logger_name":"jorge.cardona.concepts.service.Scheduling"}
{"@version":"1","appName":"SpringBoot Concepts","thread_name":"scheduling-1","hostname":"Paradigma","message":"Name Load Properties From Yaml","@timestamp":"2021-06-19T22:19:32.979Z","level":"INFO","logger_name":"jorge.cardona.concepts.service.Scheduling"}
{"@version":"1","appName":"SpringBoot Concepts","thread_name":"scheduling-1","hostname":"Paradigma","message":"Release 13","@timestamp":"2021-06-19T22:19:32.981Z","level":"INFO","logger_name":"jorge.cardona.concepts.service.Scheduling"}
{"@version":"1","appName":"SpringBoot Concepts","thread_name":"scheduling-1","hostname":"Paradigma","message":"Enable true","@timestamp":"2021-06-19T22:19:32.983Z","level":"INFO","logger_name":"jorge.cardona.concepts.service.Scheduling"}
{"@version":"1","appName":"SpringBoot Concepts","thread_name":"scheduling-1","hostname":"Paradigma","message":"THIS IT IS A SCHEDULE TASK LOGGING 2021-06-19T22:19:33.897885400","@timestamp":"2021-06-19T22:19:33.897Z","level":"ERROR","logger_name":"jorge.cardona.concepts.service.Scheduling"}
{"@version":"1","appName":"SpringBoot Concepts","thread_name":"scheduling-1","hostname":"Paradigma","message":"Name Load Properties From Yaml","@timestamp":"2021-06-19T22:19:33.991Z","level":"INFO","logger_name":"jorge.cardona.concepts.service.Scheduling"}
{"@version":"1","appName":"SpringBoot Concepts","thread_name":"scheduling-1","hostname":"Paradigma","message":"Release 13","@timestamp":"2021-06-19T22:19:33.994Z","level":"INFO","logger_name":"jorge.cardona.concepts.service.Scheduling"}
{"@version":"1","appName":"SpringBoot Concepts","thread_name":"scheduling-1","hostname":"Paradigma","message":"Enable true","@timestamp":"2021-06-19T22:19:33.996Z","level":"INFO","logger_name":"jorge.cardona.concepts.service.Scheduling"}
{"@version":"1","appName":"SpringBoot Concepts","thread_name":"scheduling-1","hostname":"Paradigma","message":"Name Load Properties From Yaml","@timestamp":"2021-06-19T22:19:35.010Z","level":"INFO","logger_name":"jorge.cardona.concepts.service.Scheduling"}
{"@version":"1","appName":"SpringBoot Concepts","thread_name":"scheduling-1","hostname":"Paradigma","message":"Release 13","@timestamp":"2021-06-19T22:19:35.013Z","level":"INFO","logger_name":"jorge.cardona.concepts.service.Scheduling"}
{"@version":"1","appName":"SpringBoot Concepts","thread_name":"scheduling-1","hostname":"Paradigma","message":"Enable true","@timestamp":"2021-06-19T22:19:35.015Z","level":"INFO","logger_name":"jorge.cardona.concepts.service.Scheduling"}
{"@version":"1","appName":"SpringBoot Concepts","thread_name":"scheduling-1","hostname":"Paradigma","message":"Name Load Properties From Yaml","@timestamp":"2021-06-19T22:19:36.030Z","level":"INFO","logger_name":"jorge.cardona.concepts.service.Scheduling"}
{"@version":"1","appName":"SpringBoot Concepts","thread_name":"scheduling-1","hostname":"Paradigma","message":"Release 13","@timestamp":"2021-06-19T22:19:36.033Z","level":"INFO","logger_name":"jorge.cardona.concepts.service.Scheduling"}
{"@version":"1","appName":"SpringBoot Concepts","thread_name":"scheduling-1","hostname":"Paradigma","message":"Enable true","@timestamp":"2021-06-19T22:19:36.034Z","level":"INFO","logger_name":"jorge.cardona.concepts.service.Scheduling"}
{"@version":"1","appName":"SpringBoot Concepts","thread_name":"scheduling-1","hostname":"Paradigma","message":"THIS IT IS A SCHEDULE TASK LOGGING 2021-06-19T22:19:36.903877400","@timestamp":"2021-06-19T22:19:36.903Z","level":"ERROR","logger_name":"jorge.cardona.concepts.service.Scheduling"}
{"@version":"1","appName":"SpringBoot Concepts","thread_name":"scheduling-1","hostname":"Paradigma","message":"Name Load Properties From Yaml","@timestamp":"2021-06-19T22:19:37.042Z","level":"INFO","logger_name":"jorge.cardona.concepts.service.Scheduling"}
{"@version":"1","appName":"SpringBoot Concepts","thread_name":"scheduling-1","hostname":"Paradigma","message":"Release 13","@timestamp":"2021-06-19T22:19:37.043Z","level":"INFO","logger_name":"jorge.cardona.concepts.service.Scheduling"}
{"@version":"1","appName":"SpringBoot Concepts","thread_name":"scheduling-1","hostname":"Paradigma","message":"Enable true","@timestamp":"2021-06-19T22:19:37.045Z","level":"INFO","logger_name":"jorge.cardona.concepts.service.Scheduling"}
{"@version":"1","appName":"SpringBoot Concepts","thread_name":"scheduling-1","hostname":"Paradigma","message":"Name Load Properties From Yaml","@timestamp":"2021-06-19T22:19:38.058Z","level":"INFO","logger_name":"jorge.cardona.concepts.service.Scheduling"}
{"@version":"1","appName":"SpringBoot Concepts","thread_name":"scheduling-1","hostname":"Paradigma","message":"Release 13","@timestamp":"2021-06-19T22:19:38.060Z","level":"INFO","logger_name":"jorge.cardona.concepts.service.Scheduling"}
{"@version":"1","appName":"SpringBoot Concepts","thread_name":"scheduling-1","hostname":"Paradigma","message":"Enable true","@timestamp":"2021-06-19T22:19:38.062Z","level":"INFO","logger_name":"jorge.cardona.concepts.service.Scheduling"}
{"@version":"1","appName":"SpringBoot Concepts","thread_name":"scheduling-1","hostname":"Paradigma","message":"Name Load Properties From Yaml","@timestamp":"2021-06-19T22:19:39.071Z","level":"INFO","logger_name":"jorge.cardona.concepts.service.Scheduling"}
{"@version":"1","appName":"SpringBoot Concepts","thread_name":"scheduling-1","hostname":"Paradigma","message":"Release 13","@timestamp":"2021-06-19T22:19:39.073Z","level":"INFO","logger_name":"jorge.cardona.concepts.service.Scheduling"}
{"@version":"1","appName":"SpringBoot Concepts","thread_name":"scheduling-1","hostname":"Paradigma","message":"Enable true","@timestamp":"2021-06-19T22:19:39.074Z","level":"INFO","logger_name":"jorge.cardona.concepts.service.Scheduling"}
{"@version":"1","appName":"SpringBoot Concepts","thread_name":"scheduling-1","hostname":"Paradigma","message":"THIS IT IS A SCHEDULE TASK LOGGING 2021-06-19T22:19:39.913219800","@timestamp":"2021-06-19T22:19:39.913Z","level":"ERROR","logger_name":"jorge.cardona.concepts.service.Scheduling"}
{"@version":"1","appName":"SpringBoot Concepts","thread_name":"scheduling-1","hostname":"Paradigma","message":"Name Load Properties From Yaml","@timestamp":"2021-06-19T22:19:40.086Z","level":"INFO","logger_name":"jorge.cardona.concepts.service.Scheduling"}
{"@version":"1","appName":"SpringBoot Concepts","thread_name":"scheduling-1","hostname":"Paradigma","message":"Release 13","@timestamp":"2021-06-19T22:19:40.088Z","level":"INFO","logger_name":"jorge.cardona.concepts.service.Scheduling"}
{"@version":"1","appName":"SpringBoot Concepts","thread_name":"scheduling-1","hostname":"Paradigma","message":"Enable true","@timestamp":"2021-06-19T22:19:40.091Z","level":"INFO","logger_name":"jorge.cardona.concepts.service.Scheduling"}
{"@version":"1","appName":"SpringBoot Concepts","thread_name":"scheduling-1","hostname":"Paradigma","message":"Name Load Properties From Yaml","@timestamp":"2021-06-19T22:19:41.095Z","level":"INFO","logger_name":"jorge.cardona.concepts.service.Scheduling"}
{"@version":"1","appName":"SpringBoot Concepts","thread_name":"scheduling-1","hostname":"Paradigma","message":"Release 13","@timestamp":"2021-06-19T22:19:41.098Z","level":"INFO","logger_name":"jorge.cardona.concepts.service.Scheduling"}
{"@version":"1","appName":"SpringBoot Concepts","thread_name":"scheduling-1","hostname":"Paradigma","message":"Enable true","@timestamp":"2021-06-19T22:19:41.100Z","level":"INFO","logger_name":"jorge.cardona.concepts.service.Scheduling"}
{"@version":"1","appName":"SpringBoot Concepts","thread_name":"scheduling-1","hostname":"Paradigma","message":"Name Load Properties From Yaml","@timestamp":"2021-06-19T22:19:42.110Z","level":"INFO","logger_name":"jorge.cardona.concepts.service.Scheduling"}
{"@version":"1","appName":"SpringBoot Concepts","thread_name":"scheduling-1","hostname":"Paradigma","message":"Release 13","@timestamp":"2021-06-19T22:19:42.111Z","level":"INFO","logger_name":"jorge.cardona.concepts.service.Scheduling"}
{"@version":"1","appName":"SpringBoot Concepts","thread_name":"scheduling-1","hostname":"Paradigma","message":"Enable true","@timestamp":"2021-06-19T22:19:42.112Z","level":"INFO","logger_name":"jorge.cardona.concepts.service.Scheduling"}
{"@version":"1","appName":"SpringBoot Concepts","thread_name":"scheduling-1","hostname":"Paradigma","message":"THIS IT IS A SCHEDULE TASK LOGGING 2021-06-19T22:19:42.918417600","@timestamp":"2021-06-19T22:19:42.918Z","level":"ERROR","logger_name":"jorge.cardona.concepts.service.Scheduling"}
{"@version":"1","appName":"SpringBoot Concepts","thread_name":"scheduling-1","hostname":"Paradigma","message":"Name Load Properties From Yaml","@timestamp":"2021-06-19T22:19:43.123Z","level":"INFO","logger_name":"jorge.cardona.concepts.service.Scheduling"}
{"@version":"1","appName":"SpringBoot Concepts","thread_name":"scheduling-1","hostname":"Paradigma","message":"Release 13","@timestamp":"2021-06-19T22:19:43.123Z","level":"INFO","logger_name":"jorge.cardona.concepts.service.Scheduling"}
{"@version":"1","appName":"SpringBoot Concepts","thread_name":"scheduling-1","hostname":"Paradigma","message":"Enable true","@timestamp":"2021-06-19T22:19:43.124Z","level":"INFO","logger_name":"jorge.cardona.concepts.service.Scheduling"}
{"@version":"1","appName":"SpringBoot Concepts","thread_name":"scheduling-1","hostname":"Paradigma","message":"Name Load Properties From Yaml","@timestamp":"2021-06-19T22:19:44.132Z","level":"INFO","logger_name":"jorge.cardona.concepts.service.Scheduling"}
{"@version":"1","appName":"SpringBoot Concepts","thread_name":"scheduling-1","hostname":"Paradigma","message":"Release 13","@timestamp":"2021-06-19T22:19:44.133Z","level":"INFO","logger_name":"jorge.cardona.concepts.service.Scheduling"}
{"@version":"1","appName":"SpringBoot Concepts","thread_name":"scheduling-1","hostname":"Paradigma","message":"Enable true","@timestamp":"2021-06-19T22:19:44.134Z","level":"INFO","logger_name":"jorge.cardona.concepts.service.Scheduling"}
{"@version":"1","appName":"SpringBoot Concepts","thread_name":"scheduling-1","hostname":"Paradigma","message":"Name Load Properties From Yaml","@timestamp":"2021-06-19T22:19:45.143Z","level":"INFO","logger_name":"jorge.cardona.concepts.service.Scheduling"}
{"@version":"1","appName":"SpringBoot Concepts","thread_name":"scheduling-1","hostname":"Paradigma","message":"Release 13","@timestamp":"2021-06-19T22:19:45.145Z","level":"INFO","logger_name":"jorge.cardona.concepts.service.Scheduling"}
{"@version":"1","appName":"SpringBoot Concepts","thread_name":"scheduling-1","hostname":"Paradigma","message":"Enable true","@timestamp":"2021-06-19T22:19:45.146Z","level":"INFO","logger_name":"jorge.cardona.concepts.service.Scheduling"}
{"@version":"1","appName":"SpringBoot Concepts","thread_name":"scheduling-1","hostname":"Paradigma","message":"THIS IT IS A SCHEDULE TASK LOGGING 2021-06-19T22:19:45.924413800","@timestamp":"2021-06-19T22:19:45.924Z","level":"ERROR","logger_name":"jorge.cardona.concepts.service.Scheduling"}
{"@version":"1","appName":"SpringBoot Concepts","thread_name":"scheduling-1","hostname":"Paradigma","message":"Name Load Properties From Yaml","@timestamp":"2021-06-19T22:19:46.156Z","level":"INFO","logger_name":"jorge.cardona.concepts.service.Scheduling"}
{"@version":"1","appName":"SpringBoot Concepts","thread_name":"scheduling-1","hostname":"Paradigma","message":"Release 13","@timestamp":"2021-06-19T22:19:46.157Z","level":"INFO","logger_name":"jorge.cardona.concepts.service.Scheduling"}
{"@version":"1","appName":"SpringBoot Concepts","thread_name":"scheduling-1","hostname":"Paradigma","message":"Enable true","@timestamp":"2021-06-19T22:19:46.158Z","level":"INFO","logger_name":"jorge.cardona.concepts.service.Scheduling"}
{"@version":"1","appName":"SpringBoot Concepts","thread_name":"scheduling-1","hostname":"Paradigma","message":"Name Load Properties From Yaml","@timestamp":"2021-06-19T22:19:47.170Z","level":"INFO","logger_name":"jorge.cardona.concepts.service.Scheduling"}
{"@version":"1","appName":"SpringBoot Concepts","thread_name":"scheduling-1","hostname":"Paradigma","message":"Release 13","@timestamp":"2021-06-19T22:19:47.172Z","level":"INFO","logger_name":"jorge.cardona.concepts.service.Scheduling"}
{"@version":"1","appName":"SpringBoot Concepts","thread_name":"scheduling-1","hostname":"Paradigma","message":"Enable true","@timestamp":"2021-06-19T22:19:47.173Z","level":"INFO","logger_name":"jorge.cardona.concepts.service.Scheduling"}
{"@version":"1","appName":"SpringBoot Concepts","thread_name":"scheduling-1","hostname":"Paradigma","message":"Name Load Properties From Yaml","@timestamp":"2021-06-19T22:19:48.182Z","level":"INFO","logger_name":"jorge.cardona.concepts.service.Scheduling"}
{"@version":"1","appName":"SpringBoot Concepts","thread_name":"scheduling-1","hostname":"Paradigma","message":"Release 13","@timestamp":"2021-06-19T22:19:48.184Z","level":"INFO","logger_name":"jorge.cardona.concepts.service.Scheduling"}
{"@version":"1","appName":"SpringBoot Concepts","thread_name":"scheduling-1","hostname":"Paradigma","message":"Enable true","@timestamp":"2021-06-19T22:19:48.184Z","level":"INFO","logger_name":"jorge.cardona.concepts.service.Scheduling"}
{"@version":"1","appName":"SpringBoot Concepts","thread_name":"scheduling-1","hostname":"Paradigma","message":"THIS IT IS A SCHEDULE TASK LOGGING 2021-06-19T22:19:48.932698500","@timestamp":"2021-06-19T22:19:48.932Z","level":"ERROR","logger_name":"jorge.cardona.concepts.service.Scheduling"}
{"@version":"1","appName":"SpringBoot Concepts","thread_name":"scheduling-1","hostname":"Paradigma","message":"Name Load Properties From Yaml","@timestamp":"2021-06-19T22:19:49.194Z","level":"INFO","logger_name":"jorge.cardona.concepts.service.Scheduling"}
{"@version":"1","appName":"SpringBoot Concepts","thread_name":"scheduling-1","hostname":"Paradigma","message":"Release 13","@timestamp":"2021-06-19T22:19:49.197Z","level":"INFO","logger_name":"jorge.cardona.concepts.service.Scheduling"}
{"@version":"1","appName":"SpringBoot Concepts","thread_name":"scheduling-1","hostname":"Paradigma","message":"Enable true","@timestamp":"2021-06-19T22:19:49.199Z","level":"INFO","logger_name":"jorge.cardona.concepts.service.Scheduling"}
{"@version":"1","appName":"SpringBoot Concepts","thread_name":"scheduling-1","hostname":"Paradigma","message":"Name Load Properties From Yaml","@timestamp":"2021-06-19T22:19:50.210Z","level":"INFO","logger_name":"jorge.cardona.concepts.service.Scheduling"}
{"@version":"1","appName":"SpringBoot Concepts","thread_name":"scheduling-1","hostname":"Paradigma","message":"Release 13","@timestamp":"2021-06-19T22:19:50.212Z","level":"INFO","logger_name":"jorge.cardona.concepts.service.Scheduling"}
{"@version":"1","appName":"SpringBoot Concepts","thread_name":"scheduling-1","hostname":"Paradigma","message":"Enable true","@timestamp":"2021-06-19T22:19:50.213Z","level":"INFO","logger_name":"jorge.cardona.concepts.service.Scheduling"}
{"@version":"1","appName":"SpringBoot Concepts","thread_name":"scheduling-1","hostname":"Paradigma","message":"Name Load Properties From Yaml","@timestamp":"2021-06-19T22:19:51.218Z","level":"INFO","logger_name":"jorge.cardona.concepts.service.Scheduling"}
{"@version":"1","appName":"SpringBoot Concepts","thread_name":"scheduling-1","hostname":"Paradigma","message":"Release 13","@timestamp":"2021-06-19T22:19:51.219Z","level":"INFO","logger_name":"jorge.cardona.concepts.service.Scheduling"}
{"@version":"1","appName":"SpringBoot Concepts","thread_name":"scheduling-1","hostname":"Paradigma","message":"Enable true","@timestamp":"2021-06-19T22:19:51.219Z","level":"INFO","logger_name":"jorge.cardona.concepts.service.Scheduling"}
{"@version":"1","appName":"SpringBoot Concepts","thread_name":"scheduling-1","hostname":"Paradigma","message":"THIS IT IS A SCHEDULE TASK LOGGING 2021-06-19T22:19:51.939431400","@timestamp":"2021-06-19T22:19:51.939Z","level":"ERROR","logger_name":"jorge.cardona.concepts.service.Scheduling"}
{"@version":"1","appName":"SpringBoot Concepts","thread_name":"scheduling-1","hostname":"Paradigma","message":"Name Load Properties From Yaml","@timestamp":"2021-06-19T22:19:52.220Z","level":"INFO","logger_name":"jorge.cardona.concepts.service.Scheduling"}
{"@version":"1","appName":"SpringBoot Concepts","thread_name":"scheduling-1","hostname":"Paradigma","message":"Release 13","@timestamp":"2021-06-19T22:19:52.221Z","level":"INFO","logger_name":"jorge.cardona.concepts.service.Scheduling"}
{"@version":"1","appName":"SpringBoot Concepts","thread_name":"scheduling-1","hostname":"Paradigma","message":"Enable true","@timestamp":"2021-06-19T22:19:52.221Z","level":"INFO","logger_name":"jorge.cardona.concepts.service.Scheduling"}
{"@version":"1","appName":"SpringBoot Concepts","thread_name":"scheduling-1","hostname":"Paradigma","message":"Name Load Properties From Yaml","@timestamp":"2021-06-19T22:19:53.231Z","level":"INFO","logger_name":"jorge.cardona.concepts.service.Scheduling"}
{"@version":"1","appName":"SpringBoot Concepts","thread_name":"scheduling-1","hostname":"Paradigma","message":"Release 13","@timestamp":"2021-06-19T22:19:53.232Z","level":"INFO","logger_name":"jorge.cardona.concepts.service.Scheduling"}
{"@version":"1","appName":"SpringBoot Concepts","thread_name":"scheduling-1","hostname":"Paradigma","message":"Enable true","@timestamp":"2021-06-19T22:19:53.233Z","level":"INFO","logger_name":"jorge.cardona.concepts.service.Scheduling"}
{"@version":"1","appName":"SpringBoot Concepts","thread_name":"scheduling-1","hostname":"Paradigma","message":"Name Load Properties From Yaml","@timestamp":"2021-06-19T22:19:54.243Z","level":"INFO","logger_name":"jorge.cardona.concepts.service.Scheduling"}
{"@version":"1","appName":"SpringBoot Concepts","thread_name":"scheduling-1","hostname":"Paradigma","message":"Release 13","@timestamp":"2021-06-19T22:19:54.246Z","level":"INFO","logger_name":"jorge.cardona.concepts.service.Scheduling"}
{"@version":"1","appName":"SpringBoot Concepts","thread_name":"scheduling-1","hostname":"Paradigma","message":"Enable true","@timestamp":"2021-06-19T22:19:54.247Z","level":"INFO","logger_name":"jorge.cardona.concepts.service.Scheduling"}
{"@version":"1","appName":"SpringBoot Concepts","thread_name":"scheduling-1","hostname":"Paradigma","message":"THIS IT IS A SCHEDULE TASK LOGGING 2021-06-19T22:19:54.950657500","@timestamp":"2021-06-19T22:19:54.951Z","level":"ERROR","logger_name":"jorge.cardona.concepts.service.Scheduling"}
{"@version":"1","appName":"SpringBoot Concepts","thread_name":"scheduling-1","hostname":"Paradigma","message":"Name Load Properties From Yaml","@timestamp":"2021-06-19T22:19:55.261Z","level":"INFO","logger_name":"jorge.cardona.concepts.service.Scheduling"}
{"@version":"1","appName":"SpringBoot Concepts","thread_name":"scheduling-1","hostname":"Paradigma","message":"Release 13","@timestamp":"2021-06-19T22:19:55.262Z","level":"INFO","logger_name":"jorge.cardona.concepts.service.Scheduling"}
{"@version":"1","appName":"SpringBoot Concepts","thread_name":"scheduling-1","hostname":"Paradigma","message":"Enable true","@timestamp":"2021-06-19T22:19:55.264Z","level":"INFO","logger_name":"jorge.cardona.concepts.service.Scheduling"}
{"@version":"1","appName":"SpringBoot Concepts","thread_name":"scheduling-1","hostname":"Paradigma","message":"Name Load Properties From Yaml","@timestamp":"2021-06-19T22:19:56.274Z","level":"INFO","logger_name":"jorge.cardona.concepts.service.Scheduling"}
{"@version":"1","appName":"SpringBoot Concepts","thread_name":"scheduling-1","hostname":"Paradigma","message":"Release 13","@timestamp":"2021-06-19T22:19:56.274Z","level":"INFO","logger_name":"jorge.cardona.concepts.service.Scheduling"}
{"@version":"1","appName":"SpringBoot Concepts","thread_name":"scheduling-1","hostname":"Paradigma","message":"Enable true","@timestamp":"2021-06-19T22:19:56.275Z","level":"INFO","logger_name":"jorge.cardona.concepts.service.Scheduling"}
{"@version":"1","appName":"SpringBoot Concepts","thread_name":"scheduling-1","hostname":"Paradigma","message":"Name Load Properties From Yaml","@timestamp":"2021-06-19T22:19:57.288Z","level":"INFO","logger_name":"jorge.cardona.concepts.service.Scheduling"}
{"@version":"1","appName":"SpringBoot Concepts","thread_name":"scheduling-1","hostname":"Paradigma","message":"Release 13","@timestamp":"2021-06-19T22:19:57.289Z","level":"INFO","logger_name":"jorge.cardona.concepts.service.Scheduling"}
{"@version":"1","appName":"SpringBoot Concepts","thread_name":"scheduling-1","hostname":"Paradigma","message":"Enable true","@timestamp":"2021-06-19T22:19:57.290Z","level":"INFO","logger_name":"jorge.cardona.concepts.service.Scheduling"}
{"@version":"1","appName":"SpringBoot Concepts","thread_name":"scheduling-1","hostname":"Paradigma","message":"THIS IT IS A SCHEDULE TASK LOGGING 2021-06-19T22:19:57.968258500","@timestamp":"2021-06-19T22:19:57.968Z","level":"ERROR","logger_name":"jorge.cardona.concepts.service.Scheduling"}
{"@version":"1","appName":"SpringBoot Concepts","thread_name":"scheduling-1","hostname":"Paradigma","message":"Name Load Properties From Yaml","@timestamp":"2021-06-19T22:19:58.295Z","level":"INFO","logger_name":"jorge.cardona.concepts.service.Scheduling"}
{"@version":"1","appName":"SpringBoot Concepts","thread_name":"scheduling-1","hostname":"Paradigma","message":"Release 13","@timestamp":"2021-06-19T22:19:58.296Z","level":"INFO","logger_name":"jorge.cardona.concepts.service.Scheduling"}
{"@version":"1","appName":"SpringBoot Concepts","thread_name":"scheduling-1","hostname":"Paradigma","message":"Enable true","@timestamp":"2021-06-19T22:19:58.296Z","level":"INFO","logger_name":"jorge.cardona.concepts.service.Scheduling"}
{"@version":"1","appName":"SpringBoot Concepts","thread_name":"scheduling-1","hostname":"Paradigma","message":"Name Load Properties From Yaml","@timestamp":"2021-06-19T22:19:59.308Z","level":"INFO","logger_name":"jorge.cardona.concepts.service.Scheduling"}
{"@version":"1","appName":"SpringBoot Concepts","thread_name":"scheduling-1","hostname":"Paradigma","message":"Release 13","@timestamp":"2021-06-19T22:19:59.310Z","level":"INFO","logger_name":"jorge.cardona.concepts.service.Scheduling"}
{"@version":"1","appName":"SpringBoot Concepts","thread_name":"scheduling-1","hostname":"Paradigma","message":"Enable true","@timestamp":"2021-06-19T22:19:59.311Z","level":"INFO","logger_name":"jorge.cardona.concepts.service.Scheduling"}
{"@version":"1","appName":"SpringBoot Concepts","thread_name":"scheduling-1","hostname":"Paradigma","message":"Name Load Properties From Yaml","@timestamp":"2021-06-19T22:20:00.325Z","level":"INFO","logger_name":"jorge.cardona.concepts.service.Scheduling"}
{"@version":"1","appName":"SpringBoot Concepts","thread_name":"scheduling-1","hostname":"Paradigma","message":"Release 13","@timestamp":"2021-06-19T22:20:00.325Z","level":"INFO","logger_name":"jorge.cardona.concepts.service.Scheduling"}
{"@version":"1","appName":"SpringBoot Concepts","thread_name":"scheduling-1","hostname":"Paradigma","message":"Enable true","@timestamp":"2021-06-19T22:20:00.325Z","level":"INFO","logger_name":"jorge.cardona.concepts.service.Scheduling"}
{"@version":"1","appName":"SpringBoot Concepts","thread_name":"scheduling-1","hostname":"Paradigma","message":"THIS IT IS A SCHEDULE TASK LOGGING 2021-06-19T22:20:00.980152600","@timestamp":"2021-06-19T22:20:00.980Z","level":"ERROR","logger_name":"jorge.cardona.concepts.service.Scheduling"}
{"@version":"1","appName":"SpringBoot Concepts","thread_name":"scheduling-1","hostname":"Paradigma","message":"Name Load Properties From Yaml","@timestamp":"2021-06-19T22:20:01.339Z","level":"INFO","logger_name":"jorge.cardona.concepts.service.Scheduling"}
{"@version":"1","appName":"SpringBoot Concepts","thread_name":"scheduling-1","hostname":"Paradigma","message":"Release 13","@timestamp":"2021-06-19T22:20:01.339Z","level":"INFO","logger_name":"jorge.cardona.concepts.service.Scheduling"}
{"@version":"1","appName":"SpringBoot Concepts","thread_name":"scheduling-1","hostname":"Paradigma","message":"Enable true","@timestamp":"2021-06-19T22:20:01.339Z","level":"INFO","logger_name":"jorge.cardona.concepts.service.Scheduling"}
{"@version":"1","appName":"SpringBoot Concepts","thread_name":"scheduling-1","hostname":"Paradigma","message":"Name Load Properties From Yaml","@timestamp":"2021-06-19T22:20:02.352Z","level":"INFO","logger_name":"jorge.cardona.concepts.service.Scheduling"}
{"@version":"1","appName":"SpringBoot Concepts","thread_name":"scheduling-1","hostname":"Paradigma","message":"Release 13","@timestamp":"2021-06-19T22:20:02.353Z","level":"INFO","logger_name":"jorge.cardona.concepts.service.Scheduling"}
{"@version":"1","appName":"SpringBoot Concepts","thread_name":"scheduling-1","hostname":"Paradigma","message":"Enable true","@timestamp":"2021-06-19T22:20:02.353Z","level":"INFO","logger_name":"jorge.cardona.concepts.service.Scheduling"}
{"@version":"1","appName":"SpringBoot Concepts","thread_name":"scheduling-1","hostname":"Paradigma","message":"Name Load Properties From Yaml","@timestamp":"2021-06-19T22:20:03.356Z","level":"INFO","logger_name":"jorge.cardona.concepts.service.Scheduling"}
{"@version":"1","appName":"SpringBoot Concepts","thread_name":"scheduling-1","hostname":"Paradigma","message":"Release 13","@timestamp":"2021-06-19T22:20:03.358Z","level":"INFO","logger_name":"jorge.cardona.concepts.service.Scheduling"}
{"@version":"1","appName":"SpringBoot Concepts","thread_name":"scheduling-1","hostname":"Paradigma","message":"Enable true","@timestamp":"2021-06-19T22:20:03.359Z","level":"INFO","logger_name":"jorge.cardona.concepts.service.Scheduling"}
{"@version":"1","appName":"SpringBoot Concepts","thread_name":"scheduling-1","hostname":"Paradigma","message":"THIS IT IS A SCHEDULE TASK LOGGING 2021-06-19T22:20:03.983148100","@timestamp":"2021-06-19T22:20:03.983Z","level":"ERROR","logger_name":"jorge.cardona.concepts.service.Scheduling"}
{"@version":"1","appName":"SpringBoot Concepts","thread_name":"background-preinit","hostname":"Paradigma","message":"HV000001: Hibernate Validator 6.1.7.Final","@timestamp":"2021-06-19T22:20:10.034Z","level":"INFO","logger_name":"org.hibernate.validator.internal.util.Version"}
{"@version":"1","appName":"SpringBoot Concepts","thread_name":"main","hostname":"Paradigma","message":"Starting SpringBootSomeConceptsApplication on Paradigma with PID 10992 (C:\\z Github\\AI\\Spring Boot Concepts\\build\\classes\\java\\main started by QiDimMak in C:\\z Github\\AI\\Spring Boot Concepts)","@timestamp":"2021-06-19T22:20:10.054Z","level":"INFO","logger_name":"jorge.cardona.concepts.SpringBootSomeConceptsApplication"}
{"@version":"1","appName":"SpringBoot Concepts","thread_name":"main","hostname":"Paradigma","message":"No active profile set, falling back to default profiles: default","@timestamp":"2021-06-19T22:20:10.056Z","level":"INFO","logger_name":"jorge.cardona.concepts.SpringBootSomeConceptsApplication"}
{"@version":"1","appName":"SpringBoot Concepts","thread_name":"main","hostname":"Paradigma","message":"Multiple Spring Data modules found, entering strict repository configuration mode!","@timestamp":"2021-06-19T22:20:12.100Z","level":"INFO","logger_name":"org.springframework.data.repository.config.RepositoryConfigurationDelegate"}
{"@version":"1","appName":"SpringBoot Concepts","thread_name":"main","hostname":"Paradigma","message":"Bootstrapping Spring Data JPA repositories in DEFAULT mode.","@timestamp":"2021-06-19T22:20:12.104Z","level":"INFO","logger_name":"org.springframework.data.repository.config.RepositoryConfigurationDelegate"}
{"@version":"1","appName":"SpringBoot Concepts","thread_name":"main","hostname":"Paradigma","message":"Spring Data JPA - Could not safely identify store assignment for repository candidate interface jorge.cardona.concepts.repository.FruitRepository. If you want this repository to be a JPA repository, consider annotating your entities with one of these annotations: javax.persistence.Entity, javax.persistence.MappedSuperclass (preferred), or consider extending one of the following types with your repository: org.springframework.data.jpa.repository.JpaRepository.","@timestamp":"2021-06-19T22:20:12.205Z","level":"INFO","logger_name":"org.springframework.data.repository.config.RepositoryConfigurationExtensionSupport"}
{"@version":"1","appName":"SpringBoot Concepts","thread_name":"main","hostname":"Paradigma","message":"Finished Spring Data repository scanning in 128ms. Found 2 JPA repository interfaces.","@timestamp":"2021-06-19T22:20:12.252Z","level":"INFO","logger_name":"org.springframework.data.repository.config.RepositoryConfigurationDelegate"}
{"@version":"1","appName":"SpringBoot Concepts","thread_name":"main","hostname":"Paradigma","message":"Multiple Spring Data modules found, entering strict repository configuration mode!","@timestamp":"2021-06-19T22:20:12.266Z","level":"INFO","logger_name":"org.springframework.data.repository.config.RepositoryConfigurationDelegate"}
{"@version":"1","appName":"SpringBoot Concepts","thread_name":"main","hostname":"Paradigma","message":"Bootstrapping Spring Data MongoDB repositories in DEFAULT mode.","@timestamp":"2021-06-19T22:20:12.267Z","level":"INFO","logger_name":"org.springframework.data.repository.config.RepositoryConfigurationDelegate"}
{"@version":"1","appName":"SpringBoot Concepts","thread_name":"main","hostname":"Paradigma","message":"Spring Data MongoDB - Could not safely identify store assignment for repository candidate interface jorge.cardona.concepts.repository.AnimalRepository. If you want this repository to be a MongoDB repository, consider annotating your entities with one of these annotations: org.springframework.data.mongodb.core.mapping.Document (preferred), or consider extending one of the following types with your repository: org.springframework.data.mongodb.repository.MongoRepository.","@timestamp":"2021-06-19T22:20:12.289Z","level":"INFO","logger_name":"org.springframework.data.repository.config.RepositoryConfigurationExtensionSupport"}
{"@version":"1","appName":"SpringBoot Concepts","thread_name":"main","hostname":"Paradigma","message":"Spring Data MongoDB - Could not safely identify store assignment for repository candidate interface jorge.cardona.concepts.repository.NatureRepository. If you want this repository to be a MongoDB repository, consider annotating your entities with one of these annotations: org.springframework.data.mongodb.core.mapping.Document (preferred), or consider extending one of the following types with your repository: org.springframework.data.mongodb.repository.MongoRepository.","@timestamp":"2021-06-19T22:20:12.293Z","level":"INFO","logger_name":"org.springframework.data.repository.config.RepositoryConfigurationExtensionSupport"}
{"@version":"1","appName":"SpringBoot Concepts","thread_name":"main","hostname":"Paradigma","message":"Finished Spring Data repository scanning in 39ms. Found 1 MongoDB repository interfaces.","@timestamp":"2021-06-19T22:20:12.307Z","level":"INFO","logger_name":"org.springframework.data.repository.config.RepositoryConfigurationDelegate"}
{"@version":"1","appName":"SpringBoot Concepts","thread_name":"main","hostname":"Paradigma","message":"Tomcat initialized with port(s): 8080 (http)","@timestamp":"2021-06-19T22:20:13.719Z","level":"INFO","logger_name":"org.springframework.boot.web.embedded.tomcat.TomcatWebServer"}
{"@version":"1","appName":"SpringBoot Concepts","thread_name":"main","hostname":"Paradigma","message":"Initializing ProtocolHandler [\"http-nio-8080\"]","@timestamp":"2021-06-19T22:20:13.736Z","level":"INFO","logger_name":"org.apache.coyote.http11.Http11NioProtocol"}
{"@version":"1","appName":"SpringBoot Concepts","thread_name":"main","hostname":"Paradigma","message":"Starting service [Tomcat]","@timestamp":"2021-06-19T22:20:13.737Z","level":"INFO","logger_name":"org.apache.catalina.core.StandardService"}
{"@version":"1","appName":"SpringBoot Concepts","thread_name":"main","hostname":"Paradigma","message":"Starting Servlet engine: [Apache Tomcat/9.0.45]","@timestamp":"2021-06-19T22:20:13.738Z","level":"INFO","logger_name":"org.apache.catalina.core.StandardEngine"}
{"@version":"1","appName":"SpringBoot Concepts","thread_name":"main","hostname":"Paradigma","message":"Initializing Spring embedded WebApplicationContext","@timestamp":"2021-06-19T22:20:13.982Z","level":"INFO","logger_name":"org.apache.catalina.core.ContainerBase.[Tomcat].[localhost].[/api]"}
{"@version":"1","appName":"SpringBoot Concepts","thread_name":"main","hostname":"Paradigma","message":"Root WebApplicationContext: initialization completed in 3849 ms","@timestamp":"2021-06-19T22:20:13.983Z","level":"INFO","logger_name":"org.springframework.boot.web.servlet.context.ServletWebServerApplicationContext"}
{"@version":"1","appName":"SpringBoot Concepts","thread_name":"main","hostname":"Paradigma","message":"HikariPool-1 - Starting...","@timestamp":"2021-06-19T22:20:14.211Z","level":"INFO","logger_name":"com.zaxxer.hikari.HikariDataSource"}
{"@version":"1","appName":"SpringBoot Concepts","thread_name":"main","hostname":"Paradigma","message":"HikariPool-1 - Start completed.","@timestamp":"2021-06-19T22:20:14.549Z","level":"INFO","logger_name":"com.zaxxer.hikari.HikariDataSource"}
{"@version":"1","appName":"SpringBoot Concepts","thread_name":"main","hostname":"Paradigma","message":"H2 console available at '/h2-console'. Database available at 'jdbc:h2:mem:testdb'","@timestamp":"2021-06-19T22:20:14.560Z","level":"INFO","logger_name":"org.springframework.boot.autoconfigure.h2.H2ConsoleAutoConfiguration"}
{"@version":"1","appName":"SpringBoot Concepts","thread_name":"main","hostname":"Paradigma","message":"HHH000204: Processing PersistenceUnitInfo [name: default]","@timestamp":"2021-06-19T22:20:14.894Z","level":"INFO","logger_name":"org.hibernate.jpa.internal.util.LogHelper"}
{"@version":"1","appName":"SpringBoot Concepts","thread_name":"main","hostname":"Paradigma","message":"HHH000412: Hibernate ORM core version 5.4.30.Final","@timestamp":"2021-06-19T22:20:15.009Z","level":"INFO","logger_name":"org.hibernate.Version"}
{"@version":"1","appName":"SpringBoot Concepts","thread_name":"main","hostname":"Paradigma","message":"HCANN000001: Hibernate Commons Annotations {5.1.2.Final}","@timestamp":"2021-06-19T22:20:15.326Z","level":"INFO","logger_name":"org.hibernate.annotations.common.Version"}
{"@version":"1","appName":"SpringBoot Concepts","thread_name":"main","hostname":"Paradigma","message":"HHH000400: Using dialect: org.hibernate.dialect.H2Dialect","@timestamp":"2021-06-19T22:20:15.614Z","level":"INFO","logger_name":"org.hibernate.dialect.Dialect"}
{"@version":"1","appName":"SpringBoot Concepts","thread_name":"main","hostname":"Paradigma","message":"HHH000490: Using JtaPlatform implementation: [org.hibernate.engine.transaction.jta.platform.internal.NoJtaPlatform]","@timestamp":"2021-06-19T22:20:16.850Z","level":"INFO","logger_name":"org.hibernate.engine.transaction.jta.platform.internal.JtaPlatformInitiator"}
{"@version":"1","appName":"SpringBoot Concepts","thread_name":"main","hostname":"Paradigma","message":"Initialized JPA EntityManagerFactory for persistence unit 'default'","@timestamp":"2021-06-19T22:20:16.864Z","level":"INFO","logger_name":"org.springframework.orm.jpa.LocalContainerEntityManagerFactoryBean"}
{"@version":"1","appName":"SpringBoot Concepts","thread_name":"Thread-2","hostname":"Paradigma","message":"note: noprealloc may hurt performance in many applications","@timestamp":"2021-06-19T22:20:17.475Z","level":"INFO","logger_name":"org.springframework.boot.autoconfigure.mongo.embedded.EmbeddedMongo"}
{"@version":"1","appName":"SpringBoot Concepts","thread_name":"Thread-2","hostname":"Paradigma","message":"2021-06-19T22:20:17.562-0500 I CONTROL  [initandlisten] MongoDB starting : pid=14796 port=27017 dbpath=C:\\Users\\QiDimMak\\AppData\\Local\\Temp\\embedmongo-db-114bdce1-733d-4469-8dfc-ade733acd31e 64-bit host=Paradigma","@timestamp":"2021-06-19T22:20:17.562Z","level":"INFO","logger_name":"org.springframework.boot.autoconfigure.mongo.embedded.EmbeddedMongo"}
{"@version":"1","appName":"SpringBoot Concepts","thread_name":"Thread-2","hostname":"Paradigma","message":"2021-06-19T22:20:17.562-0500 I CONTROL  [initandlisten] targetMinOS: Windows Vista/Windows Server 2008","@timestamp":"2021-06-19T22:20:17.563Z","level":"INFO","logger_name":"org.springframework.boot.autoconfigure.mongo.embedded.EmbeddedMongo"}
{"@version":"1","appName":"SpringBoot Concepts","thread_name":"Thread-2","hostname":"Paradigma","message":"2021-06-19T22:20:17.562-0500 I CONTROL  [initandlisten] db version v3.5.5","@timestamp":"2021-06-19T22:20:17.563Z","level":"INFO","logger_name":"org.springframework.boot.autoconfigure.mongo.embedded.EmbeddedMongo"}
{"@version":"1","appName":"SpringBoot Concepts","thread_name":"Thread-2","hostname":"Paradigma","message":"2021-06-19T22:20:17.562-0500 I CONTROL  [initandlisten] git version: 98515c812b6fa893613f063dae568ff8319cbfbd","@timestamp":"2021-06-19T22:20:17.564Z","level":"INFO","logger_name":"org.springframework.boot.autoconfigure.mongo.embedded.EmbeddedMongo"}
{"@version":"1","appName":"SpringBoot Concepts","thread_name":"Thread-2","hostname":"Paradigma","message":"2021-06-19T22:20:17.562-0500 I CONTROL  [initandlisten] allocator: tcmalloc","@timestamp":"2021-06-19T22:20:17.564Z","level":"INFO","logger_name":"org.springframework.boot.autoconfigure.mongo.embedded.EmbeddedMongo"}
{"@version":"1","appName":"SpringBoot Concepts","thread_name":"Thread-2","hostname":"Paradigma","message":"2021-06-19T22:20:17.562-0500 I CONTROL  [initandlisten] modules: none","@timestamp":"2021-06-19T22:20:17.565Z","level":"INFO","logger_name":"org.springframework.boot.autoconfigure.mongo.embedded.EmbeddedMongo"}
{"@version":"1","appName":"SpringBoot Concepts","thread_name":"Thread-2","hostname":"Paradigma","message":"2021-06-19T22:20:17.562-0500 I CONTROL  [initandlisten] build environment:","@timestamp":"2021-06-19T22:20:17.565Z","level":"INFO","logger_name":"org.springframework.boot.autoconfigure.mongo.embedded.EmbeddedMongo"}
{"@version":"1","appName":"SpringBoot Concepts","thread_name":"Thread-2","hostname":"Paradigma","message":"2021-06-19T22:20:17.563-0500 I CONTROL  [initandlisten]     distarch: x86_64","@timestamp":"2021-06-19T22:20:17.565Z","level":"INFO","logger_name":"org.springframework.boot.autoconfigure.mongo.embedded.EmbeddedMongo"}
{"@version":"1","appName":"SpringBoot Concepts","thread_name":"Thread-2","hostname":"Paradigma","message":"2021-06-19T22:20:17.563-0500 I CONTROL  [initandlisten]     target_arch: x86_64","@timestamp":"2021-06-19T22:20:17.566Z","level":"INFO","logger_name":"org.springframework.boot.autoconfigure.mongo.embedded.EmbeddedMongo"}
{"@version":"1","appName":"SpringBoot Concepts","thread_name":"Thread-2","hostname":"Paradigma","message":"2021-06-19T22:20:17.563-0500 I CONTROL  [initandlisten] options: { net: { bindIp: \"127.0.0.1\", http: { enabled: false }, port: 27017 }, security: { authorization: \"disabled\" }, storage: { dbPath: \"C:\\Users\\QiDimMak\\AppData\\Local\\Temp\\embedmongo-db-114bdce1-733d-4469-8dfc-ade733acd31e\", journal: { enabled: false }, mmapv1: { preallocDataFiles: false, smallFiles: true }, syncPeriodSecs: 0.0 } }","@timestamp":"2021-06-19T22:20:17.566Z","level":"INFO","logger_name":"org.springframework.boot.autoconfigure.mongo.embedded.EmbeddedMongo"}
{"@version":"1","appName":"SpringBoot Concepts","thread_name":"Thread-2","hostname":"Paradigma","message":"2021-06-19T22:20:17.565-0500 E NETWORK  [initandlisten] listen(): bind() failed Solo se permite un uso de cada direccin de socket (protocolo/direccin de red/puerto) for socket: 127.0.0.1:27017","@timestamp":"2021-06-19T22:20:17.566Z","level":"INFO","logger_name":"org.springframework.boot.autoconfigure.mongo.embedded.EmbeddedMongo"}
{"@version":"1","appName":"SpringBoot Concepts","thread_name":"Thread-2","hostname":"Paradigma","message":"2021-06-19T22:20:17.565-0500 E NETWORK  [initandlisten] Failed to set up sockets during startup.","@timestamp":"2021-06-19T22:20:17.567Z","level":"INFO","logger_name":"org.springframework.boot.autoconfigure.mongo.embedded.EmbeddedMongo"}
{"@version":"1","appName":"SpringBoot Concepts","thread_name":"Thread-2","hostname":"Paradigma","message":"2021-06-19T22:20:17.565-0500 E STORAGE  [initandlisten] Failed to set up listener: InternalError: Failed to set up sockets","@timestamp":"2021-06-19T22:20:17.567Z","level":"INFO","logger_name":"org.springframework.boot.autoconfigure.mongo.embedded.EmbeddedMongo"}
{"@version":"1","appName":"SpringBoot Concepts","thread_name":"Thread-2","hostname":"Paradigma","message":"2021-06-19T22:20:17.565-0500 I NETWORK  [initandlisten] shutdown: going to close listening sockets...","@timestamp":"2021-06-19T22:20:17.568Z","level":"INFO","logger_name":"org.springframework.boot.autoconfigure.mongo.embedded.EmbeddedMongo"}
{"@version":"1","appName":"SpringBoot Concepts","thread_name":"Thread-2","hostname":"Paradigma","message":"2021-06-19T22:20:17.565-0500 I NETWORK  [initandlisten] shutdown: going to flush diaglog...","@timestamp":"2021-06-19T22:20:17.568Z","level":"INFO","logger_name":"org.springframework.boot.autoconfigure.mongo.embedded.EmbeddedMongo"}
{"@version":"1","appName":"SpringBoot Concepts","thread_name":"Thread-2","hostname":"Paradigma","message":"2021-06-19T22:20:17.565-0500 I CONTROL  [initandlisten] now exiting","@timestamp":"2021-06-19T22:20:17.569Z","level":"INFO","logger_name":"org.springframework.boot.autoconfigure.mongo.embedded.EmbeddedMongo"}
{"@version":"1","appName":"SpringBoot Concepts","thread_name":"Thread-2","hostname":"Paradigma","message":"2021-06-19T22:20:17.565-0500 I CONTROL  [initandlisten] shutting down with code:48","@timestamp":"2021-06-19T22:20:17.569Z","level":"INFO","logger_name":"org.springframework.boot.autoconfigure.mongo.embedded.EmbeddedMongo"}
{"@version":"1","appName":"SpringBoot Concepts","thread_name":"main","hostname":"Paradigma","message":"failed to call onAfterProcessStart()","@timestamp":"2021-06-19T22:20:17.577Z","level":"ERROR","logger_name":"de.flapdoodle.embed.process.runtime.AbstractProcess"}
{"@version":"1","appName":"SpringBoot Concepts","thread_name":"main","hostname":"Paradigma","message":"construct de.flapdoodle.embed.mongo.config.MongodConfigBuilder$ImmutableMongodConfig@1bc1aa9e","@timestamp":"2021-06-19T22:20:17.578Z","level":"INFO","logger_name":"de.flapdoodle.embed.process.runtime.AbstractProcess"}
{"@version":"1","appName":"SpringBoot Concepts","thread_name":"main","hostname":"Paradigma","message":"Exception encountered during context initialization - cancelling refresh attempt: org.springframework.beans.factory.UnsatisfiedDependencyException: Error creating bean with name 'fruitController': Unsatisfied dependency expressed through field 'fruitService'; nested exception is org.springframework.beans.factory.UnsatisfiedDependencyException: Error creating bean with name 'fruitService': Unsatisfied dependency expressed through field 'fruitRepository'; nested exception is org.springframework.beans.factory.BeanCreationException: Error creating bean with name 'fruitRepository' defined in jorge.cardona.concepts.repository.FruitRepository defined in @EnableMongoRepositories declared on MongoRepositoriesRegistrar.EnableMongoRepositoriesConfiguration: Cannot resolve reference to bean 'mongoTemplate' while setting bean property 'mongoOperations'; nested exception is org.springframework.beans.factory.UnsatisfiedDependencyException: Error creating bean with name 'mongoTemplate' defined in class path resource [org/springframework/boot/autoconfigure/data/mongo/MongoDatabaseFactoryDependentConfiguration.class]: Unsatisfied dependency expressed through method 'mongoTemplate' parameter 0; nested exception is org.springframework.beans.factory.UnsatisfiedDependencyException: Error creating bean with name 'mongoDatabaseFactory' defined in class path resource [org/springframework/boot/autoconfigure/data/mongo/MongoDatabaseFactoryConfiguration.class]: Unsatisfied dependency expressed through method 'mongoDatabaseFactory' parameter 0; nested exception is org.springframework.beans.factory.BeanCreationException: Error creating bean with name 'embeddedMongoServer' defined in class path resource [org/springframework/boot/autoconfigure/mongo/embedded/EmbeddedMongoAutoConfiguration.class]: Invocation of init method failed; nested exception is java.io.IOException: Could not start process: <EOF>","@timestamp":"2021-06-19T22:20:17.741Z","level":"WARN","logger_name":"org.springframework.boot.web.servlet.context.AnnotationConfigServletWebServerApplicationContext"}
{"@version":"1","appName":"SpringBoot Concepts","thread_name":"main","hostname":"Paradigma","message":"Closing JPA EntityManagerFactory for persistence unit 'default'","@timestamp":"2021-06-19T22:20:17.742Z","level":"INFO","logger_name":"org.springframework.orm.jpa.LocalContainerEntityManagerFactoryBean"}
{"@version":"1","appName":"SpringBoot Concepts","thread_name":"main","hostname":"Paradigma","message":"HHH000477: Starting delayed evictData of schema as part of SessionFactory shut-down'","@timestamp":"2021-06-19T22:20:17.743Z","level":"INFO","logger_name":"org.hibernate.tool.schema.internal.SchemaDropperImpl$DelayedDropActionImpl"}
{"@version":"1","appName":"SpringBoot Concepts","thread_name":"main","hostname":"Paradigma","message":"HikariPool-1 - Shutdown initiated...","@timestamp":"2021-06-19T22:20:17.752Z","level":"INFO","logger_name":"com.zaxxer.hikari.HikariDataSource"}
{"@version":"1","appName":"SpringBoot Concepts","thread_name":"main","hostname":"Paradigma","message":"HikariPool-1 - Shutdown completed.","@timestamp":"2021-06-19T22:20:17.759Z","level":"INFO","logger_name":"com.zaxxer.hikari.HikariDataSource"}
{"@version":"1","appName":"SpringBoot Concepts","thread_name":"main","hostname":"Paradigma","message":"Stopping service [Tomcat]","@timestamp":"2021-06-19T22:20:17.761Z","level":"INFO","logger_name":"org.apache.catalina.core.StandardService"}
{"@version":"1","appName":"SpringBoot Concepts","thread_name":"main","hostname":"Paradigma","message":"\r\n\r\nError starting ApplicationContext. To display the conditions report re-run your application with 'debug' enabled.","@timestamp":"2021-06-19T22:20:17.826Z","level":"INFO","logger_name":"org.springframework.boot.autoconfigure.logging.ConditionEvaluationReportLoggingListener"}
{"@version":"1","appName":"SpringBoot Concepts","thread_name":"main","hostname":"Paradigma","message":"Application run failed","@timestamp":"2021-06-19T22:20:17.889Z","level":"ERROR","logger_name":"org.springframework.boot.SpringApplication"}
{"@version":"1","appName":"SpringBoot Concepts","thread_name":"background-preinit","hostname":"Paradigma","message":"HV000001: Hibernate Validator 6.1.7.Final","@timestamp":"2021-06-19T22:20:23.778Z","level":"INFO","logger_name":"org.hibernate.validator.internal.util.Version"}
{"@version":"1","appName":"SpringBoot Concepts","thread_name":"main","hostname":"Paradigma","message":"Starting SpringBootSomeConceptsApplication on Paradigma with PID 30000 (C:\\z Github\\AI\\Spring Boot Concepts\\build\\classes\\java\\main started by QiDimMak in C:\\z Github\\AI\\Spring Boot Concepts)","@timestamp":"2021-06-19T22:20:23.813Z","level":"INFO","logger_name":"jorge.cardona.concepts.SpringBootSomeConceptsApplication"}
{"@version":"1","appName":"SpringBoot Concepts","thread_name":"main","hostname":"Paradigma","message":"No active profile set, falling back to default profiles: default","@timestamp":"2021-06-19T22:20:23.815Z","level":"INFO","logger_name":"jorge.cardona.concepts.SpringBootSomeConceptsApplication"}
{"@version":"1","appName":"SpringBoot Concepts","thread_name":"main","hostname":"Paradigma","message":"Multiple Spring Data modules found, entering strict repository configuration mode!","@timestamp":"2021-06-19T22:20:25.815Z","level":"INFO","logger_name":"org.springframework.data.repository.config.RepositoryConfigurationDelegate"}
{"@version":"1","appName":"SpringBoot Concepts","thread_name":"main","hostname":"Paradigma","message":"Bootstrapping Spring Data JPA repositories in DEFAULT mode.","@timestamp":"2021-06-19T22:20:25.821Z","level":"INFO","logger_name":"org.springframework.data.repository.config.RepositoryConfigurationDelegate"}
{"@version":"1","appName":"SpringBoot Concepts","thread_name":"main","hostname":"Paradigma","message":"Spring Data JPA - Could not safely identify store assignment for repository candidate interface jorge.cardona.concepts.repository.FruitRepository. If you want this repository to be a JPA repository, consider annotating your entities with one of these annotations: javax.persistence.Entity, javax.persistence.MappedSuperclass (preferred), or consider extending one of the following types with your repository: org.springframework.data.jpa.repository.JpaRepository.","@timestamp":"2021-06-19T22:20:25.929Z","level":"INFO","logger_name":"org.springframework.data.repository.config.RepositoryConfigurationExtensionSupport"}
{"@version":"1","appName":"SpringBoot Concepts","thread_name":"main","hostname":"Paradigma","message":"Finished Spring Data repository scanning in 127ms. Found 2 JPA repository interfaces.","@timestamp":"2021-06-19T22:20:25.973Z","level":"INFO","logger_name":"org.springframework.data.repository.config.RepositoryConfigurationDelegate"}
{"@version":"1","appName":"SpringBoot Concepts","thread_name":"main","hostname":"Paradigma","message":"Multiple Spring Data modules found, entering strict repository configuration mode!","@timestamp":"2021-06-19T22:20:25.985Z","level":"INFO","logger_name":"org.springframework.data.repository.config.RepositoryConfigurationDelegate"}
{"@version":"1","appName":"SpringBoot Concepts","thread_name":"main","hostname":"Paradigma","message":"Bootstrapping Spring Data MongoDB repositories in DEFAULT mode.","@timestamp":"2021-06-19T22:20:25.986Z","level":"INFO","logger_name":"org.springframework.data.repository.config.RepositoryConfigurationDelegate"}
{"@version":"1","appName":"SpringBoot Concepts","thread_name":"main","hostname":"Paradigma","message":"Spring Data MongoDB - Could not safely identify store assignment for repository candidate interface jorge.cardona.concepts.repository.AnimalRepository. If you want this repository to be a MongoDB repository, consider annotating your entities with one of these annotations: org.springframework.data.mongodb.core.mapping.Document (preferred), or consider extending one of the following types with your repository: org.springframework.data.mongodb.repository.MongoRepository.","@timestamp":"2021-06-19T22:20:26.008Z","level":"INFO","logger_name":"org.springframework.data.repository.config.RepositoryConfigurationExtensionSupport"}
{"@version":"1","appName":"SpringBoot Concepts","thread_name":"main","hostname":"Paradigma","message":"Spring Data MongoDB - Could not safely identify store assignment for repository candidate interface jorge.cardona.concepts.repository.NatureRepository. If you want this repository to be a MongoDB repository, consider annotating your entities with one of these annotations: org.springframework.data.mongodb.core.mapping.Document (preferred), or consider extending one of the following types with your repository: org.springframework.data.mongodb.repository.MongoRepository.","@timestamp":"2021-06-19T22:20:26.012Z","level":"INFO","logger_name":"org.springframework.data.repository.config.RepositoryConfigurationExtensionSupport"}
{"@version":"1","appName":"SpringBoot Concepts","thread_name":"main","hostname":"Paradigma","message":"Finished Spring Data repository scanning in 39ms. Found 1 MongoDB repository interfaces.","@timestamp":"2021-06-19T22:20:26.026Z","level":"INFO","logger_name":"org.springframework.data.repository.config.RepositoryConfigurationDelegate"}
{"@version":"1","appName":"SpringBoot Concepts","thread_name":"main","hostname":"Paradigma","message":"Tomcat initialized with port(s): 8080 (http)","@timestamp":"2021-06-19T22:20:27.409Z","level":"INFO","logger_name":"org.springframework.boot.web.embedded.tomcat.TomcatWebServer"}
{"@version":"1","appName":"SpringBoot Concepts","thread_name":"main","hostname":"Paradigma","message":"Initializing ProtocolHandler [\"http-nio-8080\"]","@timestamp":"2021-06-19T22:20:27.424Z","level":"INFO","logger_name":"org.apache.coyote.http11.Http11NioProtocol"}
{"@version":"1","appName":"SpringBoot Concepts","thread_name":"main","hostname":"Paradigma","message":"Starting service [Tomcat]","@timestamp":"2021-06-19T22:20:27.425Z","level":"INFO","logger_name":"org.apache.catalina.core.StandardService"}
{"@version":"1","appName":"SpringBoot Concepts","thread_name":"main","hostname":"Paradigma","message":"Starting Servlet engine: [Apache Tomcat/9.0.45]","@timestamp":"2021-06-19T22:20:27.426Z","level":"INFO","logger_name":"org.apache.catalina.core.StandardEngine"}
{"@version":"1","appName":"SpringBoot Concepts","thread_name":"main","hostname":"Paradigma","message":"Initializing Spring embedded WebApplicationContext","@timestamp":"2021-06-19T22:20:27.671Z","level":"INFO","logger_name":"org.apache.catalina.core.ContainerBase.[Tomcat].[localhost].[/api]"}
{"@version":"1","appName":"SpringBoot Concepts","thread_name":"main","hostname":"Paradigma","message":"Root WebApplicationContext: initialization completed in 3774 ms","@timestamp":"2021-06-19T22:20:27.672Z","level":"INFO","logger_name":"org.springframework.boot.web.servlet.context.ServletWebServerApplicationContext"}
{"@version":"1","appName":"SpringBoot Concepts","thread_name":"main","hostname":"Paradigma","message":"HikariPool-1 - Starting...","@timestamp":"2021-06-19T22:20:27.889Z","level":"INFO","logger_name":"com.zaxxer.hikari.HikariDataSource"}
{"@version":"1","appName":"SpringBoot Concepts","thread_name":"main","hostname":"Paradigma","message":"HikariPool-1 - Start completed.","@timestamp":"2021-06-19T22:20:28.200Z","level":"INFO","logger_name":"com.zaxxer.hikari.HikariDataSource"}
{"@version":"1","appName":"SpringBoot Concepts","thread_name":"main","hostname":"Paradigma","message":"H2 console available at '/h2-console'. Database available at 'jdbc:h2:mem:testdb'","@timestamp":"2021-06-19T22:20:28.211Z","level":"INFO","logger_name":"org.springframework.boot.autoconfigure.h2.H2ConsoleAutoConfiguration"}
{"@version":"1","appName":"SpringBoot Concepts","thread_name":"main","hostname":"Paradigma","message":"HHH000204: Processing PersistenceUnitInfo [name: default]","@timestamp":"2021-06-19T22:20:28.540Z","level":"INFO","logger_name":"org.hibernate.jpa.internal.util.LogHelper"}
{"@version":"1","appName":"SpringBoot Concepts","thread_name":"main","hostname":"Paradigma","message":"HHH000412: Hibernate ORM core version 5.4.30.Final","@timestamp":"2021-06-19T22:20:28.633Z","level":"INFO","logger_name":"org.hibernate.Version"}
{"@version":"1","appName":"SpringBoot Concepts","thread_name":"main","hostname":"Paradigma","message":"HCANN000001: Hibernate Commons Annotations {5.1.2.Final}","@timestamp":"2021-06-19T22:20:28.943Z","level":"INFO","logger_name":"org.hibernate.annotations.common.Version"}
{"@version":"1","appName":"SpringBoot Concepts","thread_name":"main","hostname":"Paradigma","message":"HHH000400: Using dialect: org.hibernate.dialect.H2Dialect","@timestamp":"2021-06-19T22:20:29.200Z","level":"INFO","logger_name":"org.hibernate.dialect.Dialect"}
{"@version":"1","appName":"SpringBoot Concepts","thread_name":"main","hostname":"Paradigma","message":"HHH000490: Using JtaPlatform implementation: [org.hibernate.engine.transaction.jta.platform.internal.NoJtaPlatform]","@timestamp":"2021-06-19T22:20:30.435Z","level":"INFO","logger_name":"org.hibernate.engine.transaction.jta.platform.internal.JtaPlatformInitiator"}
{"@version":"1","appName":"SpringBoot Concepts","thread_name":"main","hostname":"Paradigma","message":"Initialized JPA EntityManagerFactory for persistence unit 'default'","@timestamp":"2021-06-19T22:20:30.448Z","level":"INFO","logger_name":"org.springframework.orm.jpa.LocalContainerEntityManagerFactoryBean"}
{"@version":"1","appName":"SpringBoot Concepts","thread_name":"Thread-2","hostname":"Paradigma","message":"note: noprealloc may hurt performance in many applications","@timestamp":"2021-06-19T22:20:31.087Z","level":"INFO","logger_name":"org.springframework.boot.autoconfigure.mongo.embedded.EmbeddedMongo"}
{"@version":"1","appName":"SpringBoot Concepts","thread_name":"Thread-2","hostname":"Paradigma","message":"2021-06-19T22:20:31.159-0500 I CONTROL  [initandlisten] MongoDB starting : pid=27008 port=27017 dbpath=C:\\Users\\QiDimMak\\AppData\\Local\\Temp\\embedmongo-db-585fb77f-e2d4-46ab-b078-d0c45d4e0e15 64-bit host=Paradigma","@timestamp":"2021-06-19T22:20:31.159Z","level":"INFO","logger_name":"org.springframework.boot.autoconfigure.mongo.embedded.EmbeddedMongo"}
{"@version":"1","appName":"SpringBoot Concepts","thread_name":"Thread-2","hostname":"Paradigma","message":"2021-06-19T22:20:31.160-0500 I CONTROL  [initandlisten] targetMinOS: Windows Vista/Windows Server 2008","@timestamp":"2021-06-19T22:20:31.160Z","level":"INFO","logger_name":"org.springframework.boot.autoconfigure.mongo.embedded.EmbeddedMongo"}
{"@version":"1","appName":"SpringBoot Concepts","thread_name":"Thread-2","hostname":"Paradigma","message":"2021-06-19T22:20:31.160-0500 I CONTROL  [initandlisten] db version v3.5.5","@timestamp":"2021-06-19T22:20:31.161Z","level":"INFO","logger_name":"org.springframework.boot.autoconfigure.mongo.embedded.EmbeddedMongo"}
{"@version":"1","appName":"SpringBoot Concepts","thread_name":"Thread-2","hostname":"Paradigma","message":"2021-06-19T22:20:31.160-0500 I CONTROL  [initandlisten] git version: 98515c812b6fa893613f063dae568ff8319cbfbd","@timestamp":"2021-06-19T22:20:31.162Z","level":"INFO","logger_name":"org.springframework.boot.autoconfigure.mongo.embedded.EmbeddedMongo"}
{"@version":"1","appName":"SpringBoot Concepts","thread_name":"Thread-2","hostname":"Paradigma","message":"2021-06-19T22:20:31.160-0500 I CONTROL  [initandlisten] allocator: tcmalloc","@timestamp":"2021-06-19T22:20:31.163Z","level":"INFO","logger_name":"org.springframework.boot.autoconfigure.mongo.embedded.EmbeddedMongo"}
{"@version":"1","appName":"SpringBoot Concepts","thread_name":"Thread-2","hostname":"Paradigma","message":"2021-06-19T22:20:31.160-0500 I CONTROL  [initandlisten] modules: none","@timestamp":"2021-06-19T22:20:31.163Z","level":"INFO","logger_name":"org.springframework.boot.autoconfigure.mongo.embedded.EmbeddedMongo"}
{"@version":"1","appName":"SpringBoot Concepts","thread_name":"Thread-2","hostname":"Paradigma","message":"2021-06-19T22:20:31.160-0500 I CONTROL  [initandlisten] build environment:","@timestamp":"2021-06-19T22:20:31.163Z","level":"INFO","logger_name":"org.springframework.boot.autoconfigure.mongo.embedded.EmbeddedMongo"}
{"@version":"1","appName":"SpringBoot Concepts","thread_name":"Thread-2","hostname":"Paradigma","message":"2021-06-19T22:20:31.160-0500 I CONTROL  [initandlisten]     distarch: x86_64","@timestamp":"2021-06-19T22:20:31.164Z","level":"INFO","logger_name":"org.springframework.boot.autoconfigure.mongo.embedded.EmbeddedMongo"}
{"@version":"1","appName":"SpringBoot Concepts","thread_name":"Thread-2","hostname":"Paradigma","message":"2021-06-19T22:20:31.160-0500 I CONTROL  [initandlisten]     target_arch: x86_64","@timestamp":"2021-06-19T22:20:31.164Z","level":"INFO","logger_name":"org.springframework.boot.autoconfigure.mongo.embedded.EmbeddedMongo"}
{"@version":"1","appName":"SpringBoot Concepts","thread_name":"Thread-2","hostname":"Paradigma","message":"2021-06-19T22:20:31.160-0500 I CONTROL  [initandlisten] options: { net: { bindIp: \"127.0.0.1\", http: { enabled: false }, port: 27017 }, security: { authorization: \"disabled\" }, storage: { dbPath: \"C:\\Users\\QiDimMak\\AppData\\Local\\Temp\\embedmongo-db-585fb77f-e2d4-46ab-b078-d0c45d4e0e15\", journal: { enabled: false }, mmapv1: { preallocDataFiles: false, smallFiles: true }, syncPeriodSecs: 0.0 } }","@timestamp":"2021-06-19T22:20:31.164Z","level":"INFO","logger_name":"org.springframework.boot.autoconfigure.mongo.embedded.EmbeddedMongo"}
{"@version":"1","appName":"SpringBoot Concepts","thread_name":"Thread-2","hostname":"Paradigma","message":"2021-06-19T22:20:31.168-0500 I STORAGE  [initandlisten] wiredtiger_open config: create,cache_size=7596M,session_max=20000,eviction=(threads_min=4,threads_max=4),config_base=false,statistics=(fast),log=(enabled=true,archive=true,path=journal,compressor=snappy),file_manager=(close_idle_time=100000),checkpoint=(wait=0,log_size=2GB),statistics_log=(wait=0),verbose=(recovery_progress),,log=(enabled=false),","@timestamp":"2021-06-19T22:20:31.167Z","level":"INFO","logger_name":"org.springframework.boot.autoconfigure.mongo.embedded.EmbeddedMongo"}
{"@version":"1","appName":"SpringBoot Concepts","thread_name":"Thread-2","hostname":"Paradigma","message":"2021-06-19T22:20:31.241-0500 W STORAGE  [initandlisten] Detected configuration for non-active storage engine mmapv1 when current storage engine is wiredTiger","@timestamp":"2021-06-19T22:20:31.241Z","level":"INFO","logger_name":"org.springframework.boot.autoconfigure.mongo.embedded.EmbeddedMongo"}
{"@version":"1","appName":"SpringBoot Concepts","thread_name":"Thread-2","hostname":"Paradigma","message":"2021-06-19T22:20:31.241-0500 I CONTROL  [initandlisten] ","@timestamp":"2021-06-19T22:20:31.241Z","level":"INFO","logger_name":"org.springframework.boot.autoconfigure.mongo.embedded.EmbeddedMongo"}
{"@version":"1","appName":"SpringBoot Concepts","thread_name":"Thread-2","hostname":"Paradigma","message":"2021-06-19T22:20:31.241-0500 I CONTROL  [initandlisten] ** NOTE: This is a development version (3.5.5) of MongoDB.","@timestamp":"2021-06-19T22:20:31.241Z","level":"INFO","logger_name":"org.springframework.boot.autoconfigure.mongo.embedded.EmbeddedMongo"}
{"@version":"1","appName":"SpringBoot Concepts","thread_name":"Thread-2","hostname":"Paradigma","message":"2021-06-19T22:20:31.241-0500 I CONTROL  [initandlisten] **       Not recommended for production.","@timestamp":"2021-06-19T22:20:31.241Z","level":"INFO","logger_name":"org.springframework.boot.autoconfigure.mongo.embedded.EmbeddedMongo"}
{"@version":"1","appName":"SpringBoot Concepts","thread_name":"Thread-2","hostname":"Paradigma","message":"2021-06-19T22:20:31.241-0500 I CONTROL  [initandlisten] ","@timestamp":"2021-06-19T22:20:31.241Z","level":"INFO","logger_name":"org.springframework.boot.autoconfigure.mongo.embedded.EmbeddedMongo"}
{"@version":"1","appName":"SpringBoot Concepts","thread_name":"Thread-2","hostname":"Paradigma","message":"2021-06-19T22:20:32.947-0500 W FTDC     [initandlisten] Failed to initialize Performance Counters for FTDC: WindowsPdhError: PdhExpandCounterPathW failed with 'El objeto especificado no se encontr en el equipo.' for counter '\\Memory\\Available Bytes'","@timestamp":"2021-06-19T22:20:32.949Z","level":"INFO","logger_name":"org.springframework.boot.autoconfigure.mongo.embedded.EmbeddedMongo"}
{"@version":"1","appName":"SpringBoot Concepts","thread_name":"Thread-2","hostname":"Paradigma","message":"2021-06-19T22:20:32.948-0500 I FTDC     [initandlisten] Initializing full-time diagnostic data capture with directory 'C:/Users/QiDimMak/AppData/Local/Temp/embedmongo-db-585fb77f-e2d4-46ab-b078-d0c45d4e0e15/diagnostic.data'","@timestamp":"2021-06-19T22:20:32.955Z","level":"INFO","logger_name":"org.springframework.boot.autoconfigure.mongo.embedded.EmbeddedMongo"}
{"@version":"1","appName":"SpringBoot Concepts","thread_name":"Thread-2","hostname":"Paradigma","message":"2021-06-19T22:20:33.117-0500 I INDEX    [initandlisten] build index on: admin.system.version properties: { v: 2, key: { version: 1 }, name: \"incompatible_with_version_32\", ns: \"admin.system.version\" }","@timestamp":"2021-06-19T22:20:33.118Z","level":"INFO","logger_name":"org.springframework.boot.autoconfigure.mongo.embedded.EmbeddedMongo"}
{"@version":"1","appName":"SpringBoot Concepts","thread_name":"Thread-2","hostname":"Paradigma","message":"2021-06-19T22:20:33.117-0500 I INDEX    [initandlisten] \t building index using bulk method; build may temporarily use up to 500 megabytes of RAM","@timestamp":"2021-06-19T22:20:33.122Z","level":"INFO","logger_name":"org.springframework.boot.autoconfigure.mongo.embedded.EmbeddedMongo"}
{"@version":"1","appName":"SpringBoot Concepts","thread_name":"Thread-2","hostname":"Paradigma","message":"2021-06-19T22:20:33.137-0500 I INDEX    [initandlisten] build index done.  scanned 0 total records. 0 secs","@timestamp":"2021-06-19T22:20:33.137Z","level":"INFO","logger_name":"org.springframework.boot.autoconfigure.mongo.embedded.EmbeddedMongo"}
{"@version":"1","appName":"SpringBoot Concepts","thread_name":"Thread-2","hostname":"Paradigma","message":"2021-06-19T22:20:33.146-0500 I COMMAND  [initandlisten] setting featureCompatibilityVersion to 3.4","@timestamp":"2021-06-19T22:20:33.146Z","level":"INFO","logger_name":"org.springframework.boot.autoconfigure.mongo.embedded.EmbeddedMongo"}
{"@version":"1","appName":"SpringBoot Concepts","thread_name":"Thread-2","hostname":"Paradigma","message":"2021-06-19T22:20:33.152-0500 I NETWORK  [thread1] waiting for connections on port 27017","@timestamp":"2021-06-19T22:20:33.154Z","level":"INFO","logger_name":"org.springframework.boot.autoconfigure.mongo.embedded.EmbeddedMongo"}
{"@version":"1","appName":"SpringBoot Concepts","thread_name":"main","hostname":"Paradigma","message":"start de.flapdoodle.embed.mongo.config.MongodConfigBuilder$ImmutableMongodConfig@1360ef8d","@timestamp":"2021-06-19T22:20:33.158Z","level":"INFO","logger_name":"de.flapdoodle.embed.mongo.MongodExecutable"}
{"@version":"1","appName":"SpringBoot Concepts","thread_name":"main","hostname":"Paradigma","message":"Cluster created with settings {hosts=[localhost:27017], mode=SINGLE, requiredClusterType=UNKNOWN, serverSelectionTimeout='30000 ms'}","@timestamp":"2021-06-19T22:20:34.315Z","level":"INFO","logger_name":"org.mongodb.driver.cluster"}
{"@version":"1","appName":"SpringBoot Concepts","thread_name":"Thread-2","hostname":"Paradigma","message":"2021-06-19T22:20:34.939-0500 I NETWORK  [thread1] connection accepted from 127.0.0.1:1370 #1 (1 connection now open)","@timestamp":"2021-06-19T22:20:34.940Z","level":"INFO","logger_name":"org.springframework.boot.autoconfigure.mongo.embedded.EmbeddedMongo"}
{"@version":"1","appName":"SpringBoot Concepts","thread_name":"Thread-2","hostname":"Paradigma","message":"2021-06-19T22:20:35.145-0500 I NETWORK  [conn1] received client metadata from 127.0.0.1:1370 conn1: { driver: { name: \"mongo-java-driver|sync|spring-boot\", version: \"4.0.6\" }, os: { type: \"Windows\", name: \"Windows 10\", architecture: \"amd64\", version: \"10.0\" }, platform: \"Java/Oracle Corporation/11.0.9+7-LTS\" }","@timestamp":"2021-06-19T22:20:35.146Z","level":"INFO","logger_name":"org.springframework.boot.autoconfigure.mongo.embedded.EmbeddedMongo"}
{"@version":"1","appName":"SpringBoot Concepts","thread_name":"cluster-ClusterId{value='60ceb402b4dd030f9c9aaee8', description='null'}-localhost:27017","hostname":"Paradigma","message":"Opened connection [connectionId{localValue:1, serverValue:1}] to localhost:27017","@timestamp":"2021-06-19T22:20:35.561Z","level":"INFO","logger_name":"org.mongodb.driver.connection"}
{"@version":"1","appName":"SpringBoot Concepts","thread_name":"cluster-ClusterId{value='60ceb402b4dd030f9c9aaee8', description='null'}-localhost:27017","hostname":"Paradigma","message":"Monitor thread successfully connected to server with description ServerDescription{address=localhost:27017, type=STANDALONE, state=CONNECTED, ok=true, minWireVersion=0, maxWireVersion=5, maxDocumentSize=16777216, logicalSessionTimeoutMinutes=null, roundTripTimeNanos=13384900}","@timestamp":"2021-06-19T22:20:35.613Z","level":"INFO","logger_name":"org.mongodb.driver.cluster"}
{"@version":"1","appName":"SpringBoot Concepts","thread_name":"main","hostname":"Paradigma","message":"spring.jpa.open-in-view is enabled by default. Therefore, database queries may be performed during view rendering. Explicitly configure spring.jpa.open-in-view to disable this warning","@timestamp":"2021-06-19T22:20:39.139Z","level":"WARN","logger_name":"org.springframework.boot.autoconfigure.orm.jpa.JpaBaseConfiguration$JpaWebConfiguration"}
{"@version":"1","appName":"SpringBoot Concepts","thread_name":"main","hostname":"Paradigma","message":"Initializing ExecutorService 'applicationTaskExecutor'","@timestamp":"2021-06-19T22:20:39.246Z","level":"INFO","logger_name":"org.springframework.scheduling.concurrent.ThreadPoolTaskExecutor"}
{"@version":"1","appName":"SpringBoot Concepts","thread_name":"main","hostname":"Paradigma","message":"Initializing ExecutorService 'taskScheduler'","@timestamp":"2021-06-19T22:20:41.772Z","level":"INFO","logger_name":"org.springframework.scheduling.concurrent.ThreadPoolTaskScheduler"}
{"@version":"1","appName":"SpringBoot Concepts","thread_name":"main","hostname":"Paradigma","message":"Exposing 12 endpoint(s) beneath base path '/actuator'","@timestamp":"2021-06-19T22:20:41.791Z","level":"INFO","logger_name":"org.springframework.boot.actuate.endpoint.web.EndpointLinksResolver"}
{"@version":"1","appName":"SpringBoot Concepts","thread_name":"main","hostname":"Paradigma","message":"Starting ProtocolHandler [\"http-nio-8080\"]","@timestamp":"2021-06-19T22:20:41.827Z","level":"INFO","logger_name":"org.apache.coyote.http11.Http11NioProtocol"}
{"@version":"1","appName":"SpringBoot Concepts","thread_name":"main","hostname":"Paradigma","message":"Tomcat started on port(s): 8080 (http) with context path '/api'","@timestamp":"2021-06-19T22:20:41.867Z","level":"INFO","logger_name":"org.springframework.boot.web.embedded.tomcat.TomcatWebServer"}
{"@version":"1","appName":"SpringBoot Concepts","thread_name":"scheduling-1","hostname":"Paradigma","message":"Name Load Properties From Yaml","@timestamp":"2021-06-19T22:20:41.892Z","level":"INFO","logger_name":"jorge.cardona.concepts.service.Scheduling"}
{"@version":"1","appName":"SpringBoot Concepts","thread_name":"scheduling-1","hostname":"Paradigma","message":"Release 13","@timestamp":"2021-06-19T22:20:41.898Z","level":"INFO","logger_name":"jorge.cardona.concepts.service.Scheduling"}
{"@version":"1","appName":"SpringBoot Concepts","thread_name":"main","hostname":"Paradigma","message":"Started SpringBootSomeConceptsApplication in 19.263 seconds (JVM running for 19.985)","@timestamp":"2021-06-19T22:20:41.900Z","level":"INFO","logger_name":"jorge.cardona.concepts.SpringBootSomeConceptsApplication"}
{"@version":"1","appName":"SpringBoot Concepts","thread_name":"scheduling-1","hostname":"Paradigma","message":"Enable true","@timestamp":"2021-06-19T22:20:41.899Z","level":"INFO","logger_name":"jorge.cardona.concepts.service.Scheduling"}
{"@version":"1","appName":"SpringBoot Concepts","thread_name":"Thread-2","hostname":"Paradigma","message":"2021-06-19T22:20:42.028-0500 I NETWORK  [thread1] connection accepted from 127.0.0.1:1376 #2 (2 connections now open)","@timestamp":"2021-06-19T22:20:42.027Z","level":"INFO","logger_name":"org.springframework.boot.autoconfigure.mongo.embedded.EmbeddedMongo"}
{"@version":"1","appName":"SpringBoot Concepts","thread_name":"Thread-2","hostname":"Paradigma","message":"2021-06-19T22:20:42.029-0500 I NETWORK  [conn2] received client metadata from 127.0.0.1:1376 conn2: { driver: { name: \"mongo-java-driver|sync|spring-boot\", version: \"4.0.6\" }, os: { type: \"Windows\", name: \"Windows 10\", architecture: \"amd64\", version: \"10.0\" }, platform: \"Java/Oracle Corporation/11.0.9+7-LTS\" }","@timestamp":"2021-06-19T22:20:42.029Z","level":"INFO","logger_name":"org.springframework.boot.autoconfigure.mongo.embedded.EmbeddedMongo"}
{"@version":"1","appName":"SpringBoot Concepts","thread_name":"main","hostname":"Paradigma","message":"Opened connection [connectionId{localValue:2, serverValue:2}] to localhost:27017","@timestamp":"2021-06-19T22:20:42.030Z","level":"INFO","logger_name":"org.mongodb.driver.connection"}
{"@version":"1","appName":"SpringBoot Concepts","thread_name":"scheduling-1","hostname":"Paradigma","message":"Name Load Properties From Yaml","@timestamp":"2021-06-19T22:20:42.903Z","level":"INFO","logger_name":"jorge.cardona.concepts.service.Scheduling"}
{"@version":"1","appName":"SpringBoot Concepts","thread_name":"scheduling-1","hostname":"Paradigma","message":"Release 13","@timestamp":"2021-06-19T22:20:42.906Z","level":"INFO","logger_name":"jorge.cardona.concepts.service.Scheduling"}
{"@version":"1","appName":"SpringBoot Concepts","thread_name":"scheduling-1","hostname":"Paradigma","message":"Enable true","@timestamp":"2021-06-19T22:20:42.908Z","level":"INFO","logger_name":"jorge.cardona.concepts.service.Scheduling"}
{"@version":"1","appName":"SpringBoot Concepts","thread_name":"scheduling-1","hostname":"Paradigma","message":"Name Load Properties From Yaml","@timestamp":"2021-06-19T22:20:43.915Z","level":"INFO","logger_name":"jorge.cardona.concepts.service.Scheduling"}
{"@version":"1","appName":"SpringBoot Concepts","thread_name":"scheduling-1","hostname":"Paradigma","message":"Release 13","@timestamp":"2021-06-19T22:20:43.917Z","level":"INFO","logger_name":"jorge.cardona.concepts.service.Scheduling"}
{"@version":"1","appName":"SpringBoot Concepts","thread_name":"scheduling-1","hostname":"Paradigma","message":"Enable true","@timestamp":"2021-06-19T22:20:43.919Z","level":"INFO","logger_name":"jorge.cardona.concepts.service.Scheduling"}
{"@version":"1","appName":"SpringBoot Concepts","thread_name":"scheduling-1","hostname":"Paradigma","message":"Name Load Properties From Yaml","@timestamp":"2021-06-19T22:20:44.930Z","level":"INFO","logger_name":"jorge.cardona.concepts.service.Scheduling"}
{"@version":"1","appName":"SpringBoot Concepts","thread_name":"scheduling-1","hostname":"Paradigma","message":"Release 13","@timestamp":"2021-06-19T22:20:44.932Z","level":"INFO","logger_name":"jorge.cardona.concepts.service.Scheduling"}
{"@version":"1","appName":"SpringBoot Concepts","thread_name":"scheduling-1","hostname":"Paradigma","message":"Enable true","@timestamp":"2021-06-19T22:20:44.934Z","level":"INFO","logger_name":"jorge.cardona.concepts.service.Scheduling"}
{"@version":"1","appName":"SpringBoot Concepts","thread_name":"scheduling-1","hostname":"Paradigma","message":"Name Load Properties From Yaml","@timestamp":"2021-06-19T22:20:45.944Z","level":"INFO","logger_name":"jorge.cardona.concepts.service.Scheduling"}
{"@version":"1","appName":"SpringBoot Concepts","thread_name":"scheduling-1","hostname":"Paradigma","message":"Release 13","@timestamp":"2021-06-19T22:20:45.947Z","level":"INFO","logger_name":"jorge.cardona.concepts.service.Scheduling"}
{"@version":"1","appName":"SpringBoot Concepts","thread_name":"scheduling-1","hostname":"Paradigma","message":"Enable true","@timestamp":"2021-06-19T22:20:45.948Z","level":"INFO","logger_name":"jorge.cardona.concepts.service.Scheduling"}
{"@version":"1","appName":"SpringBoot Concepts","thread_name":"scheduling-1","hostname":"Paradigma","message":"THIS IT IS A SCHEDULE TASK LOGGING 2021-06-19T22:20:46.917099300","@timestamp":"2021-06-19T22:20:46.918Z","level":"ERROR","logger_name":"jorge.cardona.concepts.service.Scheduling"}
{"@version":"1","appName":"SpringBoot Concepts","thread_name":"scheduling-1","hostname":"Paradigma","message":"Name Load Properties From Yaml","@timestamp":"2021-06-19T22:20:46.963Z","level":"INFO","logger_name":"jorge.cardona.concepts.service.Scheduling"}
{"@version":"1","appName":"SpringBoot Concepts","thread_name":"scheduling-1","hostname":"Paradigma","message":"Release 13","@timestamp":"2021-06-19T22:20:46.965Z","level":"INFO","logger_name":"jorge.cardona.concepts.service.Scheduling"}
{"@version":"1","appName":"SpringBoot Concepts","thread_name":"scheduling-1","hostname":"Paradigma","message":"Enable true","@timestamp":"2021-06-19T22:20:46.966Z","level":"INFO","logger_name":"jorge.cardona.concepts.service.Scheduling"}
{"@version":"1","appName":"SpringBoot Concepts","thread_name":"scheduling-1","hostname":"Paradigma","message":"Name Load Properties From Yaml","@timestamp":"2021-06-19T22:20:47.976Z","level":"INFO","logger_name":"jorge.cardona.concepts.service.Scheduling"}
{"@version":"1","appName":"SpringBoot Concepts","thread_name":"scheduling-1","hostname":"Paradigma","message":"Release 13","@timestamp":"2021-06-19T22:20:47.978Z","level":"INFO","logger_name":"jorge.cardona.concepts.service.Scheduling"}
{"@version":"1","appName":"SpringBoot Concepts","thread_name":"scheduling-1","hostname":"Paradigma","message":"Enable true","@timestamp":"2021-06-19T22:20:47.979Z","level":"INFO","logger_name":"jorge.cardona.concepts.service.Scheduling"}
{"@version":"1","appName":"SpringBoot Concepts","thread_name":"scheduling-1","hostname":"Paradigma","message":"Name Load Properties From Yaml","@timestamp":"2021-06-19T22:20:48.986Z","level":"INFO","logger_name":"jorge.cardona.concepts.service.Scheduling"}
{"@version":"1","appName":"SpringBoot Concepts","thread_name":"scheduling-1","hostname":"Paradigma","message":"Release 13","@timestamp":"2021-06-19T22:20:48.988Z","level":"INFO","logger_name":"jorge.cardona.concepts.service.Scheduling"}
{"@version":"1","appName":"SpringBoot Concepts","thread_name":"scheduling-1","hostname":"Paradigma","message":"Enable true","@timestamp":"2021-06-19T22:20:48.989Z","level":"INFO","logger_name":"jorge.cardona.concepts.service.Scheduling"}
{"@version":"1","appName":"SpringBoot Concepts","thread_name":"scheduling-1","hostname":"Paradigma","message":"THIS IT IS A SCHEDULE TASK LOGGING 2021-06-19T22:20:49.920943","@timestamp":"2021-06-19T22:20:49.920Z","level":"ERROR","logger_name":"jorge.cardona.concepts.service.Scheduling"}
{"@version":"1","appName":"SpringBoot Concepts","thread_name":"scheduling-1","hostname":"Paradigma","message":"Name Load Properties From Yaml","@timestamp":"2021-06-19T22:20:49.997Z","level":"INFO","logger_name":"jorge.cardona.concepts.service.Scheduling"}
{"@version":"1","appName":"SpringBoot Concepts","thread_name":"scheduling-1","hostname":"Paradigma","message":"Release 13","@timestamp":"2021-06-19T22:20:49.999Z","level":"INFO","logger_name":"jorge.cardona.concepts.service.Scheduling"}
{"@version":"1","appName":"SpringBoot Concepts","thread_name":"scheduling-1","hostname":"Paradigma","message":"Enable true","@timestamp":"2021-06-19T22:20:49.999Z","level":"INFO","logger_name":"jorge.cardona.concepts.service.Scheduling"}
{"@version":"1","appName":"SpringBoot Concepts","thread_name":"scheduling-1","hostname":"Paradigma","message":"Name Load Properties From Yaml","@timestamp":"2021-06-19T22:20:51.007Z","level":"INFO","logger_name":"jorge.cardona.concepts.service.Scheduling"}
{"@version":"1","appName":"SpringBoot Concepts","thread_name":"scheduling-1","hostname":"Paradigma","message":"Release 13","@timestamp":"2021-06-19T22:20:51.009Z","level":"INFO","logger_name":"jorge.cardona.concepts.service.Scheduling"}
{"@version":"1","appName":"SpringBoot Concepts","thread_name":"scheduling-1","hostname":"Paradigma","message":"Enable true","@timestamp":"2021-06-19T22:20:51.010Z","level":"INFO","logger_name":"jorge.cardona.concepts.service.Scheduling"}
