{"@version":"1","appName":"SpringBoot Concepts","thread_name":"main","hostname":"Paradigma","message":"HCANN000001: Hibernate Commons Annotations {5.1.2.Final}","@timestamp":"2021-06-15T20:37:36.705Z","level":"INFO","logger_name":"org.hibernate.annotations.common.Version"}
{"@version":"1","appName":"SpringBoot Concepts","thread_name":"main","hostname":"Paradigma","message":"HHH000400: Using dialect: org.hibernate.dialect.H2Dialect","@timestamp":"2021-06-15T20:37:37.004Z","level":"INFO","logger_name":"org.hibernate.dialect.Dialect"}
{"@version":"1","appName":"SpringBoot Concepts","thread_name":"main","hostname":"Paradigma","message":"HHH000490: Using JtaPlatform implementation: [org.hibernate.engine.transaction.jta.platform.internal.NoJtaPlatform]","@timestamp":"2021-06-15T20:37:38.144Z","level":"INFO","logger_name":"org.hibernate.engine.transaction.jta.platform.internal.JtaPlatformInitiator"}
{"@version":"1","appName":"SpringBoot Concepts","thread_name":"main","hostname":"Paradigma","message":"Initialized JPA EntityManagerFactory for persistence unit 'default'","@timestamp":"2021-06-15T20:37:38.159Z","level":"INFO","logger_name":"org.springframework.orm.jpa.LocalContainerEntityManagerFactoryBean"}
{"@version":"1","appName":"SpringBoot Concepts","thread_name":"Thread-2","hostname":"Paradigma","message":"note: noprealloc may hurt performance in many applications","@timestamp":"2021-06-15T20:37:38.756Z","level":"INFO","logger_name":"org.springframework.boot.autoconfigure.mongo.embedded.EmbeddedMongo"}
{"@version":"1","appName":"SpringBoot Concepts","thread_name":"Thread-2","hostname":"Paradigma","message":"2021-06-15T20:37:38.831-0500 I CONTROL  [initandlisten] MongoDB starting : pid=15688 port=27017 dbpath=C:\\Users\\QiDimMak\\AppData\\Local\\Temp\\embedmongo-db-e4e705c7-01e2-485e-b91d-b70b96575941 64-bit host=Paradigma","@timestamp":"2021-06-15T20:37:38.832Z","level":"INFO","logger_name":"org.springframework.boot.autoconfigure.mongo.embedded.EmbeddedMongo"}
{"@version":"1","appName":"SpringBoot Concepts","thread_name":"Thread-2","hostname":"Paradigma","message":"2021-06-15T20:37:38.833-0500 I CONTROL  [initandlisten] targetMinOS: Windows Vista/Windows Server 2008","@timestamp":"2021-06-15T20:37:38.833Z","level":"INFO","logger_name":"org.springframework.boot.autoconfigure.mongo.embedded.EmbeddedMongo"}
{"@version":"1","appName":"SpringBoot Concepts","thread_name":"Thread-2","hostname":"Paradigma","message":"2021-06-15T20:37:38.834-0500 I CONTROL  [initandlisten] db version v3.5.5","@timestamp":"2021-06-15T20:37:38.834Z","level":"INFO","logger_name":"org.springframework.boot.autoconfigure.mongo.embedded.EmbeddedMongo"}
{"@version":"1","appName":"SpringBoot Concepts","thread_name":"Thread-2","hostname":"Paradigma","message":"2021-06-15T20:37:38.834-0500 I CONTROL  [initandlisten] git version: 98515c812b6fa893613f063dae568ff8319cbfbd","@timestamp":"2021-06-15T20:37:38.834Z","level":"INFO","logger_name":"org.springframework.boot.autoconfigure.mongo.embedded.EmbeddedMongo"}
{"@version":"1","appName":"SpringBoot Concepts","thread_name":"Thread-2","hostname":"Paradigma","message":"2021-06-15T20:37:38.835-0500 I CONTROL  [initandlisten] allocator: tcmalloc","@timestamp":"2021-06-15T20:37:38.835Z","level":"INFO","logger_name":"org.springframework.boot.autoconfigure.mongo.embedded.EmbeddedMongo"}
{"@version":"1","appName":"SpringBoot Concepts","thread_name":"Thread-2","hostname":"Paradigma","message":"2021-06-15T20:37:38.836-0500 I CONTROL  [initandlisten] modules: none","@timestamp":"2021-06-15T20:37:38.836Z","level":"INFO","logger_name":"org.springframework.boot.autoconfigure.mongo.embedded.EmbeddedMongo"}
{"@version":"1","appName":"SpringBoot Concepts","thread_name":"Thread-2","hostname":"Paradigma","message":"2021-06-15T20:37:38.836-0500 I CONTROL  [initandlisten] build environment:","@timestamp":"2021-06-15T20:37:38.836Z","level":"INFO","logger_name":"org.springframework.boot.autoconfigure.mongo.embedded.EmbeddedMongo"}
{"@version":"1","appName":"SpringBoot Concepts","thread_name":"Thread-2","hostname":"Paradigma","message":"2021-06-15T20:37:38.836-0500 I CONTROL  [initandlisten]     distarch: x86_64","@timestamp":"2021-06-15T20:37:38.837Z","level":"INFO","logger_name":"org.springframework.boot.autoconfigure.mongo.embedded.EmbeddedMongo"}
{"@version":"1","appName":"SpringBoot Concepts","thread_name":"Thread-2","hostname":"Paradigma","message":"2021-06-15T20:37:38.836-0500 I CONTROL  [initandlisten]     target_arch: x86_64","@timestamp":"2021-06-15T20:37:38.837Z","level":"INFO","logger_name":"org.springframework.boot.autoconfigure.mongo.embedded.EmbeddedMongo"}
{"@version":"1","appName":"SpringBoot Concepts","thread_name":"Thread-2","hostname":"Paradigma","message":"2021-06-15T20:37:38.836-0500 I CONTROL  [initandlisten] options: { net: { bindIp: \"127.0.0.1\", http: { enabled: false }, port: 27017 }, security: { authorization: \"disabled\" }, storage: { dbPath: \"C:\\Users\\QiDimMak\\AppData\\Local\\Temp\\embedmongo-db-e4e705c7-01e2-485e-b91d-b70b96575941\", journal: { enabled: false }, mmapv1: { preallocDataFiles: false, smallFiles: true }, syncPeriodSecs: 0.0 } }","@timestamp":"2021-06-15T20:37:38.837Z","level":"INFO","logger_name":"org.springframework.boot.autoconfigure.mongo.embedded.EmbeddedMongo"}
{"@version":"1","appName":"SpringBoot Concepts","thread_name":"Thread-2","hostname":"Paradigma","message":"2021-06-15T20:37:38.839-0500 I STORAGE  [initandlisten] wiredtiger_open config: create,cache_size=7596M,session_max=20000,eviction=(threads_min=4,threads_max=4),config_base=false,statistics=(fast),log=(enabled=true,archive=true,path=journal,compressor=snappy),file_manager=(close_idle_time=100000),checkpoint=(wait=0,log_size=2GB),statistics_log=(wait=0),verbose=(recovery_progress),,log=(enabled=false),","@timestamp":"2021-06-15T20:37:38.839Z","level":"INFO","logger_name":"org.springframework.boot.autoconfigure.mongo.embedded.EmbeddedMongo"}
{"@version":"1","appName":"SpringBoot Concepts","thread_name":"Thread-2","hostname":"Paradigma","message":"2021-06-15T20:37:38.896-0500 W STORAGE  [initandlisten] Detected configuration for non-active storage engine mmapv1 when current storage engine is wiredTiger","@timestamp":"2021-06-15T20:37:38.895Z","level":"INFO","logger_name":"org.springframework.boot.autoconfigure.mongo.embedded.EmbeddedMongo"}
{"@version":"1","appName":"SpringBoot Concepts","thread_name":"Thread-2","hostname":"Paradigma","message":"2021-06-15T20:37:38.896-0500 I CONTROL  [initandlisten] ","@timestamp":"2021-06-15T20:37:38.896Z","level":"INFO","logger_name":"org.springframework.boot.autoconfigure.mongo.embedded.EmbeddedMongo"}
{"@version":"1","appName":"SpringBoot Concepts","thread_name":"Thread-2","hostname":"Paradigma","message":"2021-06-15T20:37:38.896-0500 I CONTROL  [initandlisten] ** NOTE: This is a development version (3.5.5) of MongoDB.","@timestamp":"2021-06-15T20:37:38.896Z","level":"INFO","logger_name":"org.springframework.boot.autoconfigure.mongo.embedded.EmbeddedMongo"}
{"@version":"1","appName":"SpringBoot Concepts","thread_name":"Thread-2","hostname":"Paradigma","message":"2021-06-15T20:37:38.896-0500 I CONTROL  [initandlisten] **       Not recommended for production.","@timestamp":"2021-06-15T20:37:38.896Z","level":"INFO","logger_name":"org.springframework.boot.autoconfigure.mongo.embedded.EmbeddedMongo"}
{"@version":"1","appName":"SpringBoot Concepts","thread_name":"Thread-2","hostname":"Paradigma","message":"2021-06-15T20:37:38.896-0500 I CONTROL  [initandlisten] ","@timestamp":"2021-06-15T20:37:38.897Z","level":"INFO","logger_name":"org.springframework.boot.autoconfigure.mongo.embedded.EmbeddedMongo"}
{"@version":"1","appName":"SpringBoot Concepts","thread_name":"Thread-2","hostname":"Paradigma","message":"2021-06-15T20:37:39.489-0500 W FTDC     [initandlisten] Failed to initialize Performance Counters for FTDC: WindowsPdhError: PdhExpandCounterPathW failed with 'El objeto especificado no se encontró en el equipo.' for counter '\\Memory\\Available Bytes'","@timestamp":"2021-06-15T20:37:39.489Z","level":"INFO","logger_name":"org.springframework.boot.autoconfigure.mongo.embedded.EmbeddedMongo"}
{"@version":"1","appName":"SpringBoot Concepts","thread_name":"Thread-2","hostname":"Paradigma","message":"2021-06-15T20:37:39.489-0500 I FTDC     [initandlisten] Initializing full-time diagnostic data capture with directory 'C:/Users/QiDimMak/AppData/Local/Temp/embedmongo-db-e4e705c7-01e2-485e-b91d-b70b96575941/diagnostic.data'","@timestamp":"2021-06-15T20:37:39.489Z","level":"INFO","logger_name":"org.springframework.boot.autoconfigure.mongo.embedded.EmbeddedMongo"}
{"@version":"1","appName":"SpringBoot Concepts","thread_name":"Thread-2","hostname":"Paradigma","message":"2021-06-15T20:37:39.522-0500 I INDEX    [initandlisten] build index on: admin.system.version properties: { v: 2, key: { version: 1 }, name: \"incompatible_with_version_32\", ns: \"admin.system.version\" }","@timestamp":"2021-06-15T20:37:39.522Z","level":"INFO","logger_name":"org.springframework.boot.autoconfigure.mongo.embedded.EmbeddedMongo"}
{"@version":"1","appName":"SpringBoot Concepts","thread_name":"Thread-2","hostname":"Paradigma","message":"2021-06-15T20:37:39.523-0500 I INDEX    [initandlisten] \t building index using bulk method; build may temporarily use up to 500 megabytes of RAM","@timestamp":"2021-06-15T20:37:39.523Z","level":"INFO","logger_name":"org.springframework.boot.autoconfigure.mongo.embedded.EmbeddedMongo"}
{"@version":"1","appName":"SpringBoot Concepts","thread_name":"Thread-2","hostname":"Paradigma","message":"2021-06-15T20:37:39.526-0500 I INDEX    [initandlisten] build index done.  scanned 0 total records. 0 secs","@timestamp":"2021-06-15T20:37:39.525Z","level":"INFO","logger_name":"org.springframework.boot.autoconfigure.mongo.embedded.EmbeddedMongo"}
{"@version":"1","appName":"SpringBoot Concepts","thread_name":"Thread-2","hostname":"Paradigma","message":"2021-06-15T20:37:39.526-0500 I COMMAND  [initandlisten] setting featureCompatibilityVersion to 3.4","@timestamp":"2021-06-15T20:37:39.526Z","level":"INFO","logger_name":"org.springframework.boot.autoconfigure.mongo.embedded.EmbeddedMongo"}
{"@version":"1","appName":"SpringBoot Concepts","thread_name":"Thread-2","hostname":"Paradigma","message":"2021-06-15T20:37:39.527-0500 I NETWORK  [thread1] waiting for connections on port 27017","@timestamp":"2021-06-15T20:37:39.526Z","level":"INFO","logger_name":"org.springframework.boot.autoconfigure.mongo.embedded.EmbeddedMongo"}
{"@version":"1","appName":"SpringBoot Concepts","thread_name":"main","hostname":"Paradigma","message":"start de.flapdoodle.embed.mongo.config.MongodConfigBuilder$ImmutableMongodConfig@1ecd09d5","@timestamp":"2021-06-15T20:37:39.527Z","level":"INFO","logger_name":"de.flapdoodle.embed.mongo.MongodExecutable"}
{"@version":"1","appName":"SpringBoot Concepts","thread_name":"main","hostname":"Paradigma","message":"Cluster created with settings {hosts=[localhost:27017], mode=SINGLE, requiredClusterType=UNKNOWN, serverSelectionTimeout='30000 ms'}","@timestamp":"2021-06-15T20:37:39.632Z","level":"INFO","logger_name":"org.mongodb.driver.cluster"}
{"@version":"1","appName":"SpringBoot Concepts","thread_name":"Thread-2","hostname":"Paradigma","message":"2021-06-15T20:37:39.687-0500 I NETWORK  [thread1] connection accepted from 127.0.0.1:15071 #1 (1 connection now open)","@timestamp":"2021-06-15T20:37:39.687Z","level":"INFO","logger_name":"org.springframework.boot.autoconfigure.mongo.embedded.EmbeddedMongo"}
{"@version":"1","appName":"SpringBoot Concepts","thread_name":"Thread-2","hostname":"Paradigma","message":"2021-06-15T20:37:39.706-0500 I NETWORK  [conn1] received client metadata from 127.0.0.1:15071 conn1: { driver: { name: \"mongo-java-driver|sync|spring-boot\", version: \"4.0.6\" }, os: { type: \"Windows\", name: \"Windows 10\", architecture: \"amd64\", version: \"10.0\" }, platform: \"Java/Oracle Corporation/11.0.9+7-LTS\" }","@timestamp":"2021-06-15T20:37:39.706Z","level":"INFO","logger_name":"org.springframework.boot.autoconfigure.mongo.embedded.EmbeddedMongo"}
{"@version":"1","appName":"SpringBoot Concepts","thread_name":"cluster-ClusterId{value='60c955e3ffda367c60428f0e', description='null'}-localhost:27017","hostname":"Paradigma","message":"Opened connection [connectionId{localValue:1, serverValue:1}] to localhost:27017","@timestamp":"2021-06-15T20:37:39.746Z","level":"INFO","logger_name":"org.mongodb.driver.connection"}
{"@version":"1","appName":"SpringBoot Concepts","thread_name":"cluster-ClusterId{value='60c955e3ffda367c60428f0e', description='null'}-localhost:27017","hostname":"Paradigma","message":"Monitor thread successfully connected to server with description ServerDescription{address=localhost:27017, type=STANDALONE, state=CONNECTED, ok=true, minWireVersion=0, maxWireVersion=5, maxDocumentSize=16777216, logicalSessionTimeoutMinutes=null, roundTripTimeNanos=1709600}","@timestamp":"2021-06-15T20:37:39.751Z","level":"INFO","logger_name":"org.mongodb.driver.cluster"}
{"@version":"1","appName":"SpringBoot Concepts","thread_name":"main","hostname":"Paradigma","message":"spring.jpa.open-in-view is enabled by default. Therefore, database queries may be performed during view rendering. Explicitly configure spring.jpa.open-in-view to disable this warning","@timestamp":"2021-06-15T20:37:40.377Z","level":"WARN","logger_name":"org.springframework.boot.autoconfigure.orm.jpa.JpaBaseConfiguration$JpaWebConfiguration"}
{"@version":"1","appName":"SpringBoot Concepts","thread_name":"main","hostname":"Paradigma","message":"Initializing ExecutorService 'applicationTaskExecutor'","@timestamp":"2021-06-15T20:37:40.488Z","level":"INFO","logger_name":"org.springframework.scheduling.concurrent.ThreadPoolTaskExecutor"}
{"@version":"1","appName":"SpringBoot Concepts","thread_name":"main","hostname":"Paradigma","message":"Initializing ExecutorService 'taskScheduler'","@timestamp":"2021-06-15T20:37:49.461Z","level":"INFO","logger_name":"org.springframework.scheduling.concurrent.ThreadPoolTaskScheduler"}
{"@version":"1","appName":"SpringBoot Concepts","thread_name":"main","hostname":"Paradigma","message":"Exposing 12 endpoint(s) beneath base path '/actuator'","@timestamp":"2021-06-15T20:37:49.479Z","level":"INFO","logger_name":"org.springframework.boot.actuate.endpoint.web.EndpointLinksResolver"}
{"@version":"1","appName":"SpringBoot Concepts","thread_name":"main","hostname":"Paradigma","message":"Starting ProtocolHandler [\"http-nio-8080\"]","@timestamp":"2021-06-15T20:37:49.521Z","level":"INFO","logger_name":"org.apache.coyote.http11.Http11NioProtocol"}
{"@version":"1","appName":"SpringBoot Concepts","thread_name":"main","hostname":"Paradigma","message":"Tomcat started on port(s): 8080 (http) with context path '/api'","@timestamp":"2021-06-15T20:37:49.559Z","level":"INFO","logger_name":"org.springframework.boot.web.embedded.tomcat.TomcatWebServer"}
{"@version":"1","appName":"SpringBoot Concepts","thread_name":"scheduling-1","hostname":"Paradigma","message":"Name Load Properties From Yaml","@timestamp":"2021-06-15T20:37:49.579Z","level":"INFO","logger_name":"jorge.cardona.concepts.service.Scheduling"}
{"@version":"1","appName":"SpringBoot Concepts","thread_name":"main","hostname":"Paradigma","message":"Started SpringBootSomeConceptsApplication in 19.241 seconds (JVM running for 19.963)","@timestamp":"2021-06-15T20:37:49.583Z","level":"INFO","logger_name":"jorge.cardona.concepts.SpringBootSomeConceptsApplication"}
{"@version":"1","appName":"SpringBoot Concepts","thread_name":"scheduling-1","hostname":"Paradigma","message":"Release 13","@timestamp":"2021-06-15T20:37:49.587Z","level":"INFO","logger_name":"jorge.cardona.concepts.service.Scheduling"}
{"@version":"1","appName":"SpringBoot Concepts","thread_name":"scheduling-1","hostname":"Paradigma","message":"Enable true","@timestamp":"2021-06-15T20:37:49.588Z","level":"INFO","logger_name":"jorge.cardona.concepts.service.Scheduling"}
{"@version":"1","appName":"SpringBoot Concepts","thread_name":"Thread-2","hostname":"Paradigma","message":"2021-06-15T20:37:50.057-0500 I NETWORK  [thread1] connection accepted from 127.0.0.1:15076 #2 (2 connections now open)","@timestamp":"2021-06-15T20:37:50.057Z","level":"INFO","logger_name":"org.springframework.boot.autoconfigure.mongo.embedded.EmbeddedMongo"}
{"@version":"1","appName":"SpringBoot Concepts","thread_name":"Thread-2","hostname":"Paradigma","message":"2021-06-15T20:37:50.057-0500 I NETWORK  [conn2] received client metadata from 127.0.0.1:15076 conn2: { driver: { name: \"mongo-java-driver|sync|spring-boot\", version: \"4.0.6\" }, os: { type: \"Windows\", name: \"Windows 10\", architecture: \"amd64\", version: \"10.0\" }, platform: \"Java/Oracle Corporation/11.0.9+7-LTS\" }","@timestamp":"2021-06-15T20:37:50.058Z","level":"INFO","logger_name":"org.springframework.boot.autoconfigure.mongo.embedded.EmbeddedMongo"}
{"@version":"1","appName":"SpringBoot Concepts","thread_name":"main","hostname":"Paradigma","message":"Opened connection [connectionId{localValue:2, serverValue:2}] to localhost:27017","@timestamp":"2021-06-15T20:37:50.060Z","level":"INFO","logger_name":"org.mongodb.driver.connection"}
{"@version":"1","appName":"SpringBoot Concepts","thread_name":"scheduling-1","hostname":"Paradigma","message":"Name Load Properties From Yaml","@timestamp":"2021-06-15T20:37:50.588Z","level":"INFO","logger_name":"jorge.cardona.concepts.service.Scheduling"}
{"@version":"1","appName":"SpringBoot Concepts","thread_name":"scheduling-1","hostname":"Paradigma","message":"Release 13","@timestamp":"2021-06-15T20:37:50.588Z","level":"INFO","logger_name":"jorge.cardona.concepts.service.Scheduling"}
{"@version":"1","appName":"SpringBoot Concepts","thread_name":"scheduling-1","hostname":"Paradigma","message":"Enable true","@timestamp":"2021-06-15T20:37:50.589Z","level":"INFO","logger_name":"jorge.cardona.concepts.service.Scheduling"}
{"@version":"1","appName":"SpringBoot Concepts","thread_name":"scheduling-1","hostname":"Paradigma","message":"Name Load Properties From Yaml","@timestamp":"2021-06-15T20:37:51.600Z","level":"INFO","logger_name":"jorge.cardona.concepts.service.Scheduling"}
{"@version":"1","appName":"SpringBoot Concepts","thread_name":"scheduling-1","hostname":"Paradigma","message":"Release 13","@timestamp":"2021-06-15T20:37:51.601Z","level":"INFO","logger_name":"jorge.cardona.concepts.service.Scheduling"}
{"@version":"1","appName":"SpringBoot Concepts","thread_name":"scheduling-1","hostname":"Paradigma","message":"Enable true","@timestamp":"2021-06-15T20:37:51.602Z","level":"INFO","logger_name":"jorge.cardona.concepts.service.Scheduling"}
{"@version":"1","appName":"SpringBoot Concepts","thread_name":"scheduling-1","hostname":"Paradigma","message":"Name Load Properties From Yaml","@timestamp":"2021-06-15T20:37:52.611Z","level":"INFO","logger_name":"jorge.cardona.concepts.service.Scheduling"}
{"@version":"1","appName":"SpringBoot Concepts","thread_name":"scheduling-1","hostname":"Paradigma","message":"Release 13","@timestamp":"2021-06-15T20:37:52.611Z","level":"INFO","logger_name":"jorge.cardona.concepts.service.Scheduling"}
{"@version":"1","appName":"SpringBoot Concepts","thread_name":"scheduling-1","hostname":"Paradigma","message":"Enable true","@timestamp":"2021-06-15T20:37:52.611Z","level":"INFO","logger_name":"jorge.cardona.concepts.service.Scheduling"}
{"@version":"1","appName":"SpringBoot Concepts","thread_name":"scheduling-1","hostname":"Paradigma","message":"Name Load Properties From Yaml","@timestamp":"2021-06-15T20:37:53.622Z","level":"INFO","logger_name":"jorge.cardona.concepts.service.Scheduling"}
{"@version":"1","appName":"SpringBoot Concepts","thread_name":"scheduling-1","hostname":"Paradigma","message":"Release 13","@timestamp":"2021-06-15T20:37:53.623Z","level":"INFO","logger_name":"jorge.cardona.concepts.service.Scheduling"}
{"@version":"1","appName":"SpringBoot Concepts","thread_name":"scheduling-1","hostname":"Paradigma","message":"Enable true","@timestamp":"2021-06-15T20:37:53.623Z","level":"INFO","logger_name":"jorge.cardona.concepts.service.Scheduling"}
{"@version":"1","appName":"SpringBoot Concepts","thread_name":"scheduling-1","hostname":"Paradigma","message":"THIS IT IS A SCHEDULE TASK LOGGING 2021-06-15T20:37:54.585481600","@timestamp":"2021-06-15T20:37:54.585Z","level":"ERROR","logger_name":"jorge.cardona.concepts.service.Scheduling"}
{"@version":"1","appName":"SpringBoot Concepts","thread_name":"scheduling-1","hostname":"Paradigma","message":"Name Load Properties From Yaml","@timestamp":"2021-06-15T20:37:54.631Z","level":"INFO","logger_name":"jorge.cardona.concepts.service.Scheduling"}
{"@version":"1","appName":"SpringBoot Concepts","thread_name":"scheduling-1","hostname":"Paradigma","message":"Release 13","@timestamp":"2021-06-15T20:37:54.632Z","level":"INFO","logger_name":"jorge.cardona.concepts.service.Scheduling"}
{"@version":"1","appName":"SpringBoot Concepts","thread_name":"scheduling-1","hostname":"Paradigma","message":"Enable true","@timestamp":"2021-06-15T20:37:54.633Z","level":"INFO","logger_name":"jorge.cardona.concepts.service.Scheduling"}
{"@version":"1","appName":"SpringBoot Concepts","thread_name":"scheduling-1","hostname":"Paradigma","message":"Name Load Properties From Yaml","@timestamp":"2021-06-15T20:37:55.641Z","level":"INFO","logger_name":"jorge.cardona.concepts.service.Scheduling"}
{"@version":"1","appName":"SpringBoot Concepts","thread_name":"scheduling-1","hostname":"Paradigma","message":"Release 13","@timestamp":"2021-06-15T20:37:55.642Z","level":"INFO","logger_name":"jorge.cardona.concepts.service.Scheduling"}
{"@version":"1","appName":"SpringBoot Concepts","thread_name":"scheduling-1","hostname":"Paradigma","message":"Enable true","@timestamp":"2021-06-15T20:37:55.642Z","level":"INFO","logger_name":"jorge.cardona.concepts.service.Scheduling"}
{"@version":"1","appName":"SpringBoot Concepts","thread_name":"scheduling-1","hostname":"Paradigma","message":"Name Load Properties From Yaml","@timestamp":"2021-06-15T20:37:56.654Z","level":"INFO","logger_name":"jorge.cardona.concepts.service.Scheduling"}
{"@version":"1","appName":"SpringBoot Concepts","thread_name":"scheduling-1","hostname":"Paradigma","message":"Release 13","@timestamp":"2021-06-15T20:37:56.655Z","level":"INFO","logger_name":"jorge.cardona.concepts.service.Scheduling"}
{"@version":"1","appName":"SpringBoot Concepts","thread_name":"scheduling-1","hostname":"Paradigma","message":"Enable true","@timestamp":"2021-06-15T20:37:56.655Z","level":"INFO","logger_name":"jorge.cardona.concepts.service.Scheduling"}
{"@version":"1","appName":"SpringBoot Concepts","thread_name":"http-nio-8080-exec-2","hostname":"Paradigma","message":"Initializing Spring DispatcherServlet 'dispatcherServlet'","@timestamp":"2021-06-15T20:37:57.409Z","level":"INFO","logger_name":"org.apache.catalina.core.ContainerBase.[Tomcat].[localhost].[/api]"}
{"@version":"1","appName":"SpringBoot Concepts","thread_name":"http-nio-8080-exec-2","hostname":"Paradigma","message":"Initializing Servlet 'dispatcherServlet'","@timestamp":"2021-06-15T20:37:57.410Z","level":"INFO","logger_name":"org.springframework.web.servlet.DispatcherServlet"}
{"@version":"1","appName":"SpringBoot Concepts","thread_name":"http-nio-8080-exec-2","hostname":"Paradigma","message":"Completed initialization in 14 ms","@timestamp":"2021-06-15T20:37:57.424Z","level":"INFO","logger_name":"org.springframework.web.servlet.DispatcherServlet"}
{"@version":"1","appName":"SpringBoot Concepts","thread_name":"scheduling-1","hostname":"Paradigma","message":"THIS IT IS A SCHEDULE TASK LOGGING 2021-06-15T20:37:57.598480800","@timestamp":"2021-06-15T20:37:57.598Z","level":"ERROR","logger_name":"jorge.cardona.concepts.service.Scheduling"}
{"@version":"1","appName":"SpringBoot Concepts","thread_name":"scheduling-1","hostname":"Paradigma","message":"Name Load Properties From Yaml","@timestamp":"2021-06-15T20:37:57.661Z","level":"INFO","logger_name":"jorge.cardona.concepts.service.Scheduling"}
{"@version":"1","appName":"SpringBoot Concepts","thread_name":"scheduling-1","hostname":"Paradigma","message":"Release 13","@timestamp":"2021-06-15T20:37:57.662Z","level":"INFO","logger_name":"jorge.cardona.concepts.service.Scheduling"}
{"@version":"1","appName":"SpringBoot Concepts","thread_name":"scheduling-1","hostname":"Paradigma","message":"Enable true","@timestamp":"2021-06-15T20:37:57.662Z","level":"INFO","logger_name":"jorge.cardona.concepts.service.Scheduling"}
{"@version":"1","appName":"SpringBoot Concepts","thread_name":"scheduling-1","hostname":"Paradigma","message":"Name Load Properties From Yaml","@timestamp":"2021-06-15T20:37:58.677Z","level":"INFO","logger_name":"jorge.cardona.concepts.service.Scheduling"}
{"@version":"1","appName":"SpringBoot Concepts","thread_name":"scheduling-1","hostname":"Paradigma","message":"Release 13","@timestamp":"2021-06-15T20:37:58.677Z","level":"INFO","logger_name":"jorge.cardona.concepts.service.Scheduling"}
{"@version":"1","appName":"SpringBoot Concepts","thread_name":"scheduling-1","hostname":"Paradigma","message":"Enable true","@timestamp":"2021-06-15T20:37:58.678Z","level":"INFO","logger_name":"jorge.cardona.concepts.service.Scheduling"}
{"@version":"1","appName":"SpringBoot Concepts","thread_name":"scheduling-1","hostname":"Paradigma","message":"Name Load Properties From Yaml","@timestamp":"2021-06-15T20:37:59.687Z","level":"INFO","logger_name":"jorge.cardona.concepts.service.Scheduling"}
{"@version":"1","appName":"SpringBoot Concepts","thread_name":"scheduling-1","hostname":"Paradigma","message":"Release 13","@timestamp":"2021-06-15T20:37:59.687Z","level":"INFO","logger_name":"jorge.cardona.concepts.service.Scheduling"}
{"@version":"1","appName":"SpringBoot Concepts","thread_name":"scheduling-1","hostname":"Paradigma","message":"Enable true","@timestamp":"2021-06-15T20:37:59.688Z","level":"INFO","logger_name":"jorge.cardona.concepts.service.Scheduling"}
{"@version":"1","appName":"SpringBoot Concepts","thread_name":"scheduling-1","hostname":"Paradigma","message":"THIS IT IS A SCHEDULE TASK LOGGING 2021-06-15T20:38:00.605724800","@timestamp":"2021-06-15T20:38:00.605Z","level":"ERROR","logger_name":"jorge.cardona.concepts.service.Scheduling"}
{"@version":"1","appName":"SpringBoot Concepts","thread_name":"scheduling-1","hostname":"Paradigma","message":"Name Load Properties From Yaml","@timestamp":"2021-06-15T20:38:00.700Z","level":"INFO","logger_name":"jorge.cardona.concepts.service.Scheduling"}
{"@version":"1","appName":"SpringBoot Concepts","thread_name":"scheduling-1","hostname":"Paradigma","message":"Release 13","@timestamp":"2021-06-15T20:38:00.700Z","level":"INFO","logger_name":"jorge.cardona.concepts.service.Scheduling"}
{"@version":"1","appName":"SpringBoot Concepts","thread_name":"scheduling-1","hostname":"Paradigma","message":"Enable true","@timestamp":"2021-06-15T20:38:00.701Z","level":"INFO","logger_name":"jorge.cardona.concepts.service.Scheduling"}
{"@version":"1","appName":"SpringBoot Concepts","thread_name":"scheduling-1","hostname":"Paradigma","message":"Name Load Properties From Yaml","@timestamp":"2021-06-15T20:38:01.709Z","level":"INFO","logger_name":"jorge.cardona.concepts.service.Scheduling"}
{"@version":"1","appName":"SpringBoot Concepts","thread_name":"scheduling-1","hostname":"Paradigma","message":"Release 13","@timestamp":"2021-06-15T20:38:01.709Z","level":"INFO","logger_name":"jorge.cardona.concepts.service.Scheduling"}
{"@version":"1","appName":"SpringBoot Concepts","thread_name":"scheduling-1","hostname":"Paradigma","message":"Enable true","@timestamp":"2021-06-15T20:38:01.710Z","level":"INFO","logger_name":"jorge.cardona.concepts.service.Scheduling"}
{"@version":"1","appName":"SpringBoot Concepts","thread_name":"scheduling-1","hostname":"Paradigma","message":"Name Load Properties From Yaml","@timestamp":"2021-06-15T20:38:02.721Z","level":"INFO","logger_name":"jorge.cardona.concepts.service.Scheduling"}
{"@version":"1","appName":"SpringBoot Concepts","thread_name":"scheduling-1","hostname":"Paradigma","message":"Release 13","@timestamp":"2021-06-15T20:38:02.721Z","level":"INFO","logger_name":"jorge.cardona.concepts.service.Scheduling"}
{"@version":"1","appName":"SpringBoot Concepts","thread_name":"scheduling-1","hostname":"Paradigma","message":"Enable true","@timestamp":"2021-06-15T20:38:02.722Z","level":"INFO","logger_name":"jorge.cardona.concepts.service.Scheduling"}
{"@version":"1","appName":"SpringBoot Concepts","thread_name":"scheduling-1","hostname":"Paradigma","message":"THIS IT IS A SCHEDULE TASK LOGGING 2021-06-15T20:38:03.610068100","@timestamp":"2021-06-15T20:38:03.610Z","level":"ERROR","logger_name":"jorge.cardona.concepts.service.Scheduling"}
{"@version":"1","appName":"SpringBoot Concepts","thread_name":"scheduling-1","hostname":"Paradigma","message":"Name Load Properties From Yaml","@timestamp":"2021-06-15T20:38:03.735Z","level":"INFO","logger_name":"jorge.cardona.concepts.service.Scheduling"}
{"@version":"1","appName":"SpringBoot Concepts","thread_name":"scheduling-1","hostname":"Paradigma","message":"Release 13","@timestamp":"2021-06-15T20:38:03.735Z","level":"INFO","logger_name":"jorge.cardona.concepts.service.Scheduling"}
{"@version":"1","appName":"SpringBoot Concepts","thread_name":"scheduling-1","hostname":"Paradigma","message":"Enable true","@timestamp":"2021-06-15T20:38:03.736Z","level":"INFO","logger_name":"jorge.cardona.concepts.service.Scheduling"}
{"@version":"1","appName":"SpringBoot Concepts","thread_name":"scheduling-1","hostname":"Paradigma","message":"Name Load Properties From Yaml","@timestamp":"2021-06-15T20:38:04.750Z","level":"INFO","logger_name":"jorge.cardona.concepts.service.Scheduling"}
{"@version":"1","appName":"SpringBoot Concepts","thread_name":"scheduling-1","hostname":"Paradigma","message":"Release 13","@timestamp":"2021-06-15T20:38:04.751Z","level":"INFO","logger_name":"jorge.cardona.concepts.service.Scheduling"}
{"@version":"1","appName":"SpringBoot Concepts","thread_name":"scheduling-1","hostname":"Paradigma","message":"Enable true","@timestamp":"2021-06-15T20:38:04.751Z","level":"INFO","logger_name":"jorge.cardona.concepts.service.Scheduling"}
{"@version":"1","appName":"SpringBoot Concepts","thread_name":"scheduling-1","hostname":"Paradigma","message":"Name Load Properties From Yaml","@timestamp":"2021-06-15T20:38:05.764Z","level":"INFO","logger_name":"jorge.cardona.concepts.service.Scheduling"}
{"@version":"1","appName":"SpringBoot Concepts","thread_name":"scheduling-1","hostname":"Paradigma","message":"Release 13","@timestamp":"2021-06-15T20:38:05.765Z","level":"INFO","logger_name":"jorge.cardona.concepts.service.Scheduling"}
{"@version":"1","appName":"SpringBoot Concepts","thread_name":"scheduling-1","hostname":"Paradigma","message":"Enable true","@timestamp":"2021-06-15T20:38:05.765Z","level":"INFO","logger_name":"jorge.cardona.concepts.service.Scheduling"}
{"@version":"1","appName":"SpringBoot Concepts","thread_name":"scheduling-1","hostname":"Paradigma","message":"THIS IT IS A SCHEDULE TASK LOGGING 2021-06-15T20:38:06.622809100","@timestamp":"2021-06-15T20:38:06.622Z","level":"ERROR","logger_name":"jorge.cardona.concepts.service.Scheduling"}
{"@version":"1","appName":"SpringBoot Concepts","thread_name":"scheduling-1","hostname":"Paradigma","message":"Name Load Properties From Yaml","@timestamp":"2021-06-15T20:38:06.777Z","level":"INFO","logger_name":"jorge.cardona.concepts.service.Scheduling"}
{"@version":"1","appName":"SpringBoot Concepts","thread_name":"scheduling-1","hostname":"Paradigma","message":"Release 13","@timestamp":"2021-06-15T20:38:06.777Z","level":"INFO","logger_name":"jorge.cardona.concepts.service.Scheduling"}
{"@version":"1","appName":"SpringBoot Concepts","thread_name":"scheduling-1","hostname":"Paradigma","message":"Enable true","@timestamp":"2021-06-15T20:38:06.778Z","level":"INFO","logger_name":"jorge.cardona.concepts.service.Scheduling"}
{"@version":"1","appName":"SpringBoot Concepts","thread_name":"scheduling-1","hostname":"Paradigma","message":"Name Load Properties From Yaml","@timestamp":"2021-06-15T20:38:07.783Z","level":"INFO","logger_name":"jorge.cardona.concepts.service.Scheduling"}
{"@version":"1","appName":"SpringBoot Concepts","thread_name":"scheduling-1","hostname":"Paradigma","message":"Release 13","@timestamp":"2021-06-15T20:38:07.784Z","level":"INFO","logger_name":"jorge.cardona.concepts.service.Scheduling"}
{"@version":"1","appName":"SpringBoot Concepts","thread_name":"scheduling-1","hostname":"Paradigma","message":"Enable true","@timestamp":"2021-06-15T20:38:07.784Z","level":"INFO","logger_name":"jorge.cardona.concepts.service.Scheduling"}
{"@version":"1","appName":"SpringBoot Concepts","thread_name":"scheduling-1","hostname":"Paradigma","message":"Name Load Properties From Yaml","@timestamp":"2021-06-15T20:38:08.793Z","level":"INFO","logger_name":"jorge.cardona.concepts.service.Scheduling"}
{"@version":"1","appName":"SpringBoot Concepts","thread_name":"scheduling-1","hostname":"Paradigma","message":"Release 13","@timestamp":"2021-06-15T20:38:08.793Z","level":"INFO","logger_name":"jorge.cardona.concepts.service.Scheduling"}
{"@version":"1","appName":"SpringBoot Concepts","thread_name":"scheduling-1","hostname":"Paradigma","message":"Enable true","@timestamp":"2021-06-15T20:38:08.794Z","level":"INFO","logger_name":"jorge.cardona.concepts.service.Scheduling"}
{"@version":"1","appName":"SpringBoot Concepts","thread_name":"scheduling-1","hostname":"Paradigma","message":"THIS IT IS A SCHEDULE TASK LOGGING 2021-06-15T20:38:09.631708800","@timestamp":"2021-06-15T20:38:09.631Z","level":"ERROR","logger_name":"jorge.cardona.concepts.service.Scheduling"}
{"@version":"1","appName":"SpringBoot Concepts","thread_name":"scheduling-1","hostname":"Paradigma","message":"Name Load Properties From Yaml","@timestamp":"2021-06-15T20:38:09.802Z","level":"INFO","logger_name":"jorge.cardona.concepts.service.Scheduling"}
{"@version":"1","appName":"SpringBoot Concepts","thread_name":"scheduling-1","hostname":"Paradigma","message":"Release 13","@timestamp":"2021-06-15T20:38:09.802Z","level":"INFO","logger_name":"jorge.cardona.concepts.service.Scheduling"}
{"@version":"1","appName":"SpringBoot Concepts","thread_name":"scheduling-1","hostname":"Paradigma","message":"Enable true","@timestamp":"2021-06-15T20:38:09.803Z","level":"INFO","logger_name":"jorge.cardona.concepts.service.Scheduling"}
{"@version":"1","appName":"SpringBoot Concepts","thread_name":"scheduling-1","hostname":"Paradigma","message":"Name Load Properties From Yaml","@timestamp":"2021-06-15T20:38:10.812Z","level":"INFO","logger_name":"jorge.cardona.concepts.service.Scheduling"}
{"@version":"1","appName":"SpringBoot Concepts","thread_name":"scheduling-1","hostname":"Paradigma","message":"Release 13","@timestamp":"2021-06-15T20:38:10.812Z","level":"INFO","logger_name":"jorge.cardona.concepts.service.Scheduling"}
{"@version":"1","appName":"SpringBoot Concepts","thread_name":"scheduling-1","hostname":"Paradigma","message":"Enable true","@timestamp":"2021-06-15T20:38:10.813Z","level":"INFO","logger_name":"jorge.cardona.concepts.service.Scheduling"}
{"@version":"1","appName":"SpringBoot Concepts","thread_name":"scheduling-1","hostname":"Paradigma","message":"Name Load Properties From Yaml","@timestamp":"2021-06-15T20:38:11.826Z","level":"INFO","logger_name":"jorge.cardona.concepts.service.Scheduling"}
{"@version":"1","appName":"SpringBoot Concepts","thread_name":"scheduling-1","hostname":"Paradigma","message":"Release 13","@timestamp":"2021-06-15T20:38:11.826Z","level":"INFO","logger_name":"jorge.cardona.concepts.service.Scheduling"}
{"@version":"1","appName":"SpringBoot Concepts","thread_name":"scheduling-1","hostname":"Paradigma","message":"Enable true","@timestamp":"2021-06-15T20:38:11.826Z","level":"INFO","logger_name":"jorge.cardona.concepts.service.Scheduling"}
{"@version":"1","appName":"SpringBoot Concepts","thread_name":"scheduling-1","hostname":"Paradigma","message":"THIS IT IS A SCHEDULE TASK LOGGING 2021-06-15T20:38:12.634748900","@timestamp":"2021-06-15T20:38:12.634Z","level":"ERROR","logger_name":"jorge.cardona.concepts.service.Scheduling"}
{"@version":"1","appName":"SpringBoot Concepts","thread_name":"scheduling-1","hostname":"Paradigma","message":"Name Load Properties From Yaml","@timestamp":"2021-06-15T20:38:12.834Z","level":"INFO","logger_name":"jorge.cardona.concepts.service.Scheduling"}
{"@version":"1","appName":"SpringBoot Concepts","thread_name":"scheduling-1","hostname":"Paradigma","message":"Release 13","@timestamp":"2021-06-15T20:38:12.834Z","level":"INFO","logger_name":"jorge.cardona.concepts.service.Scheduling"}
{"@version":"1","appName":"SpringBoot Concepts","thread_name":"scheduling-1","hostname":"Paradigma","message":"Enable true","@timestamp":"2021-06-15T20:38:12.835Z","level":"INFO","logger_name":"jorge.cardona.concepts.service.Scheduling"}
{"@version":"1","appName":"SpringBoot Concepts","thread_name":"scheduling-1","hostname":"Paradigma","message":"Name Load Properties From Yaml","@timestamp":"2021-06-15T20:38:13.841Z","level":"INFO","logger_name":"jorge.cardona.concepts.service.Scheduling"}
{"@version":"1","appName":"SpringBoot Concepts","thread_name":"scheduling-1","hostname":"Paradigma","message":"Release 13","@timestamp":"2021-06-15T20:38:13.841Z","level":"INFO","logger_name":"jorge.cardona.concepts.service.Scheduling"}
{"@version":"1","appName":"SpringBoot Concepts","thread_name":"scheduling-1","hostname":"Paradigma","message":"Enable true","@timestamp":"2021-06-15T20:38:13.841Z","level":"INFO","logger_name":"jorge.cardona.concepts.service.Scheduling"}
{"@version":"1","appName":"SpringBoot Concepts","thread_name":"scheduling-1","hostname":"Paradigma","message":"Name Load Properties From Yaml","@timestamp":"2021-06-15T20:38:14.851Z","level":"INFO","logger_name":"jorge.cardona.concepts.service.Scheduling"}
{"@version":"1","appName":"SpringBoot Concepts","thread_name":"scheduling-1","hostname":"Paradigma","message":"Release 13","@timestamp":"2021-06-15T20:38:14.851Z","level":"INFO","logger_name":"jorge.cardona.concepts.service.Scheduling"}
{"@version":"1","appName":"SpringBoot Concepts","thread_name":"scheduling-1","hostname":"Paradigma","message":"Enable true","@timestamp":"2021-06-15T20:38:14.852Z","level":"INFO","logger_name":"jorge.cardona.concepts.service.Scheduling"}
{"@version":"1","appName":"SpringBoot Concepts","thread_name":"scheduling-1","hostname":"Paradigma","message":"THIS IT IS A SCHEDULE TASK LOGGING 2021-06-15T20:38:15.645959400","@timestamp":"2021-06-15T20:38:15.645Z","level":"ERROR","logger_name":"jorge.cardona.concepts.service.Scheduling"}
{"@version":"1","appName":"SpringBoot Concepts","thread_name":"scheduling-1","hostname":"Paradigma","message":"Name Load Properties From Yaml","@timestamp":"2021-06-15T20:38:15.864Z","level":"INFO","logger_name":"jorge.cardona.concepts.service.Scheduling"}
{"@version":"1","appName":"SpringBoot Concepts","thread_name":"scheduling-1","hostname":"Paradigma","message":"Release 13","@timestamp":"2021-06-15T20:38:15.864Z","level":"INFO","logger_name":"jorge.cardona.concepts.service.Scheduling"}
{"@version":"1","appName":"SpringBoot Concepts","thread_name":"scheduling-1","hostname":"Paradigma","message":"Enable true","@timestamp":"2021-06-15T20:38:15.865Z","level":"INFO","logger_name":"jorge.cardona.concepts.service.Scheduling"}
{"@version":"1","appName":"SpringBoot Concepts","thread_name":"scheduling-1","hostname":"Paradigma","message":"Name Load Properties From Yaml","@timestamp":"2021-06-15T20:38:16.876Z","level":"INFO","logger_name":"jorge.cardona.concepts.service.Scheduling"}
{"@version":"1","appName":"SpringBoot Concepts","thread_name":"scheduling-1","hostname":"Paradigma","message":"Release 13","@timestamp":"2021-06-15T20:38:16.876Z","level":"INFO","logger_name":"jorge.cardona.concepts.service.Scheduling"}
{"@version":"1","appName":"SpringBoot Concepts","thread_name":"scheduling-1","hostname":"Paradigma","message":"Enable true","@timestamp":"2021-06-15T20:38:16.876Z","level":"INFO","logger_name":"jorge.cardona.concepts.service.Scheduling"}
{"@version":"1","appName":"SpringBoot Concepts","thread_name":"scheduling-1","hostname":"Paradigma","message":"Name Load Properties From Yaml","@timestamp":"2021-06-15T20:38:17.891Z","level":"INFO","logger_name":"jorge.cardona.concepts.service.Scheduling"}
{"@version":"1","appName":"SpringBoot Concepts","thread_name":"scheduling-1","hostname":"Paradigma","message":"Release 13","@timestamp":"2021-06-15T20:38:17.892Z","level":"INFO","logger_name":"jorge.cardona.concepts.service.Scheduling"}
{"@version":"1","appName":"SpringBoot Concepts","thread_name":"scheduling-1","hostname":"Paradigma","message":"Enable true","@timestamp":"2021-06-15T20:38:17.892Z","level":"INFO","logger_name":"jorge.cardona.concepts.service.Scheduling"}
{"@version":"1","appName":"SpringBoot Concepts","thread_name":"scheduling-1","hostname":"Paradigma","message":"THIS IT IS A SCHEDULE TASK LOGGING 2021-06-15T20:38:18.653413300","@timestamp":"2021-06-15T20:38:18.653Z","level":"ERROR","logger_name":"jorge.cardona.concepts.service.Scheduling"}
{"@version":"1","appName":"SpringBoot Concepts","thread_name":"scheduling-1","hostname":"Paradigma","message":"Name Load Properties From Yaml","@timestamp":"2021-06-15T20:38:18.902Z","level":"INFO","logger_name":"jorge.cardona.concepts.service.Scheduling"}
{"@version":"1","appName":"SpringBoot Concepts","thread_name":"scheduling-1","hostname":"Paradigma","message":"Release 13","@timestamp":"2021-06-15T20:38:18.902Z","level":"INFO","logger_name":"jorge.cardona.concepts.service.Scheduling"}
{"@version":"1","appName":"SpringBoot Concepts","thread_name":"scheduling-1","hostname":"Paradigma","message":"Enable true","@timestamp":"2021-06-15T20:38:18.903Z","level":"INFO","logger_name":"jorge.cardona.concepts.service.Scheduling"}
{"@version":"1","appName":"SpringBoot Concepts","thread_name":"scheduling-1","hostname":"Paradigma","message":"Name Load Properties From Yaml","@timestamp":"2021-06-15T20:38:19.910Z","level":"INFO","logger_name":"jorge.cardona.concepts.service.Scheduling"}
{"@version":"1","appName":"SpringBoot Concepts","thread_name":"scheduling-1","hostname":"Paradigma","message":"Release 13","@timestamp":"2021-06-15T20:38:19.910Z","level":"INFO","logger_name":"jorge.cardona.concepts.service.Scheduling"}
{"@version":"1","appName":"SpringBoot Concepts","thread_name":"scheduling-1","hostname":"Paradigma","message":"Enable true","@timestamp":"2021-06-15T20:38:19.911Z","level":"INFO","logger_name":"jorge.cardona.concepts.service.Scheduling"}
{"@version":"1","appName":"SpringBoot Concepts","thread_name":"scheduling-1","hostname":"Paradigma","message":"Name Load Properties From Yaml","@timestamp":"2021-06-15T20:38:20.922Z","level":"INFO","logger_name":"jorge.cardona.concepts.service.Scheduling"}
{"@version":"1","appName":"SpringBoot Concepts","thread_name":"scheduling-1","hostname":"Paradigma","message":"Release 13","@timestamp":"2021-06-15T20:38:20.922Z","level":"INFO","logger_name":"jorge.cardona.concepts.service.Scheduling"}
{"@version":"1","appName":"SpringBoot Concepts","thread_name":"scheduling-1","hostname":"Paradigma","message":"Enable true","@timestamp":"2021-06-15T20:38:20.923Z","level":"INFO","logger_name":"jorge.cardona.concepts.service.Scheduling"}
{"@version":"1","appName":"SpringBoot Concepts","thread_name":"scheduling-1","hostname":"Paradigma","message":"THIS IT IS A SCHEDULE TASK LOGGING 2021-06-15T20:38:21.667656100","@timestamp":"2021-06-15T20:38:21.667Z","level":"ERROR","logger_name":"jorge.cardona.concepts.service.Scheduling"}
{"@version":"1","appName":"SpringBoot Concepts","thread_name":"scheduling-1","hostname":"Paradigma","message":"Name Load Properties From Yaml","@timestamp":"2021-06-15T20:38:21.930Z","level":"INFO","logger_name":"jorge.cardona.concepts.service.Scheduling"}
