{"@version":"1","appName":"SpringBoot Concepts","thread_name":"scheduling-1","hostname":"Paradigma","message":"Name Load Properties From Yaml","@timestamp":"2021-05-12T18:22:28.221Z","level":"INFO","logger_name":"jorge.cardona.concepts.service.Scheduling"}
{"@version":"1","appName":"SpringBoot Concepts","thread_name":"scheduling-1","hostname":"Paradigma","message":"Release 13","@timestamp":"2021-05-12T18:22:28.276Z","level":"INFO","logger_name":"jorge.cardona.concepts.service.Scheduling"}
{"@version":"1","appName":"SpringBoot Concepts","thread_name":"scheduling-1","hostname":"Paradigma","message":"Enable true","@timestamp":"2021-05-12T18:22:28.286Z","level":"INFO","logger_name":"jorge.cardona.concepts.service.Scheduling"}
{"@version":"1","appName":"SpringBoot Concepts","thread_name":"http-nio-8080-ClientPoller","hostname":"Paradigma","message":"timeout completed: keys processed=1; now=1620861748825; nextExpiration=1620861748812; keyCount=0; hasEvents=false; eval=false","@timestamp":"2021-05-12T18:22:28.825Z","level":"DEBUG","logger_name":"org.apache.tomcat.util.net.NioEndpoint"}
{"@version":"1","appName":"SpringBoot Concepts","thread_name":"scheduling-1","hostname":"Paradigma","message":"Name Load Properties From Yaml","@timestamp":"2021-05-12T18:22:29.297Z","level":"INFO","logger_name":"jorge.cardona.concepts.service.Scheduling"}
{"@version":"1","appName":"SpringBoot Concepts","thread_name":"scheduling-1","hostname":"Paradigma","message":"Release 13","@timestamp":"2021-05-12T18:22:29.298Z","level":"INFO","logger_name":"jorge.cardona.concepts.service.Scheduling"}
{"@version":"1","appName":"SpringBoot Concepts","thread_name":"scheduling-1","hostname":"Paradigma","message":"Enable true","@timestamp":"2021-05-12T18:22:29.299Z","level":"INFO","logger_name":"jorge.cardona.concepts.service.Scheduling"}
{"@version":"1","appName":"SpringBoot Concepts","thread_name":"http-nio-8080-ClientPoller","hostname":"Paradigma","message":"timeout completed: keys processed=1; now=1620861749839; nextExpiration=1620861749825; keyCount=0; hasEvents=false; eval=false","@timestamp":"2021-05-12T18:22:29.839Z","level":"DEBUG","logger_name":"org.apache.tomcat.util.net.NioEndpoint"}
{"@version":"1","appName":"SpringBoot Concepts","thread_name":"scheduling-1","hostname":"Paradigma","message":"Name Load Properties From Yaml","@timestamp":"2021-05-12T18:22:30.306Z","level":"INFO","logger_name":"jorge.cardona.concepts.service.Scheduling"}
{"@version":"1","appName":"SpringBoot Concepts","thread_name":"scheduling-1","hostname":"Paradigma","message":"Release 13","@timestamp":"2021-05-12T18:22:30.306Z","level":"INFO","logger_name":"jorge.cardona.concepts.service.Scheduling"}
{"@version":"1","appName":"SpringBoot Concepts","thread_name":"scheduling-1","hostname":"Paradigma","message":"Enable true","@timestamp":"2021-05-12T18:22:30.308Z","level":"INFO","logger_name":"jorge.cardona.concepts.service.Scheduling"}
{"@version":"1","appName":"SpringBoot Concepts","thread_name":"scheduling-1","hostname":"Paradigma","message":"THIS IT IS A SCHEDULE TASK LOGGING 2021-05-12T18:22:30.680683700","@timestamp":"2021-05-12T18:22:30.680Z","level":"ERROR","logger_name":"jorge.cardona.concepts.service.Scheduling"}
{"@version":"1","appName":"SpringBoot Concepts","thread_name":"http-nio-8080-ClientPoller","hostname":"Paradigma","message":"timeout completed: keys processed=1; now=1620861750849; nextExpiration=1620861750839; keyCount=0; hasEvents=false; eval=false","@timestamp":"2021-05-12T18:22:30.849Z","level":"DEBUG","logger_name":"org.apache.tomcat.util.net.NioEndpoint"}
{"@version":"1","appName":"SpringBoot Concepts","thread_name":"scheduling-1","hostname":"Paradigma","message":"Name Load Properties From Yaml","@timestamp":"2021-05-12T18:22:31.318Z","level":"INFO","logger_name":"jorge.cardona.concepts.service.Scheduling"}
{"@version":"1","appName":"SpringBoot Concepts","thread_name":"scheduling-1","hostname":"Paradigma","message":"Release 13","@timestamp":"2021-05-12T18:22:31.319Z","level":"INFO","logger_name":"jorge.cardona.concepts.service.Scheduling"}
{"@version":"1","appName":"SpringBoot Concepts","thread_name":"scheduling-1","hostname":"Paradigma","message":"Enable true","@timestamp":"2021-05-12T18:22:31.320Z","level":"INFO","logger_name":"jorge.cardona.concepts.service.Scheduling"}
{"@version":"1","appName":"SpringBoot Concepts","thread_name":"http-nio-8080-ClientPoller","hostname":"Paradigma","message":"timeout completed: keys processed=1; now=1620861751862; nextExpiration=1620861751849; keyCount=0; hasEvents=false; eval=false","@timestamp":"2021-05-12T18:22:31.862Z","level":"DEBUG","logger_name":"org.apache.tomcat.util.net.NioEndpoint"}
{"@version":"1","appName":"SpringBoot Concepts","thread_name":"http-nio-8080-exec-3","hostname":"Paradigma","message":"Processing socket [org.apache.tomcat.util.net.NioChannel@751b43b5:java.nio.channels.SocketChannel[connected local=/0:0:0:0:0:0:0:1:8080 remote=/0:0:0:0:0:0:0:1:4591]] with status [ERROR]","@timestamp":"2021-05-12T18:22:31.862Z","level":"DEBUG","logger_name":"org.apache.coyote.http11.Http11NioProtocol"}
{"@version":"1","appName":"SpringBoot Concepts","thread_name":"http-nio-8080-exec-3","hostname":"Paradigma","message":"Found processor [null] for socket [org.apache.tomcat.util.net.NioChannel@751b43b5:java.nio.channels.SocketChannel[connected local=/0:0:0:0:0:0:0:1:8080 remote=/0:0:0:0:0:0:0:1:4591]]","@timestamp":"2021-05-12T18:22:31.862Z","level":"DEBUG","logger_name":"org.apache.coyote.http11.Http11NioProtocol"}
{"@version":"1","appName":"SpringBoot Concepts","thread_name":"http-nio-8080-exec-3","hostname":"Paradigma","message":"Counting down[http-nio-8080-exec-3] latch=1","@timestamp":"2021-05-12T18:22:31.863Z","level":"DEBUG","logger_name":"org.apache.tomcat.util.threads.LimitLatch"}
{"@version":"1","appName":"SpringBoot Concepts","thread_name":"http-nio-8080-exec-3","hostname":"Paradigma","message":"Calling [org.apache.tomcat.util.net.NioEndpoint@2b15c1ba].closeSocket([org.apache.tomcat.util.net.NioEndpoint$NioSocketWrapper@5ed8c5d1:org.apache.tomcat.util.net.NioChannel@751b43b5:java.nio.channels.SocketChannel[connected local=/0:0:0:0:0:0:0:1:8080 remote=/0:0:0:0:0:0:0:1:4591]])","@timestamp":"2021-05-12T18:22:31.863Z","level":"DEBUG","logger_name":"org.apache.tomcat.util.net.NioEndpoint"}
{"@version":"1","appName":"SpringBoot Concepts","thread_name":"scheduling-1","hostname":"Paradigma","message":"Name Load Properties From Yaml","@timestamp":"2021-05-12T18:22:32.332Z","level":"INFO","logger_name":"jorge.cardona.concepts.service.Scheduling"}
{"@version":"1","appName":"SpringBoot Concepts","thread_name":"scheduling-1","hostname":"Paradigma","message":"Release 13","@timestamp":"2021-05-12T18:22:32.336Z","level":"INFO","logger_name":"jorge.cardona.concepts.service.Scheduling"}
{"@version":"1","appName":"SpringBoot Concepts","thread_name":"scheduling-1","hostname":"Paradigma","message":"Enable true","@timestamp":"2021-05-12T18:22:32.337Z","level":"INFO","logger_name":"jorge.cardona.concepts.service.Scheduling"}
{"@version":"1","appName":"SpringBoot Concepts","thread_name":"http-nio-8080-ClientPoller","hostname":"Paradigma","message":"timeout completed: keys processed=0; now=1620861752877; nextExpiration=1620861752862; keyCount=0; hasEvents=false; eval=false","@timestamp":"2021-05-12T18:22:32.877Z","level":"DEBUG","logger_name":"org.apache.tomcat.util.net.NioEndpoint"}
{"@version":"1","appName":"SpringBoot Concepts","thread_name":"scheduling-1","hostname":"Paradigma","message":"Name Load Properties From Yaml","@timestamp":"2021-05-12T18:22:33.342Z","level":"INFO","logger_name":"jorge.cardona.concepts.service.Scheduling"}
{"@version":"1","appName":"SpringBoot Concepts","thread_name":"scheduling-1","hostname":"Paradigma","message":"Release 13","@timestamp":"2021-05-12T18:22:33.343Z","level":"INFO","logger_name":"jorge.cardona.concepts.service.Scheduling"}
{"@version":"1","appName":"SpringBoot Concepts","thread_name":"scheduling-1","hostname":"Paradigma","message":"Enable true","@timestamp":"2021-05-12T18:22:33.344Z","level":"INFO","logger_name":"jorge.cardona.concepts.service.Scheduling"}
{"@version":"1","appName":"SpringBoot Concepts","thread_name":"scheduling-1","hostname":"Paradigma","message":"THIS IT IS A SCHEDULE TASK LOGGING 2021-05-12T18:22:33.686977","@timestamp":"2021-05-12T18:22:33.686Z","level":"ERROR","logger_name":"jorge.cardona.concepts.service.Scheduling"}
{"@version":"1","appName":"SpringBoot Concepts","thread_name":"http-nio-8080-ClientPoller","hostname":"Paradigma","message":"timeout completed: keys processed=0; now=1620861753890; nextExpiration=1620861753877; keyCount=0; hasEvents=false; eval=false","@timestamp":"2021-05-12T18:22:33.892Z","level":"DEBUG","logger_name":"org.apache.tomcat.util.net.NioEndpoint"}
{"@version":"1","appName":"SpringBoot Concepts","thread_name":"scheduling-1","hostname":"Paradigma","message":"Name Load Properties From Yaml","@timestamp":"2021-05-12T18:22:34.354Z","level":"INFO","logger_name":"jorge.cardona.concepts.service.Scheduling"}
{"@version":"1","appName":"SpringBoot Concepts","thread_name":"scheduling-1","hostname":"Paradigma","message":"Release 13","@timestamp":"2021-05-12T18:22:34.355Z","level":"INFO","logger_name":"jorge.cardona.concepts.service.Scheduling"}
{"@version":"1","appName":"SpringBoot Concepts","thread_name":"scheduling-1","hostname":"Paradigma","message":"Enable true","@timestamp":"2021-05-12T18:22:34.366Z","level":"INFO","logger_name":"jorge.cardona.concepts.service.Scheduling"}
{"@version":"1","appName":"SpringBoot Concepts","thread_name":"http-nio-8080-ClientPoller","hostname":"Paradigma","message":"timeout completed: keys processed=0; now=1620861754899; nextExpiration=1620861754890; keyCount=0; hasEvents=false; eval=false","@timestamp":"2021-05-12T18:22:34.899Z","level":"DEBUG","logger_name":"org.apache.tomcat.util.net.NioEndpoint"}
{"@version":"1","appName":"SpringBoot Concepts","thread_name":"scheduling-1","hostname":"Paradigma","message":"Name Load Properties From Yaml","@timestamp":"2021-05-12T18:22:35.367Z","level":"INFO","logger_name":"jorge.cardona.concepts.service.Scheduling"}
{"@version":"1","appName":"SpringBoot Concepts","thread_name":"scheduling-1","hostname":"Paradigma","message":"Release 13","@timestamp":"2021-05-12T18:22:35.368Z","level":"INFO","logger_name":"jorge.cardona.concepts.service.Scheduling"}
{"@version":"1","appName":"SpringBoot Concepts","thread_name":"scheduling-1","hostname":"Paradigma","message":"Enable true","@timestamp":"2021-05-12T18:22:35.370Z","level":"INFO","logger_name":"jorge.cardona.concepts.service.Scheduling"}
{"@version":"1","appName":"SpringBoot Concepts","thread_name":"http-nio-8080-ClientPoller","hostname":"Paradigma","message":"timeout completed: keys processed=0; now=1620861755911; nextExpiration=1620861755899; keyCount=0; hasEvents=false; eval=false","@timestamp":"2021-05-12T18:22:35.912Z","level":"DEBUG","logger_name":"org.apache.tomcat.util.net.NioEndpoint"}
{"@version":"1","appName":"SpringBoot Concepts","thread_name":"scheduling-1","hostname":"Paradigma","message":"Name Load Properties From Yaml","@timestamp":"2021-05-12T18:22:36.378Z","level":"INFO","logger_name":"jorge.cardona.concepts.service.Scheduling"}
{"@version":"1","appName":"SpringBoot Concepts","thread_name":"scheduling-1","hostname":"Paradigma","message":"Release 13","@timestamp":"2021-05-12T18:22:36.379Z","level":"INFO","logger_name":"jorge.cardona.concepts.service.Scheduling"}
{"@version":"1","appName":"SpringBoot Concepts","thread_name":"scheduling-1","hostname":"Paradigma","message":"Enable true","@timestamp":"2021-05-12T18:22:36.380Z","level":"INFO","logger_name":"jorge.cardona.concepts.service.Scheduling"}
{"@version":"1","appName":"SpringBoot Concepts","thread_name":"scheduling-1","hostname":"Paradigma","message":"THIS IT IS A SCHEDULE TASK LOGGING 2021-05-12T18:22:36.690337700","@timestamp":"2021-05-12T18:22:36.690Z","level":"ERROR","logger_name":"jorge.cardona.concepts.service.Scheduling"}
{"@version":"1","appName":"SpringBoot Concepts","thread_name":"http-nio-8080-ClientPoller","hostname":"Paradigma","message":"timeout completed: keys processed=0; now=1620861756923; nextExpiration=1620861756911; keyCount=0; hasEvents=false; eval=false","@timestamp":"2021-05-12T18:22:36.923Z","level":"DEBUG","logger_name":"org.apache.tomcat.util.net.NioEndpoint"}
{"@version":"1","appName":"SpringBoot Concepts","thread_name":"scheduling-1","hostname":"Paradigma","message":"Name Load Properties From Yaml","@timestamp":"2021-05-12T18:22:37.391Z","level":"INFO","logger_name":"jorge.cardona.concepts.service.Scheduling"}
{"@version":"1","appName":"SpringBoot Concepts","thread_name":"scheduling-1","hostname":"Paradigma","message":"Release 13","@timestamp":"2021-05-12T18:22:37.392Z","level":"INFO","logger_name":"jorge.cardona.concepts.service.Scheduling"}
{"@version":"1","appName":"SpringBoot Concepts","thread_name":"scheduling-1","hostname":"Paradigma","message":"Enable true","@timestamp":"2021-05-12T18:22:37.393Z","level":"INFO","logger_name":"jorge.cardona.concepts.service.Scheduling"}
{"@version":"1","appName":"SpringBoot Concepts","thread_name":"HikariPool-1 housekeeper","hostname":"Paradigma","message":"HikariPool-1 - Pool stats (total=10, active=0, idle=10, waiting=0)","@timestamp":"2021-05-12T18:22:37.639Z","level":"DEBUG","logger_name":"com.zaxxer.hikari.pool.HikariPool"}
{"@version":"1","appName":"SpringBoot Concepts","thread_name":"HikariPool-1 housekeeper","hostname":"Paradigma","message":"HikariPool-1 - Fill pool skipped, pool is at sufficient level.","@timestamp":"2021-05-12T18:22:37.640Z","level":"DEBUG","logger_name":"com.zaxxer.hikari.pool.HikariPool"}
{"@version":"1","appName":"SpringBoot Concepts","thread_name":"http-nio-8080-ClientPoller","hostname":"Paradigma","message":"timeout completed: keys processed=0; now=1620861757938; nextExpiration=1620861757923; keyCount=0; hasEvents=false; eval=false","@timestamp":"2021-05-12T18:22:37.938Z","level":"DEBUG","logger_name":"org.apache.tomcat.util.net.NioEndpoint"}
{"@version":"1","appName":"SpringBoot Concepts","thread_name":"Catalina-utility-2","hostname":"Paradigma","message":"Start expire sessions StandardManager at 1620861758105 sessioncount 0","@timestamp":"2021-05-12T18:22:38.105Z","level":"DEBUG","logger_name":"org.apache.catalina.session.ManagerBase"}
{"@version":"1","appName":"SpringBoot Concepts","thread_name":"Catalina-utility-2","hostname":"Paradigma","message":"End expire sessions StandardManager processingTime 2 expired sessions: 0","@timestamp":"2021-05-12T18:22:38.107Z","level":"DEBUG","logger_name":"org.apache.catalina.session.ManagerBase"}
{"@version":"1","appName":"SpringBoot Concepts","thread_name":"scheduling-1","hostname":"Paradigma","message":"Name Load Properties From Yaml","@timestamp":"2021-05-12T18:22:38.403Z","level":"INFO","logger_name":"jorge.cardona.concepts.service.Scheduling"}
{"@version":"1","appName":"SpringBoot Concepts","thread_name":"scheduling-1","hostname":"Paradigma","message":"Release 13","@timestamp":"2021-05-12T18:22:38.404Z","level":"INFO","logger_name":"jorge.cardona.concepts.service.Scheduling"}
{"@version":"1","appName":"SpringBoot Concepts","thread_name":"scheduling-1","hostname":"Paradigma","message":"Enable true","@timestamp":"2021-05-12T18:22:38.404Z","level":"INFO","logger_name":"jorge.cardona.concepts.service.Scheduling"}
{"@version":"1","appName":"SpringBoot Concepts","thread_name":"http-nio-8080-ClientPoller","hostname":"Paradigma","message":"timeout completed: keys processed=0; now=1620861758948; nextExpiration=1620861758938; keyCount=0; hasEvents=false; eval=false","@timestamp":"2021-05-12T18:22:38.949Z","level":"DEBUG","logger_name":"org.apache.tomcat.util.net.NioEndpoint"}
{"@version":"1","appName":"SpringBoot Concepts","thread_name":"scheduling-1","hostname":"Paradigma","message":"Name Load Properties From Yaml","@timestamp":"2021-05-12T18:22:39.413Z","level":"INFO","logger_name":"jorge.cardona.concepts.service.Scheduling"}
{"@version":"1","appName":"SpringBoot Concepts","thread_name":"scheduling-1","hostname":"Paradigma","message":"Release 13","@timestamp":"2021-05-12T18:22:39.415Z","level":"INFO","logger_name":"jorge.cardona.concepts.service.Scheduling"}
{"@version":"1","appName":"SpringBoot Concepts","thread_name":"scheduling-1","hostname":"Paradigma","message":"Enable true","@timestamp":"2021-05-12T18:22:39.416Z","level":"INFO","logger_name":"jorge.cardona.concepts.service.Scheduling"}
{"@version":"1","appName":"SpringBoot Concepts","thread_name":"scheduling-1","hostname":"Paradigma","message":"THIS IT IS A SCHEDULE TASK LOGGING 2021-05-12T18:22:39.694292100","@timestamp":"2021-05-12T18:22:39.694Z","level":"ERROR","logger_name":"jorge.cardona.concepts.service.Scheduling"}
{"@version":"1","appName":"SpringBoot Concepts","thread_name":"http-nio-8080-ClientPoller","hostname":"Paradigma","message":"timeout completed: keys processed=0; now=1620861759958; nextExpiration=1620861759948; keyCount=0; hasEvents=false; eval=false","@timestamp":"2021-05-12T18:22:39.959Z","level":"DEBUG","logger_name":"org.apache.tomcat.util.net.NioEndpoint"}
{"@version":"1","appName":"SpringBoot Concepts","thread_name":"scheduling-1","hostname":"Paradigma","message":"Name Load Properties From Yaml","@timestamp":"2021-05-12T18:22:40.423Z","level":"INFO","logger_name":"jorge.cardona.concepts.service.Scheduling"}
{"@version":"1","appName":"SpringBoot Concepts","thread_name":"scheduling-1","hostname":"Paradigma","message":"Release 13","@timestamp":"2021-05-12T18:22:40.425Z","level":"INFO","logger_name":"jorge.cardona.concepts.service.Scheduling"}
{"@version":"1","appName":"SpringBoot Concepts","thread_name":"scheduling-1","hostname":"Paradigma","message":"Enable true","@timestamp":"2021-05-12T18:22:40.426Z","level":"INFO","logger_name":"jorge.cardona.concepts.service.Scheduling"}
{"@version":"1","appName":"SpringBoot Concepts","thread_name":"http-nio-8080-ClientPoller","hostname":"Paradigma","message":"timeout completed: keys processed=0; now=1620861760970; nextExpiration=1620861760958; keyCount=0; hasEvents=false; eval=false","@timestamp":"2021-05-12T18:22:40.970Z","level":"DEBUG","logger_name":"org.apache.tomcat.util.net.NioEndpoint"}
{"@version":"1","appName":"SpringBoot Concepts","thread_name":"scheduling-1","hostname":"Paradigma","message":"Name Load Properties From Yaml","@timestamp":"2021-05-12T18:22:41.435Z","level":"INFO","logger_name":"jorge.cardona.concepts.service.Scheduling"}
{"@version":"1","appName":"SpringBoot Concepts","thread_name":"scheduling-1","hostname":"Paradigma","message":"Release 13","@timestamp":"2021-05-12T18:22:41.436Z","level":"INFO","logger_name":"jorge.cardona.concepts.service.Scheduling"}
{"@version":"1","appName":"SpringBoot Concepts","thread_name":"scheduling-1","hostname":"Paradigma","message":"Enable true","@timestamp":"2021-05-12T18:22:41.438Z","level":"INFO","logger_name":"jorge.cardona.concepts.service.Scheduling"}
{"@version":"1","appName":"SpringBoot Concepts","thread_name":"http-nio-8080-ClientPoller","hostname":"Paradigma","message":"timeout completed: keys processed=0; now=1620861761982; nextExpiration=1620861761970; keyCount=0; hasEvents=false; eval=false","@timestamp":"2021-05-12T18:22:41.982Z","level":"DEBUG","logger_name":"org.apache.tomcat.util.net.NioEndpoint"}
{"@version":"1","appName":"SpringBoot Concepts","thread_name":"scheduling-1","hostname":"Paradigma","message":"Name Load Properties From Yaml","@timestamp":"2021-05-12T18:22:42.447Z","level":"INFO","logger_name":"jorge.cardona.concepts.service.Scheduling"}
{"@version":"1","appName":"SpringBoot Concepts","thread_name":"scheduling-1","hostname":"Paradigma","message":"Release 13","@timestamp":"2021-05-12T18:22:42.448Z","level":"INFO","logger_name":"jorge.cardona.concepts.service.Scheduling"}
{"@version":"1","appName":"SpringBoot Concepts","thread_name":"scheduling-1","hostname":"Paradigma","message":"Enable true","@timestamp":"2021-05-12T18:22:42.449Z","level":"INFO","logger_name":"jorge.cardona.concepts.service.Scheduling"}
{"@version":"1","appName":"SpringBoot Concepts","thread_name":"scheduling-1","hostname":"Paradigma","message":"THIS IT IS A SCHEDULE TASK LOGGING 2021-05-12T18:22:42.698667500","@timestamp":"2021-05-12T18:22:42.698Z","level":"ERROR","logger_name":"jorge.cardona.concepts.service.Scheduling"}
{"@version":"1","appName":"SpringBoot Concepts","thread_name":"http-nio-8080-ClientPoller","hostname":"Paradigma","message":"timeout completed: keys processed=0; now=1620861762992; nextExpiration=1620861762982; keyCount=0; hasEvents=false; eval=false","@timestamp":"2021-05-12T18:22:42.992Z","level":"DEBUG","logger_name":"org.apache.tomcat.util.net.NioEndpoint"}
{"@version":"1","appName":"SpringBoot Concepts","thread_name":"scheduling-1","hostname":"Paradigma","message":"Name Load Properties From Yaml","@timestamp":"2021-05-12T18:22:43.461Z","level":"INFO","logger_name":"jorge.cardona.concepts.service.Scheduling"}
{"@version":"1","appName":"SpringBoot Concepts","thread_name":"scheduling-1","hostname":"Paradigma","message":"Release 13","@timestamp":"2021-05-12T18:22:43.461Z","level":"INFO","logger_name":"jorge.cardona.concepts.service.Scheduling"}
{"@version":"1","appName":"SpringBoot Concepts","thread_name":"scheduling-1","hostname":"Paradigma","message":"Enable true","@timestamp":"2021-05-12T18:22:43.461Z","level":"INFO","logger_name":"jorge.cardona.concepts.service.Scheduling"}
{"@version":"1","appName":"SpringBoot Concepts","thread_name":"http-nio-8080-ClientPoller","hostname":"Paradigma","message":"timeout completed: keys processed=0; now=1620861764004; nextExpiration=1620861763992; keyCount=0; hasEvents=false; eval=false","@timestamp":"2021-05-12T18:22:44.004Z","level":"DEBUG","logger_name":"org.apache.tomcat.util.net.NioEndpoint"}
{"@version":"1","appName":"SpringBoot Concepts","thread_name":"scheduling-1","hostname":"Paradigma","message":"Name Load Properties From Yaml","@timestamp":"2021-05-12T18:22:44.473Z","level":"INFO","logger_name":"jorge.cardona.concepts.service.Scheduling"}
{"@version":"1","appName":"SpringBoot Concepts","thread_name":"scheduling-1","hostname":"Paradigma","message":"Release 13","@timestamp":"2021-05-12T18:22:44.476Z","level":"INFO","logger_name":"jorge.cardona.concepts.service.Scheduling"}
{"@version":"1","appName":"SpringBoot Concepts","thread_name":"scheduling-1","hostname":"Paradigma","message":"Enable true","@timestamp":"2021-05-12T18:22:44.476Z","level":"INFO","logger_name":"jorge.cardona.concepts.service.Scheduling"}
{"@version":"1","appName":"SpringBoot Concepts","thread_name":"http-nio-8080-ClientPoller","hostname":"Paradigma","message":"timeout completed: keys processed=0; now=1620861765012; nextExpiration=1620861765004; keyCount=0; hasEvents=false; eval=false","@timestamp":"2021-05-12T18:22:45.012Z","level":"DEBUG","logger_name":"org.apache.tomcat.util.net.NioEndpoint"}
{"@version":"1","appName":"SpringBoot Concepts","thread_name":"scheduling-1","hostname":"Paradigma","message":"Name Load Properties From Yaml","@timestamp":"2021-05-12T18:22:45.493Z","level":"INFO","logger_name":"jorge.cardona.concepts.service.Scheduling"}
{"@version":"1","appName":"SpringBoot Concepts","thread_name":"scheduling-1","hostname":"Paradigma","message":"Release 13","@timestamp":"2021-05-12T18:22:45.493Z","level":"INFO","logger_name":"jorge.cardona.concepts.service.Scheduling"}
{"@version":"1","appName":"SpringBoot Concepts","thread_name":"scheduling-1","hostname":"Paradigma","message":"Enable true","@timestamp":"2021-05-12T18:22:45.494Z","level":"INFO","logger_name":"jorge.cardona.concepts.service.Scheduling"}
{"@version":"1","appName":"SpringBoot Concepts","thread_name":"scheduling-1","hostname":"Paradigma","message":"THIS IT IS A SCHEDULE TASK LOGGING 2021-05-12T18:22:45.710303600","@timestamp":"2021-05-12T18:22:45.710Z","level":"ERROR","logger_name":"jorge.cardona.concepts.service.Scheduling"}
{"@version":"1","appName":"SpringBoot Concepts","thread_name":"http-nio-8080-ClientPoller","hostname":"Paradigma","message":"timeout completed: keys processed=0; now=1620861766022; nextExpiration=1620861766012; keyCount=0; hasEvents=false; eval=false","@timestamp":"2021-05-12T18:22:46.022Z","level":"DEBUG","logger_name":"org.apache.tomcat.util.net.NioEndpoint"}
{"@version":"1","appName":"SpringBoot Concepts","thread_name":"scheduling-1","hostname":"Paradigma","message":"Name Load Properties From Yaml","@timestamp":"2021-05-12T18:22:46.504Z","level":"INFO","logger_name":"jorge.cardona.concepts.service.Scheduling"}
{"@version":"1","appName":"SpringBoot Concepts","thread_name":"scheduling-1","hostname":"Paradigma","message":"Release 13","@timestamp":"2021-05-12T18:22:46.505Z","level":"INFO","logger_name":"jorge.cardona.concepts.service.Scheduling"}
{"@version":"1","appName":"SpringBoot Concepts","thread_name":"scheduling-1","hostname":"Paradigma","message":"Enable true","@timestamp":"2021-05-12T18:22:46.506Z","level":"INFO","logger_name":"jorge.cardona.concepts.service.Scheduling"}
{"@version":"1","appName":"SpringBoot Concepts","thread_name":"http-nio-8080-ClientPoller","hostname":"Paradigma","message":"timeout completed: keys processed=0; now=1620861767031; nextExpiration=1620861767022; keyCount=0; hasEvents=false; eval=false","@timestamp":"2021-05-12T18:22:47.031Z","level":"DEBUG","logger_name":"org.apache.tomcat.util.net.NioEndpoint"}
{"@version":"1","appName":"SpringBoot Concepts","thread_name":"scheduling-1","hostname":"Paradigma","message":"Name Load Properties From Yaml","@timestamp":"2021-05-12T18:22:47.513Z","level":"INFO","logger_name":"jorge.cardona.concepts.service.Scheduling"}
{"@version":"1","appName":"SpringBoot Concepts","thread_name":"scheduling-1","hostname":"Paradigma","message":"Release 13","@timestamp":"2021-05-12T18:22:47.514Z","level":"INFO","logger_name":"jorge.cardona.concepts.service.Scheduling"}
{"@version":"1","appName":"SpringBoot Concepts","thread_name":"scheduling-1","hostname":"Paradigma","message":"Enable true","@timestamp":"2021-05-12T18:22:47.515Z","level":"INFO","logger_name":"jorge.cardona.concepts.service.Scheduling"}
{"@version":"1","appName":"SpringBoot Concepts","thread_name":"http-nio-8080-ClientPoller","hostname":"Paradigma","message":"timeout completed: keys processed=0; now=1620861768044; nextExpiration=1620861768031; keyCount=0; hasEvents=false; eval=false","@timestamp":"2021-05-12T18:22:48.044Z","level":"DEBUG","logger_name":"org.apache.tomcat.util.net.NioEndpoint"}
{"@version":"1","appName":"SpringBoot Concepts","thread_name":"scheduling-1","hostname":"Paradigma","message":"Name Load Properties From Yaml","@timestamp":"2021-05-12T18:22:48.529Z","level":"INFO","logger_name":"jorge.cardona.concepts.service.Scheduling"}
{"@version":"1","appName":"SpringBoot Concepts","thread_name":"scheduling-1","hostname":"Paradigma","message":"Release 13","@timestamp":"2021-05-12T18:22:48.530Z","level":"INFO","logger_name":"jorge.cardona.concepts.service.Scheduling"}
{"@version":"1","appName":"SpringBoot Concepts","thread_name":"scheduling-1","hostname":"Paradigma","message":"Enable true","@timestamp":"2021-05-12T18:22:48.530Z","level":"INFO","logger_name":"jorge.cardona.concepts.service.Scheduling"}
{"@version":"1","appName":"SpringBoot Concepts","thread_name":"scheduling-1","hostname":"Paradigma","message":"THIS IT IS A SCHEDULE TASK LOGGING 2021-05-12T18:22:48.714614800","@timestamp":"2021-05-12T18:22:48.714Z","level":"ERROR","logger_name":"jorge.cardona.concepts.service.Scheduling"}
{"@version":"1","appName":"SpringBoot Concepts","thread_name":"http-nio-8080-ClientPoller","hostname":"Paradigma","message":"timeout completed: keys processed=0; now=1620861769055; nextExpiration=1620861769044; keyCount=0; hasEvents=false; eval=false","@timestamp":"2021-05-12T18:22:49.055Z","level":"DEBUG","logger_name":"org.apache.tomcat.util.net.NioEndpoint"}
{"@version":"1","appName":"SpringBoot Concepts","thread_name":"scheduling-1","hostname":"Paradigma","message":"Name Load Properties From Yaml","@timestamp":"2021-05-12T18:22:49.537Z","level":"INFO","logger_name":"jorge.cardona.concepts.service.Scheduling"}
{"@version":"1","appName":"SpringBoot Concepts","thread_name":"scheduling-1","hostname":"Paradigma","message":"Release 13","@timestamp":"2021-05-12T18:22:49.539Z","level":"INFO","logger_name":"jorge.cardona.concepts.service.Scheduling"}
{"@version":"1","appName":"SpringBoot Concepts","thread_name":"scheduling-1","hostname":"Paradigma","message":"Enable true","@timestamp":"2021-05-12T18:22:49.540Z","level":"INFO","logger_name":"jorge.cardona.concepts.service.Scheduling"}
{"@version":"1","appName":"SpringBoot Concepts","thread_name":"http-nio-8080-ClientPoller","hostname":"Paradigma","message":"timeout completed: keys processed=0; now=1620861770067; nextExpiration=1620861770055; keyCount=0; hasEvents=false; eval=false","@timestamp":"2021-05-12T18:22:50.068Z","level":"DEBUG","logger_name":"org.apache.tomcat.util.net.NioEndpoint"}
{"@version":"1","appName":"SpringBoot Concepts","thread_name":"scheduling-1","hostname":"Paradigma","message":"Name Load Properties From Yaml","@timestamp":"2021-05-12T18:22:50.548Z","level":"INFO","logger_name":"jorge.cardona.concepts.service.Scheduling"}
{"@version":"1","appName":"SpringBoot Concepts","thread_name":"scheduling-1","hostname":"Paradigma","message":"Release 13","@timestamp":"2021-05-12T18:22:50.550Z","level":"INFO","logger_name":"jorge.cardona.concepts.service.Scheduling"}
{"@version":"1","appName":"SpringBoot Concepts","thread_name":"scheduling-1","hostname":"Paradigma","message":"Enable true","@timestamp":"2021-05-12T18:22:50.551Z","level":"INFO","logger_name":"jorge.cardona.concepts.service.Scheduling"}
{"@version":"1","appName":"SpringBoot Concepts","thread_name":"http-nio-8080-ClientPoller","hostname":"Paradigma","message":"timeout completed: keys processed=0; now=1620861771078; nextExpiration=1620861771067; keyCount=0; hasEvents=false; eval=false","@timestamp":"2021-05-12T18:22:51.078Z","level":"DEBUG","logger_name":"org.apache.tomcat.util.net.NioEndpoint"}
{"@version":"1","appName":"SpringBoot Concepts","thread_name":"scheduling-1","hostname":"Paradigma","message":"Name Load Properties From Yaml","@timestamp":"2021-05-12T18:22:51.560Z","level":"INFO","logger_name":"jorge.cardona.concepts.service.Scheduling"}
{"@version":"1","appName":"SpringBoot Concepts","thread_name":"scheduling-1","hostname":"Paradigma","message":"Release 13","@timestamp":"2021-05-12T18:22:51.562Z","level":"INFO","logger_name":"jorge.cardona.concepts.service.Scheduling"}
{"@version":"1","appName":"SpringBoot Concepts","thread_name":"scheduling-1","hostname":"Paradigma","message":"Enable true","@timestamp":"2021-05-12T18:22:51.563Z","level":"INFO","logger_name":"jorge.cardona.concepts.service.Scheduling"}
{"@version":"1","appName":"SpringBoot Concepts","thread_name":"scheduling-1","hostname":"Paradigma","message":"THIS IT IS A SCHEDULE TASK LOGGING 2021-05-12T18:22:51.731183600","@timestamp":"2021-05-12T18:22:51.731Z","level":"ERROR","logger_name":"jorge.cardona.concepts.service.Scheduling"}
{"@version":"1","appName":"SpringBoot Concepts","thread_name":"http-nio-8080-ClientPoller","hostname":"Paradigma","message":"timeout completed: keys processed=0; now=1620861772089; nextExpiration=1620861772078; keyCount=0; hasEvents=false; eval=false","@timestamp":"2021-05-12T18:22:52.089Z","level":"DEBUG","logger_name":"org.apache.tomcat.util.net.NioEndpoint"}
{"@version":"1","appName":"SpringBoot Concepts","thread_name":"scheduling-1","hostname":"Paradigma","message":"Name Load Properties From Yaml","@timestamp":"2021-05-12T18:22:52.574Z","level":"INFO","logger_name":"jorge.cardona.concepts.service.Scheduling"}
{"@version":"1","appName":"SpringBoot Concepts","thread_name":"scheduling-1","hostname":"Paradigma","message":"Release 13","@timestamp":"2021-05-12T18:22:52.575Z","level":"INFO","logger_name":"jorge.cardona.concepts.service.Scheduling"}
{"@version":"1","appName":"SpringBoot Concepts","thread_name":"scheduling-1","hostname":"Paradigma","message":"Enable true","@timestamp":"2021-05-12T18:22:52.576Z","level":"INFO","logger_name":"jorge.cardona.concepts.service.Scheduling"}
{"@version":"1","appName":"SpringBoot Concepts","thread_name":"http-nio-8080-ClientPoller","hostname":"Paradigma","message":"timeout completed: keys processed=0; now=1620861773102; nextExpiration=1620861773089; keyCount=0; hasEvents=false; eval=false","@timestamp":"2021-05-12T18:22:53.102Z","level":"DEBUG","logger_name":"org.apache.tomcat.util.net.NioEndpoint"}
{"@version":"1","appName":"SpringBoot Concepts","thread_name":"scheduling-1","hostname":"Paradigma","message":"Name Load Properties From Yaml","@timestamp":"2021-05-12T18:22:53.583Z","level":"INFO","logger_name":"jorge.cardona.concepts.service.Scheduling"}
{"@version":"1","appName":"SpringBoot Concepts","thread_name":"scheduling-1","hostname":"Paradigma","message":"Release 13","@timestamp":"2021-05-12T18:22:53.583Z","level":"INFO","logger_name":"jorge.cardona.concepts.service.Scheduling"}
{"@version":"1","appName":"SpringBoot Concepts","thread_name":"scheduling-1","hostname":"Paradigma","message":"Enable true","@timestamp":"2021-05-12T18:22:53.586Z","level":"INFO","logger_name":"jorge.cardona.concepts.service.Scheduling"}
{"@version":"1","appName":"SpringBoot Concepts","thread_name":"http-nio-8080-ClientPoller","hostname":"Paradigma","message":"timeout completed: keys processed=0; now=1620861774118; nextExpiration=1620861774102; keyCount=0; hasEvents=false; eval=false","@timestamp":"2021-05-12T18:22:54.118Z","level":"DEBUG","logger_name":"org.apache.tomcat.util.net.NioEndpoint"}
{"@version":"1","appName":"SpringBoot Concepts","thread_name":"scheduling-1","hostname":"Paradigma","message":"Name Load Properties From Yaml","@timestamp":"2021-05-12T18:22:54.602Z","level":"INFO","logger_name":"jorge.cardona.concepts.service.Scheduling"}
{"@version":"1","appName":"SpringBoot Concepts","thread_name":"scheduling-1","hostname":"Paradigma","message":"Release 13","@timestamp":"2021-05-12T18:22:54.602Z","level":"INFO","logger_name":"jorge.cardona.concepts.service.Scheduling"}
{"@version":"1","appName":"SpringBoot Concepts","thread_name":"scheduling-1","hostname":"Paradigma","message":"Enable true","@timestamp":"2021-05-12T18:22:54.602Z","level":"INFO","logger_name":"jorge.cardona.concepts.service.Scheduling"}
{"@version":"1","appName":"SpringBoot Concepts","thread_name":"scheduling-1","hostname":"Paradigma","message":"THIS IT IS A SCHEDULE TASK LOGGING 2021-05-12T18:22:54.745498300","@timestamp":"2021-05-12T18:22:54.745Z","level":"ERROR","logger_name":"jorge.cardona.concepts.service.Scheduling"}
{"@version":"1","appName":"SpringBoot Concepts","thread_name":"http-nio-8080-ClientPoller","hostname":"Paradigma","message":"timeout completed: keys processed=0; now=1620861775125; nextExpiration=1620861775118; keyCount=0; hasEvents=false; eval=false","@timestamp":"2021-05-12T18:22:55.125Z","level":"DEBUG","logger_name":"org.apache.tomcat.util.net.NioEndpoint"}
{"@version":"1","appName":"SpringBoot Concepts","thread_name":"scheduling-1","hostname":"Paradigma","message":"Name Load Properties From Yaml","@timestamp":"2021-05-12T18:22:55.611Z","level":"INFO","logger_name":"jorge.cardona.concepts.service.Scheduling"}
{"@version":"1","appName":"SpringBoot Concepts","thread_name":"scheduling-1","hostname":"Paradigma","message":"Release 13","@timestamp":"2021-05-12T18:22:55.613Z","level":"INFO","logger_name":"jorge.cardona.concepts.service.Scheduling"}
{"@version":"1","appName":"SpringBoot Concepts","thread_name":"scheduling-1","hostname":"Paradigma","message":"Enable true","@timestamp":"2021-05-12T18:22:55.613Z","level":"INFO","logger_name":"jorge.cardona.concepts.service.Scheduling"}
{"@version":"1","appName":"SpringBoot Concepts","thread_name":"http-nio-8080-ClientPoller","hostname":"Paradigma","message":"timeout completed: keys processed=0; now=1620861776139; nextExpiration=1620861776125; keyCount=0; hasEvents=false; eval=false","@timestamp":"2021-05-12T18:22:56.139Z","level":"DEBUG","logger_name":"org.apache.tomcat.util.net.NioEndpoint"}
{"@version":"1","appName":"SpringBoot Concepts","thread_name":"scheduling-1","hostname":"Paradigma","message":"Name Load Properties From Yaml","@timestamp":"2021-05-12T18:22:56.622Z","level":"INFO","logger_name":"jorge.cardona.concepts.service.Scheduling"}
{"@version":"1","appName":"SpringBoot Concepts","thread_name":"scheduling-1","hostname":"Paradigma","message":"Release 13","@timestamp":"2021-05-12T18:22:56.624Z","level":"INFO","logger_name":"jorge.cardona.concepts.service.Scheduling"}
{"@version":"1","appName":"SpringBoot Concepts","thread_name":"scheduling-1","hostname":"Paradigma","message":"Enable true","@timestamp":"2021-05-12T18:22:56.625Z","level":"INFO","logger_name":"jorge.cardona.concepts.service.Scheduling"}
{"@version":"1","appName":"SpringBoot Concepts","thread_name":"http-nio-8080-ClientPoller","hostname":"Paradigma","message":"timeout completed: keys processed=0; now=1620861777152; nextExpiration=1620861777139; keyCount=0; hasEvents=false; eval=false","@timestamp":"2021-05-12T18:22:57.153Z","level":"DEBUG","logger_name":"org.apache.tomcat.util.net.NioEndpoint"}
