{"@version":"1","appName":"SpringBoot Concepts","thread_name":"background-preinit","hostname":"Paradigma","message":"HV000001: Hibernate Validator 6.1.7.Final","@timestamp":"2021-07-11T21:34:31.421Z","level":"INFO","logger_name":"org.hibernate.validator.internal.util.Version"}
{"@version":"1","appName":"SpringBoot Concepts","thread_name":"main","hostname":"Paradigma","message":"Starting LogbackCorsconfigExecutionorderSchedulingApplication on Paradigma with PID 6156 (C:\\z Github\\AI\\Multi Concept Projects\\logback_executionorder_crossconfig_scheduling\\build\\classes\\java\\main started by QiDimMak in C:\\z Github\\AI\\Multi Concept Projects)","@timestamp":"2021-07-11T21:34:31.464Z","level":"INFO","logger_name":"jorge.cardona.concepts.others.LogbackCorsconfigExecutionorderSchedulingApplication"}
{"@version":"1","appName":"SpringBoot Concepts","thread_name":"main","hostname":"Paradigma","message":"No active profile set, falling back to default profiles: default","@timestamp":"2021-07-11T21:34:31.468Z","level":"INFO","logger_name":"jorge.cardona.concepts.others.LogbackCorsconfigExecutionorderSchedulingApplication"}
{"@version":"1","appName":"SpringBoot Concepts","thread_name":"main","hostname":"Paradigma","message":"Tomcat initialized with port(s): 8080 (http)","@timestamp":"2021-07-11T21:34:34.292Z","level":"INFO","logger_name":"org.springframework.boot.web.embedded.tomcat.TomcatWebServer"}
{"@version":"1","appName":"SpringBoot Concepts","thread_name":"main","hostname":"Paradigma","message":"Initializing ProtocolHandler [\"http-nio-8080\"]","@timestamp":"2021-07-11T21:34:34.313Z","level":"INFO","logger_name":"org.apache.coyote.http11.Http11NioProtocol"}
{"@version":"1","appName":"SpringBoot Concepts","thread_name":"main","hostname":"Paradigma","message":"Starting service [Tomcat]","@timestamp":"2021-07-11T21:34:34.314Z","level":"INFO","logger_name":"org.apache.catalina.core.StandardService"}
{"@version":"1","appName":"SpringBoot Concepts","thread_name":"main","hostname":"Paradigma","message":"Starting Servlet engine: [Apache Tomcat/9.0.45]","@timestamp":"2021-07-11T21:34:34.315Z","level":"INFO","logger_name":"org.apache.catalina.core.StandardEngine"}
{"@version":"1","appName":"SpringBoot Concepts","thread_name":"main","hostname":"Paradigma","message":"Initializing Spring embedded WebApplicationContext","@timestamp":"2021-07-11T21:34:34.547Z","level":"INFO","logger_name":"org.apache.catalina.core.ContainerBase.[Tomcat].[localhost].[/api]"}
{"@version":"1","appName":"SpringBoot Concepts","thread_name":"main","hostname":"Paradigma","message":"Root WebApplicationContext: initialization completed in 2992 ms","@timestamp":"2021-07-11T21:34:34.548Z","level":"INFO","logger_name":"org.springframework.boot.web.servlet.context.ServletWebServerApplicationContext"}
{"@version":"1","appName":"SpringBoot Concepts","thread_name":"main","hostname":"Paradigma","message":"Initializing ExecutorService 'applicationTaskExecutor'","@timestamp":"2021-07-11T21:34:35.308Z","level":"INFO","logger_name":"org.springframework.scheduling.concurrent.ThreadPoolTaskExecutor"}
{"@version":"1","appName":"SpringBoot Concepts","thread_name":"main","hostname":"Paradigma","message":"Initializing ExecutorService 'taskScheduler'","@timestamp":"2021-07-11T21:34:36.709Z","level":"INFO","logger_name":"org.springframework.scheduling.concurrent.ThreadPoolTaskScheduler"}
{"@version":"1","appName":"SpringBoot Concepts","thread_name":"main","hostname":"Paradigma","message":"Exposing 12 endpoint(s) beneath base path '/actuator'","@timestamp":"2021-07-11T21:34:36.731Z","level":"INFO","logger_name":"org.springframework.boot.actuate.endpoint.web.EndpointLinksResolver"}
{"@version":"1","appName":"SpringBoot Concepts","thread_name":"main","hostname":"Paradigma","message":"Starting ProtocolHandler [\"http-nio-8080\"]","@timestamp":"2021-07-11T21:34:36.775Z","level":"INFO","logger_name":"org.apache.coyote.http11.Http11NioProtocol"}
{"@version":"1","appName":"SpringBoot Concepts","thread_name":"main","hostname":"Paradigma","message":"Tomcat started on port(s): 8080 (http) with context path '/api'","@timestamp":"2021-07-11T21:34:36.817Z","level":"INFO","logger_name":"org.springframework.boot.web.embedded.tomcat.TomcatWebServer"}
{"@version":"1","appName":"SpringBoot Concepts","thread_name":"scheduling-1","hostname":"Paradigma","message":"Name Load Properties From Yaml","@timestamp":"2021-07-11T21:34:36.853Z","level":"INFO","logger_name":"jorge.cardona.concepts.others.service.Scheduling"}
{"@version":"1","appName":"SpringBoot Concepts","thread_name":"main","hostname":"Paradigma","message":"Started LogbackCorsconfigExecutionorderSchedulingApplication in 6.697 seconds (JVM running for 7.384)","@timestamp":"2021-07-11T21:34:36.859Z","level":"INFO","logger_name":"jorge.cardona.concepts.others.LogbackCorsconfigExecutionorderSchedulingApplication"}
{"@version":"1","appName":"SpringBoot Concepts","thread_name":"scheduling-1","hostname":"Paradigma","message":"Release 13","@timestamp":"2021-07-11T21:34:36.858Z","level":"INFO","logger_name":"jorge.cardona.concepts.others.service.Scheduling"}
{"@version":"1","appName":"SpringBoot Concepts","thread_name":"scheduling-1","hostname":"Paradigma","message":"Enable true","@timestamp":"2021-07-11T21:34:36.863Z","level":"INFO","logger_name":"jorge.cardona.concepts.others.service.Scheduling"}
{"@version":"1","appName":"SpringBoot Concepts","thread_name":"scheduling-1","hostname":"Paradigma","message":"Name Load Properties From Yaml","@timestamp":"2021-07-11T21:34:37.870Z","level":"INFO","logger_name":"jorge.cardona.concepts.others.service.Scheduling"}
{"@version":"1","appName":"SpringBoot Concepts","thread_name":"scheduling-1","hostname":"Paradigma","message":"Release 13","@timestamp":"2021-07-11T21:34:37.881Z","level":"INFO","logger_name":"jorge.cardona.concepts.others.service.Scheduling"}
{"@version":"1","appName":"SpringBoot Concepts","thread_name":"scheduling-1","hostname":"Paradigma","message":"Enable true","@timestamp":"2021-07-11T21:34:37.886Z","level":"INFO","logger_name":"jorge.cardona.concepts.others.service.Scheduling"}
{"@version":"1","appName":"SpringBoot Concepts","thread_name":"scheduling-1","hostname":"Paradigma","message":"Name Load Properties From Yaml","@timestamp":"2021-07-11T21:34:38.895Z","level":"INFO","logger_name":"jorge.cardona.concepts.others.service.Scheduling"}
{"@version":"1","appName":"SpringBoot Concepts","thread_name":"scheduling-1","hostname":"Paradigma","message":"Release 13","@timestamp":"2021-07-11T21:34:38.901Z","level":"INFO","logger_name":"jorge.cardona.concepts.others.service.Scheduling"}
{"@version":"1","appName":"SpringBoot Concepts","thread_name":"scheduling-1","hostname":"Paradigma","message":"Enable true","@timestamp":"2021-07-11T21:34:38.905Z","level":"INFO","logger_name":"jorge.cardona.concepts.others.service.Scheduling"}
{"@version":"1","appName":"SpringBoot Concepts","thread_name":"scheduling-1","hostname":"Paradigma","message":"Name Load Properties From Yaml","@timestamp":"2021-07-11T21:34:39.918Z","level":"INFO","logger_name":"jorge.cardona.concepts.others.service.Scheduling"}
{"@version":"1","appName":"SpringBoot Concepts","thread_name":"scheduling-1","hostname":"Paradigma","message":"Release 13","@timestamp":"2021-07-11T21:34:39.919Z","level":"INFO","logger_name":"jorge.cardona.concepts.others.service.Scheduling"}
{"@version":"1","appName":"SpringBoot Concepts","thread_name":"scheduling-1","hostname":"Paradigma","message":"Enable true","@timestamp":"2021-07-11T21:34:39.920Z","level":"INFO","logger_name":"jorge.cardona.concepts.others.service.Scheduling"}
{"@version":"1","appName":"SpringBoot Concepts","thread_name":"scheduling-1","hostname":"Paradigma","message":"Name Load Properties From Yaml","@timestamp":"2021-07-11T21:34:40.927Z","level":"INFO","logger_name":"jorge.cardona.concepts.others.service.Scheduling"}
{"@version":"1","appName":"SpringBoot Concepts","thread_name":"scheduling-1","hostname":"Paradigma","message":"Release 13","@timestamp":"2021-07-11T21:34:40.930Z","level":"INFO","logger_name":"jorge.cardona.concepts.others.service.Scheduling"}
{"@version":"1","appName":"SpringBoot Concepts","thread_name":"scheduling-1","hostname":"Paradigma","message":"Enable true","@timestamp":"2021-07-11T21:34:40.931Z","level":"INFO","logger_name":"jorge.cardona.concepts.others.service.Scheduling"}
{"@version":"1","appName":"SpringBoot Concepts","thread_name":"scheduling-1","hostname":"Paradigma","message":"THIS IT IS A SCHEDULE TASK LOGGING 2021-07-11T21:34:41.885847","@timestamp":"2021-07-11T21:34:41.889Z","level":"ERROR","logger_name":"jorge.cardona.concepts.others.service.Scheduling"}
{"@version":"1","appName":"SpringBoot Concepts","thread_name":"scheduling-1","hostname":"Paradigma","message":"Name Load Properties From Yaml","@timestamp":"2021-07-11T21:34:41.940Z","level":"INFO","logger_name":"jorge.cardona.concepts.others.service.Scheduling"}
{"@version":"1","appName":"SpringBoot Concepts","thread_name":"scheduling-1","hostname":"Paradigma","message":"Release 13","@timestamp":"2021-07-11T21:34:41.944Z","level":"INFO","logger_name":"jorge.cardona.concepts.others.service.Scheduling"}
{"@version":"1","appName":"SpringBoot Concepts","thread_name":"scheduling-1","hostname":"Paradigma","message":"Enable true","@timestamp":"2021-07-11T21:34:41.948Z","level":"INFO","logger_name":"jorge.cardona.concepts.others.service.Scheduling"}
{"@version":"1","appName":"SpringBoot Concepts","thread_name":"scheduling-1","hostname":"Paradigma","message":"Name Load Properties From Yaml","@timestamp":"2021-07-11T21:34:42.983Z","level":"INFO","logger_name":"jorge.cardona.concepts.others.service.Scheduling"}
{"@version":"1","appName":"SpringBoot Concepts","thread_name":"scheduling-1","hostname":"Paradigma","message":"Release 13","@timestamp":"2021-07-11T21:34:42.985Z","level":"INFO","logger_name":"jorge.cardona.concepts.others.service.Scheduling"}
{"@version":"1","appName":"SpringBoot Concepts","thread_name":"scheduling-1","hostname":"Paradigma","message":"Enable true","@timestamp":"2021-07-11T21:34:42.988Z","level":"INFO","logger_name":"jorge.cardona.concepts.others.service.Scheduling"}
{"@version":"1","appName":"SpringBoot Concepts","thread_name":"scheduling-1","hostname":"Paradigma","message":"Name Load Properties From Yaml","@timestamp":"2021-07-11T21:34:43.993Z","level":"INFO","logger_name":"jorge.cardona.concepts.others.service.Scheduling"}
{"@version":"1","appName":"SpringBoot Concepts","thread_name":"scheduling-1","hostname":"Paradigma","message":"Release 13","@timestamp":"2021-07-11T21:34:43.996Z","level":"INFO","logger_name":"jorge.cardona.concepts.others.service.Scheduling"}
{"@version":"1","appName":"SpringBoot Concepts","thread_name":"scheduling-1","hostname":"Paradigma","message":"Enable true","@timestamp":"2021-07-11T21:34:43.999Z","level":"INFO","logger_name":"jorge.cardona.concepts.others.service.Scheduling"}
{"@version":"1","appName":"SpringBoot Concepts","thread_name":"scheduling-1","hostname":"Paradigma","message":"THIS IT IS A SCHEDULE TASK LOGGING 2021-07-11T21:34:44.895024100","@timestamp":"2021-07-11T21:34:44.895Z","level":"ERROR","logger_name":"jorge.cardona.concepts.others.service.Scheduling"}
{"@version":"1","appName":"SpringBoot Concepts","thread_name":"scheduling-1","hostname":"Paradigma","message":"Name Load Properties From Yaml","@timestamp":"2021-07-11T21:34:45.035Z","level":"INFO","logger_name":"jorge.cardona.concepts.others.service.Scheduling"}
{"@version":"1","appName":"SpringBoot Concepts","thread_name":"scheduling-1","hostname":"Paradigma","message":"Release 13","@timestamp":"2021-07-11T21:34:45.038Z","level":"INFO","logger_name":"jorge.cardona.concepts.others.service.Scheduling"}
{"@version":"1","appName":"SpringBoot Concepts","thread_name":"scheduling-1","hostname":"Paradigma","message":"Enable true","@timestamp":"2021-07-11T21:34:45.043Z","level":"INFO","logger_name":"jorge.cardona.concepts.others.service.Scheduling"}
{"@version":"1","appName":"SpringBoot Concepts","thread_name":"scheduling-1","hostname":"Paradigma","message":"Name Load Properties From Yaml","@timestamp":"2021-07-11T21:34:46.060Z","level":"INFO","logger_name":"jorge.cardona.concepts.others.service.Scheduling"}
{"@version":"1","appName":"SpringBoot Concepts","thread_name":"scheduling-1","hostname":"Paradigma","message":"Release 13","@timestamp":"2021-07-11T21:34:46.062Z","level":"INFO","logger_name":"jorge.cardona.concepts.others.service.Scheduling"}
{"@version":"1","appName":"SpringBoot Concepts","thread_name":"scheduling-1","hostname":"Paradigma","message":"Enable true","@timestamp":"2021-07-11T21:34:46.065Z","level":"INFO","logger_name":"jorge.cardona.concepts.others.service.Scheduling"}
{"@version":"1","appName":"SpringBoot Concepts","thread_name":"scheduling-1","hostname":"Paradigma","message":"Name Load Properties From Yaml","@timestamp":"2021-07-11T21:34:47.069Z","level":"INFO","logger_name":"jorge.cardona.concepts.others.service.Scheduling"}
{"@version":"1","appName":"SpringBoot Concepts","thread_name":"scheduling-1","hostname":"Paradigma","message":"Release 13","@timestamp":"2021-07-11T21:34:47.072Z","level":"INFO","logger_name":"jorge.cardona.concepts.others.service.Scheduling"}
{"@version":"1","appName":"SpringBoot Concepts","thread_name":"scheduling-1","hostname":"Paradigma","message":"Enable true","@timestamp":"2021-07-11T21:34:47.074Z","level":"INFO","logger_name":"jorge.cardona.concepts.others.service.Scheduling"}
{"@version":"1","appName":"SpringBoot Concepts","thread_name":"scheduling-1","hostname":"Paradigma","message":"THIS IT IS A SCHEDULE TASK LOGGING 2021-07-11T21:34:47.907993200","@timestamp":"2021-07-11T21:34:47.907Z","level":"ERROR","logger_name":"jorge.cardona.concepts.others.service.Scheduling"}
{"@version":"1","appName":"SpringBoot Concepts","thread_name":"scheduling-1","hostname":"Paradigma","message":"Name Load Properties From Yaml","@timestamp":"2021-07-11T21:34:48.080Z","level":"INFO","logger_name":"jorge.cardona.concepts.others.service.Scheduling"}
{"@version":"1","appName":"SpringBoot Concepts","thread_name":"scheduling-1","hostname":"Paradigma","message":"Release 13","@timestamp":"2021-07-11T21:34:48.083Z","level":"INFO","logger_name":"jorge.cardona.concepts.others.service.Scheduling"}
{"@version":"1","appName":"SpringBoot Concepts","thread_name":"scheduling-1","hostname":"Paradigma","message":"Enable true","@timestamp":"2021-07-11T21:34:48.085Z","level":"INFO","logger_name":"jorge.cardona.concepts.others.service.Scheduling"}
{"@version":"1","appName":"SpringBoot Concepts","thread_name":"scheduling-1","hostname":"Paradigma","message":"Name Load Properties From Yaml","@timestamp":"2021-07-11T21:34:49.115Z","level":"INFO","logger_name":"jorge.cardona.concepts.others.service.Scheduling"}
{"@version":"1","appName":"SpringBoot Concepts","thread_name":"scheduling-1","hostname":"Paradigma","message":"Release 13","@timestamp":"2021-07-11T21:34:49.117Z","level":"INFO","logger_name":"jorge.cardona.concepts.others.service.Scheduling"}
{"@version":"1","appName":"SpringBoot Concepts","thread_name":"scheduling-1","hostname":"Paradigma","message":"Enable true","@timestamp":"2021-07-11T21:34:49.120Z","level":"INFO","logger_name":"jorge.cardona.concepts.others.service.Scheduling"}
{"@version":"1","appName":"SpringBoot Concepts","thread_name":"scheduling-1","hostname":"Paradigma","message":"Name Load Properties From Yaml","@timestamp":"2021-07-11T21:34:50.125Z","level":"INFO","logger_name":"jorge.cardona.concepts.others.service.Scheduling"}
{"@version":"1","appName":"SpringBoot Concepts","thread_name":"scheduling-1","hostname":"Paradigma","message":"Release 13","@timestamp":"2021-07-11T21:34:50.128Z","level":"INFO","logger_name":"jorge.cardona.concepts.others.service.Scheduling"}
{"@version":"1","appName":"SpringBoot Concepts","thread_name":"scheduling-1","hostname":"Paradigma","message":"Enable true","@timestamp":"2021-07-11T21:34:50.130Z","level":"INFO","logger_name":"jorge.cardona.concepts.others.service.Scheduling"}
{"@version":"1","appName":"SpringBoot Concepts","thread_name":"scheduling-1","hostname":"Paradigma","message":"THIS IT IS A SCHEDULE TASK LOGGING 2021-07-11T21:34:50.919049","@timestamp":"2021-07-11T21:34:50.919Z","level":"ERROR","logger_name":"jorge.cardona.concepts.others.service.Scheduling"}
{"@version":"1","appName":"SpringBoot Concepts","thread_name":"scheduling-1","hostname":"Paradigma","message":"Name Load Properties From Yaml","@timestamp":"2021-07-11T21:34:51.152Z","level":"INFO","logger_name":"jorge.cardona.concepts.others.service.Scheduling"}
{"@version":"1","appName":"SpringBoot Concepts","thread_name":"scheduling-1","hostname":"Paradigma","message":"Release 13","@timestamp":"2021-07-11T21:34:51.157Z","level":"INFO","logger_name":"jorge.cardona.concepts.others.service.Scheduling"}
{"@version":"1","appName":"SpringBoot Concepts","thread_name":"scheduling-1","hostname":"Paradigma","message":"Enable true","@timestamp":"2021-07-11T21:34:51.176Z","level":"INFO","logger_name":"jorge.cardona.concepts.others.service.Scheduling"}
{"@version":"1","appName":"SpringBoot Concepts","thread_name":"scheduling-1","hostname":"Paradigma","message":"Name Load Properties From Yaml","@timestamp":"2021-07-11T21:34:52.196Z","level":"INFO","logger_name":"jorge.cardona.concepts.others.service.Scheduling"}
{"@version":"1","appName":"SpringBoot Concepts","thread_name":"scheduling-1","hostname":"Paradigma","message":"Release 13","@timestamp":"2021-07-11T21:34:52.199Z","level":"INFO","logger_name":"jorge.cardona.concepts.others.service.Scheduling"}
{"@version":"1","appName":"SpringBoot Concepts","thread_name":"scheduling-1","hostname":"Paradigma","message":"Enable true","@timestamp":"2021-07-11T21:34:52.204Z","level":"INFO","logger_name":"jorge.cardona.concepts.others.service.Scheduling"}
{"@version":"1","appName":"SpringBoot Concepts","thread_name":"scheduling-1","hostname":"Paradigma","message":"Name Load Properties From Yaml","@timestamp":"2021-07-11T21:34:53.220Z","level":"INFO","logger_name":"jorge.cardona.concepts.others.service.Scheduling"}
{"@version":"1","appName":"SpringBoot Concepts","thread_name":"scheduling-1","hostname":"Paradigma","message":"Release 13","@timestamp":"2021-07-11T21:34:53.222Z","level":"INFO","logger_name":"jorge.cardona.concepts.others.service.Scheduling"}
{"@version":"1","appName":"SpringBoot Concepts","thread_name":"scheduling-1","hostname":"Paradigma","message":"Enable true","@timestamp":"2021-07-11T21:34:53.223Z","level":"INFO","logger_name":"jorge.cardona.concepts.others.service.Scheduling"}
{"@version":"1","appName":"SpringBoot Concepts","thread_name":"scheduling-1","hostname":"Paradigma","message":"THIS IT IS A SCHEDULE TASK LOGGING 2021-07-11T21:34:53.920962700","@timestamp":"2021-07-11T21:34:53.921Z","level":"ERROR","logger_name":"jorge.cardona.concepts.others.service.Scheduling"}
{"@version":"1","appName":"SpringBoot Concepts","thread_name":"scheduling-1","hostname":"Paradigma","message":"Name Load Properties From Yaml","@timestamp":"2021-07-11T21:34:54.233Z","level":"INFO","logger_name":"jorge.cardona.concepts.others.service.Scheduling"}
{"@version":"1","appName":"SpringBoot Concepts","thread_name":"scheduling-1","hostname":"Paradigma","message":"Release 13","@timestamp":"2021-07-11T21:34:54.235Z","level":"INFO","logger_name":"jorge.cardona.concepts.others.service.Scheduling"}
{"@version":"1","appName":"SpringBoot Concepts","thread_name":"scheduling-1","hostname":"Paradigma","message":"Enable true","@timestamp":"2021-07-11T21:34:54.237Z","level":"INFO","logger_name":"jorge.cardona.concepts.others.service.Scheduling"}
{"@version":"1","appName":"SpringBoot Concepts","thread_name":"scheduling-1","hostname":"Paradigma","message":"Name Load Properties From Yaml","@timestamp":"2021-07-11T21:34:55.242Z","level":"INFO","logger_name":"jorge.cardona.concepts.others.service.Scheduling"}
{"@version":"1","appName":"SpringBoot Concepts","thread_name":"scheduling-1","hostname":"Paradigma","message":"Release 13","@timestamp":"2021-07-11T21:34:55.242Z","level":"INFO","logger_name":"jorge.cardona.concepts.others.service.Scheduling"}
{"@version":"1","appName":"SpringBoot Concepts","thread_name":"scheduling-1","hostname":"Paradigma","message":"Enable true","@timestamp":"2021-07-11T21:34:55.244Z","level":"INFO","logger_name":"jorge.cardona.concepts.others.service.Scheduling"}
{"@version":"1","appName":"SpringBoot Concepts","thread_name":"scheduling-1","hostname":"Paradigma","message":"Name Load Properties From Yaml","@timestamp":"2021-07-11T21:34:56.250Z","level":"INFO","logger_name":"jorge.cardona.concepts.others.service.Scheduling"}
{"@version":"1","appName":"SpringBoot Concepts","thread_name":"scheduling-1","hostname":"Paradigma","message":"Release 13","@timestamp":"2021-07-11T21:34:56.253Z","level":"INFO","logger_name":"jorge.cardona.concepts.others.service.Scheduling"}
{"@version":"1","appName":"SpringBoot Concepts","thread_name":"scheduling-1","hostname":"Paradigma","message":"Enable true","@timestamp":"2021-07-11T21:34:56.253Z","level":"INFO","logger_name":"jorge.cardona.concepts.others.service.Scheduling"}
{"@version":"1","appName":"SpringBoot Concepts","thread_name":"scheduling-1","hostname":"Paradigma","message":"THIS IT IS A SCHEDULE TASK LOGGING 2021-07-11T21:34:56.937728300","@timestamp":"2021-07-11T21:34:56.937Z","level":"ERROR","logger_name":"jorge.cardona.concepts.others.service.Scheduling"}
{"@version":"1","appName":"SpringBoot Concepts","thread_name":"scheduling-1","hostname":"Paradigma","message":"Name Load Properties From Yaml","@timestamp":"2021-07-11T21:34:57.261Z","level":"INFO","logger_name":"jorge.cardona.concepts.others.service.Scheduling"}
{"@version":"1","appName":"SpringBoot Concepts","thread_name":"scheduling-1","hostname":"Paradigma","message":"Release 13","@timestamp":"2021-07-11T21:34:57.265Z","level":"INFO","logger_name":"jorge.cardona.concepts.others.service.Scheduling"}
{"@version":"1","appName":"SpringBoot Concepts","thread_name":"scheduling-1","hostname":"Paradigma","message":"Enable true","@timestamp":"2021-07-11T21:34:57.269Z","level":"INFO","logger_name":"jorge.cardona.concepts.others.service.Scheduling"}
{"@version":"1","appName":"SpringBoot Concepts","thread_name":"scheduling-1","hostname":"Paradigma","message":"Name Load Properties From Yaml","@timestamp":"2021-07-11T21:34:58.290Z","level":"INFO","logger_name":"jorge.cardona.concepts.others.service.Scheduling"}
{"@version":"1","appName":"SpringBoot Concepts","thread_name":"scheduling-1","hostname":"Paradigma","message":"Release 13","@timestamp":"2021-07-11T21:34:58.290Z","level":"INFO","logger_name":"jorge.cardona.concepts.others.service.Scheduling"}
{"@version":"1","appName":"SpringBoot Concepts","thread_name":"scheduling-1","hostname":"Paradigma","message":"Enable true","@timestamp":"2021-07-11T21:34:58.291Z","level":"INFO","logger_name":"jorge.cardona.concepts.others.service.Scheduling"}
{"@version":"1","appName":"SpringBoot Concepts","thread_name":"scheduling-1","hostname":"Paradigma","message":"Name Load Properties From Yaml","@timestamp":"2021-07-11T21:34:59.296Z","level":"INFO","logger_name":"jorge.cardona.concepts.others.service.Scheduling"}
{"@version":"1","appName":"SpringBoot Concepts","thread_name":"scheduling-1","hostname":"Paradigma","message":"Release 13","@timestamp":"2021-07-11T21:34:59.304Z","level":"INFO","logger_name":"jorge.cardona.concepts.others.service.Scheduling"}
{"@version":"1","appName":"SpringBoot Concepts","thread_name":"scheduling-1","hostname":"Paradigma","message":"Enable true","@timestamp":"2021-07-11T21:34:59.307Z","level":"INFO","logger_name":"jorge.cardona.concepts.others.service.Scheduling"}
{"@version":"1","appName":"SpringBoot Concepts","thread_name":"scheduling-1","hostname":"Paradigma","message":"THIS IT IS A SCHEDULE TASK LOGGING 2021-07-11T21:34:59.952267","@timestamp":"2021-07-11T21:34:59.952Z","level":"ERROR","logger_name":"jorge.cardona.concepts.others.service.Scheduling"}
{"@version":"1","appName":"SpringBoot Concepts","thread_name":"scheduling-1","hostname":"Paradigma","message":"Name Load Properties From Yaml","@timestamp":"2021-07-11T21:35:00.344Z","level":"INFO","logger_name":"jorge.cardona.concepts.others.service.Scheduling"}
{"@version":"1","appName":"SpringBoot Concepts","thread_name":"scheduling-1","hostname":"Paradigma","message":"Release 13","@timestamp":"2021-07-11T21:35:00.349Z","level":"INFO","logger_name":"jorge.cardona.concepts.others.service.Scheduling"}
{"@version":"1","appName":"SpringBoot Concepts","thread_name":"scheduling-1","hostname":"Paradigma","message":"Enable true","@timestamp":"2021-07-11T21:35:00.351Z","level":"INFO","logger_name":"jorge.cardona.concepts.others.service.Scheduling"}
{"@version":"1","appName":"SpringBoot Concepts","thread_name":"scheduling-1","hostname":"Paradigma","message":"Name Load Properties From Yaml","@timestamp":"2021-07-11T21:35:01.364Z","level":"INFO","logger_name":"jorge.cardona.concepts.others.service.Scheduling"}
{"@version":"1","appName":"SpringBoot Concepts","thread_name":"scheduling-1","hostname":"Paradigma","message":"Release 13","@timestamp":"2021-07-11T21:35:01.367Z","level":"INFO","logger_name":"jorge.cardona.concepts.others.service.Scheduling"}
{"@version":"1","appName":"SpringBoot Concepts","thread_name":"scheduling-1","hostname":"Paradigma","message":"Enable true","@timestamp":"2021-07-11T21:35:01.374Z","level":"INFO","logger_name":"jorge.cardona.concepts.others.service.Scheduling"}
{"@version":"1","appName":"SpringBoot Concepts","thread_name":"scheduling-1","hostname":"Paradigma","message":"Name Load Properties From Yaml","@timestamp":"2021-07-11T21:35:02.393Z","level":"INFO","logger_name":"jorge.cardona.concepts.others.service.Scheduling"}
{"@version":"1","appName":"SpringBoot Concepts","thread_name":"scheduling-1","hostname":"Paradigma","message":"Release 13","@timestamp":"2021-07-11T21:35:02.394Z","level":"INFO","logger_name":"jorge.cardona.concepts.others.service.Scheduling"}
{"@version":"1","appName":"SpringBoot Concepts","thread_name":"scheduling-1","hostname":"Paradigma","message":"Enable true","@timestamp":"2021-07-11T21:35:02.395Z","level":"INFO","logger_name":"jorge.cardona.concepts.others.service.Scheduling"}
{"@version":"1","appName":"SpringBoot Concepts","thread_name":"scheduling-1","hostname":"Paradigma","message":"THIS IT IS A SCHEDULE TASK LOGGING 2021-07-11T21:35:02.953461100","@timestamp":"2021-07-11T21:35:02.954Z","level":"ERROR","logger_name":"jorge.cardona.concepts.others.service.Scheduling"}
{"@version":"1","appName":"SpringBoot Concepts","thread_name":"scheduling-1","hostname":"Paradigma","message":"Name Load Properties From Yaml","@timestamp":"2021-07-11T21:35:03.403Z","level":"INFO","logger_name":"jorge.cardona.concepts.others.service.Scheduling"}
{"@version":"1","appName":"SpringBoot Concepts","thread_name":"scheduling-1","hostname":"Paradigma","message":"Release 13","@timestamp":"2021-07-11T21:35:03.404Z","level":"INFO","logger_name":"jorge.cardona.concepts.others.service.Scheduling"}
{"@version":"1","appName":"SpringBoot Concepts","thread_name":"scheduling-1","hostname":"Paradigma","message":"Enable true","@timestamp":"2021-07-11T21:35:03.405Z","level":"INFO","logger_name":"jorge.cardona.concepts.others.service.Scheduling"}
{"@version":"1","appName":"SpringBoot Concepts","thread_name":"scheduling-1","hostname":"Paradigma","message":"Name Load Properties From Yaml","@timestamp":"2021-07-11T21:35:04.412Z","level":"INFO","logger_name":"jorge.cardona.concepts.others.service.Scheduling"}
{"@version":"1","appName":"SpringBoot Concepts","thread_name":"scheduling-1","hostname":"Paradigma","message":"Release 13","@timestamp":"2021-07-11T21:35:04.424Z","level":"INFO","logger_name":"jorge.cardona.concepts.others.service.Scheduling"}
{"@version":"1","appName":"SpringBoot Concepts","thread_name":"scheduling-1","hostname":"Paradigma","message":"Enable true","@timestamp":"2021-07-11T21:35:04.431Z","level":"INFO","logger_name":"jorge.cardona.concepts.others.service.Scheduling"}
{"@version":"1","appName":"SpringBoot Concepts","thread_name":"scheduling-1","hostname":"Paradigma","message":"Name Load Properties From Yaml","@timestamp":"2021-07-11T21:35:05.441Z","level":"INFO","logger_name":"jorge.cardona.concepts.others.service.Scheduling"}
{"@version":"1","appName":"SpringBoot Concepts","thread_name":"scheduling-1","hostname":"Paradigma","message":"Release 13","@timestamp":"2021-07-11T21:35:05.450Z","level":"INFO","logger_name":"jorge.cardona.concepts.others.service.Scheduling"}
{"@version":"1","appName":"SpringBoot Concepts","thread_name":"scheduling-1","hostname":"Paradigma","message":"Enable true","@timestamp":"2021-07-11T21:35:05.452Z","level":"INFO","logger_name":"jorge.cardona.concepts.others.service.Scheduling"}
{"@version":"1","appName":"SpringBoot Concepts","thread_name":"scheduling-1","hostname":"Paradigma","message":"THIS IT IS A SCHEDULE TASK LOGGING 2021-07-11T21:35:05.969642800","@timestamp":"2021-07-11T21:35:05.969Z","level":"ERROR","logger_name":"jorge.cardona.concepts.others.service.Scheduling"}
{"@version":"1","appName":"SpringBoot Concepts","thread_name":"scheduling-1","hostname":"Paradigma","message":"Name Load Properties From Yaml","@timestamp":"2021-07-11T21:35:06.464Z","level":"INFO","logger_name":"jorge.cardona.concepts.others.service.Scheduling"}
{"@version":"1","appName":"SpringBoot Concepts","thread_name":"scheduling-1","hostname":"Paradigma","message":"Release 13","@timestamp":"2021-07-11T21:35:06.466Z","level":"INFO","logger_name":"jorge.cardona.concepts.others.service.Scheduling"}
{"@version":"1","appName":"SpringBoot Concepts","thread_name":"scheduling-1","hostname":"Paradigma","message":"Enable true","@timestamp":"2021-07-11T21:35:06.469Z","level":"INFO","logger_name":"jorge.cardona.concepts.others.service.Scheduling"}
{"@version":"1","appName":"SpringBoot Concepts","thread_name":"scheduling-1","hostname":"Paradigma","message":"Name Load Properties From Yaml","@timestamp":"2021-07-11T21:35:07.476Z","level":"INFO","logger_name":"jorge.cardona.concepts.others.service.Scheduling"}
{"@version":"1","appName":"SpringBoot Concepts","thread_name":"scheduling-1","hostname":"Paradigma","message":"Release 13","@timestamp":"2021-07-11T21:35:07.480Z","level":"INFO","logger_name":"jorge.cardona.concepts.others.service.Scheduling"}
{"@version":"1","appName":"SpringBoot Concepts","thread_name":"scheduling-1","hostname":"Paradigma","message":"Enable true","@timestamp":"2021-07-11T21:35:07.485Z","level":"INFO","logger_name":"jorge.cardona.concepts.others.service.Scheduling"}
{"@version":"1","appName":"SpringBoot Concepts","thread_name":"background-preinit","hostname":"Paradigma","message":"HV000001: Hibernate Validator 6.1.7.Final","@timestamp":"2021-07-11T21:37:35.684Z","level":"INFO","logger_name":"org.hibernate.validator.internal.util.Version"}
{"@version":"1","appName":"SpringBoot Concepts","thread_name":"main","hostname":"Paradigma","message":"Starting LogbackCorsconfigExecutionorderSchedulingApplication on Paradigma with PID 17164 (C:\\z Github\\AI\\Multi Concept Projects\\logback_executionorder_crossconfig_scheduling\\build\\classes\\java\\main started by QiDimMak in C:\\z Github\\AI\\Multi Concept Projects)","@timestamp":"2021-07-11T21:37:35.744Z","level":"INFO","logger_name":"jorge.cardona.concepts.others.LogbackCorsconfigExecutionorderSchedulingApplication"}
{"@version":"1","appName":"SpringBoot Concepts","thread_name":"main","hostname":"Paradigma","message":"No active profile set, falling back to default profiles: default","@timestamp":"2021-07-11T21:37:35.746Z","level":"INFO","logger_name":"jorge.cardona.concepts.others.LogbackCorsconfigExecutionorderSchedulingApplication"}
{"@version":"1","appName":"SpringBoot Concepts","thread_name":"main","hostname":"Paradigma","message":"Tomcat initialized with port(s): 8080 (http)","@timestamp":"2021-07-11T21:37:41.439Z","level":"INFO","logger_name":"org.springframework.boot.web.embedded.tomcat.TomcatWebServer"}
{"@version":"1","appName":"SpringBoot Concepts","thread_name":"main","hostname":"Paradigma","message":"Initializing ProtocolHandler [\"http-nio-8080\"]","@timestamp":"2021-07-11T21:37:41.494Z","level":"INFO","logger_name":"org.apache.coyote.http11.Http11NioProtocol"}
{"@version":"1","appName":"SpringBoot Concepts","thread_name":"main","hostname":"Paradigma","message":"Starting service [Tomcat]","@timestamp":"2021-07-11T21:37:41.497Z","level":"INFO","logger_name":"org.apache.catalina.core.StandardService"}
{"@version":"1","appName":"SpringBoot Concepts","thread_name":"main","hostname":"Paradigma","message":"Starting Servlet engine: [Apache Tomcat/9.0.45]","@timestamp":"2021-07-11T21:37:41.499Z","level":"INFO","logger_name":"org.apache.catalina.core.StandardEngine"}
{"@version":"1","appName":"SpringBoot Concepts","thread_name":"main","hostname":"Paradigma","message":"Initializing Spring embedded WebApplicationContext","@timestamp":"2021-07-11T21:37:41.985Z","level":"INFO","logger_name":"org.apache.catalina.core.ContainerBase.[Tomcat].[localhost].[/api]"}
{"@version":"1","appName":"SpringBoot Concepts","thread_name":"main","hostname":"Paradigma","message":"Root WebApplicationContext: initialization completed in 6148 ms","@timestamp":"2021-07-11T21:37:41.987Z","level":"INFO","logger_name":"org.springframework.boot.web.servlet.context.ServletWebServerApplicationContext"}
{"@version":"1","appName":"SpringBoot Concepts","thread_name":"main","hostname":"Paradigma","message":"Exception encountered during context initialization - cancelling refresh attempt: org.springframework.beans.factory.UnsatisfiedDependencyException: Error creating bean with name 'internalServiceConsume': Unsatisfied dependency expressed through field 'data'; nested exception is org.springframework.beans.factory.NoSuchBeanDefinitionException: No qualifying bean of type 'jorge.cardona.concepts.others.util.RequestResponse' available: expected at least 1 bean which qualifies as autowire candidate. Dependency annotations: {@org.springframework.beans.factory.annotation.Autowired(required=true)}","@timestamp":"2021-07-11T21:37:42.674Z","level":"WARN","logger_name":"org.springframework.boot.web.servlet.context.AnnotationConfigServletWebServerApplicationContext"}
{"@version":"1","appName":"SpringBoot Concepts","thread_name":"main","hostname":"Paradigma","message":"Stopping service [Tomcat]","@timestamp":"2021-07-11T21:37:42.684Z","level":"INFO","logger_name":"org.apache.catalina.core.StandardService"}
{"@version":"1","appName":"SpringBoot Concepts","thread_name":"main","hostname":"Paradigma","message":"\r\n\r\nError starting ApplicationContext. To display the conditions report re-run your application with 'debug' enabled.","@timestamp":"2021-07-11T21:37:42.746Z","level":"INFO","logger_name":"org.springframework.boot.autoconfigure.logging.ConditionEvaluationReportLoggingListener"}
{"@version":"1","appName":"SpringBoot Concepts","thread_name":"main","hostname":"Paradigma","message":"\r\n\r\n***************************\r\nAPPLICATION FAILED TO START\r\n***************************\r\n\r\nDescription:\r\n\r\nField data in jorge.cardona.concepts.others.controller.InternalServiceConsume required a bean of type 'jorge.cardona.concepts.others.util.RequestResponse' that could not be found.\r\n\r\nThe injection point has the following annotations:\r\n\t- @org.springframework.beans.factory.annotation.Autowired(required=true)\r\n\r\n\r\nAction:\r\n\r\nConsider defining a bean of type 'jorge.cardona.concepts.others.util.RequestResponse' in your configuration.\r\n","@timestamp":"2021-07-11T21:37:42.857Z","level":"ERROR","logger_name":"org.springframework.boot.diagnostics.LoggingFailureAnalysisReporter"}
